Wed Dec  6 11:21:31 2017
[verbose]: 
OnGraphicsDeviceEvent(Initialize)
Wed Dec  6 11:21:31 2017
[verbose]: D3D11 init was succesful
Wed Dec  6 11:21:31 2017
[verbose]: Loaded file '1.hpv' [dims: 3840x2160 | fps: 25 | frames: 2678 | type: DXT1 (no ALPHA) | version: 6]
Wed Dec  6 11:21:31 2017
[verbose]: Loaded file '2.hpv' [dims: 3840x2160 | fps: 25 | frames: 873 | type: DXT1 (no ALPHA) | version: 6]
Wed Dec  6 11:21:31 2017
[verbose]: Loaded file '3.hpv' [dims: 3840x2160 | fps: 25 | frames: 878 | type: DXT1 (no ALPHA) | version: 6]
Wed Dec  6 11:21:39 2017
[verbose]: Closed HPV worker thread for 1.hpv
Wed Dec  6 11:21:39 2017
[verbose]: Closed HPV worker thread for 2.hpv
Wed Dec  6 11:21:39 2017
[verbose]: Closed HPV worker thread for 3.hpv
Wed Dec  6 11:21:39 2017
[verbose]: Cleared all HPV Players
Wed Dec  6 11:21:39 2017
[verbose]: ~HPVPLayer
Wed Dec  6 11:21:39 2017
[verbose]: ~HPVPLayer
Wed Dec  6 11:21:39 2017
[verbose]: ~HPVPLayer
Wed Dec  6 11:21:39 2017
[verbose]: Deleted GPU resources
Wed Dec  6 11:21:41 2017
[verbose]: Loaded file '1.hpv' [dims: 3840x2160 | fps: 25 | frames: 2678 | type: DXT1 (no ALPHA) | version: 6]
Wed Dec  6 11:21:41 2017
[verbose]: Loaded file '2.hpv' [dims: 3840x2160 | fps: 25 | frames: 873 | type: DXT1 (no ALPHA) | version: 6]
Wed Dec  6 11:21:41 2017
[verbose]: Loaded file '3.hpv' [dims: 3840x2160 | fps: 25 | frames: 878 | type: DXT1 (no ALPHA) | version: 6]
Wed Dec  6 11:21:59 2017
[verbose]: Loaded file '4.hpv' [dims: 3840x2160 | fps: 25 | frames: 1770 | type: DXT1 (no ALPHA) | version: 6]
Wed Dec  6 11:22:35 2017
[verbose]: Loaded file '5.hpv' [dims: 3840x2160 | fps: 25 | frames: 2733 | type: DXT1 (no ALPHA) | version: 6]
Wed Dec  6 11:23:06 2017
[verbose]: Loaded file '6.hpv' [dims: 3840x2160 | fps: 25 | frames: 2071 | type: DXT1 (no ALPHA) | version: 6]
Wed Dec  6 11:26:40 2017
[verbose]: Closed HPV worker thread for 1.hpv
Wed Dec  6 11:26:40 2017
[verbose]: Closed HPV worker thread for 2.hpv
Wed Dec  6 11:26:40 2017
[verbose]: Closed HPV worker thread for 3.hpv
Wed Dec  6 11:26:40 2017
[verbose]: Closed HPV worker thread for 4.hpv
Wed Dec  6 11:26:40 2017
[verbose]: Closed HPV worker thread for 5.hpv
Wed Dec  6 11:26:40 2017
[verbose]: Closed HPV worker thread for 6.hpv
Wed Dec  6 11:26:40 2017
[verbose]: Cleared all HPV Players
Wed Dec  6 11:26:40 2017
[verbose]: ~HPVPLayer
Wed Dec  6 11:26:40 2017
[verbose]: ~HPVPLayer
Wed Dec  6 11:26:40 2017
[verbose]: ~HPVPLayer
Wed Dec  6 11:26:40 2017
[verbose]: ~HPVPLayer
Wed Dec  6 11:26:40 2017
[verbose]: ~HPVPLayer
Wed Dec  6 11:26:40 2017
[verbose]: ~HPVPLayer
Wed Dec  6 11:26:40 2017
[verbose]: Deleted GPU resources
Wed Dec  6 11:26:44 2017
[verbose]: Loaded file '1.hpv' [dims: 3840x2160 | fps: 25 | frames: 2678 | type: DXT1 (no ALPHA) | version: 6]
Wed Dec  6 11:26:44 2017
[verbose]: Loaded file '2.hpv' [dims: 3840x2160 | fps: 25 | frames: 873 | type: DXT1 (no ALPHA) | version: 6]
Wed Dec  6 11:26:44 2017
[verbose]: Loaded file '3.hpv' [dims: 3840x2160 | fps: 25 | frames: 878 | type: DXT1 (no ALPHA) | version: 6]
Wed Dec  6 11:26:59 2017
[verbose]: Loaded file '4.hpv' [dims: 3840x2160 | fps: 25 | frames: 1770 | type: DXT1 (no ALPHA) | version: 6]
Wed Dec  6 11:27:07 2017
[verbose]: Loaded file '5.hpv' [dims: 3840x2160 | fps: 25 | frames: 2733 | type: DXT1 (no ALPHA) | version: 6]
Wed Dec  6 11:27:43 2017
[verbose]: Loaded file '6.hpv' [dims: 3840x2160 | fps: 25 | frames: 2071 | type: DXT1 (no ALPHA) | version: 6]
Wed Dec  6 11:29:02 2017
[verbose]: Loaded file '8.hpv' [dims: 3840x2160 | fps: 25 | frames: 2419 | type: DXT1 (no ALPHA) | version: 6]
Wed Dec  6 11:29:02 2017
[verbose]: Loaded file '9.hpv' [dims: 3840x2160 | fps: 25 | frames: 4530 | type: DXT1 (no ALPHA) | version: 6]
Wed Dec  6 11:29:06 2017
[verbose]: Closed HPV worker thread for 1.hpv
Wed Dec  6 11:29:06 2017
[verbose]: Closed HPV worker thread for 2.hpv
Wed Dec  6 11:29:06 2017
[verbose]: Closed HPV worker thread for 3.hpv
Wed Dec  6 11:29:06 2017
[verbose]: Closed HPV worker thread for 4.hpv
Wed Dec  6 11:29:06 2017
[verbose]: Closed HPV worker thread for 5.hpv
Wed Dec  6 11:29:06 2017
[verbose]: Closed HPV worker thread for 6.hpv
Wed Dec  6 11:29:06 2017
[verbose]: Closed HPV worker thread for 8.hpv
Wed Dec  6 11:29:06 2017
[verbose]: Closed HPV worker thread for 9.hpv
Wed Dec  6 11:29:06 2017
[verbose]: Cleared all HPV Players
Wed Dec  6 11:29:06 2017
[verbose]: ~HPVPLayer
Wed Dec  6 11:29:06 2017
[verbose]: ~HPVPLayer
Wed Dec  6 11:29:06 2017
[verbose]: ~HPVPLayer
Wed Dec  6 11:29:06 2017
[verbose]: ~HPVPLayer
Wed Dec  6 11:29:06 2017
[verbose]: ~HPVPLayer
Wed Dec  6 11:29:06 2017
[verbose]: ~HPVPLayer
Wed Dec  6 11:29:06 2017
[verbose]: ~HPVPLayer
Wed Dec  6 11:29:06 2017
[verbose]: ~HPVPLayer
Wed Dec  6 11:29:06 2017
[verbose]: Deleted GPU resources
Wed Dec  6 11:30:12 2017
[verbose]: Loaded file '1.hpv' [dims: 3840x2160 | fps: 25 | frames: 2678 | type: DXT1 (no ALPHA) | version: 6]
Wed Dec  6 11:30:12 2017
[verbose]: Loaded file '2.hpv' [dims: 3840x2160 | fps: 25 | frames: 873 | type: DXT1 (no ALPHA) | version: 6]
Wed Dec  6 11:30:12 2017
[verbose]: Loaded file '3.hpv' [dims: 3840x2160 | fps: 25 | frames: 878 | type: DXT1 (no ALPHA) | version: 6]
Wed Dec  6 11:32:45 2017
[verbose]: Loaded file '4.hpv' [dims: 3840x2160 | fps: 25 | frames: 1770 | type: DXT1 (no ALPHA) | version: 6]
Wed Dec  6 11:32:51 2017
[verbose]: Loaded file '5.hpv' [dims: 3840x2160 | fps: 25 | frames: 2733 | type: DXT1 (no ALPHA) | version: 6]
Wed Dec  6 11:33:31 2017
[verbose]: Loaded file '6.hpv' [dims: 3840x2160 | fps: 25 | frames: 2071 | type: DXT1 (no ALPHA) | version: 6]
Wed Dec  6 11:35:36 2017
[verbose]: Closed HPV worker thread for 1.hpv
Wed Dec  6 11:35:36 2017
[verbose]: Closed HPV worker thread for 2.hpv
Wed Dec  6 11:35:36 2017
[verbose]: Closed HPV worker thread for 3.hpv
Wed Dec  6 11:35:36 2017
[verbose]: Closed HPV worker thread for 4.hpv
Wed Dec  6 11:35:36 2017
[verbose]: Closed HPV worker thread for 5.hpv
Wed Dec  6 11:35:36 2017
[verbose]: Closed HPV worker thread for 6.hpv
Wed Dec  6 11:35:36 2017
[verbose]: Cleared all HPV Players
Wed Dec  6 11:35:36 2017
[verbose]: ~HPVPLayer
Wed Dec  6 11:35:36 2017
[verbose]: ~HPVPLayer
Wed Dec  6 11:35:36 2017
[verbose]: ~HPVPLayer
Wed Dec  6 11:35:36 2017
[verbose]: ~HPVPLayer
Wed Dec  6 11:35:36 2017
[verbose]: ~HPVPLayer
Wed Dec  6 11:35:36 2017
[verbose]: ~HPVPLayer
Wed Dec  6 11:35:36 2017
[verbose]: Deleted GPU resources
Wed Dec  6 11:35:38 2017
[verbose]: Loaded file '1.hpv' [dims: 3840x2160 | fps: 25 | frames: 2678 | type: DXT1 (no ALPHA) | version: 6]
Wed Dec  6 11:35:38 2017
[verbose]: Loaded file '2.hpv' [dims: 3840x2160 | fps: 25 | frames: 873 | type: DXT1 (no ALPHA) | version: 6]
Wed Dec  6 11:35:38 2017
[verbose]: Loaded file '3.hpv' [dims: 3840x2160 | fps: 25 | frames: 878 | type: DXT1 (no ALPHA) | version: 6]
Wed Dec  6 11:35:52 2017
[verbose]: Loaded file '4.hpv' [dims: 3840x2160 | fps: 25 | frames: 1770 | type: DXT1 (no ALPHA) | version: 6]
Wed Dec  6 11:36:01 2017
[verbose]: Loaded file '5.hpv' [dims: 3840x2160 | fps: 25 | frames: 2733 | type: DXT1 (no ALPHA) | version: 6]
Wed Dec  6 11:36:36 2017
[verbose]: Loaded file '6.hpv' [dims: 3840x2160 | fps: 25 | frames: 2071 | type: DXT1 (no ALPHA) | version: 6]
Wed Dec  6 11:38:06 2017
[verbose]: Closed HPV worker thread for 1.hpv
Wed Dec  6 11:38:06 2017
[verbose]: Closed HPV worker thread for 2.hpv
Wed Dec  6 11:38:06 2017
[verbose]: Closed HPV worker thread for 3.hpv
Wed Dec  6 11:38:06 2017
[verbose]: Closed HPV worker thread for 4.hpv
Wed Dec  6 11:38:06 2017
[verbose]: Closed HPV worker thread for 5.hpv
Wed Dec  6 11:38:06 2017
[verbose]: Closed HPV worker thread for 6.hpv
Wed Dec  6 11:38:06 2017
[verbose]: Cleared all HPV Players
Wed Dec  6 11:38:06 2017
[verbose]: ~HPVPLayer
Wed Dec  6 11:38:06 2017
[verbose]: ~HPVPLayer
Wed Dec  6 11:38:06 2017
[verbose]: ~HPVPLayer
Wed Dec  6 11:38:06 2017
[verbose]: ~HPVPLayer
Wed Dec  6 11:38:06 2017
[verbose]: ~HPVPLayer
Wed Dec  6 11:38:06 2017
[verbose]: ~HPVPLayer
Wed Dec  6 11:38:06 2017
[verbose]: Deleted GPU resources
Wed Dec  6 11:42:04 2017
[verbose]: Loaded file '1.hpv' [dims: 3840x2160 | fps: 25 | frames: 2678 | type: DXT1 (no ALPHA) | version: 6]
Wed Dec  6 11:42:04 2017
[verbose]: Loaded file '2.hpv' [dims: 3840x2160 | fps: 25 | frames: 873 | type: DXT1 (no ALPHA) | version: 6]
Wed Dec  6 11:42:04 2017
[verbose]: Loaded file '3.hpv' [dims: 3840x2160 | fps: 25 | frames: 878 | type: DXT1 (no ALPHA) | version: 6]
Wed Dec  6 11:42:11 2017
[verbose]: Closed HPV worker thread for 1.hpv
Wed Dec  6 11:42:11 2017
[verbose]: Closed HPV worker thread for 2.hpv
Wed Dec  6 11:42:11 2017
[verbose]: Closed HPV worker thread for 3.hpv
Wed Dec  6 11:42:11 2017
[verbose]: Cleared all HPV Players
Wed Dec  6 11:42:11 2017
[verbose]: ~HPVPLayer
Wed Dec  6 11:42:11 2017
[verbose]: ~HPVPLayer
Wed Dec  6 11:42:11 2017
[verbose]: ~HPVPLayer
Wed Dec  6 11:42:11 2017
[verbose]: Deleted GPU resources
Wed Dec  6 11:42:23 2017
[verbose]: Loaded file '1.hpv' [dims: 3840x2160 | fps: 25 | frames: 2678 | type: DXT1 (no ALPHA) | version: 6]
Wed Dec  6 11:42:23 2017
[verbose]: Loaded file '2.hpv' [dims: 3840x2160 | fps: 25 | frames: 873 | type: DXT1 (no ALPHA) | version: 6]
Wed Dec  6 11:42:23 2017
[verbose]: Loaded file '3.hpv' [dims: 3840x2160 | fps: 25 | frames: 878 | type: DXT1 (no ALPHA) | version: 6]
Wed Dec  6 11:42:35 2017
[verbose]: Loaded file '4.hpv' [dims: 3840x2160 | fps: 25 | frames: 1770 | type: DXT1 (no ALPHA) | version: 6]
Wed Dec  6 11:42:38 2017
[verbose]: Loaded file '5.hpv' [dims: 3840x2160 | fps: 25 | frames: 2733 | type: DXT1 (no ALPHA) | version: 6]
Wed Dec  6 11:43:12 2017
[verbose]: Loaded file '6.hpv' [dims: 3840x2160 | fps: 25 | frames: 2071 | type: DXT1 (no ALPHA) | version: 6]
Wed Dec  6 11:44:39 2017
[verbose]: Loaded file '8.hpv' [dims: 3840x2160 | fps: 25 | frames: 2419 | type: DXT1 (no ALPHA) | version: 6]
Wed Dec  6 11:44:39 2017
[verbose]: Loaded file '9.hpv' [dims: 3840x2160 | fps: 25 | frames: 4530 | type: DXT1 (no ALPHA) | version: 6]
Wed Dec  6 11:45:11 2017
[verbose]: Closed HPV worker thread for 1.hpv
Wed Dec  6 11:45:11 2017
[verbose]: Closed HPV worker thread for 2.hpv
Wed Dec  6 11:45:11 2017
[verbose]: Closed HPV worker thread for 3.hpv
Wed Dec  6 11:45:11 2017
[verbose]: Closed HPV worker thread for 4.hpv
Wed Dec  6 11:45:11 2017
[verbose]: Closed HPV worker thread for 5.hpv
Wed Dec  6 11:45:11 2017
[verbose]: Closed HPV worker thread for 6.hpv
Wed Dec  6 11:45:11 2017
[verbose]: Closed HPV worker thread for 8.hpv
Wed Dec  6 11:45:11 2017
[verbose]: Closed HPV worker thread for 9.hpv
Wed Dec  6 11:45:11 2017
[verbose]: Cleared all HPV Players
Wed Dec  6 11:45:11 2017
[verbose]: ~HPVPLayer
Wed Dec  6 11:45:11 2017
[verbose]: ~HPVPLayer
Wed Dec  6 11:45:11 2017
[verbose]: ~HPVPLayer
Wed Dec  6 11:45:11 2017
[verbose]: ~HPVPLayer
Wed Dec  6 11:45:11 2017
[verbose]: ~HPVPLayer
Wed Dec  6 11:45:11 2017
[verbose]: ~HPVPLayer
Wed Dec  6 11:45:11 2017
[verbose]: ~HPVPLayer
Wed Dec  6 11:45:11 2017
[verbose]: ~HPVPLayer
Wed Dec  6 11:45:11 2017
[verbose]: Deleted GPU resources
Wed Dec  6 11:46:04 2017
[verbose]: Loaded file '1.hpv' [dims: 3840x2160 | fps: 25 | frames: 2678 | type: DXT1 (no ALPHA) | version: 6]
Wed Dec  6 11:46:04 2017
[verbose]: Loaded file '2.hpv' [dims: 3840x2160 | fps: 25 | frames: 873 | type: DXT1 (no ALPHA) | version: 6]
Wed Dec  6 11:46:04 2017
[verbose]: Loaded file '3.hpv' [dims: 3840x2160 | fps: 25 | frames: 878 | type: DXT1 (no ALPHA) | version: 6]
Wed Dec  6 11:47:51 2017
[verbose]: Loaded file '4.hpv' [dims: 3840x2160 | fps: 25 | frames: 1770 | type: DXT1 (no ALPHA) | version: 6]
Wed Dec  6 11:47:55 2017
[verbose]: Loaded file '5.hpv' [dims: 3840x2160 | fps: 25 | frames: 2733 | type: DXT1 (no ALPHA) | version: 6]
Wed Dec  6 11:48:28 2017
[verbose]: Loaded file '6.hpv' [dims: 3840x2160 | fps: 25 | frames: 2071 | type: DXT1 (no ALPHA) | version: 6]
Wed Dec  6 11:51:01 2017
[verbose]: Closed HPV worker thread for 1.hpv
Wed Dec  6 11:51:01 2017
[verbose]: Closed HPV worker thread for 2.hpv
Wed Dec  6 11:51:01 2017
[verbose]: Closed HPV worker thread for 3.hpv
Wed Dec  6 11:51:01 2017
[verbose]: Closed HPV worker thread for 4.hpv
Wed Dec  6 11:51:01 2017
[verbose]: Closed HPV worker thread for 5.hpv
Wed Dec  6 11:51:01 2017
[verbose]: Closed HPV worker thread for 6.hpv
Wed Dec  6 11:51:01 2017
[verbose]: Cleared all HPV Players
Wed Dec  6 11:51:01 2017
[verbose]: ~HPVPLayer
Wed Dec  6 11:51:01 2017
[verbose]: ~HPVPLayer
Wed Dec  6 11:51:01 2017
[verbose]: ~HPVPLayer
Wed Dec  6 11:51:01 2017
[verbose]: ~HPVPLayer
Wed Dec  6 11:51:01 2017
[verbose]: ~HPVPLayer
Wed Dec  6 11:51:01 2017
[verbose]: ~HPVPLayer
Wed Dec  6 11:51:01 2017
[verbose]: Deleted GPU resources
Wed Dec  6 12:02:20 2017
[verbose]: Loaded file '1.hpv' [dims: 3840x2160 | fps: 25 | frames: 2678 | type: DXT1 (no ALPHA) | version: 6]
Wed Dec  6 12:02:20 2017
[verbose]: Loaded file '2.hpv' [dims: 3840x2160 | fps: 25 | frames: 873 | type: DXT1 (no ALPHA) | version: 6]
Wed Dec  6 12:02:20 2017
[verbose]: Loaded file '3.hpv' [dims: 3840x2160 | fps: 25 | frames: 878 | type: DXT1 (no ALPHA) | version: 6]
Wed Dec  6 12:02:43 2017
[verbose]: Loaded file '4.hpv' [dims: 3840x2160 | fps: 25 | frames: 1770 | type: DXT1 (no ALPHA) | version: 6]
Wed Dec  6 12:02:47 2017
[verbose]: Loaded file '5.hpv' [dims: 3840x2160 | fps: 25 | frames: 2733 | type: DXT1 (no ALPHA) | version: 6]
Wed Dec  6 12:03:24 2017
[verbose]: Loaded file '6.hpv' [dims: 3840x2160 | fps: 25 | frames: 2071 | type: DXT1 (no ALPHA) | version: 6]
Wed Dec  6 12:05:15 2017
[verbose]: Loaded file '8.hpv' [dims: 3840x2160 | fps: 25 | frames: 2419 | type: DXT1 (no ALPHA) | version: 6]
Wed Dec  6 12:05:18 2017
[verbose]: Closed HPV worker thread for 1.hpv
Wed Dec  6 12:05:18 2017
[verbose]: Closed HPV worker thread for 2.hpv
Wed Dec  6 12:05:18 2017
[verbose]: Closed HPV worker thread for 3.hpv
Wed Dec  6 12:05:18 2017
[verbose]: Closed HPV worker thread for 4.hpv
Wed Dec  6 12:05:18 2017
[verbose]: Closed HPV worker thread for 5.hpv
Wed Dec  6 12:05:18 2017
[verbose]: Closed HPV worker thread for 6.hpv
Wed Dec  6 12:05:18 2017
[verbose]: Closed HPV worker thread for 8.hpv
Wed Dec  6 12:05:18 2017
[verbose]: Cleared all HPV Players
Wed Dec  6 12:05:18 2017
[verbose]: ~HPVPLayer
Wed Dec  6 12:05:18 2017
[verbose]: ~HPVPLayer
Wed Dec  6 12:05:18 2017
[verbose]: ~HPVPLayer
Wed Dec  6 12:05:18 2017
[verbose]: ~HPVPLayer
Wed Dec  6 12:05:18 2017
[verbose]: ~HPVPLayer
Wed Dec  6 12:05:18 2017
[verbose]: ~HPVPLayer
Wed Dec  6 12:05:18 2017
[verbose]: ~HPVPLayer
Wed Dec  6 12:05:18 2017
[verbose]: Deleted GPU resources
Wed Dec  6 12:11:08 2017
[verbose]: Loaded file '1.hpv' [dims: 3840x2160 | fps: 25 | frames: 2678 | type: DXT1 (no ALPHA) | version: 6]
Wed Dec  6 12:11:08 2017
[verbose]: Loaded file '2.hpv' [dims: 3840x2160 | fps: 25 | frames: 873 | type: DXT1 (no ALPHA) | version: 6]
Wed Dec  6 12:11:08 2017
[verbose]: Loaded file '3.hpv' [dims: 3840x2160 | fps: 25 | frames: 878 | type: DXT1 (no ALPHA) | version: 6]
Wed Dec  6 12:11:19 2017
[verbose]: Loaded file '4.hpv' [dims: 3840x2160 | fps: 25 | frames: 1770 | type: DXT1 (no ALPHA) | version: 6]
Wed Dec  6 12:11:22 2017
[verbose]: Loaded file '5.hpv' [dims: 3840x2160 | fps: 25 | frames: 2733 | type: DXT1 (no ALPHA) | version: 6]
Wed Dec  6 12:11:56 2017
[verbose]: Loaded file '6.hpv' [dims: 3840x2160 | fps: 25 | frames: 2071 | type: DXT1 (no ALPHA) | version: 6]
Wed Dec  6 12:12:31 2017
[verbose]: Loaded file '7.hpv' [dims: 3840x2160 | fps: 25 | frames: 2837 | type: DXT1 (no ALPHA) | version: 6]
Wed Dec  6 12:13:04 2017
[verbose]: Loaded file '8.hpv' [dims: 3840x2160 | fps: 25 | frames: 2419 | type: DXT1 (no ALPHA) | version: 6]
Wed Dec  6 12:17:27 2017
[verbose]: Closed HPV worker thread for 1.hpv
Wed Dec  6 12:17:27 2017
[verbose]: Closed HPV worker thread for 2.hpv
Wed Dec  6 12:17:27 2017
[verbose]: Closed HPV worker thread for 3.hpv
Wed Dec  6 12:17:27 2017
[verbose]: Closed HPV worker thread for 4.hpv
Wed Dec  6 12:17:27 2017
[verbose]: Closed HPV worker thread for 5.hpv
Wed Dec  6 12:17:27 2017
[verbose]: Closed HPV worker thread for 6.hpv
Wed Dec  6 12:17:27 2017
[verbose]: Closed HPV worker thread for 7.hpv
Wed Dec  6 12:17:27 2017
[verbose]: Closed HPV worker thread for 8.hpv
Wed Dec  6 12:17:27 2017
[verbose]: Cleared all HPV Players
Wed Dec  6 12:17:27 2017
[verbose]: ~HPVPLayer
Wed Dec  6 12:17:27 2017
[verbose]: ~HPVPLayer
Wed Dec  6 12:17:27 2017
[verbose]: ~HPVPLayer
Wed Dec  6 12:17:27 2017
[verbose]: ~HPVPLayer
Wed Dec  6 12:17:27 2017
[verbose]: ~HPVPLayer
Wed Dec  6 12:17:27 2017
[verbose]: ~HPVPLayer
Wed Dec  6 12:17:27 2017
[verbose]: ~HPVPLayer
Wed Dec  6 12:17:27 2017
[verbose]: ~HPVPLayer
Wed Dec  6 12:17:27 2017
[verbose]: Deleted GPU resources
Wed Dec  6 12:17:29 2017
[verbose]: Loaded file '1.hpv' [dims: 3840x2160 | fps: 25 | frames: 2678 | type: DXT1 (no ALPHA) | version: 6]
Wed Dec  6 12:17:29 2017
[verbose]: Loaded file '2.hpv' [dims: 3840x2160 | fps: 25 | frames: 873 | type: DXT1 (no ALPHA) | version: 6]
Wed Dec  6 12:17:29 2017
[verbose]: Loaded file '3.hpv' [dims: 3840x2160 | fps: 25 | frames: 878 | type: DXT1 (no ALPHA) | version: 6]
Wed Dec  6 12:17:39 2017
[verbose]: Loaded file '4.hpv' [dims: 3840x2160 | fps: 25 | frames: 1770 | type: DXT1 (no ALPHA) | version: 6]
Wed Dec  6 12:17:42 2017
[verbose]: Loaded file '5.hpv' [dims: 3840x2160 | fps: 25 | frames: 2733 | type: DXT1 (no ALPHA) | version: 6]
Wed Dec  6 12:18:07 2017
[verbose]: Loaded file '6.hpv' [dims: 3840x2160 | fps: 25 | frames: 2071 | type: DXT1 (no ALPHA) | version: 6]
Wed Dec  6 12:18:24 2017
[verbose]: Loaded file '7.hpv' [dims: 3840x2160 | fps: 25 | frames: 2837 | type: DXT1 (no ALPHA) | version: 6]
Wed Dec  6 12:18:47 2017
[verbose]: Loaded file '8.hpv' [dims: 3840x2160 | fps: 25 | frames: 2419 | type: DXT1 (no ALPHA) | version: 6]
Wed Dec  6 12:20:13 2017
[verbose]: Closed HPV worker thread for 1.hpv
Wed Dec  6 12:20:13 2017
[verbose]: Closed HPV worker thread for 2.hpv
Wed Dec  6 12:20:13 2017
[verbose]: Closed HPV worker thread for 3.hpv
Wed Dec  6 12:20:13 2017
[verbose]: Closed HPV worker thread for 4.hpv
Wed Dec  6 12:20:13 2017
[verbose]: Closed HPV worker thread for 5.hpv
Wed Dec  6 12:20:13 2017
[verbose]: Closed HPV worker thread for 6.hpv
Wed Dec  6 12:20:13 2017
[verbose]: Closed HPV worker thread for 7.hpv
Wed Dec  6 12:20:13 2017
[verbose]: Closed HPV worker thread for 8.hpv
Wed Dec  6 12:20:13 2017
[verbose]: Cleared all HPV Players
Wed Dec  6 12:20:13 2017
[verbose]: ~HPVPLayer
Wed Dec  6 12:20:13 2017
[verbose]: ~HPVPLayer
Wed Dec  6 12:20:13 2017
[verbose]: ~HPVPLayer
Wed Dec  6 12:20:13 2017
[verbose]: ~HPVPLayer
Wed Dec  6 12:20:13 2017
[verbose]: ~HPVPLayer
Wed Dec  6 12:20:13 2017
[verbose]: ~HPVPLayer
Wed Dec  6 12:20:13 2017
[verbose]: ~HPVPLayer
Wed Dec  6 12:20:13 2017
[verbose]: ~HPVPLayer
Wed Dec  6 12:20:13 2017
[verbose]: Deleted GPU resources
Wed Dec  6 12:23:30 2017
[verbose]: Loaded file '1.hpv' [dims: 3840x2160 | fps: 25 | frames: 2678 | type: DXT1 (no ALPHA) | version: 6]
Wed Dec  6 12:23:30 2017
[verbose]: Loaded file '2.hpv' [dims: 3840x2160 | fps: 25 | frames: 873 | type: DXT1 (no ALPHA) | version: 6]
Wed Dec  6 12:23:30 2017
[verbose]: Loaded file '3.hpv' [dims: 3840x2160 | fps: 25 | frames: 878 | type: DXT1 (no ALPHA) | version: 6]
Wed Dec  6 12:23:37 2017
[verbose]: Loaded file '4.hpv' [dims: 3840x2160 | fps: 25 | frames: 1770 | type: DXT1 (no ALPHA) | version: 6]
Wed Dec  6 12:23:39 2017
[verbose]: Loaded file '5.hpv' [dims: 3840x2160 | fps: 25 | frames: 2733 | type: DXT1 (no ALPHA) | version: 6]
Wed Dec  6 12:24:01 2017
[verbose]: Loaded file '6.hpv' [dims: 3840x2160 | fps: 25 | frames: 2071 | type: DXT1 (no ALPHA) | version: 6]
Wed Dec  6 12:24:12 2017
[verbose]: Loaded file '7.hpv' [dims: 3840x2160 | fps: 25 | frames: 2837 | type: DXT1 (no ALPHA) | version: 6]
Wed Dec  6 12:24:39 2017
[verbose]: Loaded file '8.hpv' [dims: 3840x2160 | fps: 25 | frames: 2419 | type: DXT1 (no ALPHA) | version: 6]
Wed Dec  6 12:25:09 2017
[verbose]: Loaded file '9.hpv' [dims: 3840x2160 | fps: 25 | frames: 4530 | type: DXT1 (no ALPHA) | version: 6]
Wed Dec  6 12:26:42 2017
[verbose]: Closed HPV worker thread for 1.hpv
Wed Dec  6 12:26:42 2017
[verbose]: Closed HPV worker thread for 2.hpv
Wed Dec  6 12:26:42 2017
[verbose]: Closed HPV worker thread for 3.hpv
Wed Dec  6 12:26:42 2017
[verbose]: Closed HPV worker thread for 4.hpv
Wed Dec  6 12:26:42 2017
[verbose]: Closed HPV worker thread for 5.hpv
Wed Dec  6 12:26:42 2017
[verbose]: Closed HPV worker thread for 6.hpv
Wed Dec  6 12:26:42 2017
[verbose]: Closed HPV worker thread for 7.hpv
Wed Dec  6 12:26:42 2017
[verbose]: Closed HPV worker thread for 8.hpv
Wed Dec  6 12:26:42 2017
[verbose]: Closed HPV worker thread for 9.hpv
Wed Dec  6 12:26:42 2017
[verbose]: Cleared all HPV Players
Wed Dec  6 12:26:42 2017
[verbose]: ~HPVPLayer
Wed Dec  6 12:26:42 2017
[verbose]: ~HPVPLayer
Wed Dec  6 12:26:42 2017
[verbose]: ~HPVPLayer
Wed Dec  6 12:26:42 2017
[verbose]: ~HPVPLayer
Wed Dec  6 12:26:42 2017
[verbose]: ~HPVPLayer
Wed Dec  6 12:26:42 2017
[verbose]: ~HPVPLayer
Wed Dec  6 12:26:42 2017
[verbose]: ~HPVPLayer
Wed Dec  6 12:26:42 2017
[verbose]: ~HPVPLayer
Wed Dec  6 12:26:42 2017
[verbose]: ~HPVPLayer
Wed Dec  6 12:26:42 2017
[verbose]: Deleted GPU resources
Wed Dec  6 12:27:26 2017
[verbose]: Loaded file '1.hpv' [dims: 3840x2160 | fps: 25 | frames: 2678 | type: DXT1 (no ALPHA) | version: 6]
Wed Dec  6 12:27:26 2017
[verbose]: Loaded file '2.hpv' [dims: 3840x2160 | fps: 25 | frames: 873 | type: DXT1 (no ALPHA) | version: 6]
Wed Dec  6 12:27:26 2017
[verbose]: Loaded file '3.hpv' [dims: 3840x2160 | fps: 25 | frames: 878 | type: DXT1 (no ALPHA) | version: 6]
Wed Dec  6 12:30:11 2017
[verbose]: Closed HPV worker thread for 1.hpv
Wed Dec  6 12:30:11 2017
[verbose]: Closed HPV worker thread for 2.hpv
Wed Dec  6 12:30:11 2017
[verbose]: Closed HPV worker thread for 3.hpv
Wed Dec  6 12:30:11 2017
[verbose]: Cleared all HPV Players
Wed Dec  6 12:30:11 2017
[verbose]: ~HPVPLayer
Wed Dec  6 12:30:11 2017
[verbose]: ~HPVPLayer
Wed Dec  6 12:30:11 2017
[verbose]: ~HPVPLayer
Wed Dec  6 12:30:11 2017
[verbose]: Deleted GPU resources
Wed Dec  6 12:30:28 2017
[verbose]: Loaded file '1.hpv' [dims: 3840x2160 | fps: 25 | frames: 2678 | type: DXT1 (no ALPHA) | version: 6]
Wed Dec  6 12:30:28 2017
[verbose]: Loaded file '2.hpv' [dims: 3840x2160 | fps: 25 | frames: 873 | type: DXT1 (no ALPHA) | version: 6]
Wed Dec  6 12:30:28 2017
[verbose]: Loaded file '3.hpv' [dims: 3840x2160 | fps: 25 | frames: 878 | type: DXT1 (no ALPHA) | version: 6]
Wed Dec  6 12:30:42 2017
[verbose]: Loaded file '4.hpv' [dims: 3840x2160 | fps: 25 | frames: 1770 | type: DXT1 (no ALPHA) | version: 6]
Wed Dec  6 12:30:45 2017
[verbose]: Loaded file '5.hpv' [dims: 3840x2160 | fps: 25 | frames: 2733 | type: DXT1 (no ALPHA) | version: 6]
Wed Dec  6 12:31:38 2017
[verbose]: Loaded file '6.hpv' [dims: 3840x2160 | fps: 25 | frames: 2071 | type: DXT1 (no ALPHA) | version: 6]
Wed Dec  6 12:33:08 2017
[verbose]: Loaded file '7.hpv' [dims: 3840x2160 | fps: 25 | frames: 2837 | type: DXT1 (no ALPHA) | version: 6]
Wed Dec  6 12:33:19 2017
[verbose]: Loaded file '8.hpv' [dims: 3840x2160 | fps: 25 | frames: 2419 | type: DXT1 (no ALPHA) | version: 6]
Wed Dec  6 12:33:42 2017
[verbose]: Closed HPV worker thread for 1.hpv
Wed Dec  6 12:33:42 2017
[verbose]: Closed HPV worker thread for 2.hpv
Wed Dec  6 12:33:42 2017
[verbose]: Closed HPV worker thread for 3.hpv
Wed Dec  6 12:33:42 2017
[verbose]: Closed HPV worker thread for 4.hpv
Wed Dec  6 12:33:42 2017
[verbose]: Closed HPV worker thread for 5.hpv
Wed Dec  6 12:33:42 2017
[verbose]: Closed HPV worker thread for 6.hpv
Wed Dec  6 12:33:42 2017
[verbose]: Closed HPV worker thread for 7.hpv
Wed Dec  6 12:33:42 2017
[verbose]: Closed HPV worker thread for 8.hpv
Wed Dec  6 12:33:42 2017
[verbose]: Cleared all HPV Players
Wed Dec  6 12:33:42 2017
[verbose]: ~HPVPLayer
Wed Dec  6 12:33:42 2017
[verbose]: ~HPVPLayer
Wed Dec  6 12:33:42 2017
[verbose]: ~HPVPLayer
Wed Dec  6 12:33:42 2017
[verbose]: ~HPVPLayer
Wed Dec  6 12:33:42 2017
[verbose]: ~HPVPLayer
Wed Dec  6 12:33:42 2017
[verbose]: ~HPVPLayer
Wed Dec  6 12:33:42 2017
[verbose]: ~HPVPLayer
Wed Dec  6 12:33:42 2017
[verbose]: ~HPVPLayer
Wed Dec  6 12:33:42 2017
[verbose]: Deleted GPU resources
Wed Dec  6 12:33:44 2017
[verbose]: Loaded file '1.hpv' [dims: 3840x2160 | fps: 25 | frames: 2678 | type: DXT1 (no ALPHA) | version: 6]
Wed Dec  6 12:33:44 2017
[verbose]: Loaded file '2.hpv' [dims: 3840x2160 | fps: 25 | frames: 873 | type: DXT1 (no ALPHA) | version: 6]
Wed Dec  6 12:33:44 2017
[verbose]: Loaded file '3.hpv' [dims: 3840x2160 | fps: 25 | frames: 878 | type: DXT1 (no ALPHA) | version: 6]
Wed Dec  6 12:33:57 2017
[verbose]: Loaded file '4.hpv' [dims: 3840x2160 | fps: 25 | frames: 1770 | type: DXT1 (no ALPHA) | version: 6]
Wed Dec  6 12:33:59 2017
[verbose]: Loaded file '5.hpv' [dims: 3840x2160 | fps: 25 | frames: 2733 | type: DXT1 (no ALPHA) | version: 6]
Wed Dec  6 12:34:31 2017
[verbose]: Loaded file '6.hpv' [dims: 3840x2160 | fps: 25 | frames: 2071 | type: DXT1 (no ALPHA) | version: 6]
Wed Dec  6 12:35:56 2017
[verbose]: Loaded file '7.hpv' [dims: 3840x2160 | fps: 25 | frames: 2837 | type: DXT1 (no ALPHA) | version: 6]
Wed Dec  6 12:35:57 2017
[verbose]: Loaded file '8.hpv' [dims: 3840x2160 | fps: 25 | frames: 2419 | type: DXT1 (no ALPHA) | version: 6]
Wed Dec  6 12:36:20 2017
[verbose]: Closed HPV worker thread for 1.hpv
Wed Dec  6 12:36:20 2017
[verbose]: Closed HPV worker thread for 2.hpv
Wed Dec  6 12:36:20 2017
[verbose]: Closed HPV worker thread for 3.hpv
Wed Dec  6 12:36:20 2017
[verbose]: Closed HPV worker thread for 4.hpv
Wed Dec  6 12:36:20 2017
[verbose]: Closed HPV worker thread for 5.hpv
Wed Dec  6 12:36:20 2017
[verbose]: Closed HPV worker thread for 6.hpv
Wed Dec  6 12:36:20 2017
[verbose]: Closed HPV worker thread for 7.hpv
Wed Dec  6 12:36:20 2017
[verbose]: Closed HPV worker thread for 8.hpv
Wed Dec  6 12:36:20 2017
[verbose]: Cleared all HPV Players
Wed Dec  6 12:36:20 2017
[verbose]: ~HPVPLayer
Wed Dec  6 12:36:20 2017
[verbose]: ~HPVPLayer
Wed Dec  6 12:36:20 2017
[verbose]: ~HPVPLayer
Wed Dec  6 12:36:20 2017
[verbose]: ~HPVPLayer
Wed Dec  6 12:36:20 2017
[verbose]: ~HPVPLayer
Wed Dec  6 12:36:20 2017
[verbose]: ~HPVPLayer
Wed Dec  6 12:36:20 2017
[verbose]: ~HPVPLayer
Wed Dec  6 12:36:20 2017
[verbose]: ~HPVPLayer
Wed Dec  6 12:36:20 2017
[verbose]: Deleted GPU resources
Wed Dec  6 12:38:37 2017
[verbose]: Loaded file '1.hpv' [dims: 3840x2160 | fps: 25 | frames: 2678 | type: DXT1 (no ALPHA) | version: 6]
Wed Dec  6 12:38:37 2017
[verbose]: Loaded file '2.hpv' [dims: 3840x2160 | fps: 25 | frames: 873 | type: DXT1 (no ALPHA) | version: 6]
Wed Dec  6 12:38:37 2017
[verbose]: Loaded file '3.hpv' [dims: 3840x2160 | fps: 25 | frames: 878 | type: DXT1 (no ALPHA) | version: 6]
Wed Dec  6 12:38:48 2017
[verbose]: Loaded file '4.hpv' [dims: 3840x2160 | fps: 25 | frames: 1770 | type: DXT1 (no ALPHA) | version: 6]
Wed Dec  6 12:38:50 2017
[verbose]: Loaded file '5.hpv' [dims: 3840x2160 | fps: 25 | frames: 2733 | type: DXT1 (no ALPHA) | version: 6]
Wed Dec  6 12:39:18 2017
[verbose]: Loaded file '6.hpv' [dims: 3840x2160 | fps: 25 | frames: 2071 | type: DXT1 (no ALPHA) | version: 6]
Wed Dec  6 12:40:43 2017
[verbose]: Loaded file '7.hpv' [dims: 3840x2160 | fps: 25 | frames: 2837 | type: DXT1 (no ALPHA) | version: 6]
Wed Dec  6 12:40:56 2017
[verbose]: Loaded file '8.hpv' [dims: 3840x2160 | fps: 25 | frames: 2419 | type: DXT1 (no ALPHA) | version: 6]
Wed Dec  6 12:41:08 2017
[verbose]: Closed HPV worker thread for 1.hpv
Wed Dec  6 12:41:08 2017
[verbose]: Closed HPV worker thread for 2.hpv
Wed Dec  6 12:41:08 2017
[verbose]: Closed HPV worker thread for 3.hpv
Wed Dec  6 12:41:08 2017
[verbose]: Closed HPV worker thread for 4.hpv
Wed Dec  6 12:41:08 2017
[verbose]: Closed HPV worker thread for 5.hpv
Wed Dec  6 12:41:08 2017
[verbose]: Closed HPV worker thread for 6.hpv
Wed Dec  6 12:41:08 2017
[verbose]: Closed HPV worker thread for 7.hpv
Wed Dec  6 12:41:08 2017
[verbose]: Closed HPV worker thread for 8.hpv
Wed Dec  6 12:41:08 2017
[verbose]: Cleared all HPV Players
Wed Dec  6 12:41:08 2017
[verbose]: ~HPVPLayer
Wed Dec  6 12:41:08 2017
[verbose]: ~HPVPLayer
Wed Dec  6 12:41:08 2017
[verbose]: ~HPVPLayer
Wed Dec  6 12:41:08 2017
[verbose]: ~HPVPLayer
Wed Dec  6 12:41:08 2017
[verbose]: ~HPVPLayer
Wed Dec  6 12:41:08 2017
[verbose]: ~HPVPLayer
Wed Dec  6 12:41:08 2017
[verbose]: ~HPVPLayer
Wed Dec  6 12:41:08 2017
[verbose]: ~HPVPLayer
Wed Dec  6 12:41:08 2017
[verbose]: Deleted GPU resources
Wed Dec  6 12:57:46 2017
[verbose]: Loaded file '1.hpv' [dims: 3840x2160 | fps: 25 | frames: 2678 | type: DXT1 (no ALPHA) | version: 6]
Wed Dec  6 12:57:46 2017
[verbose]: Loaded file '2.hpv' [dims: 3840x2160 | fps: 25 | frames: 873 | type: DXT1 (no ALPHA) | version: 6]
Wed Dec  6 12:57:46 2017
[verbose]: Loaded file '3.hpv' [dims: 3840x2160 | fps: 25 | frames: 878 | type: DXT1 (no ALPHA) | version: 6]
Wed Dec  6 12:59:29 2017
[verbose]: Loaded file '4.hpv' [dims: 3840x2160 | fps: 25 | frames: 1770 | type: DXT1 (no ALPHA) | version: 6]
Wed Dec  6 12:59:40 2017
[verbose]: Loaded file '5.hpv' [dims: 3840x2160 | fps: 25 | frames: 2733 | type: DXT1 (no ALPHA) | version: 6]
Wed Dec  6 13:00:15 2017
[verbose]: Loaded file '6.hpv' [dims: 3840x2160 | fps: 25 | frames: 2071 | type: DXT1 (no ALPHA) | version: 6]
Wed Dec  6 13:01:40 2017
[verbose]: Loaded file '7.hpv' [dims: 3840x2160 | fps: 25 | frames: 2837 | type: DXT1 (no ALPHA) | version: 6]
Wed Dec  6 13:01:57 2017
[verbose]: Loaded file '8.hpv' [dims: 3840x2160 | fps: 25 | frames: 2419 | type: DXT1 (no ALPHA) | version: 6]
Wed Dec  6 13:07:07 2017
[verbose]: Closed HPV worker thread for 1.hpv
Wed Dec  6 13:07:07 2017
[verbose]: Closed HPV worker thread for 2.hpv
Wed Dec  6 13:07:07 2017
[verbose]: Closed HPV worker thread for 3.hpv
Wed Dec  6 13:07:07 2017
[verbose]: Closed HPV worker thread for 4.hpv
Wed Dec  6 13:07:07 2017
[verbose]: Closed HPV worker thread for 5.hpv
Wed Dec  6 13:07:07 2017
[verbose]: Closed HPV worker thread for 6.hpv
Wed Dec  6 13:07:07 2017
[verbose]: Closed HPV worker thread for 7.hpv
Wed Dec  6 13:07:07 2017
[verbose]: Closed HPV worker thread for 8.hpv
Wed Dec  6 13:07:07 2017
[verbose]: Cleared all HPV Players
Wed Dec  6 13:07:07 2017
[verbose]: ~HPVPLayer
Wed Dec  6 13:07:07 2017
[verbose]: ~HPVPLayer
Wed Dec  6 13:07:07 2017
[verbose]: ~HPVPLayer
Wed Dec  6 13:07:07 2017
[verbose]: ~HPVPLayer
Wed Dec  6 13:07:07 2017
[verbose]: ~HPVPLayer
Wed Dec  6 13:07:07 2017
[verbose]: ~HPVPLayer
Wed Dec  6 13:07:07 2017
[verbose]: ~HPVPLayer
Wed Dec  6 13:07:07 2017
[verbose]: ~HPVPLayer
Wed Dec  6 13:07:07 2017
[verbose]: Deleted GPU resources
Wed Dec  6 13:17:22 2017
[verbose]: Loaded file '1.hpv' [dims: 3840x2160 | fps: 25 | frames: 2678 | type: DXT1 (no ALPHA) | version: 6]
Wed Dec  6 13:17:22 2017
[verbose]: Loaded file '2.hpv' [dims: 3840x2160 | fps: 25 | frames: 873 | type: DXT1 (no ALPHA) | version: 6]
Wed Dec  6 13:17:22 2017
[verbose]: Loaded file '3.hpv' [dims: 3840x2160 | fps: 25 | frames: 878 | type: DXT1 (no ALPHA) | version: 6]
Wed Dec  6 13:17:24 2017
[verbose]: Closed HPV worker thread for 1.hpv
Wed Dec  6 13:17:24 2017
[verbose]: Closed HPV worker thread for 2.hpv
Wed Dec  6 13:17:24 2017
[verbose]: Closed HPV worker thread for 3.hpv
Wed Dec  6 13:17:24 2017
[verbose]: Cleared all HPV Players
Wed Dec  6 13:17:24 2017
[verbose]: ~HPVPLayer
Wed Dec  6 13:17:24 2017
[verbose]: ~HPVPLayer
Wed Dec  6 13:17:24 2017
[verbose]: ~HPVPLayer
Wed Dec  6 13:17:24 2017
[verbose]: Deleted GPU resources
Wed Dec  6 13:17:26 2017
[verbose]: Loaded file '1.hpv' [dims: 3840x2160 | fps: 25 | frames: 2678 | type: DXT1 (no ALPHA) | version: 6]
Wed Dec  6 13:17:26 2017
[verbose]: Loaded file '2.hpv' [dims: 3840x2160 | fps: 25 | frames: 873 | type: DXT1 (no ALPHA) | version: 6]
Wed Dec  6 13:17:26 2017
[verbose]: Loaded file '3.hpv' [dims: 3840x2160 | fps: 25 | frames: 878 | type: DXT1 (no ALPHA) | version: 6]
Wed Dec  6 13:20:15 2017
[verbose]: Loaded file '4.hpv' [dims: 3840x2160 | fps: 25 | frames: 1770 | type: DXT1 (no ALPHA) | version: 6]
Wed Dec  6 13:20:31 2017
[verbose]: Loaded file '5.hpv' [dims: 3840x2160 | fps: 25 | frames: 2733 | type: DXT1 (no ALPHA) | version: 6]
Wed Dec  6 13:21:08 2017
[verbose]: Loaded file '6.hpv' [dims: 3840x2160 | fps: 25 | frames: 2071 | type: DXT1 (no ALPHA) | version: 6]
Wed Dec  6 13:22:38 2017
[verbose]: Loaded file '7.hpv' [dims: 3840x2160 | fps: 25 | frames: 2837 | type: DXT1 (no ALPHA) | version: 6]
Wed Dec  6 13:22:59 2017
[verbose]: Loaded file '8.hpv' [dims: 3840x2160 | fps: 25 | frames: 2419 | type: DXT1 (no ALPHA) | version: 6]
Wed Dec  6 13:25:38 2017
[verbose]: Loaded file '9.hpv' [dims: 3840x2160 | fps: 25 | frames: 4530 | type: DXT1 (no ALPHA) | version: 6]
Wed Dec  6 13:29:23 2017
[verbose]: Closed HPV worker thread for 1.hpv
Wed Dec  6 13:29:23 2017
[verbose]: Closed HPV worker thread for 2.hpv
Wed Dec  6 13:29:23 2017
[verbose]: Closed HPV worker thread for 3.hpv
Wed Dec  6 13:29:23 2017
[verbose]: Closed HPV worker thread for 4.hpv
Wed Dec  6 13:29:23 2017
[verbose]: Closed HPV worker thread for 5.hpv
Wed Dec  6 13:29:23 2017
[verbose]: Closed HPV worker thread for 6.hpv
Wed Dec  6 13:29:23 2017
[verbose]: Closed HPV worker thread for 7.hpv
Wed Dec  6 13:29:23 2017
[verbose]: Closed HPV worker thread for 8.hpv
Wed Dec  6 13:29:24 2017
[verbose]: Closed HPV worker thread for 9.hpv
Wed Dec  6 13:29:24 2017
[verbose]: Cleared all HPV Players
Wed Dec  6 13:29:24 2017
[verbose]: ~HPVPLayer
Wed Dec  6 13:29:24 2017
[verbose]: ~HPVPLayer
Wed Dec  6 13:29:24 2017
[verbose]: ~HPVPLayer
Wed Dec  6 13:29:24 2017
[verbose]: ~HPVPLayer
Wed Dec  6 13:29:24 2017
[verbose]: ~HPVPLayer
Wed Dec  6 13:29:24 2017
[verbose]: ~HPVPLayer
Wed Dec  6 13:29:24 2017
[verbose]: ~HPVPLayer
Wed Dec  6 13:29:24 2017
[verbose]: ~HPVPLayer
Wed Dec  6 13:29:24 2017
[verbose]: ~HPVPLayer
Wed Dec  6 13:29:24 2017
[verbose]: Deleted GPU resources
Wed Dec  6 13:29:29 2017
[verbose]: Loaded file '1.hpv' [dims: 3840x2160 | fps: 25 | frames: 2678 | type: DXT1 (no ALPHA) | version: 6]
Wed Dec  6 13:29:29 2017
[verbose]: Loaded file '2.hpv' [dims: 3840x2160 | fps: 25 | frames: 873 | type: DXT1 (no ALPHA) | version: 6]
Wed Dec  6 13:29:29 2017
[verbose]: Loaded file '3.hpv' [dims: 3840x2160 | fps: 25 | frames: 878 | type: DXT1 (no ALPHA) | version: 6]
Wed Dec  6 13:29:41 2017
[verbose]: Loaded file '4.hpv' [dims: 3840x2160 | fps: 25 | frames: 1770 | type: DXT1 (no ALPHA) | version: 6]
Wed Dec  6 13:29:44 2017
[verbose]: Loaded file '5.hpv' [dims: 3840x2160 | fps: 25 | frames: 2733 | type: DXT1 (no ALPHA) | version: 6]
Wed Dec  6 13:30:16 2017
[verbose]: Loaded file '6.hpv' [dims: 3840x2160 | fps: 25 | frames: 2071 | type: DXT1 (no ALPHA) | version: 6]
Wed Dec  6 13:31:10 2017
[verbose]: Loaded file '7.hpv' [dims: 3840x2160 | fps: 25 | frames: 2837 | type: DXT1 (no ALPHA) | version: 6]
Wed Dec  6 13:32:30 2017
[verbose]: Closed HPV worker thread for 1.hpv
Wed Dec  6 13:32:30 2017
[verbose]: Closed HPV worker thread for 2.hpv
Wed Dec  6 13:32:30 2017
[verbose]: Closed HPV worker thread for 3.hpv
Wed Dec  6 13:32:30 2017
[verbose]: Closed HPV worker thread for 4.hpv
Wed Dec  6 13:32:30 2017
[verbose]: Closed HPV worker thread for 5.hpv
Wed Dec  6 13:32:30 2017
[verbose]: Closed HPV worker thread for 6.hpv
Wed Dec  6 13:32:30 2017
[verbose]: Closed HPV worker thread for 7.hpv
Wed Dec  6 13:32:30 2017
[verbose]: Cleared all HPV Players
Wed Dec  6 13:32:30 2017
[verbose]: ~HPVPLayer
Wed Dec  6 13:32:30 2017
[verbose]: ~HPVPLayer
Wed Dec  6 13:32:30 2017
[verbose]: ~HPVPLayer
Wed Dec  6 13:32:30 2017
[verbose]: ~HPVPLayer
Wed Dec  6 13:32:30 2017
[verbose]: ~HPVPLayer
Wed Dec  6 13:32:30 2017
[verbose]: ~HPVPLayer
Wed Dec  6 13:32:30 2017
[verbose]: ~HPVPLayer
Wed Dec  6 13:32:30 2017
[verbose]: Deleted GPU resources
Wed Dec  6 13:34:01 2017
[verbose]: Loaded file '1.hpv' [dims: 3840x2160 | fps: 25 | frames: 2678 | type: DXT1 (no ALPHA) | version: 6]
Wed Dec  6 13:34:01 2017
[verbose]: Loaded file '2.hpv' [dims: 3840x2160 | fps: 25 | frames: 873 | type: DXT1 (no ALPHA) | version: 6]
Wed Dec  6 13:34:01 2017
[verbose]: Loaded file '3.hpv' [dims: 3840x2160 | fps: 25 | frames: 878 | type: DXT1 (no ALPHA) | version: 6]
Wed Dec  6 13:34:13 2017
[verbose]: Loaded file '4.hpv' [dims: 3840x2160 | fps: 25 | frames: 1770 | type: DXT1 (no ALPHA) | version: 6]
Wed Dec  6 13:34:15 2017
[verbose]: Loaded file '5.hpv' [dims: 3840x2160 | fps: 25 | frames: 2733 | type: DXT1 (no ALPHA) | version: 6]
Wed Dec  6 13:34:31 2017
[verbose]: Loaded file '6.hpv' [dims: 3840x2160 | fps: 25 | frames: 2071 | type: DXT1 (no ALPHA) | version: 6]
Wed Dec  6 13:34:48 2017
[verbose]: Loaded file '7.hpv' [dims: 3840x2160 | fps: 25 | frames: 2837 | type: DXT1 (no ALPHA) | version: 6]
Wed Dec  6 13:35:52 2017
[verbose]: Loaded file '8.hpv' [dims: 3840x2160 | fps: 25 | frames: 2419 | type: DXT1 (no ALPHA) | version: 6]
Wed Dec  6 13:37:58 2017
[verbose]: Loaded file '9.hpv' [dims: 3840x2160 | fps: 25 | frames: 4530 | type: DXT1 (no ALPHA) | version: 6]
Wed Dec  6 13:38:37 2017
[verbose]: Closed HPV worker thread for 1.hpv
Wed Dec  6 13:38:37 2017
[verbose]: Closed HPV worker thread for 2.hpv
Wed Dec  6 13:38:37 2017
[verbose]: Closed HPV worker thread for 3.hpv
Wed Dec  6 13:38:37 2017
[verbose]: Closed HPV worker thread for 4.hpv
Wed Dec  6 13:38:37 2017
[verbose]: Closed HPV worker thread for 5.hpv
Wed Dec  6 13:38:37 2017
[verbose]: Closed HPV worker thread for 6.hpv
Wed Dec  6 13:38:37 2017
[verbose]: Closed HPV worker thread for 7.hpv
Wed Dec  6 13:38:37 2017
[verbose]: Closed HPV worker thread for 8.hpv
Wed Dec  6 13:38:37 2017
[verbose]: Closed HPV worker thread for 9.hpv
Wed Dec  6 13:38:37 2017
[verbose]: Cleared all HPV Players
Wed Dec  6 13:38:37 2017
[verbose]: ~HPVPLayer
Wed Dec  6 13:38:37 2017
[verbose]: ~HPVPLayer
Wed Dec  6 13:38:37 2017
[verbose]: ~HPVPLayer
Wed Dec  6 13:38:37 2017
[verbose]: ~HPVPLayer
Wed Dec  6 13:38:37 2017
[verbose]: ~HPVPLayer
Wed Dec  6 13:38:37 2017
[verbose]: ~HPVPLayer
Wed Dec  6 13:38:37 2017
[verbose]: ~HPVPLayer
Wed Dec  6 13:38:37 2017
[verbose]: ~HPVPLayer
Wed Dec  6 13:38:37 2017
[verbose]: ~HPVPLayer
Wed Dec  6 13:38:37 2017
[verbose]: Deleted GPU resources
Wed Dec  6 13:40:58 2017
[verbose]: Loaded file '1.hpv' [dims: 3840x2160 | fps: 25 | frames: 2678 | type: DXT1 (no ALPHA) | version: 6]
Wed Dec  6 13:40:58 2017
[verbose]: Loaded file '2.hpv' [dims: 3840x2160 | fps: 25 | frames: 873 | type: DXT1 (no ALPHA) | version: 6]
Wed Dec  6 13:40:59 2017
[verbose]: Loaded file '3.hpv' [dims: 3840x2160 | fps: 25 | frames: 878 | type: DXT1 (no ALPHA) | version: 6]
Wed Dec  6 13:41:08 2017
[verbose]: Loaded file '4.hpv' [dims: 3840x2160 | fps: 25 | frames: 1770 | type: DXT1 (no ALPHA) | version: 6]
Wed Dec  6 13:41:11 2017
[verbose]: Loaded file '5.hpv' [dims: 3840x2160 | fps: 25 | frames: 2733 | type: DXT1 (no ALPHA) | version: 6]
Wed Dec  6 13:41:30 2017
[verbose]: Loaded file '6.hpv' [dims: 3840x2160 | fps: 25 | frames: 2071 | type: DXT1 (no ALPHA) | version: 6]
Wed Dec  6 13:41:49 2017
[verbose]: Loaded file '7.hpv' [dims: 3840x2160 | fps: 25 | frames: 2837 | type: DXT1 (no ALPHA) | version: 6]
Wed Dec  6 13:42:55 2017
[verbose]: Loaded file '8.hpv' [dims: 3840x2160 | fps: 25 | frames: 2419 | type: DXT1 (no ALPHA) | version: 6]
Wed Dec  6 13:44:55 2017
[verbose]: Loaded file '9.hpv' [dims: 3840x2160 | fps: 25 | frames: 4530 | type: DXT1 (no ALPHA) | version: 6]
Wed Dec  6 13:45:33 2017
[verbose]: Closed HPV worker thread for 1.hpv
Wed Dec  6 13:45:33 2017
[verbose]: Closed HPV worker thread for 2.hpv
Wed Dec  6 13:45:33 2017
[verbose]: Closed HPV worker thread for 3.hpv
Wed Dec  6 13:45:33 2017
[verbose]: Closed HPV worker thread for 4.hpv
Wed Dec  6 13:45:33 2017
[verbose]: Closed HPV worker thread for 5.hpv
Wed Dec  6 13:45:33 2017
[verbose]: Closed HPV worker thread for 6.hpv
Wed Dec  6 13:45:33 2017
[verbose]: Closed HPV worker thread for 7.hpv
Wed Dec  6 13:45:33 2017
[verbose]: Closed HPV worker thread for 8.hpv
Wed Dec  6 13:45:33 2017
[verbose]: Closed HPV worker thread for 9.hpv
Wed Dec  6 13:45:33 2017
[verbose]: Cleared all HPV Players
Wed Dec  6 13:45:33 2017
[verbose]: ~HPVPLayer
Wed Dec  6 13:45:33 2017
[verbose]: ~HPVPLayer
Wed Dec  6 13:45:33 2017
[verbose]: ~HPVPLayer
Wed Dec  6 13:45:33 2017
[verbose]: ~HPVPLayer
Wed Dec  6 13:45:33 2017
[verbose]: ~HPVPLayer
Wed Dec  6 13:45:33 2017
[verbose]: ~HPVPLayer
Wed Dec  6 13:45:33 2017
[verbose]: ~HPVPLayer
Wed Dec  6 13:45:33 2017
[verbose]: ~HPVPLayer
Wed Dec  6 13:45:33 2017
[verbose]: ~HPVPLayer
Wed Dec  6 13:45:33 2017
[verbose]: Deleted GPU resources
Wed Dec  6 13:48:17 2017
[verbose]: Loaded file '1.hpv' [dims: 3840x2160 | fps: 25 | frames: 2678 | type: DXT1 (no ALPHA) | version: 6]
Wed Dec  6 13:48:17 2017
[verbose]: Loaded file '2.hpv' [dims: 3840x2160 | fps: 25 | frames: 873 | type: DXT1 (no ALPHA) | version: 6]
Wed Dec  6 13:48:17 2017
[verbose]: Loaded file '3.hpv' [dims: 3840x2160 | fps: 25 | frames: 878 | type: DXT1 (no ALPHA) | version: 6]
Wed Dec  6 13:48:30 2017
[verbose]: Loaded file '4.hpv' [dims: 3840x2160 | fps: 25 | frames: 1770 | type: DXT1 (no ALPHA) | version: 6]
Wed Dec  6 13:48:33 2017
[verbose]: Loaded file '5.hpv' [dims: 3840x2160 | fps: 25 | frames: 2733 | type: DXT1 (no ALPHA) | version: 6]
Wed Dec  6 13:48:49 2017
[verbose]: Loaded file '6.hpv' [dims: 3840x2160 | fps: 25 | frames: 2071 | type: DXT1 (no ALPHA) | version: 6]
Wed Dec  6 13:49:08 2017
[verbose]: Loaded file '7.hpv' [dims: 3840x2160 | fps: 25 | frames: 2837 | type: DXT1 (no ALPHA) | version: 6]
Wed Dec  6 13:49:46 2017
[verbose]: Loaded file '8.hpv' [dims: 3840x2160 | fps: 25 | frames: 2419 | type: DXT1 (no ALPHA) | version: 6]
Wed Dec  6 13:50:19 2017
[verbose]: Loaded file '9.hpv' [dims: 3840x2160 | fps: 25 | frames: 4530 | type: DXT1 (no ALPHA) | version: 6]
Wed Dec  6 13:50:42 2017
[verbose]: Closed HPV worker thread for 1.hpv
Wed Dec  6 13:50:42 2017
[verbose]: Closed HPV worker thread for 2.hpv
Wed Dec  6 13:50:42 2017
[verbose]: Closed HPV worker thread for 3.hpv
Wed Dec  6 13:50:42 2017
[verbose]: Closed HPV worker thread for 4.hpv
Wed Dec  6 13:50:42 2017
[verbose]: Closed HPV worker thread for 5.hpv
Wed Dec  6 13:50:42 2017
[verbose]: Closed HPV worker thread for 6.hpv
Wed Dec  6 13:50:42 2017
[verbose]: Closed HPV worker thread for 7.hpv
Wed Dec  6 13:50:42 2017
[verbose]: Closed HPV worker thread for 8.hpv
Wed Dec  6 13:50:42 2017
[verbose]: Closed HPV worker thread for 9.hpv
Wed Dec  6 13:50:42 2017
[verbose]: Cleared all HPV Players
Wed Dec  6 13:50:42 2017
[verbose]: ~HPVPLayer
Wed Dec  6 13:50:42 2017
[verbose]: ~HPVPLayer
Wed Dec  6 13:50:42 2017
[verbose]: ~HPVPLayer
Wed Dec  6 13:50:42 2017
[verbose]: ~HPVPLayer
Wed Dec  6 13:50:42 2017
[verbose]: ~HPVPLayer
Wed Dec  6 13:50:42 2017
[verbose]: ~HPVPLayer
Wed Dec  6 13:50:42 2017
[verbose]: ~HPVPLayer
Wed Dec  6 13:50:42 2017
[verbose]: ~HPVPLayer
Wed Dec  6 13:50:42 2017
[verbose]: ~HPVPLayer
Wed Dec  6 13:50:42 2017
[verbose]: Deleted GPU resources
Wed Dec  6 13:55:23 2017
[verbose]: Loaded file '1.hpv' [dims: 3840x2160 | fps: 25 | frames: 2678 | type: DXT1 (no ALPHA) | version: 6]
Wed Dec  6 13:55:23 2017
[verbose]: Loaded file '2.hpv' [dims: 3840x2160 | fps: 25 | frames: 873 | type: DXT1 (no ALPHA) | version: 6]
Wed Dec  6 13:55:23 2017
[verbose]: Loaded file '3.hpv' [dims: 3840x2160 | fps: 25 | frames: 878 | type: DXT1 (no ALPHA) | version: 6]
Wed Dec  6 13:55:33 2017
[verbose]: Loaded file '4.hpv' [dims: 3840x2160 | fps: 25 | frames: 1770 | type: DXT1 (no ALPHA) | version: 6]
Wed Dec  6 13:55:35 2017
[verbose]: Loaded file '5.hpv' [dims: 3840x2160 | fps: 25 | frames: 2733 | type: DXT1 (no ALPHA) | version: 6]
Wed Dec  6 13:55:52 2017
[verbose]: Loaded file '6.hpv' [dims: 3840x2160 | fps: 25 | frames: 2071 | type: DXT1 (no ALPHA) | version: 6]
Wed Dec  6 13:56:09 2017
[verbose]: Loaded file '7.hpv' [dims: 3840x2160 | fps: 25 | frames: 2837 | type: DXT1 (no ALPHA) | version: 6]
Wed Dec  6 13:56:37 2017
[verbose]: Loaded file '8.hpv' [dims: 3840x2160 | fps: 25 | frames: 2419 | type: DXT1 (no ALPHA) | version: 6]
Wed Dec  6 13:58:35 2017
[verbose]: Loaded file '9.hpv' [dims: 3840x2160 | fps: 25 | frames: 4530 | type: DXT1 (no ALPHA) | version: 6]
Wed Dec  6 14:03:33 2017
[verbose]: Closed HPV worker thread for 1.hpv
Wed Dec  6 14:03:33 2017
[verbose]: Closed HPV worker thread for 2.hpv
Wed Dec  6 14:03:33 2017
[verbose]: Closed HPV worker thread for 3.hpv
Wed Dec  6 14:03:33 2017
[verbose]: Closed HPV worker thread for 4.hpv
Wed Dec  6 14:03:33 2017
[verbose]: Closed HPV worker thread for 5.hpv
Wed Dec  6 14:03:33 2017
[verbose]: Closed HPV worker thread for 6.hpv
Wed Dec  6 14:03:33 2017
[verbose]: Closed HPV worker thread for 7.hpv
Wed Dec  6 14:03:33 2017
[verbose]: Closed HPV worker thread for 8.hpv
Wed Dec  6 14:03:33 2017
[verbose]: Closed HPV worker thread for 9.hpv
Wed Dec  6 14:03:33 2017
[verbose]: Cleared all HPV Players
Wed Dec  6 14:03:33 2017
[verbose]: ~HPVPLayer
Wed Dec  6 14:03:33 2017
[verbose]: ~HPVPLayer
Wed Dec  6 14:03:33 2017
[verbose]: ~HPVPLayer
Wed Dec  6 14:03:33 2017
[verbose]: ~HPVPLayer
Wed Dec  6 14:03:33 2017
[verbose]: ~HPVPLayer
Wed Dec  6 14:03:33 2017
[verbose]: ~HPVPLayer
Wed Dec  6 14:03:33 2017
[verbose]: ~HPVPLayer
Wed Dec  6 14:03:33 2017
[verbose]: ~HPVPLayer
Wed Dec  6 14:03:33 2017
[verbose]: ~HPVPLayer
Wed Dec  6 14:03:33 2017
[verbose]: Deleted GPU resources
Wed Dec  6 14:03:38 2017
[verbose]: Loaded file '1.hpv' [dims: 3840x2160 | fps: 25 | frames: 2678 | type: DXT1 (no ALPHA) | version: 6]
Wed Dec  6 14:03:38 2017
[verbose]: Loaded file '2.hpv' [dims: 3840x2160 | fps: 25 | frames: 873 | type: DXT1 (no ALPHA) | version: 6]
Wed Dec  6 14:03:38 2017
[verbose]: Loaded file '3.hpv' [dims: 3840x2160 | fps: 25 | frames: 878 | type: DXT1 (no ALPHA) | version: 6]
Wed Dec  6 14:03:52 2017
[verbose]: Loaded file '4.hpv' [dims: 3840x2160 | fps: 25 | frames: 1770 | type: DXT1 (no ALPHA) | version: 6]
Wed Dec  6 14:03:55 2017
[verbose]: Loaded file '5.hpv' [dims: 3840x2160 | fps: 25 | frames: 2733 | type: DXT1 (no ALPHA) | version: 6]
Wed Dec  6 14:04:14 2017
[verbose]: Loaded file '6.hpv' [dims: 3840x2160 | fps: 25 | frames: 2071 | type: DXT1 (no ALPHA) | version: 6]
Wed Dec  6 14:04:32 2017
[verbose]: Loaded file '7.hpv' [dims: 3840x2160 | fps: 25 | frames: 2837 | type: DXT1 (no ALPHA) | version: 6]
Wed Dec  6 14:04:58 2017
[verbose]: Loaded file '8.hpv' [dims: 3840x2160 | fps: 25 | frames: 2419 | type: DXT1 (no ALPHA) | version: 6]
Wed Dec  6 14:07:56 2017
[verbose]: Loaded file '9.hpv' [dims: 3840x2160 | fps: 25 | frames: 4530 | type: DXT1 (no ALPHA) | version: 6]
Wed Dec  6 14:08:24 2017
[verbose]: Closed HPV worker thread for 1.hpv
Wed Dec  6 14:08:24 2017
[verbose]: Closed HPV worker thread for 2.hpv
Wed Dec  6 14:08:24 2017
[verbose]: Closed HPV worker thread for 3.hpv
Wed Dec  6 14:08:24 2017
[verbose]: Closed HPV worker thread for 4.hpv
Wed Dec  6 14:08:24 2017
[verbose]: Closed HPV worker thread for 5.hpv
Wed Dec  6 14:08:24 2017
[verbose]: Closed HPV worker thread for 6.hpv
Wed Dec  6 14:08:24 2017
[verbose]: Closed HPV worker thread for 7.hpv
Wed Dec  6 14:08:24 2017
[verbose]: Closed HPV worker thread for 8.hpv
Wed Dec  6 14:08:24 2017
[verbose]: Closed HPV worker thread for 9.hpv
Wed Dec  6 14:08:24 2017
[verbose]: Cleared all HPV Players
Wed Dec  6 14:08:24 2017
[verbose]: ~HPVPLayer
Wed Dec  6 14:08:24 2017
[verbose]: ~HPVPLayer
Wed Dec  6 14:08:24 2017
[verbose]: ~HPVPLayer
Wed Dec  6 14:08:24 2017
[verbose]: ~HPVPLayer
Wed Dec  6 14:08:24 2017
[verbose]: ~HPVPLayer
Wed Dec  6 14:08:24 2017
[verbose]: ~HPVPLayer
Wed Dec  6 14:08:24 2017
[verbose]: ~HPVPLayer
Wed Dec  6 14:08:24 2017
[verbose]: ~HPVPLayer
Wed Dec  6 14:08:24 2017
[verbose]: ~HPVPLayer
Wed Dec  6 14:08:24 2017
[verbose]: Deleted GPU resources
Wed Dec  6 14:10:30 2017
[verbose]: Loaded file '1.hpv' [dims: 3840x2160 | fps: 25 | frames: 2678 | type: DXT1 (no ALPHA) | version: 6]
Wed Dec  6 14:10:30 2017
[verbose]: Loaded file '2.hpv' [dims: 3840x2160 | fps: 25 | frames: 873 | type: DXT1 (no ALPHA) | version: 6]
Wed Dec  6 14:10:30 2017
[verbose]: Loaded file '3.hpv' [dims: 3840x2160 | fps: 25 | frames: 878 | type: DXT1 (no ALPHA) | version: 6]
Wed Dec  6 14:10:41 2017
[verbose]: Loaded file '4.hpv' [dims: 3840x2160 | fps: 25 | frames: 1770 | type: DXT1 (no ALPHA) | version: 6]
Wed Dec  6 14:10:48 2017
[verbose]: Loaded file '5.hpv' [dims: 3840x2160 | fps: 25 | frames: 2733 | type: DXT1 (no ALPHA) | version: 6]
Wed Dec  6 14:11:08 2017
[verbose]: Loaded file '6.hpv' [dims: 3840x2160 | fps: 25 | frames: 2071 | type: DXT1 (no ALPHA) | version: 6]
Wed Dec  6 14:11:32 2017
[verbose]: Loaded file '7.hpv' [dims: 3840x2160 | fps: 25 | frames: 2837 | type: DXT1 (no ALPHA) | version: 6]
Wed Dec  6 14:11:50 2017
[verbose]: Loaded file '8.hpv' [dims: 3840x2160 | fps: 25 | frames: 2419 | type: DXT1 (no ALPHA) | version: 6]
Wed Dec  6 14:12:21 2017
[verbose]: Loaded file '9.hpv' [dims: 3840x2160 | fps: 25 | frames: 4530 | type: DXT1 (no ALPHA) | version: 6]
Wed Dec  6 14:13:55 2017
[verbose]: Closed HPV worker thread for 1.hpv
Wed Dec  6 14:13:55 2017
[verbose]: Closed HPV worker thread for 2.hpv
Wed Dec  6 14:13:55 2017
[verbose]: Closed HPV worker thread for 3.hpv
Wed Dec  6 14:13:55 2017
[verbose]: Closed HPV worker thread for 4.hpv
Wed Dec  6 14:13:55 2017
[verbose]: Closed HPV worker thread for 5.hpv
Wed Dec  6 14:13:55 2017
[verbose]: Closed HPV worker thread for 6.hpv
Wed Dec  6 14:13:55 2017
[verbose]: Closed HPV worker thread for 7.hpv
Wed Dec  6 14:13:55 2017
[verbose]: Closed HPV worker thread for 8.hpv
Wed Dec  6 14:13:55 2017
[verbose]: Closed HPV worker thread for 9.hpv
Wed Dec  6 14:13:55 2017
[verbose]: Cleared all HPV Players
Wed Dec  6 14:13:55 2017
[verbose]: ~HPVPLayer
Wed Dec  6 14:13:55 2017
[verbose]: ~HPVPLayer
Wed Dec  6 14:13:55 2017
[verbose]: ~HPVPLayer
Wed Dec  6 14:13:55 2017
[verbose]: ~HPVPLayer
Wed Dec  6 14:13:55 2017
[verbose]: ~HPVPLayer
Wed Dec  6 14:13:55 2017
[verbose]: ~HPVPLayer
Wed Dec  6 14:13:55 2017
[verbose]: ~HPVPLayer
Wed Dec  6 14:13:55 2017
[verbose]: ~HPVPLayer
Wed Dec  6 14:13:55 2017
[verbose]: ~HPVPLayer
Wed Dec  6 14:13:55 2017
[verbose]: Deleted GPU resources
Wed Dec  6 14:14:22 2017
[verbose]: Loaded file '1.hpv' [dims: 3840x2160 | fps: 25 | frames: 2678 | type: DXT1 (no ALPHA) | version: 6]
Wed Dec  6 14:14:22 2017
[verbose]: Loaded file '2.hpv' [dims: 3840x2160 | fps: 25 | frames: 873 | type: DXT1 (no ALPHA) | version: 6]
Wed Dec  6 14:14:22 2017
[verbose]: Loaded file '3.hpv' [dims: 3840x2160 | fps: 25 | frames: 878 | type: DXT1 (no ALPHA) | version: 6]
Wed Dec  6 14:17:00 2017
[verbose]: Loaded file '4.hpv' [dims: 3840x2160 | fps: 25 | frames: 1770 | type: DXT1 (no ALPHA) | version: 6]
Wed Dec  6 14:17:12 2017
[verbose]: Loaded file '5.hpv' [dims: 3840x2160 | fps: 25 | frames: 2733 | type: DXT1 (no ALPHA) | version: 6]
Wed Dec  6 14:18:00 2017
[verbose]: Loaded file '6.hpv' [dims: 3840x2160 | fps: 25 | frames: 2071 | type: DXT1 (no ALPHA) | version: 6]
Wed Dec  6 14:19:30 2017
[verbose]: Loaded file '7.hpv' [dims: 3840x2160 | fps: 25 | frames: 2837 | type: DXT1 (no ALPHA) | version: 6]
Wed Dec  6 14:19:33 2017
[verbose]: Loaded file '8.hpv' [dims: 3840x2160 | fps: 25 | frames: 2419 | type: DXT1 (no ALPHA) | version: 6]
Wed Dec  6 14:23:38 2017
[verbose]: Loaded file '9.hpv' [dims: 3840x2160 | fps: 25 | frames: 4530 | type: DXT1 (no ALPHA) | version: 6]
Wed Dec  6 14:29:14 2017
[verbose]: Closed HPV worker thread for 1.hpv
Wed Dec  6 14:29:14 2017
[verbose]: Closed HPV worker thread for 2.hpv
Wed Dec  6 14:29:14 2017
[verbose]: Closed HPV worker thread for 3.hpv
Wed Dec  6 14:29:14 2017
[verbose]: Closed HPV worker thread for 4.hpv
Wed Dec  6 14:29:14 2017
[verbose]: Closed HPV worker thread for 5.hpv
Wed Dec  6 14:29:14 2017
[verbose]: Closed HPV worker thread for 6.hpv
Wed Dec  6 14:29:14 2017
[verbose]: Closed HPV worker thread for 7.hpv
Wed Dec  6 14:29:14 2017
[verbose]: Closed HPV worker thread for 8.hpv
Wed Dec  6 14:29:14 2017
[verbose]: Closed HPV worker thread for 9.hpv
Wed Dec  6 14:29:14 2017
[verbose]: Cleared all HPV Players
Wed Dec  6 14:29:14 2017
[verbose]: ~HPVPLayer
Wed Dec  6 14:29:14 2017
[verbose]: ~HPVPLayer
Wed Dec  6 14:29:14 2017
[verbose]: ~HPVPLayer
Wed Dec  6 14:29:14 2017
[verbose]: ~HPVPLayer
Wed Dec  6 14:29:14 2017
[verbose]: ~HPVPLayer
Wed Dec  6 14:29:14 2017
[verbose]: ~HPVPLayer
Wed Dec  6 14:29:14 2017
[verbose]: ~HPVPLayer
Wed Dec  6 14:29:14 2017
[verbose]: ~HPVPLayer
Wed Dec  6 14:29:14 2017
[verbose]: ~HPVPLayer
Wed Dec  6 14:29:14 2017
[verbose]: Deleted GPU resources
Wed Dec  6 14:38:34 2017
[verbose]: Loaded file '1.hpv' [dims: 3840x2160 | fps: 25 | frames: 2678 | type: DXT1 (no ALPHA) | version: 6]
Wed Dec  6 14:38:34 2017
[verbose]: Loaded file '2.hpv' [dims: 3840x2160 | fps: 25 | frames: 873 | type: DXT1 (no ALPHA) | version: 6]
Wed Dec  6 14:38:34 2017
[verbose]: Loaded file '3.hpv' [dims: 3840x2160 | fps: 25 | frames: 878 | type: DXT1 (no ALPHA) | version: 6]
Wed Dec  6 14:39:33 2017
[verbose]: Closed HPV worker thread for 1.hpv
Wed Dec  6 14:39:33 2017
[verbose]: Closed HPV worker thread for 2.hpv
Wed Dec  6 14:39:33 2017
[verbose]: Closed HPV worker thread for 3.hpv
Wed Dec  6 14:39:33 2017
[verbose]: Cleared all HPV Players
Wed Dec  6 14:39:33 2017
[verbose]: ~HPVPLayer
Wed Dec  6 14:39:33 2017
[verbose]: ~HPVPLayer
Wed Dec  6 14:39:33 2017
[verbose]: ~HPVPLayer
Wed Dec  6 14:39:33 2017
[verbose]: Deleted GPU resources
Wed Dec  6 14:40:07 2017
[verbose]: Loaded file '1.hpv' [dims: 3840x2160 | fps: 25 | frames: 2678 | type: DXT1 (no ALPHA) | version: 6]
Wed Dec  6 14:40:07 2017
[verbose]: Loaded file '2.hpv' [dims: 3840x2160 | fps: 25 | frames: 873 | type: DXT1 (no ALPHA) | version: 6]
Wed Dec  6 14:40:07 2017
[verbose]: Loaded file '3.hpv' [dims: 3840x2160 | fps: 25 | frames: 878 | type: DXT1 (no ALPHA) | version: 6]
Wed Dec  6 14:40:09 2017
[verbose]: Closed HPV worker thread for 1.hpv
Wed Dec  6 14:40:10 2017
[verbose]: Closed HPV worker thread for 2.hpv
Wed Dec  6 14:40:10 2017
[verbose]: Closed HPV worker thread for 3.hpv
Wed Dec  6 14:40:10 2017
[verbose]: Cleared all HPV Players
Wed Dec  6 14:40:10 2017
[verbose]: ~HPVPLayer
Wed Dec  6 14:40:10 2017
[verbose]: ~HPVPLayer
Wed Dec  6 14:40:10 2017
[verbose]: ~HPVPLayer
Wed Dec  6 14:40:10 2017
[verbose]: Deleted GPU resources
Wed Dec  6 14:40:33 2017
[verbose]: Loaded file '1.hpv' [dims: 3840x2160 | fps: 25 | frames: 2678 | type: DXT1 (no ALPHA) | version: 6]
Wed Dec  6 14:40:33 2017
[verbose]: Loaded file '2.hpv' [dims: 3840x2160 | fps: 25 | frames: 873 | type: DXT1 (no ALPHA) | version: 6]
Wed Dec  6 14:40:33 2017
[verbose]: Loaded file '3.hpv' [dims: 3840x2160 | fps: 25 | frames: 878 | type: DXT1 (no ALPHA) | version: 6]
Wed Dec  6 14:41:44 2017
[verbose]: Closed HPV worker thread for 1.hpv
Wed Dec  6 14:41:44 2017
[verbose]: Closed HPV worker thread for 2.hpv
Wed Dec  6 14:41:44 2017
[verbose]: Closed HPV worker thread for 3.hpv
Wed Dec  6 14:41:44 2017
[verbose]: Cleared all HPV Players
Wed Dec  6 14:41:44 2017
[verbose]: ~HPVPLayer
Wed Dec  6 14:41:44 2017
[verbose]: ~HPVPLayer
Wed Dec  6 14:41:44 2017
[verbose]: ~HPVPLayer
Wed Dec  6 14:41:44 2017
[verbose]: Deleted GPU resources
Wed Dec  6 14:41:47 2017
[verbose]: Loaded file '1.hpv' [dims: 3840x2160 | fps: 25 | frames: 2678 | type: DXT1 (no ALPHA) | version: 6]
Wed Dec  6 14:41:47 2017
[verbose]: Loaded file '2.hpv' [dims: 3840x2160 | fps: 25 | frames: 873 | type: DXT1 (no ALPHA) | version: 6]
Wed Dec  6 14:41:47 2017
[verbose]: Loaded file '3.hpv' [dims: 3840x2160 | fps: 25 | frames: 878 | type: DXT1 (no ALPHA) | version: 6]
Wed Dec  6 14:42:02 2017
[verbose]: Loaded file '4.hpv' [dims: 3840x2160 | fps: 25 | frames: 1770 | type: DXT1 (no ALPHA) | version: 6]
Wed Dec  6 14:42:04 2017
[verbose]: Loaded file '5.hpv' [dims: 3840x2160 | fps: 25 | frames: 2733 | type: DXT1 (no ALPHA) | version: 6]
Wed Dec  6 14:42:21 2017
[verbose]: Closed HPV worker thread for 1.hpv
Wed Dec  6 14:42:21 2017
[verbose]: Closed HPV worker thread for 2.hpv
Wed Dec  6 14:42:21 2017
[verbose]: Closed HPV worker thread for 3.hpv
Wed Dec  6 14:42:21 2017
[verbose]: Closed HPV worker thread for 4.hpv
Wed Dec  6 14:42:21 2017
[verbose]: Closed HPV worker thread for 5.hpv
Wed Dec  6 14:42:21 2017
[verbose]: Cleared all HPV Players
Wed Dec  6 14:42:21 2017
[verbose]: ~HPVPLayer
Wed Dec  6 14:42:21 2017
[verbose]: ~HPVPLayer
Wed Dec  6 14:42:21 2017
[verbose]: ~HPVPLayer
Wed Dec  6 14:42:21 2017
[verbose]: ~HPVPLayer
Wed Dec  6 14:42:21 2017
[verbose]: ~HPVPLayer
Wed Dec  6 14:42:21 2017
[verbose]: Deleted GPU resources
Wed Dec  6 14:42:23 2017
[verbose]: Loaded file '1.hpv' [dims: 3840x2160 | fps: 25 | frames: 2678 | type: DXT1 (no ALPHA) | version: 6]
Wed Dec  6 14:42:23 2017
[verbose]: Loaded file '2.hpv' [dims: 3840x2160 | fps: 25 | frames: 873 | type: DXT1 (no ALPHA) | version: 6]
Wed Dec  6 14:42:23 2017
[verbose]: Loaded file '3.hpv' [dims: 3840x2160 | fps: 25 | frames: 878 | type: DXT1 (no ALPHA) | version: 6]
Wed Dec  6 14:42:46 2017
[verbose]: Loaded file '4.hpv' [dims: 3840x2160 | fps: 25 | frames: 1770 | type: DXT1 (no ALPHA) | version: 6]
Wed Dec  6 14:42:51 2017
[verbose]: Loaded file '5.hpv' [dims: 3840x2160 | fps: 25 | frames: 2733 | type: DXT1 (no ALPHA) | version: 6]
Wed Dec  6 14:43:24 2017
[verbose]: Loaded file '6.hpv' [dims: 3840x2160 | fps: 25 | frames: 2071 | type: DXT1 (no ALPHA) | version: 6]
Wed Dec  6 14:44:03 2017
[verbose]: Loaded file '7.hpv' [dims: 3840x2160 | fps: 25 | frames: 2837 | type: DXT1 (no ALPHA) | version: 6]
Wed Dec  6 14:45:21 2017
[verbose]: Loaded file '8.hpv' [dims: 3840x2160 | fps: 25 | frames: 2419 | type: DXT1 (no ALPHA) | version: 6]
Wed Dec  6 14:47:08 2017
[verbose]: Loaded file '9.hpv' [dims: 3840x2160 | fps: 25 | frames: 4530 | type: DXT1 (no ALPHA) | version: 6]
Wed Dec  6 14:48:08 2017
[verbose]: Closed HPV worker thread for 1.hpv
Wed Dec  6 14:48:08 2017
[verbose]: Closed HPV worker thread for 2.hpv
Wed Dec  6 14:48:08 2017
[verbose]: Closed HPV worker thread for 3.hpv
Wed Dec  6 14:48:08 2017
[verbose]: Closed HPV worker thread for 4.hpv
Wed Dec  6 14:48:08 2017
[verbose]: Closed HPV worker thread for 5.hpv
Wed Dec  6 14:48:08 2017
[verbose]: Closed HPV worker thread for 6.hpv
Wed Dec  6 14:48:08 2017
[verbose]: Closed HPV worker thread for 7.hpv
Wed Dec  6 14:48:08 2017
[verbose]: Closed HPV worker thread for 8.hpv
Wed Dec  6 14:48:09 2017
[verbose]: Closed HPV worker thread for 9.hpv
Wed Dec  6 14:48:09 2017
[verbose]: Cleared all HPV Players
Wed Dec  6 14:48:09 2017
[verbose]: ~HPVPLayer
Wed Dec  6 14:48:09 2017
[verbose]: ~HPVPLayer
Wed Dec  6 14:48:09 2017
[verbose]: ~HPVPLayer
Wed Dec  6 14:48:09 2017
[verbose]: ~HPVPLayer
Wed Dec  6 14:48:09 2017
[verbose]: ~HPVPLayer
Wed Dec  6 14:48:09 2017
[verbose]: ~HPVPLayer
Wed Dec  6 14:48:09 2017
[verbose]: ~HPVPLayer
Wed Dec  6 14:48:09 2017
[verbose]: ~HPVPLayer
Wed Dec  6 14:48:09 2017
[verbose]: ~HPVPLayer
Wed Dec  6 14:48:09 2017
[verbose]: Deleted GPU resources
Wed Dec  6 14:52:38 2017
[verbose]: Loaded file '1.hpv' [dims: 3840x2160 | fps: 25 | frames: 2678 | type: DXT1 (no ALPHA) | version: 6]
Wed Dec  6 14:52:38 2017
[verbose]: Loaded file '2.hpv' [dims: 3840x2160 | fps: 25 | frames: 873 | type: DXT1 (no ALPHA) | version: 6]
Wed Dec  6 14:52:38 2017
[verbose]: Loaded file '3.hpv' [dims: 3840x2160 | fps: 25 | frames: 878 | type: DXT1 (no ALPHA) | version: 6]
Wed Dec  6 14:52:54 2017
[verbose]: Loaded file '4.hpv' [dims: 3840x2160 | fps: 25 | frames: 1770 | type: DXT1 (no ALPHA) | version: 6]
Wed Dec  6 14:52:58 2017
[verbose]: Loaded file '5.hpv' [dims: 3840x2160 | fps: 25 | frames: 2733 | type: DXT1 (no ALPHA) | version: 6]
Wed Dec  6 14:53:13 2017
[verbose]: Loaded file '6.hpv' [dims: 3840x2160 | fps: 25 | frames: 2071 | type: DXT1 (no ALPHA) | version: 6]
Wed Dec  6 14:53:24 2017
[verbose]: Loaded file '7.hpv' [dims: 3840x2160 | fps: 25 | frames: 2837 | type: DXT1 (no ALPHA) | version: 6]
Wed Dec  6 14:54:16 2017
[verbose]: Loaded file '8.hpv' [dims: 3840x2160 | fps: 25 | frames: 2419 | type: DXT1 (no ALPHA) | version: 6]
Wed Dec  6 14:54:59 2017
[verbose]: Loaded file '9.hpv' [dims: 3840x2160 | fps: 25 | frames: 4530 | type: DXT1 (no ALPHA) | version: 6]
Wed Dec  6 14:56:00 2017
[verbose]: Closed HPV worker thread for 1.hpv
Wed Dec  6 14:56:00 2017
[verbose]: Closed HPV worker thread for 2.hpv
Wed Dec  6 14:56:00 2017
[verbose]: Closed HPV worker thread for 3.hpv
Wed Dec  6 14:56:00 2017
[verbose]: Closed HPV worker thread for 4.hpv
Wed Dec  6 14:56:00 2017
[verbose]: Closed HPV worker thread for 5.hpv
Wed Dec  6 14:56:00 2017
[verbose]: Closed HPV worker thread for 6.hpv
Wed Dec  6 14:56:00 2017
[verbose]: Closed HPV worker thread for 7.hpv
Wed Dec  6 14:56:00 2017
[verbose]: Closed HPV worker thread for 8.hpv
Wed Dec  6 14:56:00 2017
[verbose]: Closed HPV worker thread for 9.hpv
Wed Dec  6 14:56:00 2017
[verbose]: Cleared all HPV Players
Wed Dec  6 14:56:00 2017
[verbose]: ~HPVPLayer
Wed Dec  6 14:56:00 2017
[verbose]: ~HPVPLayer
Wed Dec  6 14:56:00 2017
[verbose]: ~HPVPLayer
Wed Dec  6 14:56:00 2017
[verbose]: ~HPVPLayer
Wed Dec  6 14:56:00 2017
[verbose]: ~HPVPLayer
Wed Dec  6 14:56:00 2017
[verbose]: ~HPVPLayer
Wed Dec  6 14:56:00 2017
[verbose]: ~HPVPLayer
Wed Dec  6 14:56:00 2017
[verbose]: ~HPVPLayer
Wed Dec  6 14:56:00 2017
[verbose]: ~HPVPLayer
Wed Dec  6 14:56:00 2017
[verbose]: Deleted GPU resources
Wed Dec  6 14:56:03 2017
[verbose]: Loaded file '1.hpv' [dims: 3840x2160 | fps: 25 | frames: 2678 | type: DXT1 (no ALPHA) | version: 6]
Wed Dec  6 14:56:03 2017
[verbose]: Loaded file '2.hpv' [dims: 3840x2160 | fps: 25 | frames: 873 | type: DXT1 (no ALPHA) | version: 6]
Wed Dec  6 14:56:03 2017
[verbose]: Loaded file '3.hpv' [dims: 3840x2160 | fps: 25 | frames: 878 | type: DXT1 (no ALPHA) | version: 6]
Wed Dec  6 14:56:14 2017
[verbose]: Loaded file '4.hpv' [dims: 3840x2160 | fps: 25 | frames: 1770 | type: DXT1 (no ALPHA) | version: 6]
Wed Dec  6 14:56:17 2017
[verbose]: Loaded file '5.hpv' [dims: 3840x2160 | fps: 25 | frames: 2733 | type: DXT1 (no ALPHA) | version: 6]
Wed Dec  6 14:56:30 2017
[verbose]: Loaded file '6.hpv' [dims: 3840x2160 | fps: 25 | frames: 2071 | type: DXT1 (no ALPHA) | version: 6]
Wed Dec  6 14:56:48 2017
[verbose]: Loaded file '7.hpv' [dims: 3840x2160 | fps: 25 | frames: 2837 | type: DXT1 (no ALPHA) | version: 6]
Wed Dec  6 14:57:20 2017
[verbose]: Loaded file '8.hpv' [dims: 3840x2160 | fps: 25 | frames: 2419 | type: DXT1 (no ALPHA) | version: 6]
Wed Dec  6 14:58:04 2017
[verbose]: Loaded file '9.hpv' [dims: 3840x2160 | fps: 25 | frames: 4530 | type: DXT1 (no ALPHA) | version: 6]
Wed Dec  6 15:02:29 2017
[verbose]: Closed HPV worker thread for 1.hpv
Wed Dec  6 15:02:29 2017
[verbose]: Closed HPV worker thread for 2.hpv
Wed Dec  6 15:02:29 2017
[verbose]: Closed HPV worker thread for 3.hpv
Wed Dec  6 15:02:29 2017
[verbose]: Closed HPV worker thread for 4.hpv
Wed Dec  6 15:02:29 2017
[verbose]: Closed HPV worker thread for 5.hpv
Wed Dec  6 15:02:29 2017
[verbose]: Closed HPV worker thread for 6.hpv
Wed Dec  6 15:02:29 2017
[verbose]: Closed HPV worker thread for 7.hpv
Wed Dec  6 15:02:29 2017
[verbose]: Closed HPV worker thread for 8.hpv
Wed Dec  6 15:02:29 2017
[verbose]: Closed HPV worker thread for 9.hpv
Wed Dec  6 15:02:29 2017
[verbose]: Cleared all HPV Players
Wed Dec  6 15:02:29 2017
[verbose]: ~HPVPLayer
Wed Dec  6 15:02:29 2017
[verbose]: ~HPVPLayer
Wed Dec  6 15:02:29 2017
[verbose]: ~HPVPLayer
Wed Dec  6 15:02:29 2017
[verbose]: ~HPVPLayer
Wed Dec  6 15:02:29 2017
[verbose]: ~HPVPLayer
Wed Dec  6 15:02:29 2017
[verbose]: ~HPVPLayer
Wed Dec  6 15:02:29 2017
[verbose]: ~HPVPLayer
Wed Dec  6 15:02:29 2017
[verbose]: ~HPVPLayer
Wed Dec  6 15:02:29 2017
[verbose]: ~HPVPLayer
Wed Dec  6 15:02:29 2017
[verbose]: Deleted GPU resources
Wed Dec  6 15:02:32 2017
[verbose]: Loaded file '1.hpv' [dims: 3840x2160 | fps: 25 | frames: 2678 | type: DXT1 (no ALPHA) | version: 6]
Wed Dec  6 15:02:32 2017
[verbose]: Loaded file '2.hpv' [dims: 3840x2160 | fps: 25 | frames: 873 | type: DXT1 (no ALPHA) | version: 6]
Wed Dec  6 15:02:32 2017
[verbose]: Loaded file '3.hpv' [dims: 3840x2160 | fps: 25 | frames: 878 | type: DXT1 (no ALPHA) | version: 6]
Wed Dec  6 15:02:43 2017
[verbose]: Loaded file '4.hpv' [dims: 3840x2160 | fps: 25 | frames: 1770 | type: DXT1 (no ALPHA) | version: 6]
Wed Dec  6 15:02:46 2017
[verbose]: Loaded file '5.hpv' [dims: 3840x2160 | fps: 25 | frames: 2733 | type: DXT1 (no ALPHA) | version: 6]
Wed Dec  6 15:03:07 2017
[verbose]: Loaded file '6.hpv' [dims: 3840x2160 | fps: 25 | frames: 2071 | type: DXT1 (no ALPHA) | version: 6]
Wed Dec  6 15:03:31 2017
[verbose]: Loaded file '7.hpv' [dims: 3840x2160 | fps: 25 | frames: 2837 | type: DXT1 (no ALPHA) | version: 6]
Wed Dec  6 15:04:08 2017
[verbose]: Loaded file '8.hpv' [dims: 3840x2160 | fps: 25 | frames: 2419 | type: DXT1 (no ALPHA) | version: 6]
Wed Dec  6 15:04:39 2017
[verbose]: Loaded file '9.hpv' [dims: 3840x2160 | fps: 25 | frames: 4530 | type: DXT1 (no ALPHA) | version: 6]
Wed Dec  6 15:13:23 2017
[verbose]: Closed HPV worker thread for 1.hpv
Wed Dec  6 15:13:23 2017
[verbose]: Closed HPV worker thread for 2.hpv
Wed Dec  6 15:13:23 2017
[verbose]: Closed HPV worker thread for 3.hpv
Wed Dec  6 15:13:23 2017
[verbose]: Closed HPV worker thread for 4.hpv
Wed Dec  6 15:13:23 2017
[verbose]: Closed HPV worker thread for 5.hpv
Wed Dec  6 15:13:23 2017
[verbose]: Closed HPV worker thread for 6.hpv
Wed Dec  6 15:13:23 2017
[verbose]: Closed HPV worker thread for 7.hpv
Wed Dec  6 15:13:23 2017
[verbose]: Closed HPV worker thread for 8.hpv
Wed Dec  6 15:13:23 2017
[verbose]: Closed HPV worker thread for 9.hpv
Wed Dec  6 15:13:23 2017
[verbose]: Cleared all HPV Players
Wed Dec  6 15:13:23 2017
[verbose]: ~HPVPLayer
Wed Dec  6 15:13:23 2017
[verbose]: ~HPVPLayer
Wed Dec  6 15:13:23 2017
[verbose]: ~HPVPLayer
Wed Dec  6 15:13:23 2017
[verbose]: ~HPVPLayer
Wed Dec  6 15:13:23 2017
[verbose]: ~HPVPLayer
Wed Dec  6 15:13:23 2017
[verbose]: ~HPVPLayer
Wed Dec  6 15:13:23 2017
[verbose]: ~HPVPLayer
Wed Dec  6 15:13:23 2017
[verbose]: ~HPVPLayer
Wed Dec  6 15:13:23 2017
[verbose]: ~HPVPLayer
Wed Dec  6 15:13:23 2017
[verbose]: Deleted GPU resources
Wed Dec  6 15:13:29 2017
[verbose]: Loaded file '1.hpv' [dims: 3840x2160 | fps: 25 | frames: 2678 | type: DXT1 (no ALPHA) | version: 6]
Wed Dec  6 15:13:29 2017
[verbose]: Loaded file '2.hpv' [dims: 3840x2160 | fps: 25 | frames: 873 | type: DXT1 (no ALPHA) | version: 6]
Wed Dec  6 15:13:29 2017
[verbose]: Loaded file '3.hpv' [dims: 3840x2160 | fps: 25 | frames: 878 | type: DXT1 (no ALPHA) | version: 6]
Wed Dec  6 15:13:39 2017
[verbose]: Loaded file '4.hpv' [dims: 3840x2160 | fps: 25 | frames: 1770 | type: DXT1 (no ALPHA) | version: 6]
Wed Dec  6 15:13:49 2017
[verbose]: Loaded file '5.hpv' [dims: 3840x2160 | fps: 25 | frames: 2733 | type: DXT1 (no ALPHA) | version: 6]
Wed Dec  6 15:14:06 2017
[verbose]: Loaded file '6.hpv' [dims: 3840x2160 | fps: 25 | frames: 2071 | type: DXT1 (no ALPHA) | version: 6]
Wed Dec  6 15:14:59 2017
[verbose]: Loaded file '7.hpv' [dims: 3840x2160 | fps: 25 | frames: 2837 | type: DXT1 (no ALPHA) | version: 6]
Wed Dec  6 15:15:28 2017
[verbose]: Loaded file '8.hpv' [dims: 3840x2160 | fps: 25 | frames: 2419 | type: DXT1 (no ALPHA) | version: 6]
Wed Dec  6 15:15:49 2017
[verbose]: Loaded file '9.hpv' [dims: 3840x2160 | fps: 25 | frames: 4530 | type: DXT1 (no ALPHA) | version: 6]
Wed Dec  6 15:18:05 2017
[verbose]: Closed HPV worker thread for 1.hpv
Wed Dec  6 15:18:05 2017
[verbose]: Closed HPV worker thread for 2.hpv
Wed Dec  6 15:18:05 2017
[verbose]: Closed HPV worker thread for 3.hpv
Wed Dec  6 15:18:05 2017
[verbose]: Closed HPV worker thread for 4.hpv
Wed Dec  6 15:18:05 2017
[verbose]: Closed HPV worker thread for 5.hpv
Wed Dec  6 15:18:05 2017
[verbose]: Closed HPV worker thread for 6.hpv
Wed Dec  6 15:18:05 2017
[verbose]: Closed HPV worker thread for 7.hpv
Wed Dec  6 15:18:05 2017
[verbose]: Closed HPV worker thread for 8.hpv
Wed Dec  6 15:18:05 2017
[verbose]: Closed HPV worker thread for 9.hpv
Wed Dec  6 15:18:05 2017
[verbose]: Cleared all HPV Players
Wed Dec  6 15:18:05 2017
[verbose]: ~HPVPLayer
Wed Dec  6 15:18:05 2017
[verbose]: ~HPVPLayer
Wed Dec  6 15:18:05 2017
[verbose]: ~HPVPLayer
Wed Dec  6 15:18:05 2017
[verbose]: ~HPVPLayer
Wed Dec  6 15:18:05 2017
[verbose]: ~HPVPLayer
Wed Dec  6 15:18:05 2017
[verbose]: ~HPVPLayer
Wed Dec  6 15:18:05 2017
[verbose]: ~HPVPLayer
Wed Dec  6 15:18:05 2017
[verbose]: ~HPVPLayer
Wed Dec  6 15:18:05 2017
[verbose]: ~HPVPLayer
Wed Dec  6 15:18:05 2017
[verbose]: Deleted GPU resources
Wed Dec  6 15:18:07 2017
[verbose]: Loaded file '1.hpv' [dims: 3840x2160 | fps: 25 | frames: 2678 | type: DXT1 (no ALPHA) | version: 6]
Wed Dec  6 15:18:07 2017
[verbose]: Loaded file '2.hpv' [dims: 3840x2160 | fps: 25 | frames: 873 | type: DXT1 (no ALPHA) | version: 6]
Wed Dec  6 15:18:07 2017
[verbose]: Loaded file '3.hpv' [dims: 3840x2160 | fps: 25 | frames: 878 | type: DXT1 (no ALPHA) | version: 6]
Wed Dec  6 15:18:38 2017
[verbose]: Loaded file '4.hpv' [dims: 3840x2160 | fps: 25 | frames: 1770 | type: DXT1 (no ALPHA) | version: 6]
Wed Dec  6 15:18:42 2017
[verbose]: Loaded file '5.hpv' [dims: 3840x2160 | fps: 25 | frames: 2733 | type: DXT1 (no ALPHA) | version: 6]
Wed Dec  6 15:19:02 2017
[verbose]: Loaded file '6.hpv' [dims: 3840x2160 | fps: 25 | frames: 2071 | type: DXT1 (no ALPHA) | version: 6]
Wed Dec  6 15:20:00 2017
[verbose]: Loaded file '7.hpv' [dims: 3840x2160 | fps: 25 | frames: 2837 | type: DXT1 (no ALPHA) | version: 6]
Wed Dec  6 15:20:27 2017
[verbose]: Loaded file '8.hpv' [dims: 3840x2160 | fps: 25 | frames: 2419 | type: DXT1 (no ALPHA) | version: 6]
Wed Dec  6 15:23:16 2017
[verbose]: Loaded file '9.hpv' [dims: 3840x2160 | fps: 25 | frames: 4530 | type: DXT1 (no ALPHA) | version: 6]
Wed Dec  6 15:23:57 2017
[verbose]: Closed HPV worker thread for 1.hpv
Wed Dec  6 15:23:57 2017
[verbose]: Closed HPV worker thread for 2.hpv
Wed Dec  6 15:23:57 2017
[verbose]: Closed HPV worker thread for 3.hpv
Wed Dec  6 15:23:57 2017
[verbose]: Closed HPV worker thread for 4.hpv
Wed Dec  6 15:23:57 2017
[verbose]: Closed HPV worker thread for 5.hpv
Wed Dec  6 15:23:57 2017
[verbose]: Closed HPV worker thread for 6.hpv
Wed Dec  6 15:23:57 2017
[verbose]: Closed HPV worker thread for 7.hpv
Wed Dec  6 15:23:57 2017
[verbose]: Closed HPV worker thread for 8.hpv
Wed Dec  6 15:23:57 2017
[verbose]: Closed HPV worker thread for 9.hpv
Wed Dec  6 15:23:57 2017
[verbose]: Cleared all HPV Players
Wed Dec  6 15:23:57 2017
[verbose]: ~HPVPLayer
Wed Dec  6 15:23:57 2017
[verbose]: ~HPVPLayer
Wed Dec  6 15:23:57 2017
[verbose]: ~HPVPLayer
Wed Dec  6 15:23:57 2017
[verbose]: ~HPVPLayer
Wed Dec  6 15:23:57 2017
[verbose]: ~HPVPLayer
Wed Dec  6 15:23:57 2017
[verbose]: ~HPVPLayer
Wed Dec  6 15:23:57 2017
[verbose]: ~HPVPLayer
Wed Dec  6 15:23:57 2017
[verbose]: ~HPVPLayer
Wed Dec  6 15:23:57 2017
[verbose]: ~HPVPLayer
Wed Dec  6 15:23:57 2017
[verbose]: Deleted GPU resources
Wed Dec  6 15:24:01 2017
[verbose]: Loaded file '1.hpv' [dims: 3840x2160 | fps: 25 | frames: 2678 | type: DXT1 (no ALPHA) | version: 6]
Wed Dec  6 15:24:01 2017
[verbose]: Loaded file '2.hpv' [dims: 3840x2160 | fps: 25 | frames: 873 | type: DXT1 (no ALPHA) | version: 6]
Wed Dec  6 15:24:01 2017
[verbose]: Loaded file '3.hpv' [dims: 3840x2160 | fps: 25 | frames: 878 | type: DXT1 (no ALPHA) | version: 6]
Wed Dec  6 15:24:16 2017
[verbose]: Loaded file '4.hpv' [dims: 3840x2160 | fps: 25 | frames: 1770 | type: DXT1 (no ALPHA) | version: 6]
Wed Dec  6 15:24:20 2017
[verbose]: Loaded file '5.hpv' [dims: 3840x2160 | fps: 25 | frames: 2733 | type: DXT1 (no ALPHA) | version: 6]
Wed Dec  6 15:24:40 2017
[verbose]: Loaded file '6.hpv' [dims: 3840x2160 | fps: 25 | frames: 2071 | type: DXT1 (no ALPHA) | version: 6]
Wed Dec  6 15:25:13 2017
[verbose]: Loaded file '7.hpv' [dims: 3840x2160 | fps: 25 | frames: 2837 | type: DXT1 (no ALPHA) | version: 6]
Wed Dec  6 15:25:39 2017
[verbose]: Loaded file '8.hpv' [dims: 3840x2160 | fps: 25 | frames: 2419 | type: DXT1 (no ALPHA) | version: 6]
Wed Dec  6 15:26:50 2017
[verbose]: Closed HPV worker thread for 1.hpv
Wed Dec  6 15:26:50 2017
[verbose]: Closed HPV worker thread for 2.hpv
Wed Dec  6 15:26:50 2017
[verbose]: Closed HPV worker thread for 3.hpv
Wed Dec  6 15:26:50 2017
[verbose]: Closed HPV worker thread for 4.hpv
Wed Dec  6 15:26:50 2017
[verbose]: Closed HPV worker thread for 5.hpv
Wed Dec  6 15:26:50 2017
[verbose]: Closed HPV worker thread for 6.hpv
Wed Dec  6 15:26:50 2017
[verbose]: Closed HPV worker thread for 7.hpv
Wed Dec  6 15:26:50 2017
[verbose]: Closed HPV worker thread for 8.hpv
Wed Dec  6 15:26:50 2017
[verbose]: Cleared all HPV Players
Wed Dec  6 15:26:50 2017
[verbose]: ~HPVPLayer
Wed Dec  6 15:26:50 2017
[verbose]: ~HPVPLayer
Wed Dec  6 15:26:50 2017
[verbose]: ~HPVPLayer
Wed Dec  6 15:26:50 2017
[verbose]: ~HPVPLayer
Wed Dec  6 15:26:50 2017
[verbose]: ~HPVPLayer
Wed Dec  6 15:26:50 2017
[verbose]: ~HPVPLayer
Wed Dec  6 15:26:50 2017
[verbose]: ~HPVPLayer
Wed Dec  6 15:26:50 2017
[verbose]: ~HPVPLayer
Wed Dec  6 15:26:50 2017
[verbose]: Deleted GPU resources
Wed Dec  6 15:26:52 2017
[verbose]: Loaded file '1.hpv' [dims: 3840x2160 | fps: 25 | frames: 2678 | type: DXT1 (no ALPHA) | version: 6]
Wed Dec  6 15:26:52 2017
[verbose]: Loaded file '2.hpv' [dims: 3840x2160 | fps: 25 | frames: 873 | type: DXT1 (no ALPHA) | version: 6]
Wed Dec  6 15:26:52 2017
[verbose]: Loaded file '3.hpv' [dims: 3840x2160 | fps: 25 | frames: 878 | type: DXT1 (no ALPHA) | version: 6]
Wed Dec  6 15:27:08 2017
[verbose]: Loaded file '4.hpv' [dims: 3840x2160 | fps: 25 | frames: 1770 | type: DXT1 (no ALPHA) | version: 6]
Wed Dec  6 15:27:11 2017
[verbose]: Loaded file '5.hpv' [dims: 3840x2160 | fps: 25 | frames: 2733 | type: DXT1 (no ALPHA) | version: 6]
Wed Dec  6 15:27:29 2017
[verbose]: Loaded file '6.hpv' [dims: 3840x2160 | fps: 25 | frames: 2071 | type: DXT1 (no ALPHA) | version: 6]
Wed Dec  6 15:28:04 2017
[verbose]: Loaded file '7.hpv' [dims: 3840x2160 | fps: 25 | frames: 2837 | type: DXT1 (no ALPHA) | version: 6]
Wed Dec  6 15:28:20 2017
[verbose]: Loaded file '8.hpv' [dims: 3840x2160 | fps: 25 | frames: 2419 | type: DXT1 (no ALPHA) | version: 6]
Wed Dec  6 15:28:49 2017
[verbose]: Loaded file '9.hpv' [dims: 3840x2160 | fps: 25 | frames: 4530 | type: DXT1 (no ALPHA) | version: 6]
Wed Dec  6 15:32:33 2017
[verbose]: Closed HPV worker thread for 1.hpv
Wed Dec  6 15:32:33 2017
[verbose]: Closed HPV worker thread for 2.hpv
Wed Dec  6 15:32:33 2017
[verbose]: Closed HPV worker thread for 3.hpv
Wed Dec  6 15:32:33 2017
[verbose]: Closed HPV worker thread for 4.hpv
Wed Dec  6 15:32:33 2017
[verbose]: Closed HPV worker thread for 5.hpv
Wed Dec  6 15:32:33 2017
[verbose]: Closed HPV worker thread for 6.hpv
Wed Dec  6 15:32:33 2017
[verbose]: Closed HPV worker thread for 7.hpv
Wed Dec  6 15:32:33 2017
[verbose]: Closed HPV worker thread for 8.hpv
Wed Dec  6 15:32:33 2017
[verbose]: Closed HPV worker thread for 9.hpv
Wed Dec  6 15:32:33 2017
[verbose]: Cleared all HPV Players
Wed Dec  6 15:32:33 2017
[verbose]: ~HPVPLayer
Wed Dec  6 15:32:33 2017
[verbose]: ~HPVPLayer
Wed Dec  6 15:32:33 2017
[verbose]: ~HPVPLayer
Wed Dec  6 15:32:33 2017
[verbose]: ~HPVPLayer
Wed Dec  6 15:32:33 2017
[verbose]: ~HPVPLayer
Wed Dec  6 15:32:33 2017
[verbose]: ~HPVPLayer
Wed Dec  6 15:32:33 2017
[verbose]: ~HPVPLayer
Wed Dec  6 15:32:33 2017
[verbose]: ~HPVPLayer
Wed Dec  6 15:32:33 2017
[verbose]: ~HPVPLayer
Wed Dec  6 15:32:33 2017
[verbose]: Deleted GPU resources
Wed Dec  6 15:32:46 2017
[verbose]: Loaded file '1.hpv' [dims: 3840x2160 | fps: 25 | frames: 2678 | type: DXT1 (no ALPHA) | version: 6]
Wed Dec  6 15:32:46 2017
[verbose]: Loaded file '2.hpv' [dims: 3840x2160 | fps: 25 | frames: 873 | type: DXT1 (no ALPHA) | version: 6]
Wed Dec  6 15:32:46 2017
[verbose]: Loaded file '3.hpv' [dims: 3840x2160 | fps: 25 | frames: 878 | type: DXT1 (no ALPHA) | version: 6]
Wed Dec  6 15:33:02 2017
[verbose]: Loaded file '4.hpv' [dims: 3840x2160 | fps: 25 | frames: 1770 | type: DXT1 (no ALPHA) | version: 6]
Wed Dec  6 15:33:06 2017
[verbose]: Loaded file '5.hpv' [dims: 3840x2160 | fps: 25 | frames: 2733 | type: DXT1 (no ALPHA) | version: 6]
Wed Dec  6 15:33:33 2017
[verbose]: Loaded file '6.hpv' [dims: 3840x2160 | fps: 25 | frames: 2071 | type: DXT1 (no ALPHA) | version: 6]
Wed Dec  6 15:35:02 2017
[verbose]: Loaded file '7.hpv' [dims: 3840x2160 | fps: 25 | frames: 2837 | type: DXT1 (no ALPHA) | version: 6]
Wed Dec  6 15:35:02 2017
[verbose]: Loaded file '8.hpv' [dims: 3840x2160 | fps: 25 | frames: 2419 | type: DXT1 (no ALPHA) | version: 6]
Wed Dec  6 15:36:39 2017
[verbose]: Loaded file '9.hpv' [dims: 3840x2160 | fps: 25 | frames: 4530 | type: DXT1 (no ALPHA) | version: 6]
Wed Dec  6 15:38:25 2017
[verbose]: Closed HPV worker thread for 1.hpv
Wed Dec  6 15:38:25 2017
[verbose]: Closed HPV worker thread for 2.hpv
Wed Dec  6 15:38:25 2017
[verbose]: Closed HPV worker thread for 3.hpv
Wed Dec  6 15:38:25 2017
[verbose]: Closed HPV worker thread for 4.hpv
Wed Dec  6 15:38:25 2017
[verbose]: Closed HPV worker thread for 5.hpv
Wed Dec  6 15:38:25 2017
[verbose]: Closed HPV worker thread for 6.hpv
Wed Dec  6 15:38:25 2017
[verbose]: Closed HPV worker thread for 7.hpv
Wed Dec  6 15:38:25 2017
[verbose]: Closed HPV worker thread for 8.hpv
Wed Dec  6 15:38:25 2017
[verbose]: Closed HPV worker thread for 9.hpv
Wed Dec  6 15:38:25 2017
[verbose]: Cleared all HPV Players
Wed Dec  6 15:38:25 2017
[verbose]: ~HPVPLayer
Wed Dec  6 15:38:25 2017
[verbose]: ~HPVPLayer
Wed Dec  6 15:38:25 2017
[verbose]: ~HPVPLayer
Wed Dec  6 15:38:25 2017
[verbose]: ~HPVPLayer
Wed Dec  6 15:38:25 2017
[verbose]: ~HPVPLayer
Wed Dec  6 15:38:25 2017
[verbose]: ~HPVPLayer
Wed Dec  6 15:38:25 2017
[verbose]: ~HPVPLayer
Wed Dec  6 15:38:25 2017
[verbose]: ~HPVPLayer
Wed Dec  6 15:38:25 2017
[verbose]: ~HPVPLayer
Wed Dec  6 15:38:25 2017
[verbose]: Deleted GPU resources
Wed Dec  6 15:38:35 2017
[verbose]: Loaded file '1.hpv' [dims: 3840x2160 | fps: 25 | frames: 2678 | type: DXT1 (no ALPHA) | version: 6]
Wed Dec  6 15:38:35 2017
[verbose]: Loaded file '2.hpv' [dims: 3840x2160 | fps: 25 | frames: 873 | type: DXT1 (no ALPHA) | version: 6]
Wed Dec  6 15:38:35 2017
[verbose]: Loaded file '3.hpv' [dims: 3840x2160 | fps: 25 | frames: 878 | type: DXT1 (no ALPHA) | version: 6]
Wed Dec  6 15:38:58 2017
[verbose]: Loaded file '4.hpv' [dims: 3840x2160 | fps: 25 | frames: 1770 | type: DXT1 (no ALPHA) | version: 6]
Wed Dec  6 15:39:06 2017
[verbose]: Loaded file '5.hpv' [dims: 3840x2160 | fps: 25 | frames: 2733 | type: DXT1 (no ALPHA) | version: 6]
Wed Dec  6 15:39:24 2017
[verbose]: Loaded file '6.hpv' [dims: 3840x2160 | fps: 25 | frames: 2071 | type: DXT1 (no ALPHA) | version: 6]
Wed Dec  6 15:39:53 2017
[verbose]: Loaded file '7.hpv' [dims: 3840x2160 | fps: 25 | frames: 2837 | type: DXT1 (no ALPHA) | version: 6]
Wed Dec  6 15:40:24 2017
[verbose]: Loaded file '8.hpv' [dims: 3840x2160 | fps: 25 | frames: 2419 | type: DXT1 (no ALPHA) | version: 6]
Wed Dec  6 15:40:58 2017
[verbose]: Loaded file '9.hpv' [dims: 3840x2160 | fps: 25 | frames: 4530 | type: DXT1 (no ALPHA) | version: 6]
Wed Dec  6 15:47:15 2017
[verbose]: Closed HPV worker thread for 1.hpv
Wed Dec  6 15:47:15 2017
[verbose]: Closed HPV worker thread for 2.hpv
Wed Dec  6 15:47:15 2017
[verbose]: Closed HPV worker thread for 3.hpv
Wed Dec  6 15:47:15 2017
[verbose]: Closed HPV worker thread for 4.hpv
Wed Dec  6 15:47:15 2017
[verbose]: Closed HPV worker thread for 5.hpv
Wed Dec  6 15:47:15 2017
[verbose]: Closed HPV worker thread for 6.hpv
Wed Dec  6 15:47:15 2017
[verbose]: Closed HPV worker thread for 7.hpv
Wed Dec  6 15:47:15 2017
[verbose]: Closed HPV worker thread for 8.hpv
Wed Dec  6 15:47:15 2017
[verbose]: Closed HPV worker thread for 9.hpv
Wed Dec  6 15:47:15 2017
[verbose]: Cleared all HPV Players
Wed Dec  6 15:47:15 2017
[verbose]: ~HPVPLayer
Wed Dec  6 15:47:15 2017
[verbose]: ~HPVPLayer
Wed Dec  6 15:47:15 2017
[verbose]: ~HPVPLayer
Wed Dec  6 15:47:15 2017
[verbose]: ~HPVPLayer
Wed Dec  6 15:47:15 2017
[verbose]: ~HPVPLayer
Wed Dec  6 15:47:15 2017
[verbose]: ~HPVPLayer
Wed Dec  6 15:47:15 2017
[verbose]: ~HPVPLayer
Wed Dec  6 15:47:15 2017
[verbose]: ~HPVPLayer
Wed Dec  6 15:47:15 2017
[verbose]: ~HPVPLayer
Wed Dec  6 15:47:15 2017
[verbose]: Deleted GPU resources
Wed Dec  6 19:07:50 2017
[verbose]: OnGraphicsDeviceEvent(Shutdown)
Wed Dec  6 19:07:53 2017
[verbose]: ~RenderBridge
Wed Dec  6 19:07:53 2017
[verbose]: ~HPVMAnager
Wed Dec  6 19:07:53 2017
[verbose]: Closing log
Wed Dec  6 20:12:35 2017
[verbose]: 
OnGraphicsDeviceEvent(Initialize)
Wed Dec  6 20:12:35 2017
[verbose]: D3D11 init was succesful
Wed Dec  6 20:12:35 2017
[verbose]: Loaded file '1.hpv' [dims: 3840x2160 | fps: 25 | frames: 2678 | type: DXT1 (no ALPHA) | version: 6]
Wed Dec  6 20:12:35 2017
[verbose]: Loaded file '2.hpv' [dims: 3840x2160 | fps: 25 | frames: 873 | type: DXT1 (no ALPHA) | version: 6]
Wed Dec  6 20:12:35 2017
[verbose]: Loaded file '3.hpv' [dims: 3840x2160 | fps: 25 | frames: 878 | type: DXT1 (no ALPHA) | version: 6]
Wed Dec  6 20:13:05 2017
[verbose]: Closed HPV worker thread for 1.hpv
Wed Dec  6 20:13:05 2017
[verbose]: Closed HPV worker thread for 2.hpv
Wed Dec  6 20:13:05 2017
[verbose]: Closed HPV worker thread for 3.hpv
Wed Dec  6 20:13:05 2017
[verbose]: ~HPVPLayer
Wed Dec  6 20:13:05 2017
[verbose]: ~HPVPLayer
Wed Dec  6 20:13:05 2017
[verbose]: ~HPVPLayer
Wed Dec  6 20:13:05 2017
[verbose]: Cleared all HPV Players
Wed Dec  6 20:13:05 2017
[verbose]: Deleted GPU resources
Wed Dec  6 20:13:35 2017
[verbose]: Loaded file '1.hpv' [dims: 3840x2160 | fps: 25 | frames: 2678 | type: DXT1 (no ALPHA) | version: 6]
Wed Dec  6 20:13:35 2017
[verbose]: Loaded file '2.hpv' [dims: 3840x2160 | fps: 25 | frames: 873 | type: DXT1 (no ALPHA) | version: 6]
Wed Dec  6 20:13:35 2017
[verbose]: Loaded file '3.hpv' [dims: 3840x2160 | fps: 25 | frames: 878 | type: DXT1 (no ALPHA) | version: 6]
Wed Dec  6 20:18:26 2017
[verbose]: Closed HPV worker thread for 1.hpv
Wed Dec  6 20:18:26 2017
[verbose]: Closed HPV worker thread for 2.hpv
Wed Dec  6 20:18:26 2017
[verbose]: Closed HPV worker thread for 3.hpv
Wed Dec  6 20:18:26 2017
[verbose]: ~HPVPLayer
Wed Dec  6 20:18:26 2017
[verbose]: ~HPVPLayer
Wed Dec  6 20:18:26 2017
[verbose]: ~HPVPLayer
Wed Dec  6 20:18:26 2017
[verbose]: Cleared all HPV Players
Wed Dec  6 20:18:26 2017
[verbose]: Deleted GPU resources
Wed Dec  6 20:18:31 2017
[verbose]: Loaded file '1.hpv' [dims: 3840x2160 | fps: 25 | frames: 2678 | type: DXT1 (no ALPHA) | version: 6]
Wed Dec  6 20:18:31 2017
[verbose]: Loaded file '2.hpv' [dims: 3840x2160 | fps: 25 | frames: 873 | type: DXT1 (no ALPHA) | version: 6]
Wed Dec  6 20:18:31 2017
[verbose]: Loaded file '3.hpv' [dims: 3840x2160 | fps: 25 | frames: 878 | type: DXT1 (no ALPHA) | version: 6]
Wed Dec  6 20:19:04 2017
[verbose]: Closed HPV worker thread for 1.hpv
Wed Dec  6 20:19:04 2017
[verbose]: Closed HPV worker thread for 2.hpv
Wed Dec  6 20:19:04 2017
[verbose]: Closed HPV worker thread for 3.hpv
Wed Dec  6 20:19:04 2017
[verbose]: ~HPVPLayer
Wed Dec  6 20:19:04 2017
[verbose]: ~HPVPLayer
Wed Dec  6 20:19:04 2017
[verbose]: ~HPVPLayer
Wed Dec  6 20:19:04 2017
[verbose]: Cleared all HPV Players
Wed Dec  6 20:19:04 2017
[verbose]: Deleted GPU resources
Wed Dec  6 20:19:55 2017
[verbose]: Loaded file '1.hpv' [dims: 3840x2160 | fps: 25 | frames: 2678 | type: DXT1 (no ALPHA) | version: 6]
Wed Dec  6 20:19:55 2017
[verbose]: Loaded file '2.hpv' [dims: 3840x2160 | fps: 25 | frames: 873 | type: DXT1 (no ALPHA) | version: 6]
Wed Dec  6 20:19:55 2017
[verbose]: Loaded file '3.hpv' [dims: 3840x2160 | fps: 25 | frames: 878 | type: DXT1 (no ALPHA) | version: 6]
Wed Dec  6 20:20:37 2017
[verbose]: Closed HPV worker thread for 1.hpv
Wed Dec  6 20:20:37 2017
[verbose]: Closed HPV worker thread for 2.hpv
Wed Dec  6 20:20:37 2017
[verbose]: Closed HPV worker thread for 3.hpv
Wed Dec  6 20:20:37 2017
[verbose]: ~HPVPLayer
Wed Dec  6 20:20:37 2017
[verbose]: ~HPVPLayer
Wed Dec  6 20:20:37 2017
[verbose]: ~HPVPLayer
Wed Dec  6 20:20:37 2017
[verbose]: Cleared all HPV Players
Wed Dec  6 20:20:37 2017
[verbose]: Deleted GPU resources
Wed Dec  6 20:21:22 2017
[verbose]: Loaded file '1.hpv' [dims: 3840x2160 | fps: 25 | frames: 2678 | type: DXT1 (no ALPHA) | version: 6]
Wed Dec  6 20:21:22 2017
[verbose]: Loaded file '2.hpv' [dims: 3840x2160 | fps: 25 | frames: 873 | type: DXT1 (no ALPHA) | version: 6]
Wed Dec  6 20:21:22 2017
[verbose]: Loaded file '3.hpv' [dims: 3840x2160 | fps: 25 | frames: 878 | type: DXT1 (no ALPHA) | version: 6]
Wed Dec  6 20:21:33 2017
[verbose]: Closed HPV worker thread for 1.hpv
Wed Dec  6 20:21:33 2017
[verbose]: Closed HPV worker thread for 2.hpv
Wed Dec  6 20:21:33 2017
[verbose]: Closed HPV worker thread for 3.hpv
Wed Dec  6 20:21:33 2017
[verbose]: Cleared all HPV Players
Wed Dec  6 20:21:33 2017
[verbose]: ~HPVPLayer
Wed Dec  6 20:21:33 2017
[verbose]: ~HPVPLayer
Wed Dec  6 20:21:33 2017
[verbose]: ~HPVPLayer
Wed Dec  6 20:21:33 2017
[verbose]: Deleted GPU resources
Wed Dec  6 20:23:34 2017
[verbose]: Loaded file '1.hpv' [dims: 3840x2160 | fps: 25 | frames: 2678 | type: DXT1 (no ALPHA) | version: 6]
Wed Dec  6 20:23:34 2017
[verbose]: Loaded file '2.hpv' [dims: 3840x2160 | fps: 25 | frames: 873 | type: DXT1 (no ALPHA) | version: 6]
Wed Dec  6 20:23:34 2017
[verbose]: Loaded file '3.hpv' [dims: 3840x2160 | fps: 25 | frames: 878 | type: DXT1 (no ALPHA) | version: 6]
Wed Dec  6 20:23:37 2017
[verbose]: Closed HPV worker thread for 1.hpv
Wed Dec  6 20:23:37 2017
[verbose]: Closed HPV worker thread for 2.hpv
Wed Dec  6 20:23:37 2017
[verbose]: Closed HPV worker thread for 3.hpv
Wed Dec  6 20:23:37 2017
[verbose]: ~HPVPLayer
Wed Dec  6 20:23:37 2017
[verbose]: ~HPVPLayer
Wed Dec  6 20:23:37 2017
[verbose]: ~HPVPLayer
Wed Dec  6 20:23:37 2017
[verbose]: Cleared all HPV Players
Wed Dec  6 20:23:37 2017
[verbose]: Deleted GPU resources
Wed Dec  6 20:26:09 2017
[verbose]: Loaded file '1.hpv' [dims: 3840x2160 | fps: 25 | frames: 2678 | type: DXT1 (no ALPHA) | version: 6]
Wed Dec  6 20:26:09 2017
[verbose]: Loaded file '2.hpv' [dims: 3840x2160 | fps: 25 | frames: 873 | type: DXT1 (no ALPHA) | version: 6]
Wed Dec  6 20:26:09 2017
[verbose]: Loaded file '3.hpv' [dims: 3840x2160 | fps: 25 | frames: 878 | type: DXT1 (no ALPHA) | version: 6]
Wed Dec  6 20:26:13 2017
[verbose]: Closed HPV worker thread for 1.hpv
Wed Dec  6 20:26:13 2017
[verbose]: Closed HPV worker thread for 2.hpv
Wed Dec  6 20:26:13 2017
[verbose]: Closed HPV worker thread for 3.hpv
Wed Dec  6 20:26:13 2017
[verbose]: ~HPVPLayer
Wed Dec  6 20:26:13 2017
[verbose]: ~HPVPLayer
Wed Dec  6 20:26:13 2017
[verbose]: ~HPVPLayer
Wed Dec  6 20:26:13 2017
[verbose]: Cleared all HPV Players
Wed Dec  6 20:26:13 2017
[verbose]: Deleted GPU resources
Wed Dec  6 20:29:05 2017
[verbose]: Loaded file '1.hpv' [dims: 3840x2160 | fps: 25 | frames: 2678 | type: DXT1 (no ALPHA) | version: 6]
Wed Dec  6 20:29:05 2017
[verbose]: Loaded file '2.hpv' [dims: 3840x2160 | fps: 25 | frames: 873 | type: DXT1 (no ALPHA) | version: 6]
Wed Dec  6 20:29:05 2017
[verbose]: Loaded file '3.hpv' [dims: 3840x2160 | fps: 25 | frames: 878 | type: DXT1 (no ALPHA) | version: 6]
Wed Dec  6 20:29:07 2017
[verbose]: Closed HPV worker thread for 1.hpv
Wed Dec  6 20:29:07 2017
[verbose]: Closed HPV worker thread for 2.hpv
Wed Dec  6 20:29:07 2017
[verbose]: Closed HPV worker thread for 3.hpv
Wed Dec  6 20:29:07 2017
[verbose]: ~HPVPLayer
Wed Dec  6 20:29:07 2017
[verbose]: ~HPVPLayer
Wed Dec  6 20:29:07 2017
[verbose]: ~HPVPLayer
Wed Dec  6 20:29:07 2017
[verbose]: Cleared all HPV Players
Wed Dec  6 20:29:07 2017
[verbose]: Deleted GPU resources
Wed Dec  6 20:29:38 2017
[verbose]: Loaded file '1.hpv' [dims: 3840x2160 | fps: 25 | frames: 2678 | type: DXT1 (no ALPHA) | version: 6]
Wed Dec  6 20:29:38 2017
[verbose]: Loaded file '2.hpv' [dims: 3840x2160 | fps: 25 | frames: 873 | type: DXT1 (no ALPHA) | version: 6]
Wed Dec  6 20:29:38 2017
[verbose]: Loaded file '3.hpv' [dims: 3840x2160 | fps: 25 | frames: 878 | type: DXT1 (no ALPHA) | version: 6]
Wed Dec  6 20:29:40 2017
[verbose]: Closed HPV worker thread for 1.hpv
Wed Dec  6 20:29:40 2017
[verbose]: Closed HPV worker thread for 2.hpv
Wed Dec  6 20:29:40 2017
[verbose]: Closed HPV worker thread for 3.hpv
Wed Dec  6 20:29:40 2017
[verbose]: ~HPVPLayer
Wed Dec  6 20:29:40 2017
[verbose]: ~HPVPLayer
Wed Dec  6 20:29:40 2017
[verbose]: ~HPVPLayer
Wed Dec  6 20:29:40 2017
[verbose]: Cleared all HPV Players
Wed Dec  6 20:29:40 2017
[verbose]: Deleted GPU resources
Wed Dec  6 20:30:18 2017
[verbose]: Loaded file '1.hpv' [dims: 3840x2160 | fps: 25 | frames: 2678 | type: DXT1 (no ALPHA) | version: 6]
Wed Dec  6 20:30:18 2017
[verbose]: Loaded file '2.hpv' [dims: 3840x2160 | fps: 25 | frames: 873 | type: DXT1 (no ALPHA) | version: 6]
Wed Dec  6 20:30:18 2017
[verbose]: Loaded file '3.hpv' [dims: 3840x2160 | fps: 25 | frames: 878 | type: DXT1 (no ALPHA) | version: 6]
Wed Dec  6 20:33:17 2017
[verbose]: Closed HPV worker thread for 1.hpv
Wed Dec  6 20:33:17 2017
[verbose]: Closed HPV worker thread for 2.hpv
Wed Dec  6 20:33:17 2017
[verbose]: Closed HPV worker thread for 3.hpv
Wed Dec  6 20:33:17 2017
[verbose]: ~HPVPLayer
Wed Dec  6 20:33:17 2017
[verbose]: ~HPVPLayer
Wed Dec  6 20:33:17 2017
[verbose]: ~HPVPLayer
Wed Dec  6 20:33:17 2017
[verbose]: Cleared all HPV Players
Wed Dec  6 20:33:17 2017
[verbose]: Deleted GPU resources
Wed Dec  6 20:33:19 2017
[verbose]: Loaded file '1.hpv' [dims: 3840x2160 | fps: 25 | frames: 2678 | type: DXT1 (no ALPHA) | version: 6]
Wed Dec  6 20:33:19 2017
[verbose]: Loaded file '2.hpv' [dims: 3840x2160 | fps: 25 | frames: 873 | type: DXT1 (no ALPHA) | version: 6]
Wed Dec  6 20:33:19 2017
[verbose]: Loaded file '3.hpv' [dims: 3840x2160 | fps: 25 | frames: 878 | type: DXT1 (no ALPHA) | version: 6]
Wed Dec  6 20:34:01 2017
[verbose]: Closed HPV worker thread for 1.hpv
Wed Dec  6 20:34:01 2017
[verbose]: Closed HPV worker thread for 2.hpv
Wed Dec  6 20:34:01 2017
[verbose]: Closed HPV worker thread for 3.hpv
Wed Dec  6 20:34:01 2017
[verbose]: Cleared all HPV Players
Wed Dec  6 20:34:01 2017
[verbose]: ~HPVPLayer
Wed Dec  6 20:34:01 2017
[verbose]: ~HPVPLayer
Wed Dec  6 20:34:01 2017
[verbose]: ~HPVPLayer
Wed Dec  6 20:34:01 2017
[verbose]: Deleted GPU resources
Wed Dec  6 20:34:04 2017
[verbose]: Loaded file '1.hpv' [dims: 3840x2160 | fps: 25 | frames: 2678 | type: DXT1 (no ALPHA) | version: 6]
Wed Dec  6 20:34:04 2017
[verbose]: Loaded file '2.hpv' [dims: 3840x2160 | fps: 25 | frames: 873 | type: DXT1 (no ALPHA) | version: 6]
Wed Dec  6 20:34:04 2017
[verbose]: Loaded file '3.hpv' [dims: 3840x2160 | fps: 25 | frames: 878 | type: DXT1 (no ALPHA) | version: 6]
Wed Dec  6 20:34:14 2017
[verbose]: Closed HPV worker thread for 1.hpv
Wed Dec  6 20:34:14 2017
[verbose]: Closed HPV worker thread for 2.hpv
Wed Dec  6 20:34:14 2017
[verbose]: Closed HPV worker thread for 3.hpv
Wed Dec  6 20:34:14 2017
[verbose]: Cleared all HPV Players
Wed Dec  6 20:34:14 2017
[verbose]: ~HPVPLayer
Wed Dec  6 20:34:14 2017
[verbose]: ~HPVPLayer
Wed Dec  6 20:34:14 2017
[verbose]: ~HPVPLayer
Wed Dec  6 20:34:14 2017
[verbose]: Deleted GPU resources
Wed Dec  6 20:41:22 2017
[verbose]: Loaded file '1.hpv' [dims: 3840x2160 | fps: 25 | frames: 2678 | type: DXT1 (no ALPHA) | version: 6]
Wed Dec  6 20:41:22 2017
[verbose]: Loaded file '2.hpv' [dims: 3840x2160 | fps: 25 | frames: 873 | type: DXT1 (no ALPHA) | version: 6]
Wed Dec  6 20:41:22 2017
[verbose]: Loaded file '3.hpv' [dims: 3840x2160 | fps: 25 | frames: 878 | type: DXT1 (no ALPHA) | version: 6]
Wed Dec  6 20:41:34 2017
[verbose]: Closed HPV worker thread for 1.hpv
Wed Dec  6 20:41:34 2017
[verbose]: Closed HPV worker thread for 2.hpv
Wed Dec  6 20:41:34 2017
[verbose]: Closed HPV worker thread for 3.hpv
Wed Dec  6 20:41:34 2017
[verbose]: Cleared all HPV Players
Wed Dec  6 20:41:34 2017
[verbose]: ~HPVPLayer
Wed Dec  6 20:41:34 2017
[verbose]: ~HPVPLayer
Wed Dec  6 20:41:34 2017
[verbose]: ~HPVPLayer
Wed Dec  6 20:41:34 2017
[verbose]: Deleted GPU resources
Wed Dec  6 20:42:32 2017
[verbose]: Loaded file '1.hpv' [dims: 3840x2160 | fps: 25 | frames: 2678 | type: DXT1 (no ALPHA) | version: 6]
Wed Dec  6 20:42:32 2017
[verbose]: Loaded file '2.hpv' [dims: 3840x2160 | fps: 25 | frames: 873 | type: DXT1 (no ALPHA) | version: 6]
Wed Dec  6 20:42:32 2017
[verbose]: Loaded file '3.hpv' [dims: 3840x2160 | fps: 25 | frames: 878 | type: DXT1 (no ALPHA) | version: 6]
Wed Dec  6 20:42:40 2017
[verbose]: Closed HPV worker thread for 1.hpv
Wed Dec  6 20:42:40 2017
[verbose]: Closed HPV worker thread for 2.hpv
Wed Dec  6 20:42:40 2017
[verbose]: Closed HPV worker thread for 3.hpv
Wed Dec  6 20:42:40 2017
[verbose]: Cleared all HPV Players
Wed Dec  6 20:42:40 2017
[verbose]: ~HPVPLayer
Wed Dec  6 20:42:40 2017
[verbose]: ~HPVPLayer
Wed Dec  6 20:42:40 2017
[verbose]: ~HPVPLayer
Wed Dec  6 20:42:40 2017
[verbose]: Deleted GPU resources
Wed Dec  6 20:51:40 2017
[verbose]: Loaded file '1.hpv' [dims: 3840x2160 | fps: 25 | frames: 2678 | type: DXT1 (no ALPHA) | version: 6]
Wed Dec  6 20:51:40 2017
[verbose]: Loaded file '2.hpv' [dims: 3840x2160 | fps: 25 | frames: 873 | type: DXT1 (no ALPHA) | version: 6]
Wed Dec  6 20:51:40 2017
[verbose]: Loaded file '3.hpv' [dims: 3840x2160 | fps: 25 | frames: 878 | type: DXT1 (no ALPHA) | version: 6]
Wed Dec  6 20:52:09 2017
[verbose]: Closed HPV worker thread for 1.hpv
Wed Dec  6 20:52:09 2017
[verbose]: Closed HPV worker thread for 2.hpv
Wed Dec  6 20:52:09 2017
[verbose]: Closed HPV worker thread for 3.hpv
Wed Dec  6 20:52:09 2017
[verbose]: Cleared all HPV Players
Wed Dec  6 20:52:09 2017
[verbose]: ~HPVPLayer
Wed Dec  6 20:52:09 2017
[verbose]: ~HPVPLayer
Wed Dec  6 20:52:09 2017
[verbose]: ~HPVPLayer
Wed Dec  6 20:52:09 2017
[verbose]: Deleted GPU resources
