Tue Dec  5 09:42:56 2017
[verbose]: 
OnGraphicsDeviceEvent(Initialize)
Tue Dec  5 09:42:56 2017
[verbose]: D3D11 init was succesful
Tue Dec  5 09:42:56 2017
[verbose]: Loaded file '1.hpv' [dims: 3840x2160 | fps: 25 | frames: 2678 | type: DXT1 (no ALPHA) | version: 6]
Tue Dec  5 09:42:56 2017
[verbose]: Loaded file '2.hpv' [dims: 3840x2160 | fps: 25 | frames: 873 | type: DXT1 (no ALPHA) | version: 6]
Tue Dec  5 09:42:56 2017
[verbose]: Loaded file '3.hpv' [dims: 3840x2160 | fps: 25 | frames: 878 | type: DXT1 (no ALPHA) | version: 6]
Tue Dec  5 09:43:11 2017
[verbose]: Closed HPV worker thread for 1.hpv
Tue Dec  5 09:43:11 2017
[verbose]: Closed HPV worker thread for 2.hpv
Tue Dec  5 09:43:11 2017
[verbose]: Closed HPV worker thread for 3.hpv
Tue Dec  5 09:43:11 2017
[verbose]: Cleared all HPV Players
Tue Dec  5 09:43:11 2017
[verbose]: ~HPVPLayer
Tue Dec  5 09:43:11 2017
[verbose]: ~HPVPLayer
Tue Dec  5 09:43:11 2017
[verbose]: ~HPVPLayer
Tue Dec  5 09:43:11 2017
[verbose]: Deleted GPU resources
Tue Dec  5 09:43:13 2017
[verbose]: Loaded file '1.hpv' [dims: 3840x2160 | fps: 25 | frames: 2678 | type: DXT1 (no ALPHA) | version: 6]
Tue Dec  5 09:43:13 2017
[verbose]: Loaded file '2.hpv' [dims: 3840x2160 | fps: 25 | frames: 873 | type: DXT1 (no ALPHA) | version: 6]
Tue Dec  5 09:43:13 2017
[verbose]: Loaded file '3.hpv' [dims: 3840x2160 | fps: 25 | frames: 878 | type: DXT1 (no ALPHA) | version: 6]
Tue Dec  5 09:43:36 2017
[verbose]: Closed HPV worker thread for 1.hpv
Tue Dec  5 09:43:36 2017
[verbose]: Closed HPV worker thread for 2.hpv
Tue Dec  5 09:43:36 2017
[verbose]: Closed HPV worker thread for 3.hpv
Tue Dec  5 09:43:36 2017
[verbose]: Cleared all HPV Players
Tue Dec  5 09:43:36 2017
[verbose]: ~HPVPLayer
Tue Dec  5 09:43:36 2017
[verbose]: ~HPVPLayer
Tue Dec  5 09:43:36 2017
[verbose]: ~HPVPLayer
Tue Dec  5 09:43:36 2017
[verbose]: Deleted GPU resources
Tue Dec  5 09:43:38 2017
[verbose]: Loaded file '1.hpv' [dims: 3840x2160 | fps: 25 | frames: 2678 | type: DXT1 (no ALPHA) | version: 6]
Tue Dec  5 09:43:38 2017
[verbose]: Loaded file '2.hpv' [dims: 3840x2160 | fps: 25 | frames: 873 | type: DXT1 (no ALPHA) | version: 6]
Tue Dec  5 09:43:38 2017
[verbose]: Loaded file '3.hpv' [dims: 3840x2160 | fps: 25 | frames: 878 | type: DXT1 (no ALPHA) | version: 6]
Tue Dec  5 09:46:10 2017
[verbose]: Loaded file '4.hpv' [dims: 3840x2160 | fps: 25 | frames: 1770 | type: DXT1 (no ALPHA) | version: 6]
Tue Dec  5 09:46:38 2017
[verbose]: Loaded file '5.hpv' [dims: 3840x2160 | fps: 25 | frames: 2733 | type: DXT1 (no ALPHA) | version: 6]
Tue Dec  5 09:46:38 2017
[verbose]: Loaded file '6.hpv' [dims: 3840x2160 | fps: 25 | frames: 2071 | type: DXT1 (no ALPHA) | version: 6]
Tue Dec  5 09:50:20 2017
[verbose]: Closed HPV worker thread for 1.hpv
Tue Dec  5 09:50:20 2017
[verbose]: Closed HPV worker thread for 2.hpv
Tue Dec  5 09:50:20 2017
[verbose]: Closed HPV worker thread for 3.hpv
Tue Dec  5 09:50:20 2017
[verbose]: Closed HPV worker thread for 4.hpv
Tue Dec  5 09:50:20 2017
[verbose]: Closed HPV worker thread for 5.hpv
Tue Dec  5 09:50:20 2017
[verbose]: Closed HPV worker thread for 6.hpv
Tue Dec  5 09:50:20 2017
[verbose]: Cleared all HPV Players
Tue Dec  5 09:50:20 2017
[verbose]: ~HPVPLayer
Tue Dec  5 09:50:20 2017
[verbose]: ~HPVPLayer
Tue Dec  5 09:50:20 2017
[verbose]: ~HPVPLayer
Tue Dec  5 09:50:20 2017
[verbose]: ~HPVPLayer
Tue Dec  5 09:50:20 2017
[verbose]: ~HPVPLayer
Tue Dec  5 09:50:20 2017
[verbose]: ~HPVPLayer
Tue Dec  5 09:50:20 2017
[verbose]: Deleted GPU resources
Tue Dec  5 09:52:13 2017
[verbose]: Loaded file '1.hpv' [dims: 3840x2160 | fps: 25 | frames: 2678 | type: DXT1 (no ALPHA) | version: 6]
Tue Dec  5 09:52:13 2017
[verbose]: Loaded file '2.hpv' [dims: 3840x2160 | fps: 25 | frames: 873 | type: DXT1 (no ALPHA) | version: 6]
Tue Dec  5 09:52:13 2017
[verbose]: Loaded file '3.hpv' [dims: 3840x2160 | fps: 25 | frames: 878 | type: DXT1 (no ALPHA) | version: 6]
Tue Dec  5 09:52:35 2017
[verbose]: Loaded file '4.hpv' [dims: 3840x2160 | fps: 25 | frames: 1770 | type: DXT1 (no ALPHA) | version: 6]
Tue Dec  5 09:53:31 2017
[verbose]: Loaded file '5.hpv' [dims: 3840x2160 | fps: 25 | frames: 2733 | type: DXT1 (no ALPHA) | version: 6]
Tue Dec  5 09:53:31 2017
[verbose]: Loaded file '6.hpv' [dims: 3840x2160 | fps: 25 | frames: 2071 | type: DXT1 (no ALPHA) | version: 6]
Tue Dec  5 09:53:49 2017
[verbose]: Closed HPV worker thread for 1.hpv
Tue Dec  5 09:53:49 2017
[verbose]: Closed HPV worker thread for 2.hpv
Tue Dec  5 09:53:49 2017
[verbose]: Closed HPV worker thread for 3.hpv
Tue Dec  5 09:53:49 2017
[verbose]: Closed HPV worker thread for 4.hpv
Tue Dec  5 09:53:49 2017
[verbose]: Closed HPV worker thread for 5.hpv
Tue Dec  5 09:53:49 2017
[verbose]: Closed HPV worker thread for 6.hpv
Tue Dec  5 09:53:49 2017
[verbose]: Cleared all HPV Players
Tue Dec  5 09:53:49 2017
[verbose]: ~HPVPLayer
Tue Dec  5 09:53:49 2017
[verbose]: ~HPVPLayer
Tue Dec  5 09:53:49 2017
[verbose]: ~HPVPLayer
Tue Dec  5 09:53:49 2017
[verbose]: ~HPVPLayer
Tue Dec  5 09:53:49 2017
[verbose]: ~HPVPLayer
Tue Dec  5 09:53:49 2017
[verbose]: ~HPVPLayer
Tue Dec  5 09:53:49 2017
[verbose]: Deleted GPU resources
Tue Dec  5 09:54:14 2017
[verbose]: Loaded file '1.hpv' [dims: 3840x2160 | fps: 25 | frames: 2678 | type: DXT1 (no ALPHA) | version: 6]
Tue Dec  5 09:54:14 2017
[verbose]: Loaded file '2.hpv' [dims: 3840x2160 | fps: 25 | frames: 873 | type: DXT1 (no ALPHA) | version: 6]
Tue Dec  5 09:54:14 2017
[verbose]: Loaded file '3.hpv' [dims: 3840x2160 | fps: 25 | frames: 878 | type: DXT1 (no ALPHA) | version: 6]
Tue Dec  5 09:54:36 2017
[verbose]: Loaded file '4.hpv' [dims: 3840x2160 | fps: 25 | frames: 1770 | type: DXT1 (no ALPHA) | version: 6]
Tue Dec  5 09:54:47 2017
[verbose]: Loaded file '5.hpv' [dims: 3840x2160 | fps: 25 | frames: 2733 | type: DXT1 (no ALPHA) | version: 6]
Tue Dec  5 09:54:47 2017
[verbose]: Loaded file '6.hpv' [dims: 3840x2160 | fps: 25 | frames: 2071 | type: DXT1 (no ALPHA) | version: 6]
Tue Dec  5 09:55:29 2017
[verbose]: Closed HPV worker thread for 1.hpv
Tue Dec  5 09:55:29 2017
[verbose]: Closed HPV worker thread for 2.hpv
Tue Dec  5 09:55:29 2017
[verbose]: Closed HPV worker thread for 3.hpv
Tue Dec  5 09:55:29 2017
[verbose]: Closed HPV worker thread for 4.hpv
Tue Dec  5 09:55:29 2017
[verbose]: Closed HPV worker thread for 5.hpv
Tue Dec  5 09:55:29 2017
[verbose]: Closed HPV worker thread for 6.hpv
Tue Dec  5 09:55:29 2017
[verbose]: Cleared all HPV Players
Tue Dec  5 09:55:29 2017
[verbose]: ~HPVPLayer
Tue Dec  5 09:55:29 2017
[verbose]: ~HPVPLayer
Tue Dec  5 09:55:29 2017
[verbose]: ~HPVPLayer
Tue Dec  5 09:55:29 2017
[verbose]: ~HPVPLayer
Tue Dec  5 09:55:29 2017
[verbose]: ~HPVPLayer
Tue Dec  5 09:55:29 2017
[verbose]: ~HPVPLayer
Tue Dec  5 09:55:29 2017
[verbose]: Deleted GPU resources
Tue Dec  5 09:55:36 2017
[verbose]: Loaded file '1.hpv' [dims: 3840x2160 | fps: 25 | frames: 2678 | type: DXT1 (no ALPHA) | version: 6]
Tue Dec  5 09:55:36 2017
[verbose]: Loaded file '2.hpv' [dims: 3840x2160 | fps: 25 | frames: 873 | type: DXT1 (no ALPHA) | version: 6]
Tue Dec  5 09:55:36 2017
[verbose]: Loaded file '3.hpv' [dims: 3840x2160 | fps: 25 | frames: 878 | type: DXT1 (no ALPHA) | version: 6]
Tue Dec  5 09:55:49 2017
[verbose]: Loaded file '4.hpv' [dims: 3840x2160 | fps: 25 | frames: 1770 | type: DXT1 (no ALPHA) | version: 6]
Tue Dec  5 09:55:59 2017
[verbose]: Loaded file '5.hpv' [dims: 3840x2160 | fps: 25 | frames: 2733 | type: DXT1 (no ALPHA) | version: 6]
Tue Dec  5 09:57:40 2017
[verbose]: Closed HPV worker thread for 1.hpv
Tue Dec  5 09:57:40 2017
[verbose]: Closed HPV worker thread for 2.hpv
Tue Dec  5 09:57:40 2017
[verbose]: Closed HPV worker thread for 3.hpv
Tue Dec  5 09:57:40 2017
[verbose]: Closed HPV worker thread for 4.hpv
Tue Dec  5 09:57:40 2017
[verbose]: Closed HPV worker thread for 5.hpv
Tue Dec  5 09:57:40 2017
[verbose]: Cleared all HPV Players
Tue Dec  5 09:57:40 2017
[verbose]: ~HPVPLayer
Tue Dec  5 09:57:40 2017
[verbose]: ~HPVPLayer
Tue Dec  5 09:57:40 2017
[verbose]: ~HPVPLayer
Tue Dec  5 09:57:40 2017
[verbose]: ~HPVPLayer
Tue Dec  5 09:57:40 2017
[verbose]: ~HPVPLayer
Tue Dec  5 09:57:40 2017
[verbose]: Deleted GPU resources
Tue Dec  5 10:00:15 2017
[verbose]: Loaded file '1.hpv' [dims: 3840x2160 | fps: 25 | frames: 2678 | type: DXT1 (no ALPHA) | version: 6]
Tue Dec  5 10:00:15 2017
[verbose]: Loaded file '2.hpv' [dims: 3840x2160 | fps: 25 | frames: 873 | type: DXT1 (no ALPHA) | version: 6]
Tue Dec  5 10:00:15 2017
[verbose]: Loaded file '3.hpv' [dims: 3840x2160 | fps: 25 | frames: 878 | type: DXT1 (no ALPHA) | version: 6]
Tue Dec  5 10:02:12 2017
[verbose]: Loaded file '4.hpv' [dims: 3840x2160 | fps: 25 | frames: 1770 | type: DXT1 (no ALPHA) | version: 6]
Tue Dec  5 10:02:57 2017
[verbose]: Loaded file '5.hpv' [dims: 3840x2160 | fps: 25 | frames: 2733 | type: DXT1 (no ALPHA) | version: 6]
Tue Dec  5 10:24:03 2017
[verbose]: Closed HPV worker thread for 1.hpv
Tue Dec  5 10:24:03 2017
[verbose]: Closed HPV worker thread for 2.hpv
Tue Dec  5 10:24:03 2017
[verbose]: Closed HPV worker thread for 3.hpv
Tue Dec  5 10:24:03 2017
[verbose]: Closed HPV worker thread for 4.hpv
Tue Dec  5 10:24:03 2017
[verbose]: Closed HPV worker thread for 5.hpv
Tue Dec  5 10:24:03 2017
[verbose]: Cleared all HPV Players
Tue Dec  5 10:24:03 2017
[verbose]: ~HPVPLayer
Tue Dec  5 10:24:03 2017
[verbose]: ~HPVPLayer
Tue Dec  5 10:24:03 2017
[verbose]: ~HPVPLayer
Tue Dec  5 10:24:03 2017
[verbose]: ~HPVPLayer
Tue Dec  5 10:24:03 2017
[verbose]: ~HPVPLayer
Tue Dec  5 10:24:03 2017
[verbose]: Deleted GPU resources
Tue Dec  5 10:24:08 2017
[verbose]: Loaded file '1.hpv' [dims: 3840x2160 | fps: 25 | frames: 2678 | type: DXT1 (no ALPHA) | version: 6]
Tue Dec  5 10:24:08 2017
[verbose]: Loaded file '2.hpv' [dims: 3840x2160 | fps: 25 | frames: 873 | type: DXT1 (no ALPHA) | version: 6]
Tue Dec  5 10:24:08 2017
[verbose]: Loaded file '3.hpv' [dims: 3840x2160 | fps: 25 | frames: 878 | type: DXT1 (no ALPHA) | version: 6]
Tue Dec  5 10:24:21 2017
[verbose]: Loaded file '4.hpv' [dims: 3840x2160 | fps: 25 | frames: 1770 | type: DXT1 (no ALPHA) | version: 6]
Tue Dec  5 10:25:04 2017
[verbose]: Loaded file '5.hpv' [dims: 3840x2160 | fps: 25 | frames: 2733 | type: DXT1 (no ALPHA) | version: 6]
Tue Dec  5 10:27:38 2017
[verbose]: Closed HPV worker thread for 1.hpv
Tue Dec  5 10:27:38 2017
[verbose]: Closed HPV worker thread for 2.hpv
Tue Dec  5 10:27:38 2017
[verbose]: Closed HPV worker thread for 3.hpv
Tue Dec  5 10:27:39 2017
[verbose]: Closed HPV worker thread for 4.hpv
Tue Dec  5 10:27:39 2017
[verbose]: Closed HPV worker thread for 5.hpv
Tue Dec  5 10:27:39 2017
[verbose]: Cleared all HPV Players
Tue Dec  5 10:27:39 2017
[verbose]: ~HPVPLayer
Tue Dec  5 10:27:39 2017
[verbose]: ~HPVPLayer
Tue Dec  5 10:27:39 2017
[verbose]: ~HPVPLayer
Tue Dec  5 10:27:39 2017
[verbose]: ~HPVPLayer
Tue Dec  5 10:27:39 2017
[verbose]: ~HPVPLayer
Tue Dec  5 10:27:39 2017
[verbose]: Deleted GPU resources
Tue Dec  5 10:30:56 2017
[verbose]: Loaded file '1.hpv' [dims: 3840x2160 | fps: 25 | frames: 2678 | type: DXT1 (no ALPHA) | version: 6]
Tue Dec  5 10:30:56 2017
[verbose]: Loaded file '2.hpv' [dims: 3840x2160 | fps: 25 | frames: 873 | type: DXT1 (no ALPHA) | version: 6]
Tue Dec  5 10:30:56 2017
[verbose]: Loaded file '3.hpv' [dims: 3840x2160 | fps: 25 | frames: 878 | type: DXT1 (no ALPHA) | version: 6]
Tue Dec  5 10:31:10 2017
[verbose]: Loaded file '4.hpv' [dims: 3840x2160 | fps: 25 | frames: 1770 | type: DXT1 (no ALPHA) | version: 6]
Tue Dec  5 10:31:13 2017
[verbose]: Loaded file '5.hpv' [dims: 3840x2160 | fps: 25 | frames: 2733 | type: DXT1 (no ALPHA) | version: 6]
Tue Dec  5 10:32:09 2017
[verbose]: Closed HPV worker thread for 1.hpv
Tue Dec  5 10:32:09 2017
[verbose]: Closed HPV worker thread for 2.hpv
Tue Dec  5 10:32:09 2017
[verbose]: Closed HPV worker thread for 3.hpv
Tue Dec  5 10:32:09 2017
[verbose]: Closed HPV worker thread for 4.hpv
Tue Dec  5 10:32:09 2017
[verbose]: Closed HPV worker thread for 5.hpv
Tue Dec  5 10:32:09 2017
[verbose]: Cleared all HPV Players
Tue Dec  5 10:32:09 2017
[verbose]: ~HPVPLayer
Tue Dec  5 10:32:09 2017
[verbose]: ~HPVPLayer
Tue Dec  5 10:32:09 2017
[verbose]: ~HPVPLayer
Tue Dec  5 10:32:09 2017
[verbose]: ~HPVPLayer
Tue Dec  5 10:32:09 2017
[verbose]: ~HPVPLayer
Tue Dec  5 10:32:09 2017
[verbose]: Deleted GPU resources
Tue Dec  5 10:32:11 2017
[verbose]: Loaded file '1.hpv' [dims: 3840x2160 | fps: 25 | frames: 2678 | type: DXT1 (no ALPHA) | version: 6]
Tue Dec  5 10:32:11 2017
[verbose]: Loaded file '2.hpv' [dims: 3840x2160 | fps: 25 | frames: 873 | type: DXT1 (no ALPHA) | version: 6]
Tue Dec  5 10:32:11 2017
[verbose]: Loaded file '3.hpv' [dims: 3840x2160 | fps: 25 | frames: 878 | type: DXT1 (no ALPHA) | version: 6]
Tue Dec  5 10:32:18 2017
[verbose]: Loaded file '4.hpv' [dims: 3840x2160 | fps: 25 | frames: 1770 | type: DXT1 (no ALPHA) | version: 6]
Tue Dec  5 10:32:36 2017
[verbose]: Loaded file '5.hpv' [dims: 3840x2160 | fps: 25 | frames: 2733 | type: DXT1 (no ALPHA) | version: 6]
Tue Dec  5 10:32:58 2017
[verbose]: Closed HPV worker thread for 1.hpv
Tue Dec  5 10:32:58 2017
[verbose]: Closed HPV worker thread for 2.hpv
Tue Dec  5 10:32:58 2017
[verbose]: Closed HPV worker thread for 3.hpv
Tue Dec  5 10:32:58 2017
[verbose]: Closed HPV worker thread for 4.hpv
Tue Dec  5 10:32:58 2017
[verbose]: Closed HPV worker thread for 5.hpv
Tue Dec  5 10:32:58 2017
[verbose]: Cleared all HPV Players
Tue Dec  5 10:32:58 2017
[verbose]: ~HPVPLayer
Tue Dec  5 10:32:58 2017
[verbose]: ~HPVPLayer
Tue Dec  5 10:32:58 2017
[verbose]: ~HPVPLayer
Tue Dec  5 10:32:58 2017
[verbose]: ~HPVPLayer
Tue Dec  5 10:32:58 2017
[verbose]: ~HPVPLayer
Tue Dec  5 10:32:58 2017
[verbose]: Deleted GPU resources
Tue Dec  5 10:35:01 2017
[verbose]: Loaded file '1.hpv' [dims: 3840x2160 | fps: 25 | frames: 2678 | type: DXT1 (no ALPHA) | version: 6]
Tue Dec  5 10:35:01 2017
[verbose]: Loaded file '2.hpv' [dims: 3840x2160 | fps: 25 | frames: 873 | type: DXT1 (no ALPHA) | version: 6]
Tue Dec  5 10:35:01 2017
[verbose]: Loaded file '3.hpv' [dims: 3840x2160 | fps: 25 | frames: 878 | type: DXT1 (no ALPHA) | version: 6]
Tue Dec  5 10:35:18 2017
[verbose]: Loaded file '4.hpv' [dims: 3840x2160 | fps: 25 | frames: 1770 | type: DXT1 (no ALPHA) | version: 6]
Tue Dec  5 10:35:21 2017
[verbose]: Loaded file '5.hpv' [dims: 3840x2160 | fps: 25 | frames: 2733 | type: DXT1 (no ALPHA) | version: 6]
Tue Dec  5 10:37:01 2017
[verbose]: Closed HPV worker thread for 1.hpv
Tue Dec  5 10:37:01 2017
[verbose]: Closed HPV worker thread for 2.hpv
Tue Dec  5 10:37:01 2017
[verbose]: Closed HPV worker thread for 3.hpv
Tue Dec  5 10:37:01 2017
[verbose]: Closed HPV worker thread for 4.hpv
Tue Dec  5 10:37:01 2017
[verbose]: Closed HPV worker thread for 5.hpv
Tue Dec  5 10:37:01 2017
[verbose]: Cleared all HPV Players
Tue Dec  5 10:37:01 2017
[verbose]: ~HPVPLayer
Tue Dec  5 10:37:01 2017
[verbose]: ~HPVPLayer
Tue Dec  5 10:37:01 2017
[verbose]: ~HPVPLayer
Tue Dec  5 10:37:01 2017
[verbose]: ~HPVPLayer
Tue Dec  5 10:37:01 2017
[verbose]: ~HPVPLayer
Tue Dec  5 10:37:01 2017
[verbose]: Deleted GPU resources
Tue Dec  5 10:37:28 2017
[verbose]: Loaded file '1.hpv' [dims: 3840x2160 | fps: 25 | frames: 2678 | type: DXT1 (no ALPHA) | version: 6]
Tue Dec  5 10:37:28 2017
[verbose]: Loaded file '2.hpv' [dims: 3840x2160 | fps: 25 | frames: 873 | type: DXT1 (no ALPHA) | version: 6]
Tue Dec  5 10:37:28 2017
[verbose]: Loaded file '3.hpv' [dims: 3840x2160 | fps: 25 | frames: 878 | type: DXT1 (no ALPHA) | version: 6]
Tue Dec  5 10:37:40 2017
[verbose]: Loaded file '4.hpv' [dims: 3840x2160 | fps: 25 | frames: 1770 | type: DXT1 (no ALPHA) | version: 6]
Tue Dec  5 10:37:43 2017
[verbose]: Loaded file '5.hpv' [dims: 3840x2160 | fps: 25 | frames: 2733 | type: DXT1 (no ALPHA) | version: 6]
Tue Dec  5 10:43:03 2017
[verbose]: Closed HPV worker thread for 1.hpv
Tue Dec  5 10:43:03 2017
[verbose]: Closed HPV worker thread for 2.hpv
Tue Dec  5 10:43:03 2017
[verbose]: Closed HPV worker thread for 3.hpv
Tue Dec  5 10:43:03 2017
[verbose]: Closed HPV worker thread for 4.hpv
Tue Dec  5 10:43:03 2017
[verbose]: Closed HPV worker thread for 5.hpv
Tue Dec  5 10:43:03 2017
[verbose]: Cleared all HPV Players
Tue Dec  5 10:43:03 2017
[verbose]: ~HPVPLayer
Tue Dec  5 10:43:03 2017
[verbose]: ~HPVPLayer
Tue Dec  5 10:43:03 2017
[verbose]: ~HPVPLayer
Tue Dec  5 10:43:03 2017
[verbose]: ~HPVPLayer
Tue Dec  5 10:43:03 2017
[verbose]: ~HPVPLayer
Tue Dec  5 10:43:03 2017
[verbose]: Deleted GPU resources
Tue Dec  5 10:43:08 2017
[verbose]: Loaded file '1.hpv' [dims: 3840x2160 | fps: 25 | frames: 2678 | type: DXT1 (no ALPHA) | version: 6]
Tue Dec  5 10:43:08 2017
[verbose]: Loaded file '2.hpv' [dims: 3840x2160 | fps: 25 | frames: 873 | type: DXT1 (no ALPHA) | version: 6]
Tue Dec  5 10:43:08 2017
[verbose]: Loaded file '3.hpv' [dims: 3840x2160 | fps: 25 | frames: 878 | type: DXT1 (no ALPHA) | version: 6]
Tue Dec  5 10:43:20 2017
[verbose]: Loaded file '4.hpv' [dims: 3840x2160 | fps: 25 | frames: 1770 | type: DXT1 (no ALPHA) | version: 6]
Tue Dec  5 10:43:25 2017
[verbose]: Loaded file '5.hpv' [dims: 3840x2160 | fps: 25 | frames: 2733 | type: DXT1 (no ALPHA) | version: 6]
Tue Dec  5 10:43:47 2017
[verbose]: Closed HPV worker thread for 1.hpv
Tue Dec  5 10:43:47 2017
[verbose]: Closed HPV worker thread for 2.hpv
Tue Dec  5 10:43:47 2017
[verbose]: Closed HPV worker thread for 3.hpv
Tue Dec  5 10:43:47 2017
[verbose]: Closed HPV worker thread for 4.hpv
Tue Dec  5 10:43:47 2017
[verbose]: Closed HPV worker thread for 5.hpv
Tue Dec  5 10:43:47 2017
[verbose]: Cleared all HPV Players
Tue Dec  5 10:43:47 2017
[verbose]: ~HPVPLayer
Tue Dec  5 10:43:47 2017
[verbose]: ~HPVPLayer
Tue Dec  5 10:43:47 2017
[verbose]: ~HPVPLayer
Tue Dec  5 10:43:47 2017
[verbose]: ~HPVPLayer
Tue Dec  5 10:43:47 2017
[verbose]: ~HPVPLayer
Tue Dec  5 10:43:47 2017
[verbose]: Deleted GPU resources
Tue Dec  5 10:43:57 2017
[verbose]: Loaded file '1.hpv' [dims: 3840x2160 | fps: 25 | frames: 2678 | type: DXT1 (no ALPHA) | version: 6]
Tue Dec  5 10:43:57 2017
[verbose]: Loaded file '2.hpv' [dims: 3840x2160 | fps: 25 | frames: 873 | type: DXT1 (no ALPHA) | version: 6]
Tue Dec  5 10:43:57 2017
[verbose]: Loaded file '3.hpv' [dims: 3840x2160 | fps: 25 | frames: 878 | type: DXT1 (no ALPHA) | version: 6]
Tue Dec  5 10:44:05 2017
[verbose]: Loaded file '4.hpv' [dims: 3840x2160 | fps: 25 | frames: 1770 | type: DXT1 (no ALPHA) | version: 6]
Tue Dec  5 10:44:07 2017
[verbose]: Loaded file '5.hpv' [dims: 3840x2160 | fps: 25 | frames: 2733 | type: DXT1 (no ALPHA) | version: 6]
Tue Dec  5 10:44:30 2017
[verbose]: Closed HPV worker thread for 1.hpv
Tue Dec  5 10:44:30 2017
[verbose]: Closed HPV worker thread for 2.hpv
Tue Dec  5 10:44:30 2017
[verbose]: Closed HPV worker thread for 3.hpv
Tue Dec  5 10:44:30 2017
[verbose]: Closed HPV worker thread for 4.hpv
Tue Dec  5 10:44:30 2017
[verbose]: Closed HPV worker thread for 5.hpv
Tue Dec  5 10:44:30 2017
[verbose]: Cleared all HPV Players
Tue Dec  5 10:44:30 2017
[verbose]: ~HPVPLayer
Tue Dec  5 10:44:30 2017
[verbose]: ~HPVPLayer
Tue Dec  5 10:44:30 2017
[verbose]: ~HPVPLayer
Tue Dec  5 10:44:30 2017
[verbose]: ~HPVPLayer
Tue Dec  5 10:44:30 2017
[verbose]: ~HPVPLayer
Tue Dec  5 10:44:30 2017
[verbose]: Deleted GPU resources
Tue Dec  5 10:44:40 2017
[verbose]: Loaded file '1.hpv' [dims: 3840x2160 | fps: 25 | frames: 2678 | type: DXT1 (no ALPHA) | version: 6]
Tue Dec  5 10:44:40 2017
[verbose]: Loaded file '2.hpv' [dims: 3840x2160 | fps: 25 | frames: 873 | type: DXT1 (no ALPHA) | version: 6]
Tue Dec  5 10:44:40 2017
[verbose]: Loaded file '3.hpv' [dims: 3840x2160 | fps: 25 | frames: 878 | type: DXT1 (no ALPHA) | version: 6]
Tue Dec  5 10:44:47 2017
[verbose]: Loaded file '4.hpv' [dims: 3840x2160 | fps: 25 | frames: 1770 | type: DXT1 (no ALPHA) | version: 6]
Tue Dec  5 10:44:49 2017
[verbose]: Loaded file '5.hpv' [dims: 3840x2160 | fps: 25 | frames: 2733 | type: DXT1 (no ALPHA) | version: 6]
Tue Dec  5 10:45:12 2017
[verbose]: Closed HPV worker thread for 1.hpv
Tue Dec  5 10:45:12 2017
[verbose]: Closed HPV worker thread for 2.hpv
Tue Dec  5 10:45:12 2017
[verbose]: Closed HPV worker thread for 3.hpv
Tue Dec  5 10:45:12 2017
[verbose]: Closed HPV worker thread for 4.hpv
Tue Dec  5 10:45:12 2017
[verbose]: Closed HPV worker thread for 5.hpv
Tue Dec  5 10:45:12 2017
[verbose]: Cleared all HPV Players
Tue Dec  5 10:45:12 2017
[verbose]: ~HPVPLayer
Tue Dec  5 10:45:12 2017
[verbose]: ~HPVPLayer
Tue Dec  5 10:45:12 2017
[verbose]: ~HPVPLayer
Tue Dec  5 10:45:12 2017
[verbose]: ~HPVPLayer
Tue Dec  5 10:45:12 2017
[verbose]: ~HPVPLayer
Tue Dec  5 10:45:12 2017
[verbose]: Deleted GPU resources
Tue Dec  5 10:45:28 2017
[verbose]: Loaded file '1.hpv' [dims: 3840x2160 | fps: 25 | frames: 2678 | type: DXT1 (no ALPHA) | version: 6]
Tue Dec  5 10:45:28 2017
[verbose]: Loaded file '2.hpv' [dims: 3840x2160 | fps: 25 | frames: 873 | type: DXT1 (no ALPHA) | version: 6]
Tue Dec  5 10:45:28 2017
[verbose]: Loaded file '3.hpv' [dims: 3840x2160 | fps: 25 | frames: 878 | type: DXT1 (no ALPHA) | version: 6]
Tue Dec  5 10:45:35 2017
[verbose]: Loaded file '4.hpv' [dims: 3840x2160 | fps: 25 | frames: 1770 | type: DXT1 (no ALPHA) | version: 6]
Tue Dec  5 10:45:37 2017
[verbose]: Loaded file '5.hpv' [dims: 3840x2160 | fps: 25 | frames: 2733 | type: DXT1 (no ALPHA) | version: 6]
Tue Dec  5 10:46:00 2017
[verbose]: Closed HPV worker thread for 1.hpv
Tue Dec  5 10:46:00 2017
[verbose]: Closed HPV worker thread for 2.hpv
Tue Dec  5 10:46:00 2017
[verbose]: Closed HPV worker thread for 3.hpv
Tue Dec  5 10:46:00 2017
[verbose]: Closed HPV worker thread for 4.hpv
Tue Dec  5 10:46:00 2017
[verbose]: Closed HPV worker thread for 5.hpv
Tue Dec  5 10:46:00 2017
[verbose]: Cleared all HPV Players
Tue Dec  5 10:46:00 2017
[verbose]: ~HPVPLayer
Tue Dec  5 10:46:00 2017
[verbose]: ~HPVPLayer
Tue Dec  5 10:46:00 2017
[verbose]: ~HPVPLayer
Tue Dec  5 10:46:00 2017
[verbose]: ~HPVPLayer
Tue Dec  5 10:46:00 2017
[verbose]: ~HPVPLayer
Tue Dec  5 10:46:00 2017
[verbose]: Deleted GPU resources
Tue Dec  5 10:46:10 2017
[verbose]: Loaded file '1.hpv' [dims: 3840x2160 | fps: 25 | frames: 2678 | type: DXT1 (no ALPHA) | version: 6]
Tue Dec  5 10:46:10 2017
[verbose]: Loaded file '2.hpv' [dims: 3840x2160 | fps: 25 | frames: 873 | type: DXT1 (no ALPHA) | version: 6]
Tue Dec  5 10:46:10 2017
[verbose]: Loaded file '3.hpv' [dims: 3840x2160 | fps: 25 | frames: 878 | type: DXT1 (no ALPHA) | version: 6]
Tue Dec  5 10:46:18 2017
[verbose]: Loaded file '4.hpv' [dims: 3840x2160 | fps: 25 | frames: 1770 | type: DXT1 (no ALPHA) | version: 6]
Tue Dec  5 10:46:20 2017
[verbose]: Loaded file '5.hpv' [dims: 3840x2160 | fps: 25 | frames: 2733 | type: DXT1 (no ALPHA) | version: 6]
Tue Dec  5 10:47:18 2017
[verbose]: Closed HPV worker thread for 1.hpv
Tue Dec  5 10:47:18 2017
[verbose]: Closed HPV worker thread for 2.hpv
Tue Dec  5 10:47:18 2017
[verbose]: Closed HPV worker thread for 3.hpv
Tue Dec  5 10:47:18 2017
[verbose]: Closed HPV worker thread for 4.hpv
Tue Dec  5 10:47:18 2017
[verbose]: Closed HPV worker thread for 5.hpv
Tue Dec  5 10:47:18 2017
[verbose]: Cleared all HPV Players
Tue Dec  5 10:47:18 2017
[verbose]: ~HPVPLayer
Tue Dec  5 10:47:18 2017
[verbose]: ~HPVPLayer
Tue Dec  5 10:47:18 2017
[verbose]: ~HPVPLayer
Tue Dec  5 10:47:18 2017
[verbose]: ~HPVPLayer
Tue Dec  5 10:47:18 2017
[verbose]: ~HPVPLayer
Tue Dec  5 10:47:18 2017
[verbose]: Deleted GPU resources
Tue Dec  5 10:47:28 2017
[verbose]: Loaded file '1.hpv' [dims: 3840x2160 | fps: 25 | frames: 2678 | type: DXT1 (no ALPHA) | version: 6]
Tue Dec  5 10:47:28 2017
[verbose]: Loaded file '2.hpv' [dims: 3840x2160 | fps: 25 | frames: 873 | type: DXT1 (no ALPHA) | version: 6]
Tue Dec  5 10:47:28 2017
[verbose]: Loaded file '3.hpv' [dims: 3840x2160 | fps: 25 | frames: 878 | type: DXT1 (no ALPHA) | version: 6]
Tue Dec  5 10:47:35 2017
[verbose]: Loaded file '4.hpv' [dims: 3840x2160 | fps: 25 | frames: 1770 | type: DXT1 (no ALPHA) | version: 6]
Tue Dec  5 10:47:38 2017
[verbose]: Loaded file '5.hpv' [dims: 3840x2160 | fps: 25 | frames: 2733 | type: DXT1 (no ALPHA) | version: 6]
Tue Dec  5 10:48:18 2017
[verbose]: Closed HPV worker thread for 1.hpv
Tue Dec  5 10:48:18 2017
[verbose]: Closed HPV worker thread for 2.hpv
Tue Dec  5 10:48:18 2017
[verbose]: Closed HPV worker thread for 3.hpv
Tue Dec  5 10:48:18 2017
[verbose]: Closed HPV worker thread for 4.hpv
Tue Dec  5 10:48:18 2017
[verbose]: Closed HPV worker thread for 5.hpv
Tue Dec  5 10:48:18 2017
[verbose]: Cleared all HPV Players
Tue Dec  5 10:48:18 2017
[verbose]: ~HPVPLayer
Tue Dec  5 10:48:18 2017
[verbose]: ~HPVPLayer
Tue Dec  5 10:48:18 2017
[verbose]: ~HPVPLayer
Tue Dec  5 10:48:18 2017
[verbose]: ~HPVPLayer
Tue Dec  5 10:48:18 2017
[verbose]: ~HPVPLayer
Tue Dec  5 10:48:18 2017
[verbose]: Deleted GPU resources
Tue Dec  5 10:52:36 2017
[verbose]: Loaded file '1.hpv' [dims: 3840x2160 | fps: 25 | frames: 2678 | type: DXT1 (no ALPHA) | version: 6]
Tue Dec  5 10:52:36 2017
[verbose]: Loaded file '2.hpv' [dims: 3840x2160 | fps: 25 | frames: 873 | type: DXT1 (no ALPHA) | version: 6]
Tue Dec  5 10:52:36 2017
[verbose]: Loaded file '3.hpv' [dims: 3840x2160 | fps: 25 | frames: 878 | type: DXT1 (no ALPHA) | version: 6]
Tue Dec  5 10:52:45 2017
[verbose]: Loaded file '4.hpv' [dims: 3840x2160 | fps: 25 | frames: 1770 | type: DXT1 (no ALPHA) | version: 6]
Tue Dec  5 10:52:50 2017
[verbose]: Loaded file '5.hpv' [dims: 3840x2160 | fps: 25 | frames: 2733 | type: DXT1 (no ALPHA) | version: 6]
Tue Dec  5 10:53:41 2017
[verbose]: Closed HPV worker thread for 1.hpv
Tue Dec  5 10:53:41 2017
[verbose]: Closed HPV worker thread for 2.hpv
Tue Dec  5 10:53:41 2017
[verbose]: Closed HPV worker thread for 3.hpv
Tue Dec  5 10:53:41 2017
[verbose]: Closed HPV worker thread for 4.hpv
Tue Dec  5 10:53:41 2017
[verbose]: Closed HPV worker thread for 5.hpv
Tue Dec  5 10:53:41 2017
[verbose]: Cleared all HPV Players
Tue Dec  5 10:53:41 2017
[verbose]: ~HPVPLayer
Tue Dec  5 10:53:41 2017
[verbose]: ~HPVPLayer
Tue Dec  5 10:53:41 2017
[verbose]: ~HPVPLayer
Tue Dec  5 10:53:41 2017
[verbose]: ~HPVPLayer
Tue Dec  5 10:53:41 2017
[verbose]: ~HPVPLayer
Tue Dec  5 10:53:41 2017
[verbose]: Deleted GPU resources
Tue Dec  5 10:53:44 2017
[verbose]: Loaded file '1.hpv' [dims: 3840x2160 | fps: 25 | frames: 2678 | type: DXT1 (no ALPHA) | version: 6]
Tue Dec  5 10:53:44 2017
[verbose]: Loaded file '2.hpv' [dims: 3840x2160 | fps: 25 | frames: 873 | type: DXT1 (no ALPHA) | version: 6]
Tue Dec  5 10:53:44 2017
[verbose]: Loaded file '3.hpv' [dims: 3840x2160 | fps: 25 | frames: 878 | type: DXT1 (no ALPHA) | version: 6]
Tue Dec  5 10:53:52 2017
[verbose]: Loaded file '4.hpv' [dims: 3840x2160 | fps: 25 | frames: 1770 | type: DXT1 (no ALPHA) | version: 6]
Tue Dec  5 10:53:55 2017
[verbose]: Loaded file '5.hpv' [dims: 3840x2160 | fps: 25 | frames: 2733 | type: DXT1 (no ALPHA) | version: 6]
Tue Dec  5 10:54:52 2017
[verbose]: Closed HPV worker thread for 1.hpv
Tue Dec  5 10:54:52 2017
[verbose]: Closed HPV worker thread for 2.hpv
Tue Dec  5 10:54:52 2017
[verbose]: Closed HPV worker thread for 3.hpv
Tue Dec  5 10:54:52 2017
[verbose]: Closed HPV worker thread for 4.hpv
Tue Dec  5 10:54:52 2017
[verbose]: Closed HPV worker thread for 5.hpv
Tue Dec  5 10:54:52 2017
[verbose]: Cleared all HPV Players
Tue Dec  5 10:54:52 2017
[verbose]: ~HPVPLayer
Tue Dec  5 10:54:52 2017
[verbose]: ~HPVPLayer
Tue Dec  5 10:54:52 2017
[verbose]: ~HPVPLayer
Tue Dec  5 10:54:52 2017
[verbose]: ~HPVPLayer
Tue Dec  5 10:54:52 2017
[verbose]: ~HPVPLayer
Tue Dec  5 10:54:52 2017
[verbose]: Deleted GPU resources
Tue Dec  5 10:54:55 2017
[verbose]: Loaded file '1.hpv' [dims: 3840x2160 | fps: 25 | frames: 2678 | type: DXT1 (no ALPHA) | version: 6]
Tue Dec  5 10:54:55 2017
[verbose]: Loaded file '2.hpv' [dims: 3840x2160 | fps: 25 | frames: 873 | type: DXT1 (no ALPHA) | version: 6]
Tue Dec  5 10:54:55 2017
[verbose]: Loaded file '3.hpv' [dims: 3840x2160 | fps: 25 | frames: 878 | type: DXT1 (no ALPHA) | version: 6]
Tue Dec  5 10:55:06 2017
[verbose]: Loaded file '4.hpv' [dims: 3840x2160 | fps: 25 | frames: 1770 | type: DXT1 (no ALPHA) | version: 6]
Tue Dec  5 10:55:07 2017
[verbose]: Loaded file '5.hpv' [dims: 3840x2160 | fps: 25 | frames: 2733 | type: DXT1 (no ALPHA) | version: 6]
Tue Dec  5 10:55:35 2017
[verbose]: Closed HPV worker thread for 1.hpv
Tue Dec  5 10:55:35 2017
[verbose]: Closed HPV worker thread for 2.hpv
Tue Dec  5 10:55:35 2017
[verbose]: Closed HPV worker thread for 3.hpv
Tue Dec  5 10:55:35 2017
[verbose]: Closed HPV worker thread for 4.hpv
Tue Dec  5 10:55:36 2017
[verbose]: Closed HPV worker thread for 5.hpv
Tue Dec  5 10:55:36 2017
[verbose]: Cleared all HPV Players
Tue Dec  5 10:55:36 2017
[verbose]: ~HPVPLayer
Tue Dec  5 10:55:36 2017
[verbose]: ~HPVPLayer
Tue Dec  5 10:55:36 2017
[verbose]: ~HPVPLayer
Tue Dec  5 10:55:36 2017
[verbose]: ~HPVPLayer
Tue Dec  5 10:55:36 2017
[verbose]: ~HPVPLayer
Tue Dec  5 10:55:36 2017
[verbose]: Deleted GPU resources
Tue Dec  5 10:59:16 2017
[verbose]: Loaded file '1.hpv' [dims: 3840x2160 | fps: 25 | frames: 2678 | type: DXT1 (no ALPHA) | version: 6]
Tue Dec  5 10:59:16 2017
[verbose]: Loaded file '2.hpv' [dims: 3840x2160 | fps: 25 | frames: 873 | type: DXT1 (no ALPHA) | version: 6]
Tue Dec  5 10:59:16 2017
[verbose]: Loaded file '3.hpv' [dims: 3840x2160 | fps: 25 | frames: 878 | type: DXT1 (no ALPHA) | version: 6]
Tue Dec  5 11:01:00 2017
[verbose]: Loaded file '4.hpv' [dims: 3840x2160 | fps: 25 | frames: 1770 | type: DXT1 (no ALPHA) | version: 6]
Tue Dec  5 11:01:15 2017
[verbose]: Loaded file '5.hpv' [dims: 3840x2160 | fps: 25 | frames: 2733 | type: DXT1 (no ALPHA) | version: 6]
Tue Dec  5 11:02:17 2017
[verbose]: Closed HPV worker thread for 1.hpv
Tue Dec  5 11:02:17 2017
[verbose]: Closed HPV worker thread for 2.hpv
Tue Dec  5 11:02:17 2017
[verbose]: Closed HPV worker thread for 3.hpv
Tue Dec  5 11:02:17 2017
[verbose]: Closed HPV worker thread for 4.hpv
Tue Dec  5 11:02:17 2017
[verbose]: Closed HPV worker thread for 5.hpv
Tue Dec  5 11:02:17 2017
[verbose]: Cleared all HPV Players
Tue Dec  5 11:02:17 2017
[verbose]: ~HPVPLayer
Tue Dec  5 11:02:17 2017
[verbose]: ~HPVPLayer
Tue Dec  5 11:02:17 2017
[verbose]: ~HPVPLayer
Tue Dec  5 11:02:17 2017
[verbose]: ~HPVPLayer
Tue Dec  5 11:02:17 2017
[verbose]: ~HPVPLayer
Tue Dec  5 11:02:17 2017
[verbose]: Deleted GPU resources
Tue Dec  5 11:10:56 2017
[verbose]: Loaded file '1.hpv' [dims: 3840x2160 | fps: 25 | frames: 2678 | type: DXT1 (no ALPHA) | version: 6]
Tue Dec  5 11:10:56 2017
[verbose]: Loaded file '2.hpv' [dims: 3840x2160 | fps: 25 | frames: 873 | type: DXT1 (no ALPHA) | version: 6]
Tue Dec  5 11:10:56 2017
[verbose]: Loaded file '3.hpv' [dims: 3840x2160 | fps: 25 | frames: 878 | type: DXT1 (no ALPHA) | version: 6]
Tue Dec  5 11:13:15 2017
[verbose]: Closed HPV worker thread for 1.hpv
Tue Dec  5 11:13:15 2017
[verbose]: Closed HPV worker thread for 2.hpv
Tue Dec  5 11:13:15 2017
[verbose]: Closed HPV worker thread for 3.hpv
Tue Dec  5 11:13:15 2017
[verbose]: Cleared all HPV Players
Tue Dec  5 11:13:15 2017
[verbose]: ~HPVPLayer
Tue Dec  5 11:13:15 2017
[verbose]: ~HPVPLayer
Tue Dec  5 11:13:15 2017
[verbose]: ~HPVPLayer
Tue Dec  5 11:13:15 2017
[verbose]: Deleted GPU resources
Tue Dec  5 11:14:07 2017
[verbose]: Loaded file '1.hpv' [dims: 3840x2160 | fps: 25 | frames: 2678 | type: DXT1 (no ALPHA) | version: 6]
Tue Dec  5 11:14:07 2017
[verbose]: Loaded file '2.hpv' [dims: 3840x2160 | fps: 25 | frames: 873 | type: DXT1 (no ALPHA) | version: 6]
Tue Dec  5 11:14:07 2017
[verbose]: Loaded file '3.hpv' [dims: 3840x2160 | fps: 25 | frames: 878 | type: DXT1 (no ALPHA) | version: 6]
Tue Dec  5 11:14:30 2017
[verbose]: Loaded file '4.hpv' [dims: 3840x2160 | fps: 25 | frames: 1770 | type: DXT1 (no ALPHA) | version: 6]
Tue Dec  5 11:14:36 2017
[verbose]: Loaded file '5.hpv' [dims: 3840x2160 | fps: 25 | frames: 2733 | type: DXT1 (no ALPHA) | version: 6]
Tue Dec  5 11:16:19 2017
[verbose]: Loaded file '8.hpv' [dims: 3840x2160 | fps: 25 | frames: 2419 | type: DXT1 (no ALPHA) | version: 6]
Tue Dec  5 11:16:19 2017
[verbose]: Loaded file '9.hpv' [dims: 3840x2160 | fps: 25 | frames: 4530 | type: DXT1 (no ALPHA) | version: 6]
Tue Dec  5 11:17:38 2017
[verbose]: Closed HPV worker thread for 1.hpv
Tue Dec  5 11:17:38 2017
[verbose]: Closed HPV worker thread for 2.hpv
Tue Dec  5 11:17:38 2017
[verbose]: Closed HPV worker thread for 3.hpv
Tue Dec  5 11:17:38 2017
[verbose]: Closed HPV worker thread for 4.hpv
Tue Dec  5 11:17:38 2017
[verbose]: Closed HPV worker thread for 5.hpv
Tue Dec  5 11:17:38 2017
[verbose]: Closed HPV worker thread for 8.hpv
Tue Dec  5 11:17:38 2017
[verbose]: Closed HPV worker thread for 9.hpv
Tue Dec  5 11:17:38 2017
[verbose]: Cleared all HPV Players
Tue Dec  5 11:17:38 2017
[verbose]: ~HPVPLayer
Tue Dec  5 11:17:38 2017
[verbose]: ~HPVPLayer
Tue Dec  5 11:17:38 2017
[verbose]: ~HPVPLayer
Tue Dec  5 11:17:38 2017
[verbose]: ~HPVPLayer
Tue Dec  5 11:17:38 2017
[verbose]: ~HPVPLayer
Tue Dec  5 11:17:38 2017
[verbose]: ~HPVPLayer
Tue Dec  5 11:17:38 2017
[verbose]: ~HPVPLayer
Tue Dec  5 11:17:38 2017
[verbose]: Deleted GPU resources
Tue Dec  5 11:31:40 2017
[verbose]: Loaded file '1.hpv' [dims: 3840x2160 | fps: 25 | frames: 2678 | type: DXT1 (no ALPHA) | version: 6]
Tue Dec  5 11:31:40 2017
[verbose]: Loaded file '2.hpv' [dims: 3840x2160 | fps: 25 | frames: 873 | type: DXT1 (no ALPHA) | version: 6]
Tue Dec  5 11:31:40 2017
[verbose]: Loaded file '3.hpv' [dims: 3840x2160 | fps: 25 | frames: 878 | type: DXT1 (no ALPHA) | version: 6]
Tue Dec  5 12:13:24 2017
[verbose]: Loaded file '4.hpv' [dims: 3840x2160 | fps: 25 | frames: 1770 | type: DXT1 (no ALPHA) | version: 6]
Tue Dec  5 12:41:56 2017
[verbose]: 
OnGraphicsDeviceEvent(Initialize)
Tue Dec  5 12:41:56 2017
[verbose]: D3D11 init was succesful
Tue Dec  5 12:41:56 2017
[verbose]: Loaded file '1.hpv' [dims: 3840x2160 | fps: 25 | frames: 2678 | type: DXT1 (no ALPHA) | version: 6]
Tue Dec  5 12:41:56 2017
[verbose]: Loaded file '2.hpv' [dims: 3840x2160 | fps: 25 | frames: 873 | type: DXT1 (no ALPHA) | version: 6]
Tue Dec  5 12:41:56 2017
[verbose]: Loaded file '3.hpv' [dims: 3840x2160 | fps: 25 | frames: 878 | type: DXT1 (no ALPHA) | version: 6]
Tue Dec  5 12:48:06 2017
[verbose]: Closed HPV worker thread for 1.hpv
Tue Dec  5 12:48:06 2017
[verbose]: Closed HPV worker thread for 2.hpv
Tue Dec  5 12:48:06 2017
[verbose]: Closed HPV worker thread for 3.hpv
Tue Dec  5 12:48:06 2017
[verbose]: Cleared all HPV Players
Tue Dec  5 12:48:06 2017
[verbose]: ~HPVPLayer
Tue Dec  5 12:48:06 2017
[verbose]: ~HPVPLayer
Tue Dec  5 12:48:06 2017
[verbose]: ~HPVPLayer
Tue Dec  5 12:48:06 2017
[verbose]: Deleted GPU resources
Tue Dec  5 19:24:18 2017
[verbose]: Loaded file '1.hpv' [dims: 3840x2160 | fps: 25 | frames: 2678 | type: DXT1 (no ALPHA) | version: 6]
Tue Dec  5 19:24:18 2017
[verbose]: Loaded file '2.hpv' [dims: 3840x2160 | fps: 25 | frames: 873 | type: DXT1 (no ALPHA) | version: 6]
Tue Dec  5 19:24:18 2017
[verbose]: Loaded file '3.hpv' [dims: 3840x2160 | fps: 25 | frames: 878 | type: DXT1 (no ALPHA) | version: 6]
Tue Dec  5 19:24:25 2017
[verbose]: Closed HPV worker thread for 1.hpv
Tue Dec  5 19:24:25 2017
[verbose]: Closed HPV worker thread for 2.hpv
Tue Dec  5 19:24:25 2017
[verbose]: Closed HPV worker thread for 3.hpv
Tue Dec  5 19:24:25 2017
[verbose]: Cleared all HPV Players
Tue Dec  5 19:24:25 2017
[verbose]: ~HPVPLayer
Tue Dec  5 19:24:25 2017
[verbose]: ~HPVPLayer
Tue Dec  5 19:24:25 2017
[verbose]: ~HPVPLayer
Tue Dec  5 19:24:25 2017
[verbose]: Deleted GPU resources
Tue Dec  5 19:24:27 2017
[verbose]: Loaded file '1.hpv' [dims: 3840x2160 | fps: 25 | frames: 2678 | type: DXT1 (no ALPHA) | version: 6]
Tue Dec  5 19:24:27 2017
[verbose]: Loaded file '2.hpv' [dims: 3840x2160 | fps: 25 | frames: 873 | type: DXT1 (no ALPHA) | version: 6]
Tue Dec  5 19:24:27 2017
[verbose]: Loaded file '3.hpv' [dims: 3840x2160 | fps: 25 | frames: 878 | type: DXT1 (no ALPHA) | version: 6]
Tue Dec  5 19:24:48 2017
[verbose]: Loaded file '4.hpv' [dims: 3840x2160 | fps: 25 | frames: 1770 | type: DXT1 (no ALPHA) | version: 6]
Tue Dec  5 19:24:51 2017
[verbose]: Loaded file '5.hpv' [dims: 3840x2160 | fps: 25 | frames: 2733 | type: DXT1 (no ALPHA) | version: 6]
Tue Dec  5 19:27:14 2017
[verbose]: Closed HPV worker thread for 1.hpv
Tue Dec  5 19:27:14 2017
[verbose]: Closed HPV worker thread for 2.hpv
Tue Dec  5 19:27:14 2017
[verbose]: Closed HPV worker thread for 3.hpv
Tue Dec  5 19:27:14 2017
[verbose]: Closed HPV worker thread for 4.hpv
Tue Dec  5 19:27:14 2017
[verbose]: Closed HPV worker thread for 5.hpv
Tue Dec  5 19:27:14 2017
[verbose]: Cleared all HPV Players
Tue Dec  5 19:27:14 2017
[verbose]: ~HPVPLayer
Tue Dec  5 19:27:14 2017
[verbose]: ~HPVPLayer
Tue Dec  5 19:27:14 2017
[verbose]: ~HPVPLayer
Tue Dec  5 19:27:14 2017
[verbose]: ~HPVPLayer
Tue Dec  5 19:27:14 2017
[verbose]: ~HPVPLayer
Tue Dec  5 19:27:14 2017
[verbose]: Deleted GPU resources
Tue Dec  5 19:31:34 2017
[verbose]: Loaded file '1.hpv' [dims: 3840x2160 | fps: 25 | frames: 2678 | type: DXT1 (no ALPHA) | version: 6]
Tue Dec  5 19:31:34 2017
[verbose]: Loaded file '2.hpv' [dims: 3840x2160 | fps: 25 | frames: 873 | type: DXT1 (no ALPHA) | version: 6]
Tue Dec  5 19:31:34 2017
[verbose]: Loaded file '3.hpv' [dims: 3840x2160 | fps: 25 | frames: 878 | type: DXT1 (no ALPHA) | version: 6]
Tue Dec  5 19:31:47 2017
[verbose]: Loaded file '4.hpv' [dims: 3840x2160 | fps: 25 | frames: 1770 | type: DXT1 (no ALPHA) | version: 6]
Tue Dec  5 19:31:51 2017
[verbose]: Loaded file '5.hpv' [dims: 3840x2160 | fps: 25 | frames: 2733 | type: DXT1 (no ALPHA) | version: 6]
Tue Dec  5 19:31:51 2017
[verbose]: Loaded file '6.hpv' [dims: 3840x2160 | fps: 25 | frames: 2071 | type: DXT1 (no ALPHA) | version: 6]
Tue Dec  5 19:32:17 2017
[verbose]: Closed HPV worker thread for 1.hpv
Tue Dec  5 19:32:17 2017
[verbose]: Closed HPV worker thread for 2.hpv
Tue Dec  5 19:32:17 2017
[verbose]: Closed HPV worker thread for 3.hpv
Tue Dec  5 19:32:17 2017
[verbose]: Closed HPV worker thread for 4.hpv
Tue Dec  5 19:32:17 2017
[verbose]: Closed HPV worker thread for 5.hpv
Tue Dec  5 19:32:17 2017
[verbose]: Closed HPV worker thread for 6.hpv
Tue Dec  5 19:32:17 2017
[verbose]: Cleared all HPV Players
Tue Dec  5 19:32:17 2017
[verbose]: ~HPVPLayer
Tue Dec  5 19:32:17 2017
[verbose]: ~HPVPLayer
Tue Dec  5 19:32:17 2017
[verbose]: ~HPVPLayer
Tue Dec  5 19:32:17 2017
[verbose]: ~HPVPLayer
Tue Dec  5 19:32:17 2017
[verbose]: ~HPVPLayer
Tue Dec  5 19:32:17 2017
[verbose]: ~HPVPLayer
Tue Dec  5 19:32:17 2017
[verbose]: Deleted GPU resources
Tue Dec  5 19:35:23 2017
[verbose]: Loaded file '1.hpv' [dims: 3840x2160 | fps: 25 | frames: 2678 | type: DXT1 (no ALPHA) | version: 6]
Tue Dec  5 19:35:23 2017
[verbose]: Loaded file '2.hpv' [dims: 3840x2160 | fps: 25 | frames: 873 | type: DXT1 (no ALPHA) | version: 6]
Tue Dec  5 19:35:23 2017
[verbose]: Loaded file '3.hpv' [dims: 3840x2160 | fps: 25 | frames: 878 | type: DXT1 (no ALPHA) | version: 6]
Tue Dec  5 19:35:34 2017
[verbose]: Loaded file '4.hpv' [dims: 3840x2160 | fps: 25 | frames: 1770 | type: DXT1 (no ALPHA) | version: 6]
Tue Dec  5 19:35:39 2017
[verbose]: Loaded file '5.hpv' [dims: 3840x2160 | fps: 25 | frames: 2733 | type: DXT1 (no ALPHA) | version: 6]
Tue Dec  5 19:35:39 2017
[verbose]: Loaded file '6.hpv' [dims: 3840x2160 | fps: 25 | frames: 2071 | type: DXT1 (no ALPHA) | version: 6]
Tue Dec  5 19:35:46 2017
[verbose]: Closed HPV worker thread for 1.hpv
Tue Dec  5 19:35:46 2017
[verbose]: Closed HPV worker thread for 2.hpv
Tue Dec  5 19:35:46 2017
[verbose]: Closed HPV worker thread for 3.hpv
Tue Dec  5 19:35:46 2017
[verbose]: Closed HPV worker thread for 4.hpv
Tue Dec  5 19:35:46 2017
[verbose]: Closed HPV worker thread for 5.hpv
Tue Dec  5 19:35:46 2017
[verbose]: Closed HPV worker thread for 6.hpv
Tue Dec  5 19:35:46 2017
[verbose]: Cleared all HPV Players
Tue Dec  5 19:35:46 2017
[verbose]: ~HPVPLayer
Tue Dec  5 19:35:46 2017
[verbose]: ~HPVPLayer
Tue Dec  5 19:35:46 2017
[verbose]: ~HPVPLayer
Tue Dec  5 19:35:46 2017
[verbose]: ~HPVPLayer
Tue Dec  5 19:35:46 2017
[verbose]: ~HPVPLayer
Tue Dec  5 19:35:46 2017
[verbose]: ~HPVPLayer
Tue Dec  5 19:35:46 2017
[verbose]: Deleted GPU resources
Tue Dec  5 19:36:32 2017
[verbose]: Loaded file '1.hpv' [dims: 3840x2160 | fps: 25 | frames: 2678 | type: DXT1 (no ALPHA) | version: 6]
Tue Dec  5 19:36:32 2017
[verbose]: Loaded file '2.hpv' [dims: 3840x2160 | fps: 25 | frames: 873 | type: DXT1 (no ALPHA) | version: 6]
Tue Dec  5 19:36:32 2017
[verbose]: Loaded file '3.hpv' [dims: 3840x2160 | fps: 25 | frames: 878 | type: DXT1 (no ALPHA) | version: 6]
Tue Dec  5 19:36:34 2017
[verbose]: Closed HPV worker thread for 1.hpv
Tue Dec  5 19:36:34 2017
[verbose]: Closed HPV worker thread for 2.hpv
Tue Dec  5 19:36:34 2017
[verbose]: Closed HPV worker thread for 3.hpv
Tue Dec  5 19:36:34 2017
[verbose]: Cleared all HPV Players
Tue Dec  5 19:36:34 2017
[verbose]: ~HPVPLayer
Tue Dec  5 19:36:34 2017
[verbose]: ~HPVPLayer
Tue Dec  5 19:36:34 2017
[verbose]: ~HPVPLayer
Tue Dec  5 19:36:34 2017
[verbose]: Deleted GPU resources
Tue Dec  5 19:36:58 2017
[verbose]: Loaded file '1.hpv' [dims: 3840x2160 | fps: 25 | frames: 2678 | type: DXT1 (no ALPHA) | version: 6]
Tue Dec  5 19:36:58 2017
[verbose]: Loaded file '2.hpv' [dims: 3840x2160 | fps: 25 | frames: 873 | type: DXT1 (no ALPHA) | version: 6]
Tue Dec  5 19:36:58 2017
[verbose]: Loaded file '3.hpv' [dims: 3840x2160 | fps: 25 | frames: 878 | type: DXT1 (no ALPHA) | version: 6]
Tue Dec  5 19:37:10 2017
[verbose]: Loaded file '4.hpv' [dims: 3840x2160 | fps: 25 | frames: 1770 | type: DXT1 (no ALPHA) | version: 6]
Tue Dec  5 19:37:25 2017
[verbose]: Loaded file '5.hpv' [dims: 3840x2160 | fps: 25 | frames: 2733 | type: DXT1 (no ALPHA) | version: 6]
Tue Dec  5 19:37:25 2017
[verbose]: Loaded file '6.hpv' [dims: 3840x2160 | fps: 25 | frames: 2071 | type: DXT1 (no ALPHA) | version: 6]
Tue Dec  5 19:37:29 2017
[verbose]: Closed HPV worker thread for 1.hpv
Tue Dec  5 19:37:29 2017
[verbose]: Closed HPV worker thread for 2.hpv
Tue Dec  5 19:37:29 2017
[verbose]: Closed HPV worker thread for 3.hpv
Tue Dec  5 19:37:29 2017
[verbose]: Closed HPV worker thread for 4.hpv
Tue Dec  5 19:37:29 2017
[verbose]: Closed HPV worker thread for 5.hpv
Tue Dec  5 19:37:29 2017
[verbose]: Closed HPV worker thread for 6.hpv
Tue Dec  5 19:37:29 2017
[verbose]: Cleared all HPV Players
Tue Dec  5 19:37:29 2017
[verbose]: ~HPVPLayer
Tue Dec  5 19:37:29 2017
[verbose]: ~HPVPLayer
Tue Dec  5 19:37:29 2017
[verbose]: ~HPVPLayer
Tue Dec  5 19:37:29 2017
[verbose]: ~HPVPLayer
Tue Dec  5 19:37:29 2017
[verbose]: ~HPVPLayer
Tue Dec  5 19:37:29 2017
[verbose]: ~HPVPLayer
Tue Dec  5 19:37:29 2017
[verbose]: Deleted GPU resources
Tue Dec  5 19:39:26 2017
[verbose]: Loaded file '1.hpv' [dims: 3840x2160 | fps: 25 | frames: 2678 | type: DXT1 (no ALPHA) | version: 6]
Tue Dec  5 19:39:26 2017
[verbose]: Loaded file '2.hpv' [dims: 3840x2160 | fps: 25 | frames: 873 | type: DXT1 (no ALPHA) | version: 6]
Tue Dec  5 19:39:26 2017
[verbose]: Loaded file '3.hpv' [dims: 3840x2160 | fps: 25 | frames: 878 | type: DXT1 (no ALPHA) | version: 6]
Tue Dec  5 19:39:34 2017
[verbose]: Loaded file '4.hpv' [dims: 3840x2160 | fps: 25 | frames: 1770 | type: DXT1 (no ALPHA) | version: 6]
Tue Dec  5 19:39:46 2017
[verbose]: Loaded file '5.hpv' [dims: 3840x2160 | fps: 25 | frames: 2733 | type: DXT1 (no ALPHA) | version: 6]
Tue Dec  5 19:39:46 2017
[verbose]: Loaded file '6.hpv' [dims: 3840x2160 | fps: 25 | frames: 2071 | type: DXT1 (no ALPHA) | version: 6]
Tue Dec  5 19:39:55 2017
[verbose]: Closed HPV worker thread for 1.hpv
Tue Dec  5 19:39:55 2017
[verbose]: Closed HPV worker thread for 2.hpv
Tue Dec  5 19:39:55 2017
[verbose]: Closed HPV worker thread for 3.hpv
Tue Dec  5 19:39:55 2017
[verbose]: Closed HPV worker thread for 4.hpv
Tue Dec  5 19:39:55 2017
[verbose]: Closed HPV worker thread for 5.hpv
Tue Dec  5 19:39:55 2017
[verbose]: Closed HPV worker thread for 6.hpv
Tue Dec  5 19:39:55 2017
[verbose]: Cleared all HPV Players
Tue Dec  5 19:39:55 2017
[verbose]: ~HPVPLayer
Tue Dec  5 19:39:55 2017
[verbose]: ~HPVPLayer
Tue Dec  5 19:39:55 2017
[verbose]: ~HPVPLayer
Tue Dec  5 19:39:55 2017
[verbose]: ~HPVPLayer
Tue Dec  5 19:39:55 2017
[verbose]: ~HPVPLayer
Tue Dec  5 19:39:55 2017
[verbose]: ~HPVPLayer
Tue Dec  5 19:39:55 2017
[verbose]: Deleted GPU resources
Tue Dec  5 19:40:45 2017
[verbose]: Loaded file '1.hpv' [dims: 3840x2160 | fps: 25 | frames: 2678 | type: DXT1 (no ALPHA) | version: 6]
Tue Dec  5 19:40:45 2017
[verbose]: Loaded file '2.hpv' [dims: 3840x2160 | fps: 25 | frames: 873 | type: DXT1 (no ALPHA) | version: 6]
Tue Dec  5 19:40:45 2017
[verbose]: Loaded file '3.hpv' [dims: 3840x2160 | fps: 25 | frames: 878 | type: DXT1 (no ALPHA) | version: 6]
Tue Dec  5 19:40:58 2017
[verbose]: Loaded file '4.hpv' [dims: 3840x2160 | fps: 25 | frames: 1770 | type: DXT1 (no ALPHA) | version: 6]
Tue Dec  5 19:41:11 2017
[verbose]: Loaded file '5.hpv' [dims: 3840x2160 | fps: 25 | frames: 2733 | type: DXT1 (no ALPHA) | version: 6]
Tue Dec  5 19:41:11 2017
[verbose]: Loaded file '6.hpv' [dims: 3840x2160 | fps: 25 | frames: 2071 | type: DXT1 (no ALPHA) | version: 6]
Tue Dec  5 19:41:18 2017
[verbose]: Closed HPV worker thread for 1.hpv
Tue Dec  5 19:41:18 2017
[verbose]: Closed HPV worker thread for 2.hpv
Tue Dec  5 19:41:18 2017
[verbose]: Closed HPV worker thread for 3.hpv
Tue Dec  5 19:41:18 2017
[verbose]: Closed HPV worker thread for 4.hpv
Tue Dec  5 19:41:18 2017
[verbose]: Closed HPV worker thread for 5.hpv
Tue Dec  5 19:41:18 2017
[verbose]: Closed HPV worker thread for 6.hpv
Tue Dec  5 19:41:18 2017
[verbose]: Cleared all HPV Players
Tue Dec  5 19:41:18 2017
[verbose]: ~HPVPLayer
Tue Dec  5 19:41:18 2017
[verbose]: ~HPVPLayer
Tue Dec  5 19:41:18 2017
[verbose]: ~HPVPLayer
Tue Dec  5 19:41:18 2017
[verbose]: ~HPVPLayer
Tue Dec  5 19:41:18 2017
[verbose]: ~HPVPLayer
Tue Dec  5 19:41:18 2017
[verbose]: ~HPVPLayer
Tue Dec  5 19:41:18 2017
[verbose]: Deleted GPU resources
Tue Dec  5 19:42:33 2017
[verbose]: Loaded file '1.hpv' [dims: 3840x2160 | fps: 25 | frames: 2678 | type: DXT1 (no ALPHA) | version: 6]
Tue Dec  5 19:42:33 2017
[verbose]: Loaded file '2.hpv' [dims: 3840x2160 | fps: 25 | frames: 873 | type: DXT1 (no ALPHA) | version: 6]
Tue Dec  5 19:42:33 2017
[verbose]: Loaded file '3.hpv' [dims: 3840x2160 | fps: 25 | frames: 878 | type: DXT1 (no ALPHA) | version: 6]
Tue Dec  5 19:42:43 2017
[verbose]: Loaded file '4.hpv' [dims: 3840x2160 | fps: 25 | frames: 1770 | type: DXT1 (no ALPHA) | version: 6]
Tue Dec  5 19:42:43 2017
[verbose]: Loaded file '5.hpv' [dims: 3840x2160 | fps: 25 | frames: 2733 | type: DXT1 (no ALPHA) | version: 6]
Tue Dec  5 19:43:00 2017
[verbose]: Closed HPV worker thread for 1.hpv
Tue Dec  5 19:43:00 2017
[verbose]: Closed HPV worker thread for 2.hpv
Tue Dec  5 19:43:00 2017
[verbose]: Closed HPV worker thread for 3.hpv
Tue Dec  5 19:43:00 2017
[verbose]: Closed HPV worker thread for 4.hpv
Tue Dec  5 19:43:00 2017
[verbose]: Closed HPV worker thread for 5.hpv
Tue Dec  5 19:43:00 2017
[verbose]: Cleared all HPV Players
Tue Dec  5 19:43:00 2017
[verbose]: ~HPVPLayer
Tue Dec  5 19:43:00 2017
[verbose]: ~HPVPLayer
Tue Dec  5 19:43:00 2017
[verbose]: ~HPVPLayer
Tue Dec  5 19:43:00 2017
[verbose]: ~HPVPLayer
Tue Dec  5 19:43:00 2017
[verbose]: ~HPVPLayer
Tue Dec  5 19:43:00 2017
[verbose]: Deleted GPU resources
Tue Dec  5 19:43:02 2017
[verbose]: Loaded file '1.hpv' [dims: 3840x2160 | fps: 25 | frames: 2678 | type: DXT1 (no ALPHA) | version: 6]
Tue Dec  5 19:43:02 2017
[verbose]: Loaded file '2.hpv' [dims: 3840x2160 | fps: 25 | frames: 873 | type: DXT1 (no ALPHA) | version: 6]
Tue Dec  5 19:43:02 2017
[verbose]: Loaded file '3.hpv' [dims: 3840x2160 | fps: 25 | frames: 878 | type: DXT1 (no ALPHA) | version: 6]
Tue Dec  5 19:43:19 2017
[verbose]: Loaded file '4.hpv' [dims: 3840x2160 | fps: 25 | frames: 1770 | type: DXT1 (no ALPHA) | version: 6]
Tue Dec  5 19:43:19 2017
[verbose]: Loaded file '5.hpv' [dims: 3840x2160 | fps: 25 | frames: 2733 | type: DXT1 (no ALPHA) | version: 6]
Tue Dec  5 19:44:38 2017
[verbose]: Closed HPV worker thread for 1.hpv
Tue Dec  5 19:44:38 2017
[verbose]: Closed HPV worker thread for 2.hpv
Tue Dec  5 19:44:38 2017
[verbose]: Closed HPV worker thread for 3.hpv
Tue Dec  5 19:44:38 2017
[verbose]: Closed HPV worker thread for 4.hpv
Tue Dec  5 19:44:38 2017
[verbose]: Closed HPV worker thread for 5.hpv
Tue Dec  5 19:44:38 2017
[verbose]: Cleared all HPV Players
Tue Dec  5 19:44:38 2017
[verbose]: ~HPVPLayer
Tue Dec  5 19:44:38 2017
[verbose]: ~HPVPLayer
Tue Dec  5 19:44:38 2017
[verbose]: ~HPVPLayer
Tue Dec  5 19:44:38 2017
[verbose]: ~HPVPLayer
Tue Dec  5 19:44:38 2017
[verbose]: ~HPVPLayer
Tue Dec  5 19:44:38 2017
[verbose]: Deleted GPU resources
Tue Dec  5 19:44:41 2017
[verbose]: Loaded file '1.hpv' [dims: 3840x2160 | fps: 25 | frames: 2678 | type: DXT1 (no ALPHA) | version: 6]
Tue Dec  5 19:44:41 2017
[verbose]: Loaded file '2.hpv' [dims: 3840x2160 | fps: 25 | frames: 873 | type: DXT1 (no ALPHA) | version: 6]
Tue Dec  5 19:44:41 2017
[verbose]: Loaded file '3.hpv' [dims: 3840x2160 | fps: 25 | frames: 878 | type: DXT1 (no ALPHA) | version: 6]
Tue Dec  5 19:44:50 2017
[verbose]: Loaded file '4.hpv' [dims: 3840x2160 | fps: 25 | frames: 1770 | type: DXT1 (no ALPHA) | version: 6]
Tue Dec  5 19:44:50 2017
[verbose]: Loaded file '5.hpv' [dims: 3840x2160 | fps: 25 | frames: 2733 | type: DXT1 (no ALPHA) | version: 6]
Tue Dec  5 19:45:52 2017
[verbose]: Closed HPV worker thread for 1.hpv
Tue Dec  5 19:45:52 2017
[verbose]: Closed HPV worker thread for 2.hpv
Tue Dec  5 19:45:52 2017
[verbose]: Closed HPV worker thread for 3.hpv
Tue Dec  5 19:45:52 2017
[verbose]: Closed HPV worker thread for 4.hpv
Tue Dec  5 19:45:52 2017
[verbose]: Closed HPV worker thread for 5.hpv
Tue Dec  5 19:45:52 2017
[verbose]: Cleared all HPV Players
Tue Dec  5 19:45:52 2017
[verbose]: ~HPVPLayer
Tue Dec  5 19:45:52 2017
[verbose]: ~HPVPLayer
Tue Dec  5 19:45:52 2017
[verbose]: ~HPVPLayer
Tue Dec  5 19:45:52 2017
[verbose]: ~HPVPLayer
Tue Dec  5 19:45:52 2017
[verbose]: ~HPVPLayer
Tue Dec  5 19:45:52 2017
[verbose]: Deleted GPU resources
Tue Dec  5 19:45:55 2017
[verbose]: Loaded file '1.hpv' [dims: 3840x2160 | fps: 25 | frames: 2678 | type: DXT1 (no ALPHA) | version: 6]
Tue Dec  5 19:45:55 2017
[verbose]: Loaded file '2.hpv' [dims: 3840x2160 | fps: 25 | frames: 873 | type: DXT1 (no ALPHA) | version: 6]
Tue Dec  5 19:45:55 2017
[verbose]: Loaded file '3.hpv' [dims: 3840x2160 | fps: 25 | frames: 878 | type: DXT1 (no ALPHA) | version: 6]
Tue Dec  5 19:46:03 2017
[verbose]: Loaded file '4.hpv' [dims: 3840x2160 | fps: 25 | frames: 1770 | type: DXT1 (no ALPHA) | version: 6]
Tue Dec  5 19:46:29 2017
[verbose]: Loaded file '5.hpv' [dims: 3840x2160 | fps: 25 | frames: 2733 | type: DXT1 (no ALPHA) | version: 6]
Tue Dec  5 19:46:39 2017
[verbose]: Closed HPV worker thread for 1.hpv
Tue Dec  5 19:46:39 2017
[verbose]: Closed HPV worker thread for 2.hpv
Tue Dec  5 19:46:39 2017
[verbose]: Closed HPV worker thread for 3.hpv
Tue Dec  5 19:46:39 2017
[verbose]: Closed HPV worker thread for 4.hpv
Tue Dec  5 19:46:39 2017
[verbose]: Closed HPV worker thread for 5.hpv
Tue Dec  5 19:46:39 2017
[verbose]: Cleared all HPV Players
Tue Dec  5 19:46:39 2017
[verbose]: ~HPVPLayer
Tue Dec  5 19:46:39 2017
[verbose]: ~HPVPLayer
Tue Dec  5 19:46:39 2017
[verbose]: ~HPVPLayer
Tue Dec  5 19:46:39 2017
[verbose]: ~HPVPLayer
Tue Dec  5 19:46:39 2017
[verbose]: ~HPVPLayer
Tue Dec  5 19:46:39 2017
[verbose]: Deleted GPU resources
Tue Dec  5 19:47:29 2017
[verbose]: Loaded file '1.hpv' [dims: 3840x2160 | fps: 25 | frames: 2678 | type: DXT1 (no ALPHA) | version: 6]
Tue Dec  5 19:47:29 2017
[verbose]: Loaded file '2.hpv' [dims: 3840x2160 | fps: 25 | frames: 873 | type: DXT1 (no ALPHA) | version: 6]
Tue Dec  5 19:47:29 2017
[verbose]: Loaded file '3.hpv' [dims: 3840x2160 | fps: 25 | frames: 878 | type: DXT1 (no ALPHA) | version: 6]
Tue Dec  5 19:47:41 2017
[verbose]: Loaded file '4.hpv' [dims: 3840x2160 | fps: 25 | frames: 1770 | type: DXT1 (no ALPHA) | version: 6]
Tue Dec  5 19:47:55 2017
[verbose]: Loaded file '5.hpv' [dims: 3840x2160 | fps: 25 | frames: 2733 | type: DXT1 (no ALPHA) | version: 6]
Tue Dec  5 19:48:34 2017
[verbose]: Loaded file '6.hpv' [dims: 3840x2160 | fps: 25 | frames: 2071 | type: DXT1 (no ALPHA) | version: 6]
Tue Dec  5 19:51:01 2017
[verbose]: Closed HPV worker thread for 1.hpv
Tue Dec  5 19:51:01 2017
[verbose]: Closed HPV worker thread for 2.hpv
Tue Dec  5 19:51:01 2017
[verbose]: Closed HPV worker thread for 3.hpv
Tue Dec  5 19:51:01 2017
[verbose]: Closed HPV worker thread for 4.hpv
Tue Dec  5 19:51:01 2017
[verbose]: Closed HPV worker thread for 5.hpv
Tue Dec  5 19:51:01 2017
[verbose]: Closed HPV worker thread for 6.hpv
Tue Dec  5 19:51:01 2017
[verbose]: Cleared all HPV Players
Tue Dec  5 19:51:01 2017
[verbose]: ~HPVPLayer
Tue Dec  5 19:51:01 2017
[verbose]: ~HPVPLayer
Tue Dec  5 19:51:01 2017
[verbose]: ~HPVPLayer
Tue Dec  5 19:51:01 2017
[verbose]: ~HPVPLayer
Tue Dec  5 19:51:01 2017
[verbose]: ~HPVPLayer
Tue Dec  5 19:51:01 2017
[verbose]: ~HPVPLayer
Tue Dec  5 19:51:01 2017
[verbose]: Deleted GPU resources
Tue Dec  5 20:03:37 2017
[verbose]: Loaded file '1.hpv' [dims: 3840x2160 | fps: 25 | frames: 2678 | type: DXT1 (no ALPHA) | version: 6]
Tue Dec  5 20:03:37 2017
[verbose]: Loaded file '2.hpv' [dims: 3840x2160 | fps: 25 | frames: 873 | type: DXT1 (no ALPHA) | version: 6]
Tue Dec  5 20:03:37 2017
[verbose]: Loaded file '3.hpv' [dims: 3840x2160 | fps: 25 | frames: 878 | type: DXT1 (no ALPHA) | version: 6]
Tue Dec  5 20:03:49 2017
[verbose]: Loaded file '4.hpv' [dims: 3840x2160 | fps: 25 | frames: 1770 | type: DXT1 (no ALPHA) | version: 6]
Tue Dec  5 20:03:55 2017
[verbose]: Loaded file '5.hpv' [dims: 3840x2160 | fps: 25 | frames: 2733 | type: DXT1 (no ALPHA) | version: 6]
Tue Dec  5 20:04:36 2017
[verbose]: Loaded file '6.hpv' [dims: 3840x2160 | fps: 25 | frames: 2071 | type: DXT1 (no ALPHA) | version: 6]
Tue Dec  5 20:12:32 2017
[verbose]: Closed HPV worker thread for 1.hpv
Tue Dec  5 20:12:32 2017
[verbose]: Closed HPV worker thread for 2.hpv
Tue Dec  5 20:12:32 2017
[verbose]: Closed HPV worker thread for 3.hpv
Tue Dec  5 20:12:32 2017
[verbose]: Closed HPV worker thread for 4.hpv
Tue Dec  5 20:12:32 2017
[verbose]: Closed HPV worker thread for 5.hpv
Tue Dec  5 20:12:32 2017
[verbose]: Closed HPV worker thread for 6.hpv
Tue Dec  5 20:12:32 2017
[verbose]: Cleared all HPV Players
Tue Dec  5 20:12:32 2017
[verbose]: ~HPVPLayer
Tue Dec  5 20:12:32 2017
[verbose]: ~HPVPLayer
Tue Dec  5 20:12:32 2017
[verbose]: ~HPVPLayer
Tue Dec  5 20:12:32 2017
[verbose]: ~HPVPLayer
Tue Dec  5 20:12:32 2017
[verbose]: ~HPVPLayer
Tue Dec  5 20:12:32 2017
[verbose]: ~HPVPLayer
Tue Dec  5 20:12:32 2017
[verbose]: Deleted GPU resources
Tue Dec  5 20:21:22 2017
[verbose]: Loaded file '1.hpv' [dims: 3840x2160 | fps: 25 | frames: 2678 | type: DXT1 (no ALPHA) | version: 6]
Tue Dec  5 20:21:22 2017
[verbose]: Loaded file '2.hpv' [dims: 3840x2160 | fps: 25 | frames: 873 | type: DXT1 (no ALPHA) | version: 6]
Tue Dec  5 20:21:22 2017
[verbose]: Loaded file '3.hpv' [dims: 3840x2160 | fps: 25 | frames: 878 | type: DXT1 (no ALPHA) | version: 6]
Tue Dec  5 20:21:33 2017
[verbose]: Loaded file '4.hpv' [dims: 3840x2160 | fps: 25 | frames: 1770 | type: DXT1 (no ALPHA) | version: 6]
Tue Dec  5 20:23:06 2017
[verbose]: Loaded file '5.hpv' [dims: 3840x2160 | fps: 25 | frames: 2733 | type: DXT1 (no ALPHA) | version: 6]
Tue Dec  5 20:23:06 2017
[verbose]: Loaded file '6.hpv' [dims: 3840x2160 | fps: 25 | frames: 2071 | type: DXT1 (no ALPHA) | version: 6]
Tue Dec  5 20:25:05 2017
[verbose]: Closed HPV worker thread for 1.hpv
Tue Dec  5 20:25:05 2017
[verbose]: Closed HPV worker thread for 2.hpv
Tue Dec  5 20:25:05 2017
[verbose]: Closed HPV worker thread for 3.hpv
Tue Dec  5 20:25:05 2017
[verbose]: Closed HPV worker thread for 4.hpv
Tue Dec  5 20:25:05 2017
[verbose]: Closed HPV worker thread for 5.hpv
Tue Dec  5 20:25:05 2017
[verbose]: Closed HPV worker thread for 6.hpv
Tue Dec  5 20:25:05 2017
[verbose]: Cleared all HPV Players
Tue Dec  5 20:25:05 2017
[verbose]: ~HPVPLayer
Tue Dec  5 20:25:05 2017
[verbose]: ~HPVPLayer
Tue Dec  5 20:25:05 2017
[verbose]: ~HPVPLayer
Tue Dec  5 20:25:05 2017
[verbose]: ~HPVPLayer
Tue Dec  5 20:25:05 2017
[verbose]: ~HPVPLayer
Tue Dec  5 20:25:05 2017
[verbose]: ~HPVPLayer
Tue Dec  5 20:25:05 2017
[verbose]: Deleted GPU resources
Tue Dec  5 21:13:01 2017
[verbose]: OnGraphicsDeviceEvent(Shutdown)
Tue Dec  5 21:13:04 2017
[verbose]: ~RenderBridge
Tue Dec  5 21:13:04 2017
[verbose]: ~HPVMAnager
Tue Dec  5 21:13:04 2017
[verbose]: Closing log
