Mon Dec  4 18:36:39 2017
[verbose]: 
OnGraphicsDeviceEvent(Initialize)
Mon Dec  4 18:36:39 2017
[verbose]: D3D11 init was succesful
Mon Dec  4 18:36:39 2017
[verbose]: Loaded file '1.hpv' [dims: 3840x2160 | fps: 25 | frames: 2678 | type: DXT1 (no ALPHA) | version: 6]
Mon Dec  4 18:36:40 2017
[verbose]: Loaded file '2.hpv' [dims: 3840x2160 | fps: 25 | frames: 873 | type: DXT1 (no ALPHA) | version: 6]
Mon Dec  4 18:36:40 2017
[verbose]: Loaded file '3.hpv' [dims: 3840x2160 | fps: 25 | frames: 878 | type: DXT1 (no ALPHA) | version: 6]
Mon Dec  4 18:37:06 2017
[verbose]: Loaded file '4.hpv' [dims: 3840x2160 | fps: 25 | frames: 1770 | type: DXT1 (no ALPHA) | version: 6]
Mon Dec  4 18:37:45 2017
[verbose]: Loaded file '5.hpv' [dims: 3840x2160 | fps: 25 | frames: 2733 | type: DXT1 (no ALPHA) | version: 6]
Mon Dec  4 18:37:54 2017
[verbose]: Loaded file '6.hpv' [dims: 3840x2160 | fps: 25 | frames: 2071 | type: DXT1 (no ALPHA) | version: 6]
Mon Dec  4 18:38:02 2017
[verbose]: Loaded file '7.hpv' [dims: 3840x2160 | fps: 25 | frames: 2837 | type: DXT1 (no ALPHA) | version: 6]
Mon Dec  4 18:38:14 2017
[ error ]: Cannot pause because we're not playing.
Mon Dec  4 18:38:20 2017
[verbose]: Calling resume() on a video that's not paused.
Mon Dec  4 18:38:21 2017
[ error ]: Cannot pause because we're not playing.
Mon Dec  4 18:38:48 2017
[verbose]: Closed HPV worker thread for 1.hpv
Mon Dec  4 18:38:48 2017
[verbose]: Closed HPV worker thread for 2.hpv
Mon Dec  4 18:38:48 2017
[verbose]: Closed HPV worker thread for 3.hpv
Mon Dec  4 18:38:48 2017
[verbose]: Closed HPV worker thread for 4.hpv
Mon Dec  4 18:38:48 2017
[verbose]: Closed HPV worker thread for 5.hpv
Mon Dec  4 18:38:48 2017
[verbose]: Closed HPV worker thread for 6.hpv
Mon Dec  4 18:38:48 2017
[verbose]: Closed HPV worker thread for 7.hpv
Mon Dec  4 18:38:48 2017
[verbose]: Cleared all HPV Players
Mon Dec  4 18:38:48 2017
[verbose]: ~HPVPLayer
Mon Dec  4 18:38:48 2017
[verbose]: ~HPVPLayer
Mon Dec  4 18:38:48 2017
[verbose]: ~HPVPLayer
Mon Dec  4 18:38:48 2017
[verbose]: ~HPVPLayer
Mon Dec  4 18:38:48 2017
[verbose]: ~HPVPLayer
Mon Dec  4 18:38:48 2017
[verbose]: ~HPVPLayer
Mon Dec  4 18:38:48 2017
[verbose]: ~HPVPLayer
Mon Dec  4 18:38:48 2017
[verbose]: Deleted GPU resources
Mon Dec  4 18:38:57 2017
[verbose]: Loaded file '1.hpv' [dims: 3840x2160 | fps: 25 | frames: 2678 | type: DXT1 (no ALPHA) | version: 6]
Mon Dec  4 18:38:57 2017
[verbose]: Loaded file '2.hpv' [dims: 3840x2160 | fps: 25 | frames: 873 | type: DXT1 (no ALPHA) | version: 6]
Mon Dec  4 18:38:57 2017
[verbose]: Loaded file '3.hpv' [dims: 3840x2160 | fps: 25 | frames: 878 | type: DXT1 (no ALPHA) | version: 6]
Mon Dec  4 18:39:10 2017
[verbose]: Loaded file '7.hpv' [dims: 3840x2160 | fps: 25 | frames: 2837 | type: DXT1 (no ALPHA) | version: 6]
Mon Dec  4 18:40:06 2017
[verbose]: Closed HPV worker thread for 1.hpv
Mon Dec  4 18:40:06 2017
[verbose]: Closed HPV worker thread for 2.hpv
Mon Dec  4 18:40:06 2017
[verbose]: Closed HPV worker thread for 3.hpv
Mon Dec  4 18:40:06 2017
[verbose]: Closed HPV worker thread for 7.hpv
Mon Dec  4 18:40:06 2017
[verbose]: Cleared all HPV Players
Mon Dec  4 18:40:06 2017
[verbose]: ~HPVPLayer
Mon Dec  4 18:40:06 2017
[verbose]: ~HPVPLayer
Mon Dec  4 18:40:06 2017
[verbose]: ~HPVPLayer
Mon Dec  4 18:40:06 2017
[verbose]: ~HPVPLayer
Mon Dec  4 18:40:06 2017
[verbose]: Deleted GPU resources
Mon Dec  4 18:40:22 2017
[verbose]: Loaded file '1.hpv' [dims: 3840x2160 | fps: 25 | frames: 2678 | type: DXT1 (no ALPHA) | version: 6]
Mon Dec  4 18:40:22 2017
[verbose]: Loaded file '2.hpv' [dims: 3840x2160 | fps: 25 | frames: 873 | type: DXT1 (no ALPHA) | version: 6]
Mon Dec  4 18:40:22 2017
[verbose]: Loaded file '3.hpv' [dims: 3840x2160 | fps: 25 | frames: 878 | type: DXT1 (no ALPHA) | version: 6]
Mon Dec  4 18:40:32 2017
[verbose]: Loaded file '7.hpv' [dims: 3840x2160 | fps: 25 | frames: 2837 | type: DXT1 (no ALPHA) | version: 6]
Mon Dec  4 18:40:56 2017
[verbose]: Loaded file '4.hpv' [dims: 3840x2160 | fps: 25 | frames: 1770 | type: DXT1 (no ALPHA) | version: 6]
Mon Dec  4 18:41:31 2017
[verbose]: Loaded file '5.hpv' [dims: 3840x2160 | fps: 25 | frames: 2733 | type: DXT1 (no ALPHA) | version: 6]
Mon Dec  4 18:41:53 2017
[verbose]: Loaded file '6.hpv' [dims: 3840x2160 | fps: 25 | frames: 2071 | type: DXT1 (no ALPHA) | version: 6]
Mon Dec  4 18:42:41 2017
[verbose]: Closed HPV worker thread for 1.hpv
Mon Dec  4 18:42:41 2017
[verbose]: Closed HPV worker thread for 2.hpv
Mon Dec  4 18:42:41 2017
[verbose]: Closed HPV worker thread for 3.hpv
Mon Dec  4 18:42:41 2017
[verbose]: Closed HPV worker thread for 7.hpv
Mon Dec  4 18:42:41 2017
[verbose]: Closed HPV worker thread for 4.hpv
Mon Dec  4 18:42:41 2017
[verbose]: Closed HPV worker thread for 5.hpv
Mon Dec  4 18:42:41 2017
[verbose]: Closed HPV worker thread for 6.hpv
Mon Dec  4 18:42:41 2017
[verbose]: Cleared all HPV Players
Mon Dec  4 18:42:41 2017
[verbose]: ~HPVPLayer
Mon Dec  4 18:42:41 2017
[verbose]: ~HPVPLayer
Mon Dec  4 18:42:41 2017
[verbose]: ~HPVPLayer
Mon Dec  4 18:42:41 2017
[verbose]: ~HPVPLayer
Mon Dec  4 18:42:41 2017
[verbose]: ~HPVPLayer
Mon Dec  4 18:42:41 2017
[verbose]: ~HPVPLayer
Mon Dec  4 18:42:41 2017
[verbose]: ~HPVPLayer
Mon Dec  4 18:42:41 2017
[verbose]: Deleted GPU resources
Mon Dec  4 18:42:48 2017
[verbose]: Loaded file '1.hpv' [dims: 3840x2160 | fps: 25 | frames: 2678 | type: DXT1 (no ALPHA) | version: 6]
Mon Dec  4 18:42:48 2017
[verbose]: Loaded file '2.hpv' [dims: 3840x2160 | fps: 25 | frames: 873 | type: DXT1 (no ALPHA) | version: 6]
Mon Dec  4 18:42:48 2017
[verbose]: Loaded file '3.hpv' [dims: 3840x2160 | fps: 25 | frames: 878 | type: DXT1 (no ALPHA) | version: 6]
Mon Dec  4 18:42:58 2017
[verbose]: Loaded file '7.hpv' [dims: 3840x2160 | fps: 25 | frames: 2837 | type: DXT1 (no ALPHA) | version: 6]
Mon Dec  4 18:43:49 2017
[verbose]: Loaded file '4.hpv' [dims: 3840x2160 | fps: 25 | frames: 1770 | type: DXT1 (no ALPHA) | version: 6]
Mon Dec  4 18:44:19 2017
[verbose]: Closed HPV worker thread for 1.hpv
Mon Dec  4 18:44:19 2017
[verbose]: Closed HPV worker thread for 2.hpv
Mon Dec  4 18:44:19 2017
[verbose]: Closed HPV worker thread for 3.hpv
Mon Dec  4 18:44:19 2017
[verbose]: Closed HPV worker thread for 7.hpv
Mon Dec  4 18:44:19 2017
[verbose]: Closed HPV worker thread for 4.hpv
Mon Dec  4 18:44:19 2017
[verbose]: Cleared all HPV Players
Mon Dec  4 18:44:19 2017
[verbose]: ~HPVPLayer
Mon Dec  4 18:44:19 2017
[verbose]: ~HPVPLayer
Mon Dec  4 18:44:19 2017
[verbose]: ~HPVPLayer
Mon Dec  4 18:44:19 2017
[verbose]: ~HPVPLayer
Mon Dec  4 18:44:19 2017
[verbose]: ~HPVPLayer
Mon Dec  4 18:44:19 2017
[verbose]: Deleted GPU resources
Mon Dec  4 18:53:29 2017
[verbose]: Loaded file '1.hpv' [dims: 3840x2160 | fps: 25 | frames: 2678 | type: DXT1 (no ALPHA) | version: 6]
Mon Dec  4 18:53:29 2017
[verbose]: Loaded file '2.hpv' [dims: 3840x2160 | fps: 25 | frames: 873 | type: DXT1 (no ALPHA) | version: 6]
Mon Dec  4 18:53:29 2017
[verbose]: Loaded file '3.hpv' [dims: 3840x2160 | fps: 25 | frames: 878 | type: DXT1 (no ALPHA) | version: 6]
Mon Dec  4 18:53:44 2017
[verbose]: Loaded file '5.hpv' [dims: 3840x2160 | fps: 25 | frames: 2733 | type: DXT1 (no ALPHA) | version: 6]
Mon Dec  4 18:54:11 2017
[verbose]: Loaded file '4.hpv' [dims: 3840x2160 | fps: 25 | frames: 1770 | type: DXT1 (no ALPHA) | version: 6]
Mon Dec  4 18:54:46 2017
[verbose]: Closed HPV worker thread for 1.hpv
Mon Dec  4 18:54:46 2017
[verbose]: Closed HPV worker thread for 2.hpv
Mon Dec  4 18:54:46 2017
[verbose]: Closed HPV worker thread for 3.hpv
Mon Dec  4 18:54:46 2017
[verbose]: Closed HPV worker thread for 5.hpv
Mon Dec  4 18:54:46 2017
[verbose]: Closed HPV worker thread for 4.hpv
Mon Dec  4 18:54:46 2017
[verbose]: Cleared all HPV Players
Mon Dec  4 18:54:46 2017
[verbose]: ~HPVPLayer
Mon Dec  4 18:54:46 2017
[verbose]: ~HPVPLayer
Mon Dec  4 18:54:46 2017
[verbose]: ~HPVPLayer
Mon Dec  4 18:54:46 2017
[verbose]: ~HPVPLayer
Mon Dec  4 18:54:46 2017
[verbose]: ~HPVPLayer
Mon Dec  4 18:54:46 2017
[verbose]: Deleted GPU resources
Mon Dec  4 18:55:05 2017
[verbose]: Loaded file '1.hpv' [dims: 3840x2160 | fps: 25 | frames: 2678 | type: DXT1 (no ALPHA) | version: 6]
Mon Dec  4 18:55:05 2017
[verbose]: Loaded file '2.hpv' [dims: 3840x2160 | fps: 25 | frames: 873 | type: DXT1 (no ALPHA) | version: 6]
Mon Dec  4 18:55:05 2017
[verbose]: Loaded file '3.hpv' [dims: 3840x2160 | fps: 25 | frames: 878 | type: DXT1 (no ALPHA) | version: 6]
Mon Dec  4 18:55:18 2017
[verbose]: Loaded file '5.hpv' [dims: 3840x2160 | fps: 25 | frames: 2733 | type: DXT1 (no ALPHA) | version: 6]
Mon Dec  4 18:55:39 2017
[verbose]: Loaded file '7.hpv' [dims: 3840x2160 | fps: 25 | frames: 2837 | type: DXT1 (no ALPHA) | version: 6]
Mon Dec  4 18:56:41 2017
[verbose]: Closed HPV worker thread for 1.hpv
Mon Dec  4 18:56:41 2017
[verbose]: Closed HPV worker thread for 2.hpv
Mon Dec  4 18:56:41 2017
[verbose]: Closed HPV worker thread for 3.hpv
Mon Dec  4 18:56:41 2017
[verbose]: Closed HPV worker thread for 5.hpv
Mon Dec  4 18:56:41 2017
[verbose]: Closed HPV worker thread for 7.hpv
Mon Dec  4 18:56:41 2017
[verbose]: Cleared all HPV Players
Mon Dec  4 18:56:41 2017
[verbose]: ~HPVPLayer
Mon Dec  4 18:56:41 2017
[verbose]: ~HPVPLayer
Mon Dec  4 18:56:41 2017
[verbose]: ~HPVPLayer
Mon Dec  4 18:56:41 2017
[verbose]: ~HPVPLayer
Mon Dec  4 18:56:41 2017
[verbose]: ~HPVPLayer
Mon Dec  4 18:56:41 2017
[verbose]: Deleted GPU resources
Mon Dec  4 18:57:20 2017
[verbose]: Loaded file '1.hpv' [dims: 3840x2160 | fps: 25 | frames: 2678 | type: DXT1 (no ALPHA) | version: 6]
Mon Dec  4 18:57:20 2017
[verbose]: Loaded file '2.hpv' [dims: 3840x2160 | fps: 25 | frames: 873 | type: DXT1 (no ALPHA) | version: 6]
Mon Dec  4 18:57:20 2017
[verbose]: Loaded file '3.hpv' [dims: 3840x2160 | fps: 25 | frames: 878 | type: DXT1 (no ALPHA) | version: 6]
Mon Dec  4 18:57:42 2017
[verbose]: Closed HPV worker thread for 1.hpv
Mon Dec  4 18:57:42 2017
[verbose]: Closed HPV worker thread for 2.hpv
Mon Dec  4 18:57:42 2017
[verbose]: Closed HPV worker thread for 3.hpv
Mon Dec  4 18:57:42 2017
[verbose]: Cleared all HPV Players
Mon Dec  4 18:57:42 2017
[verbose]: ~HPVPLayer
Mon Dec  4 18:57:42 2017
[verbose]: ~HPVPLayer
Mon Dec  4 18:57:42 2017
[verbose]: ~HPVPLayer
Mon Dec  4 18:57:42 2017
[verbose]: Deleted GPU resources
Mon Dec  4 19:00:36 2017
[verbose]: Loaded file '1.hpv' [dims: 3840x2160 | fps: 25 | frames: 2678 | type: DXT1 (no ALPHA) | version: 6]
Mon Dec  4 19:00:36 2017
[verbose]: Loaded file '2.hpv' [dims: 3840x2160 | fps: 25 | frames: 873 | type: DXT1 (no ALPHA) | version: 6]
Mon Dec  4 19:00:36 2017
[verbose]: Loaded file '3.hpv' [dims: 3840x2160 | fps: 25 | frames: 878 | type: DXT1 (no ALPHA) | version: 6]
Mon Dec  4 19:05:59 2017
[verbose]: Closed HPV worker thread for 1.hpv
Mon Dec  4 19:05:59 2017
[verbose]: Closed HPV worker thread for 2.hpv
Mon Dec  4 19:05:59 2017
[verbose]: Closed HPV worker thread for 3.hpv
Mon Dec  4 19:05:59 2017
[verbose]: Cleared all HPV Players
Mon Dec  4 19:05:59 2017
[verbose]: ~HPVPLayer
Mon Dec  4 19:05:59 2017
[verbose]: ~HPVPLayer
Mon Dec  4 19:05:59 2017
[verbose]: ~HPVPLayer
Mon Dec  4 19:05:59 2017
[verbose]: Deleted GPU resources
Mon Dec  4 19:06:04 2017
[verbose]: Loaded file '1.hpv' [dims: 3840x2160 | fps: 25 | frames: 2678 | type: DXT1 (no ALPHA) | version: 6]
Mon Dec  4 19:06:04 2017
[verbose]: Loaded file '2.hpv' [dims: 3840x2160 | fps: 25 | frames: 873 | type: DXT1 (no ALPHA) | version: 6]
Mon Dec  4 19:06:04 2017
[verbose]: Loaded file '3.hpv' [dims: 3840x2160 | fps: 25 | frames: 878 | type: DXT1 (no ALPHA) | version: 6]
Mon Dec  4 19:09:55 2017
[verbose]: Closed HPV worker thread for 1.hpv
Mon Dec  4 19:09:55 2017
[verbose]: Closed HPV worker thread for 2.hpv
Mon Dec  4 19:09:55 2017
[verbose]: Closed HPV worker thread for 3.hpv
Mon Dec  4 19:09:55 2017
[verbose]: Cleared all HPV Players
Mon Dec  4 19:09:55 2017
[verbose]: ~HPVPLayer
Mon Dec  4 19:09:55 2017
[verbose]: ~HPVPLayer
Mon Dec  4 19:09:55 2017
[verbose]: ~HPVPLayer
Mon Dec  4 19:09:55 2017
[verbose]: Deleted GPU resources
Mon Dec  4 19:13:49 2017
[verbose]: Loaded file '1.hpv' [dims: 3840x2160 | fps: 25 | frames: 2678 | type: DXT1 (no ALPHA) | version: 6]
Mon Dec  4 19:13:49 2017
[verbose]: Loaded file '2.hpv' [dims: 3840x2160 | fps: 25 | frames: 873 | type: DXT1 (no ALPHA) | version: 6]
Mon Dec  4 19:13:49 2017
[verbose]: Loaded file '3.hpv' [dims: 3840x2160 | fps: 25 | frames: 878 | type: DXT1 (no ALPHA) | version: 6]
Mon Dec  4 19:15:31 2017
[verbose]: Closed HPV worker thread for 1.hpv
Mon Dec  4 19:15:31 2017
[verbose]: Closed HPV worker thread for 2.hpv
Mon Dec  4 19:15:31 2017
[verbose]: Closed HPV worker thread for 3.hpv
Mon Dec  4 19:15:31 2017
[verbose]: Cleared all HPV Players
Mon Dec  4 19:15:31 2017
[verbose]: ~HPVPLayer
Mon Dec  4 19:15:31 2017
[verbose]: ~HPVPLayer
Mon Dec  4 19:15:31 2017
[verbose]: ~HPVPLayer
Mon Dec  4 19:15:31 2017
[verbose]: Deleted GPU resources
Mon Dec  4 19:15:34 2017
[verbose]: Loaded file '1.hpv' [dims: 3840x2160 | fps: 25 | frames: 2678 | type: DXT1 (no ALPHA) | version: 6]
Mon Dec  4 19:15:34 2017
[verbose]: Loaded file '2.hpv' [dims: 3840x2160 | fps: 25 | frames: 873 | type: DXT1 (no ALPHA) | version: 6]
Mon Dec  4 19:15:34 2017
[verbose]: Loaded file '3.hpv' [dims: 3840x2160 | fps: 25 | frames: 878 | type: DXT1 (no ALPHA) | version: 6]
Mon Dec  4 19:16:04 2017
[verbose]: Closed HPV worker thread for 1.hpv
Mon Dec  4 19:16:04 2017
[verbose]: Closed HPV worker thread for 2.hpv
Mon Dec  4 19:16:04 2017
[verbose]: Closed HPV worker thread for 3.hpv
Mon Dec  4 19:16:04 2017
[verbose]: ~HPVPLayer
Mon Dec  4 19:16:04 2017
[verbose]: ~HPVPLayer
Mon Dec  4 19:16:04 2017
[verbose]: ~HPVPLayer
Mon Dec  4 19:16:04 2017
[verbose]: Cleared all HPV Players
Mon Dec  4 19:16:04 2017
[verbose]: Deleted GPU resources
Mon Dec  4 19:16:06 2017
[verbose]: Loaded file '1.hpv' [dims: 3840x2160 | fps: 25 | frames: 2678 | type: DXT1 (no ALPHA) | version: 6]
Mon Dec  4 19:16:06 2017
[verbose]: Loaded file '2.hpv' [dims: 3840x2160 | fps: 25 | frames: 873 | type: DXT1 (no ALPHA) | version: 6]
Mon Dec  4 19:16:06 2017
[verbose]: Loaded file '3.hpv' [dims: 3840x2160 | fps: 25 | frames: 878 | type: DXT1 (no ALPHA) | version: 6]
Mon Dec  4 19:16:15 2017
[verbose]: Closed HPV worker thread for 1.hpv
Mon Dec  4 19:16:15 2017
[verbose]: Closed HPV worker thread for 2.hpv
Mon Dec  4 19:16:15 2017
[verbose]: Closed HPV worker thread for 3.hpv
Mon Dec  4 19:16:15 2017
[verbose]: ~HPVPLayer
Mon Dec  4 19:16:15 2017
[verbose]: ~HPVPLayer
Mon Dec  4 19:16:15 2017
[verbose]: ~HPVPLayer
Mon Dec  4 19:16:15 2017
[verbose]: Cleared all HPV Players
Mon Dec  4 19:16:15 2017
[verbose]: Deleted GPU resources
Mon Dec  4 19:17:26 2017
[verbose]: Loaded file '1.hpv' [dims: 3840x2160 | fps: 25 | frames: 2678 | type: DXT1 (no ALPHA) | version: 6]
Mon Dec  4 19:17:26 2017
[verbose]: Loaded file '2.hpv' [dims: 3840x2160 | fps: 25 | frames: 873 | type: DXT1 (no ALPHA) | version: 6]
Mon Dec  4 19:17:26 2017
[verbose]: Loaded file '3.hpv' [dims: 3840x2160 | fps: 25 | frames: 878 | type: DXT1 (no ALPHA) | version: 6]
Mon Dec  4 19:17:50 2017
[verbose]: Closed HPV worker thread for 1.hpv
Mon Dec  4 19:17:50 2017
[verbose]: Closed HPV worker thread for 2.hpv
Mon Dec  4 19:17:50 2017
[verbose]: Closed HPV worker thread for 3.hpv
Mon Dec  4 19:17:50 2017
[verbose]: ~HPVPLayer
Mon Dec  4 19:17:50 2017
[verbose]: ~HPVPLayer
Mon Dec  4 19:17:50 2017
[verbose]: ~HPVPLayer
Mon Dec  4 19:17:50 2017
[verbose]: Cleared all HPV Players
Mon Dec  4 19:17:50 2017
[verbose]: Deleted GPU resources
Mon Dec  4 19:17:53 2017
[verbose]: Loaded file '1.hpv' [dims: 3840x2160 | fps: 25 | frames: 2678 | type: DXT1 (no ALPHA) | version: 6]
Mon Dec  4 19:17:53 2017
[verbose]: Loaded file '2.hpv' [dims: 3840x2160 | fps: 25 | frames: 873 | type: DXT1 (no ALPHA) | version: 6]
Mon Dec  4 19:17:53 2017
[verbose]: Loaded file '3.hpv' [dims: 3840x2160 | fps: 25 | frames: 878 | type: DXT1 (no ALPHA) | version: 6]
Mon Dec  4 19:17:54 2017
[verbose]: Closed HPV worker thread for 1.hpv
Mon Dec  4 19:17:54 2017
[verbose]: Closed HPV worker thread for 2.hpv
Mon Dec  4 19:17:54 2017
[verbose]: Closed HPV worker thread for 3.hpv
Mon Dec  4 19:17:54 2017
[verbose]: Cleared all HPV Players
Mon Dec  4 19:17:54 2017
[verbose]: ~HPVPLayer
Mon Dec  4 19:17:54 2017
[verbose]: ~HPVPLayer
Mon Dec  4 19:17:54 2017
[verbose]: ~HPVPLayer
Mon Dec  4 19:17:54 2017
[verbose]: Deleted GPU resources
Mon Dec  4 19:18:40 2017
[verbose]: Loaded file '1.hpv' [dims: 3840x2160 | fps: 25 | frames: 2678 | type: DXT1 (no ALPHA) | version: 6]
Mon Dec  4 19:18:40 2017
[verbose]: Loaded file '2.hpv' [dims: 3840x2160 | fps: 25 | frames: 873 | type: DXT1 (no ALPHA) | version: 6]
Mon Dec  4 19:18:40 2017
[verbose]: Loaded file '3.hpv' [dims: 3840x2160 | fps: 25 | frames: 878 | type: DXT1 (no ALPHA) | version: 6]
Mon Dec  4 19:19:40 2017
[verbose]: Closed HPV worker thread for 1.hpv
Mon Dec  4 19:19:40 2017
[verbose]: Closed HPV worker thread for 2.hpv
Mon Dec  4 19:19:40 2017
[verbose]: Closed HPV worker thread for 3.hpv
Mon Dec  4 19:19:40 2017
[verbose]: ~HPVPLayer
Mon Dec  4 19:19:40 2017
[verbose]: ~HPVPLayer
Mon Dec  4 19:19:40 2017
[verbose]: ~HPVPLayer
Mon Dec  4 19:19:40 2017
[verbose]: Cleared all HPV Players
Mon Dec  4 19:19:40 2017
[verbose]: Deleted GPU resources
Mon Dec  4 19:19:43 2017
[verbose]: Loaded file '1.hpv' [dims: 3840x2160 | fps: 25 | frames: 2678 | type: DXT1 (no ALPHA) | version: 6]
Mon Dec  4 19:19:43 2017
[verbose]: Loaded file '2.hpv' [dims: 3840x2160 | fps: 25 | frames: 873 | type: DXT1 (no ALPHA) | version: 6]
Mon Dec  4 19:19:43 2017
[verbose]: Loaded file '3.hpv' [dims: 3840x2160 | fps: 25 | frames: 878 | type: DXT1 (no ALPHA) | version: 6]
Mon Dec  4 19:19:47 2017
[verbose]: Closed HPV worker thread for 1.hpv
Mon Dec  4 19:19:47 2017
[verbose]: Closed HPV worker thread for 2.hpv
Mon Dec  4 19:19:47 2017
[verbose]: Closed HPV worker thread for 3.hpv
Mon Dec  4 19:19:47 2017
[verbose]: Cleared all HPV Players
Mon Dec  4 19:19:47 2017
[verbose]: ~HPVPLayer
Mon Dec  4 19:19:47 2017
[verbose]: ~HPVPLayer
Mon Dec  4 19:19:47 2017
[verbose]: ~HPVPLayer
Mon Dec  4 19:19:47 2017
[verbose]: Deleted GPU resources
Mon Dec  4 19:20:05 2017
[verbose]: Loaded file '1.hpv' [dims: 3840x2160 | fps: 25 | frames: 2678 | type: DXT1 (no ALPHA) | version: 6]
Mon Dec  4 19:20:05 2017
[verbose]: Loaded file '2.hpv' [dims: 3840x2160 | fps: 25 | frames: 873 | type: DXT1 (no ALPHA) | version: 6]
Mon Dec  4 19:20:05 2017
[verbose]: Loaded file '3.hpv' [dims: 3840x2160 | fps: 25 | frames: 878 | type: DXT1 (no ALPHA) | version: 6]
Mon Dec  4 19:27:35 2017
[verbose]: Closed HPV worker thread for 1.hpv
Mon Dec  4 19:27:35 2017
[verbose]: Closed HPV worker thread for 2.hpv
Mon Dec  4 19:27:35 2017
[verbose]: Closed HPV worker thread for 3.hpv
Mon Dec  4 19:27:35 2017
[verbose]: Cleared all HPV Players
Mon Dec  4 19:27:35 2017
[verbose]: ~HPVPLayer
Mon Dec  4 19:27:35 2017
[verbose]: ~HPVPLayer
Mon Dec  4 19:27:35 2017
[verbose]: ~HPVPLayer
Mon Dec  4 19:27:35 2017
[verbose]: Deleted GPU resources
Mon Dec  4 19:27:48 2017
[verbose]: Loaded file '1.hpv' [dims: 3840x2160 | fps: 25 | frames: 2678 | type: DXT1 (no ALPHA) | version: 6]
Mon Dec  4 19:27:48 2017
[verbose]: Loaded file '2.hpv' [dims: 3840x2160 | fps: 25 | frames: 873 | type: DXT1 (no ALPHA) | version: 6]
Mon Dec  4 19:27:48 2017
[verbose]: Loaded file '3.hpv' [dims: 3840x2160 | fps: 25 | frames: 878 | type: DXT1 (no ALPHA) | version: 6]
Mon Dec  4 19:28:27 2017
[verbose]: Closed HPV worker thread for 1.hpv
Mon Dec  4 19:28:27 2017
[verbose]: Closed HPV worker thread for 2.hpv
Mon Dec  4 19:28:27 2017
[verbose]: Closed HPV worker thread for 3.hpv
Mon Dec  4 19:28:27 2017
[verbose]: Cleared all HPV Players
Mon Dec  4 19:28:27 2017
[verbose]: ~HPVPLayer
Mon Dec  4 19:28:27 2017
[verbose]: ~HPVPLayer
Mon Dec  4 19:28:27 2017
[verbose]: ~HPVPLayer
Mon Dec  4 19:28:27 2017
[verbose]: Deleted GPU resources
Mon Dec  4 19:29:17 2017
[verbose]: Loaded file '1.hpv' [dims: 3840x2160 | fps: 25 | frames: 2678 | type: DXT1 (no ALPHA) | version: 6]
Mon Dec  4 19:29:17 2017
[verbose]: Loaded file '2.hpv' [dims: 3840x2160 | fps: 25 | frames: 873 | type: DXT1 (no ALPHA) | version: 6]
Mon Dec  4 19:29:17 2017
[verbose]: Loaded file '3.hpv' [dims: 3840x2160 | fps: 25 | frames: 878 | type: DXT1 (no ALPHA) | version: 6]
Mon Dec  4 19:29:25 2017
[verbose]: Closed HPV worker thread for 1.hpv
Mon Dec  4 19:29:25 2017
[verbose]: Closed HPV worker thread for 2.hpv
Mon Dec  4 19:29:25 2017
[verbose]: Closed HPV worker thread for 3.hpv
Mon Dec  4 19:29:25 2017
[verbose]: Cleared all HPV Players
Mon Dec  4 19:29:25 2017
[verbose]: ~HPVPLayer
Mon Dec  4 19:29:25 2017
[verbose]: ~HPVPLayer
Mon Dec  4 19:29:25 2017
[verbose]: ~HPVPLayer
Mon Dec  4 19:29:25 2017
[verbose]: Deleted GPU resources
Mon Dec  4 19:29:28 2017
[verbose]: Loaded file '1.hpv' [dims: 3840x2160 | fps: 25 | frames: 2678 | type: DXT1 (no ALPHA) | version: 6]
Mon Dec  4 19:29:28 2017
[verbose]: Loaded file '2.hpv' [dims: 3840x2160 | fps: 25 | frames: 873 | type: DXT1 (no ALPHA) | version: 6]
Mon Dec  4 19:29:28 2017
[verbose]: Loaded file '3.hpv' [dims: 3840x2160 | fps: 25 | frames: 878 | type: DXT1 (no ALPHA) | version: 6]
Mon Dec  4 19:30:04 2017
[verbose]: Closed HPV worker thread for 1.hpv
Mon Dec  4 19:30:04 2017
[verbose]: Closed HPV worker thread for 2.hpv
Mon Dec  4 19:30:04 2017
[verbose]: Closed HPV worker thread for 3.hpv
Mon Dec  4 19:30:04 2017
[verbose]: Cleared all HPV Players
Mon Dec  4 19:30:04 2017
[verbose]: ~HPVPLayer
Mon Dec  4 19:30:04 2017
[verbose]: ~HPVPLayer
Mon Dec  4 19:30:04 2017
[verbose]: ~HPVPLayer
Mon Dec  4 19:30:04 2017
[verbose]: Deleted GPU resources
Mon Dec  4 19:30:07 2017
[verbose]: Loaded file '1.hpv' [dims: 3840x2160 | fps: 25 | frames: 2678 | type: DXT1 (no ALPHA) | version: 6]
Mon Dec  4 19:30:07 2017
[verbose]: Loaded file '2.hpv' [dims: 3840x2160 | fps: 25 | frames: 873 | type: DXT1 (no ALPHA) | version: 6]
Mon Dec  4 19:30:07 2017
[verbose]: Loaded file '3.hpv' [dims: 3840x2160 | fps: 25 | frames: 878 | type: DXT1 (no ALPHA) | version: 6]
Mon Dec  4 19:32:54 2017
[verbose]: Closed HPV worker thread for 1.hpv
Mon Dec  4 19:32:55 2017
[verbose]: Closed HPV worker thread for 2.hpv
Mon Dec  4 19:32:55 2017
[verbose]: Closed HPV worker thread for 3.hpv
Mon Dec  4 19:32:55 2017
[verbose]: Cleared all HPV Players
Mon Dec  4 19:32:55 2017
[verbose]: ~HPVPLayer
Mon Dec  4 19:32:55 2017
[verbose]: ~HPVPLayer
Mon Dec  4 19:32:55 2017
[verbose]: ~HPVPLayer
Mon Dec  4 19:32:55 2017
[verbose]: Deleted GPU resources
Mon Dec  4 19:32:56 2017
[verbose]: Loaded file '1.hpv' [dims: 3840x2160 | fps: 25 | frames: 2678 | type: DXT1 (no ALPHA) | version: 6]
Mon Dec  4 19:32:56 2017
[verbose]: Loaded file '2.hpv' [dims: 3840x2160 | fps: 25 | frames: 873 | type: DXT1 (no ALPHA) | version: 6]
Mon Dec  4 19:32:56 2017
[verbose]: Loaded file '3.hpv' [dims: 3840x2160 | fps: 25 | frames: 878 | type: DXT1 (no ALPHA) | version: 6]
Mon Dec  4 19:32:59 2017
[verbose]: Closed HPV worker thread for 1.hpv
Mon Dec  4 19:32:59 2017
[verbose]: Closed HPV worker thread for 2.hpv
Mon Dec  4 19:32:59 2017
[verbose]: Closed HPV worker thread for 3.hpv
Mon Dec  4 19:32:59 2017
[verbose]: Cleared all HPV Players
Mon Dec  4 19:32:59 2017
[verbose]: ~HPVPLayer
Mon Dec  4 19:32:59 2017
[verbose]: ~HPVPLayer
Mon Dec  4 19:32:59 2017
[verbose]: ~HPVPLayer
Mon Dec  4 19:32:59 2017
[verbose]: Deleted GPU resources
Mon Dec  4 19:47:29 2017
[verbose]: Loaded file '1.hpv' [dims: 3840x2160 | fps: 25 | frames: 2678 | type: DXT1 (no ALPHA) | version: 6]
Mon Dec  4 19:47:29 2017
[verbose]: Loaded file '2.hpv' [dims: 3840x2160 | fps: 25 | frames: 873 | type: DXT1 (no ALPHA) | version: 6]
Mon Dec  4 19:47:29 2017
[verbose]: Loaded file '3.hpv' [dims: 3840x2160 | fps: 25 | frames: 878 | type: DXT1 (no ALPHA) | version: 6]
Mon Dec  4 19:47:31 2017
[verbose]: Closed HPV worker thread for 1.hpv
Mon Dec  4 19:47:31 2017
[verbose]: Closed HPV worker thread for 2.hpv
Mon Dec  4 19:47:31 2017
[verbose]: Closed HPV worker thread for 3.hpv
Mon Dec  4 19:47:31 2017
[verbose]: Cleared all HPV Players
Mon Dec  4 19:47:31 2017
[verbose]: ~HPVPLayer
Mon Dec  4 19:47:31 2017
[verbose]: ~HPVPLayer
Mon Dec  4 19:47:31 2017
[verbose]: ~HPVPLayer
Mon Dec  4 19:47:31 2017
[verbose]: Deleted GPU resources
Mon Dec  4 19:48:42 2017
[verbose]: Loaded file '1.hpv' [dims: 3840x2160 | fps: 25 | frames: 2678 | type: DXT1 (no ALPHA) | version: 6]
Mon Dec  4 19:48:42 2017
[verbose]: Loaded file '2.hpv' [dims: 3840x2160 | fps: 25 | frames: 873 | type: DXT1 (no ALPHA) | version: 6]
Mon Dec  4 19:48:42 2017
[verbose]: Loaded file '3.hpv' [dims: 3840x2160 | fps: 25 | frames: 878 | type: DXT1 (no ALPHA) | version: 6]
Mon Dec  4 19:48:43 2017
[verbose]: Closed HPV worker thread for 1.hpv
Mon Dec  4 19:48:43 2017
[verbose]: Closed HPV worker thread for 2.hpv
Mon Dec  4 19:48:43 2017
[verbose]: Closed HPV worker thread for 3.hpv
Mon Dec  4 19:48:43 2017
[verbose]: Cleared all HPV Players
Mon Dec  4 19:48:43 2017
[verbose]: ~HPVPLayer
Mon Dec  4 19:48:43 2017
[verbose]: ~HPVPLayer
Mon Dec  4 19:48:43 2017
[verbose]: ~HPVPLayer
Mon Dec  4 19:48:43 2017
[verbose]: Deleted GPU resources
Mon Dec  4 19:52:37 2017
[verbose]: Loaded file '1.hpv' [dims: 3840x2160 | fps: 25 | frames: 2678 | type: DXT1 (no ALPHA) | version: 6]
Mon Dec  4 19:52:37 2017
[verbose]: Loaded file '2.hpv' [dims: 3840x2160 | fps: 25 | frames: 873 | type: DXT1 (no ALPHA) | version: 6]
Mon Dec  4 19:52:37 2017
[verbose]: Loaded file '3.hpv' [dims: 3840x2160 | fps: 25 | frames: 878 | type: DXT1 (no ALPHA) | version: 6]
Mon Dec  4 19:53:42 2017
[verbose]: Closed HPV worker thread for 1.hpv
Mon Dec  4 19:53:42 2017
[verbose]: Closed HPV worker thread for 2.hpv
Mon Dec  4 19:53:42 2017
[verbose]: Closed HPV worker thread for 3.hpv
Mon Dec  4 19:53:42 2017
[verbose]: Cleared all HPV Players
Mon Dec  4 19:53:42 2017
[verbose]: ~HPVPLayer
Mon Dec  4 19:53:42 2017
[verbose]: ~HPVPLayer
Mon Dec  4 19:53:42 2017
[verbose]: ~HPVPLayer
Mon Dec  4 19:53:42 2017
[verbose]: Deleted GPU resources
Mon Dec  4 19:54:24 2017
[verbose]: Loaded file '1.hpv' [dims: 3840x2160 | fps: 25 | frames: 2678 | type: DXT1 (no ALPHA) | version: 6]
Mon Dec  4 19:54:24 2017
[verbose]: Loaded file '2.hpv' [dims: 3840x2160 | fps: 25 | frames: 873 | type: DXT1 (no ALPHA) | version: 6]
Mon Dec  4 19:54:24 2017
[verbose]: Loaded file '3.hpv' [dims: 3840x2160 | fps: 25 | frames: 878 | type: DXT1 (no ALPHA) | version: 6]
Mon Dec  4 19:56:28 2017
[verbose]: Closed HPV worker thread for 1.hpv
Mon Dec  4 19:56:28 2017
[verbose]: Closed HPV worker thread for 2.hpv
Mon Dec  4 19:56:28 2017
[verbose]: Closed HPV worker thread for 3.hpv
Mon Dec  4 19:56:28 2017
[verbose]: Cleared all HPV Players
Mon Dec  4 19:56:28 2017
[verbose]: ~HPVPLayer
Mon Dec  4 19:56:28 2017
[verbose]: ~HPVPLayer
Mon Dec  4 19:56:28 2017
[verbose]: ~HPVPLayer
Mon Dec  4 19:56:28 2017
[verbose]: Deleted GPU resources
Mon Dec  4 19:56:47 2017
[verbose]: Loaded file '1.hpv' [dims: 3840x2160 | fps: 25 | frames: 2678 | type: DXT1 (no ALPHA) | version: 6]
Mon Dec  4 19:56:47 2017
[verbose]: Loaded file '2.hpv' [dims: 3840x2160 | fps: 25 | frames: 873 | type: DXT1 (no ALPHA) | version: 6]
Mon Dec  4 19:56:47 2017
[verbose]: Loaded file '3.hpv' [dims: 3840x2160 | fps: 25 | frames: 878 | type: DXT1 (no ALPHA) | version: 6]
Mon Dec  4 19:58:38 2017
[verbose]: Closed HPV worker thread for 1.hpv
Mon Dec  4 19:58:38 2017
[verbose]: Closed HPV worker thread for 2.hpv
Mon Dec  4 19:58:38 2017
[verbose]: Closed HPV worker thread for 3.hpv
Mon Dec  4 19:58:38 2017
[verbose]: Cleared all HPV Players
Mon Dec  4 19:58:38 2017
[verbose]: ~HPVPLayer
Mon Dec  4 19:58:38 2017
[verbose]: ~HPVPLayer
Mon Dec  4 19:58:38 2017
[verbose]: ~HPVPLayer
Mon Dec  4 19:58:38 2017
[verbose]: Deleted GPU resources
Mon Dec  4 20:03:18 2017
[verbose]: Loaded file '1.hpv' [dims: 3840x2160 | fps: 25 | frames: 2678 | type: DXT1 (no ALPHA) | version: 6]
Mon Dec  4 20:03:18 2017
[verbose]: Loaded file '2.hpv' [dims: 3840x2160 | fps: 25 | frames: 873 | type: DXT1 (no ALPHA) | version: 6]
Mon Dec  4 20:03:18 2017
[verbose]: Loaded file '3.hpv' [dims: 3840x2160 | fps: 25 | frames: 878 | type: DXT1 (no ALPHA) | version: 6]
Mon Dec  4 20:06:05 2017
[verbose]: Closed HPV worker thread for 1.hpv
Mon Dec  4 20:06:05 2017
[verbose]: Closed HPV worker thread for 2.hpv
Mon Dec  4 20:06:05 2017
[verbose]: Closed HPV worker thread for 3.hpv
Mon Dec  4 20:06:05 2017
[verbose]: Cleared all HPV Players
Mon Dec  4 20:06:05 2017
[verbose]: ~HPVPLayer
Mon Dec  4 20:06:05 2017
[verbose]: ~HPVPLayer
Mon Dec  4 20:06:05 2017
[verbose]: ~HPVPLayer
Mon Dec  4 20:06:05 2017
[verbose]: Deleted GPU resources
Mon Dec  4 20:06:58 2017
[verbose]: Loaded file '1.hpv' [dims: 3840x2160 | fps: 25 | frames: 2678 | type: DXT1 (no ALPHA) | version: 6]
Mon Dec  4 20:06:58 2017
[verbose]: Loaded file '2.hpv' [dims: 3840x2160 | fps: 25 | frames: 873 | type: DXT1 (no ALPHA) | version: 6]
Mon Dec  4 20:06:58 2017
[verbose]: Loaded file '3.hpv' [dims: 3840x2160 | fps: 25 | frames: 878 | type: DXT1 (no ALPHA) | version: 6]
Mon Dec  4 20:11:23 2017
[verbose]: Closed HPV worker thread for 1.hpv
Mon Dec  4 20:11:23 2017
[verbose]: Closed HPV worker thread for 2.hpv
Mon Dec  4 20:11:23 2017
[verbose]: Closed HPV worker thread for 3.hpv
Mon Dec  4 20:11:23 2017
[verbose]: Cleared all HPV Players
Mon Dec  4 20:11:23 2017
[verbose]: ~HPVPLayer
Mon Dec  4 20:11:23 2017
[verbose]: ~HPVPLayer
Mon Dec  4 20:11:23 2017
[verbose]: ~HPVPLayer
Mon Dec  4 20:11:23 2017
[verbose]: Deleted GPU resources
Mon Dec  4 20:12:20 2017
[verbose]: Loaded file '1.hpv' [dims: 3840x2160 | fps: 25 | frames: 2678 | type: DXT1 (no ALPHA) | version: 6]
Mon Dec  4 20:12:20 2017
[verbose]: Loaded file '2.hpv' [dims: 3840x2160 | fps: 25 | frames: 873 | type: DXT1 (no ALPHA) | version: 6]
Mon Dec  4 20:12:20 2017
[verbose]: Loaded file '3.hpv' [dims: 3840x2160 | fps: 25 | frames: 878 | type: DXT1 (no ALPHA) | version: 6]
Mon Dec  4 20:12:49 2017
[verbose]: Closed HPV worker thread for 1.hpv
Mon Dec  4 20:12:50 2017
[verbose]: Closed HPV worker thread for 2.hpv
Mon Dec  4 20:12:50 2017
[verbose]: Closed HPV worker thread for 3.hpv
Mon Dec  4 20:12:50 2017
[verbose]: Cleared all HPV Players
Mon Dec  4 20:12:50 2017
[verbose]: ~HPVPLayer
Mon Dec  4 20:12:50 2017
[verbose]: ~HPVPLayer
Mon Dec  4 20:12:50 2017
[verbose]: ~HPVPLayer
Mon Dec  4 20:12:50 2017
[verbose]: Deleted GPU resources
Mon Dec  4 20:12:51 2017
[verbose]: Loaded file '1.hpv' [dims: 3840x2160 | fps: 25 | frames: 2678 | type: DXT1 (no ALPHA) | version: 6]
Mon Dec  4 20:12:51 2017
[verbose]: Loaded file '2.hpv' [dims: 3840x2160 | fps: 25 | frames: 873 | type: DXT1 (no ALPHA) | version: 6]
Mon Dec  4 20:12:51 2017
[verbose]: Loaded file '3.hpv' [dims: 3840x2160 | fps: 25 | frames: 878 | type: DXT1 (no ALPHA) | version: 6]
Mon Dec  4 20:14:46 2017
[verbose]: Closed HPV worker thread for 1.hpv
Mon Dec  4 20:14:46 2017
[verbose]: Closed HPV worker thread for 2.hpv
Mon Dec  4 20:14:46 2017
[verbose]: Closed HPV worker thread for 3.hpv
Mon Dec  4 20:14:46 2017
[verbose]: Cleared all HPV Players
Mon Dec  4 20:14:46 2017
[verbose]: ~HPVPLayer
Mon Dec  4 20:14:46 2017
[verbose]: ~HPVPLayer
Mon Dec  4 20:14:46 2017
[verbose]: ~HPVPLayer
Mon Dec  4 20:14:46 2017
[verbose]: Deleted GPU resources
Mon Dec  4 20:16:16 2017
[verbose]: Loaded file '1.hpv' [dims: 3840x2160 | fps: 25 | frames: 2678 | type: DXT1 (no ALPHA) | version: 6]
Mon Dec  4 20:16:16 2017
[verbose]: Loaded file '2.hpv' [dims: 3840x2160 | fps: 25 | frames: 873 | type: DXT1 (no ALPHA) | version: 6]
Mon Dec  4 20:16:16 2017
[verbose]: Loaded file '3.hpv' [dims: 3840x2160 | fps: 25 | frames: 878 | type: DXT1 (no ALPHA) | version: 6]
Mon Dec  4 20:23:39 2017
[verbose]: Closed HPV worker thread for 1.hpv
Mon Dec  4 20:23:39 2017
[verbose]: Closed HPV worker thread for 2.hpv
Mon Dec  4 20:23:40 2017
[verbose]: Closed HPV worker thread for 3.hpv
Mon Dec  4 20:23:40 2017
[verbose]: Cleared all HPV Players
Mon Dec  4 20:23:40 2017
[verbose]: ~HPVPLayer
Mon Dec  4 20:23:40 2017
[verbose]: ~HPVPLayer
Mon Dec  4 20:23:40 2017
[verbose]: ~HPVPLayer
Mon Dec  4 20:23:40 2017
[verbose]: Deleted GPU resources
Mon Dec  4 20:23:42 2017
[verbose]: Loaded file '1.hpv' [dims: 3840x2160 | fps: 25 | frames: 2678 | type: DXT1 (no ALPHA) | version: 6]
Mon Dec  4 20:23:42 2017
[verbose]: Loaded file '2.hpv' [dims: 3840x2160 | fps: 25 | frames: 873 | type: DXT1 (no ALPHA) | version: 6]
Mon Dec  4 20:23:42 2017
[verbose]: Loaded file '3.hpv' [dims: 3840x2160 | fps: 25 | frames: 878 | type: DXT1 (no ALPHA) | version: 6]
Mon Dec  4 20:24:48 2017
[verbose]: Closed HPV worker thread for 1.hpv
Mon Dec  4 20:24:48 2017
[verbose]: Closed HPV worker thread for 2.hpv
Mon Dec  4 20:24:48 2017
[verbose]: Closed HPV worker thread for 3.hpv
Mon Dec  4 20:24:48 2017
[verbose]: Cleared all HPV Players
Mon Dec  4 20:24:48 2017
[verbose]: ~HPVPLayer
Mon Dec  4 20:24:48 2017
[verbose]: ~HPVPLayer
Mon Dec  4 20:24:48 2017
[verbose]: ~HPVPLayer
Mon Dec  4 20:24:48 2017
[verbose]: Deleted GPU resources
Mon Dec  4 20:25:13 2017
[verbose]: Loaded file '1.hpv' [dims: 3840x2160 | fps: 25 | frames: 2678 | type: DXT1 (no ALPHA) | version: 6]
Mon Dec  4 20:25:13 2017
[verbose]: Loaded file '2.hpv' [dims: 3840x2160 | fps: 25 | frames: 873 | type: DXT1 (no ALPHA) | version: 6]
Mon Dec  4 20:25:13 2017
[verbose]: Loaded file '3.hpv' [dims: 3840x2160 | fps: 25 | frames: 878 | type: DXT1 (no ALPHA) | version: 6]
Mon Dec  4 20:25:23 2017
[verbose]: Closed HPV worker thread for 1.hpv
Mon Dec  4 20:25:23 2017
[verbose]: Closed HPV worker thread for 2.hpv
Mon Dec  4 20:25:23 2017
[verbose]: Closed HPV worker thread for 3.hpv
Mon Dec  4 20:25:23 2017
[verbose]: Cleared all HPV Players
Mon Dec  4 20:25:23 2017
[verbose]: ~HPVPLayer
Mon Dec  4 20:25:23 2017
[verbose]: ~HPVPLayer
Mon Dec  4 20:25:23 2017
[verbose]: ~HPVPLayer
Mon Dec  4 20:25:23 2017
[verbose]: Deleted GPU resources
Mon Dec  4 20:25:57 2017
[verbose]: Loaded file '1.hpv' [dims: 3840x2160 | fps: 25 | frames: 2678 | type: DXT1 (no ALPHA) | version: 6]
Mon Dec  4 20:25:57 2017
[verbose]: Loaded file '2.hpv' [dims: 3840x2160 | fps: 25 | frames: 873 | type: DXT1 (no ALPHA) | version: 6]
Mon Dec  4 20:25:57 2017
[verbose]: Loaded file '3.hpv' [dims: 3840x2160 | fps: 25 | frames: 878 | type: DXT1 (no ALPHA) | version: 6]
Mon Dec  4 20:26:49 2017
[verbose]: Closed HPV worker thread for 1.hpv
Mon Dec  4 20:26:49 2017
[verbose]: Closed HPV worker thread for 2.hpv
Mon Dec  4 20:26:49 2017
[verbose]: Closed HPV worker thread for 3.hpv
Mon Dec  4 20:26:49 2017
[verbose]: Cleared all HPV Players
Mon Dec  4 20:26:49 2017
[verbose]: ~HPVPLayer
Mon Dec  4 20:26:49 2017
[verbose]: ~HPVPLayer
Mon Dec  4 20:26:49 2017
[verbose]: ~HPVPLayer
Mon Dec  4 20:26:49 2017
[verbose]: Deleted GPU resources
Mon Dec  4 20:27:09 2017
[verbose]: Loaded file '1.hpv' [dims: 3840x2160 | fps: 25 | frames: 2678 | type: DXT1 (no ALPHA) | version: 6]
Mon Dec  4 20:27:09 2017
[verbose]: Loaded file '2.hpv' [dims: 3840x2160 | fps: 25 | frames: 873 | type: DXT1 (no ALPHA) | version: 6]
Mon Dec  4 20:27:09 2017
[verbose]: Loaded file '3.hpv' [dims: 3840x2160 | fps: 25 | frames: 878 | type: DXT1 (no ALPHA) | version: 6]
Mon Dec  4 20:28:12 2017
[verbose]: Closed HPV worker thread for 1.hpv
Mon Dec  4 20:28:12 2017
[verbose]: Closed HPV worker thread for 2.hpv
Mon Dec  4 20:28:12 2017
[verbose]: Closed HPV worker thread for 3.hpv
Mon Dec  4 20:28:12 2017
[verbose]: Cleared all HPV Players
Mon Dec  4 20:28:12 2017
[verbose]: ~HPVPLayer
Mon Dec  4 20:28:12 2017
[verbose]: ~HPVPLayer
Mon Dec  4 20:28:12 2017
[verbose]: ~HPVPLayer
Mon Dec  4 20:28:12 2017
[verbose]: Deleted GPU resources
Mon Dec  4 20:34:36 2017
[verbose]: Loaded file '1.hpv' [dims: 3840x2160 | fps: 25 | frames: 2678 | type: DXT1 (no ALPHA) | version: 6]
Mon Dec  4 20:34:36 2017
[verbose]: Loaded file '2.hpv' [dims: 3840x2160 | fps: 25 | frames: 873 | type: DXT1 (no ALPHA) | version: 6]
Mon Dec  4 20:34:36 2017
[verbose]: Loaded file '3.hpv' [dims: 3840x2160 | fps: 25 | frames: 878 | type: DXT1 (no ALPHA) | version: 6]
Mon Dec  4 20:37:46 2017
[verbose]: Closed HPV worker thread for 1.hpv
Mon Dec  4 20:37:46 2017
[verbose]: Closed HPV worker thread for 2.hpv
Mon Dec  4 20:37:46 2017
[verbose]: Closed HPV worker thread for 3.hpv
Mon Dec  4 20:37:46 2017
[verbose]: Cleared all HPV Players
Mon Dec  4 20:37:46 2017
[verbose]: ~HPVPLayer
Mon Dec  4 20:37:46 2017
[verbose]: ~HPVPLayer
Mon Dec  4 20:37:46 2017
[verbose]: ~HPVPLayer
Mon Dec  4 20:37:46 2017
[verbose]: Deleted GPU resources
Mon Dec  4 20:37:49 2017
[verbose]: Loaded file '1.hpv' [dims: 3840x2160 | fps: 25 | frames: 2678 | type: DXT1 (no ALPHA) | version: 6]
Mon Dec  4 20:37:49 2017
[verbose]: Loaded file '2.hpv' [dims: 3840x2160 | fps: 25 | frames: 873 | type: DXT1 (no ALPHA) | version: 6]
Mon Dec  4 20:37:49 2017
[verbose]: Loaded file '3.hpv' [dims: 3840x2160 | fps: 25 | frames: 878 | type: DXT1 (no ALPHA) | version: 6]
Mon Dec  4 20:38:41 2017
[verbose]: Closed HPV worker thread for 1.hpv
Mon Dec  4 20:38:41 2017
[verbose]: Closed HPV worker thread for 2.hpv
Mon Dec  4 20:38:41 2017
[verbose]: Closed HPV worker thread for 3.hpv
Mon Dec  4 20:38:41 2017
[verbose]: Cleared all HPV Players
Mon Dec  4 20:38:41 2017
[verbose]: ~HPVPLayer
Mon Dec  4 20:38:41 2017
[verbose]: ~HPVPLayer
Mon Dec  4 20:38:41 2017
[verbose]: ~HPVPLayer
Mon Dec  4 20:38:41 2017
[verbose]: Deleted GPU resources
Mon Dec  4 20:38:43 2017
[verbose]: Loaded file '1.hpv' [dims: 3840x2160 | fps: 25 | frames: 2678 | type: DXT1 (no ALPHA) | version: 6]
Mon Dec  4 20:38:43 2017
[verbose]: Loaded file '2.hpv' [dims: 3840x2160 | fps: 25 | frames: 873 | type: DXT1 (no ALPHA) | version: 6]
Mon Dec  4 20:38:43 2017
[verbose]: Loaded file '3.hpv' [dims: 3840x2160 | fps: 25 | frames: 878 | type: DXT1 (no ALPHA) | version: 6]
Mon Dec  4 20:43:03 2017
[verbose]: Closed HPV worker thread for 1.hpv
Mon Dec  4 20:43:03 2017
[verbose]: Closed HPV worker thread for 2.hpv
Mon Dec  4 20:43:03 2017
[verbose]: Closed HPV worker thread for 3.hpv
Mon Dec  4 20:43:03 2017
[verbose]: Cleared all HPV Players
Mon Dec  4 20:43:03 2017
[verbose]: ~HPVPLayer
Mon Dec  4 20:43:03 2017
[verbose]: ~HPVPLayer
Mon Dec  4 20:43:03 2017
[verbose]: ~HPVPLayer
Mon Dec  4 20:43:03 2017
[verbose]: Deleted GPU resources
Mon Dec  4 20:43:10 2017
[verbose]: Loaded file '1.hpv' [dims: 3840x2160 | fps: 25 | frames: 2678 | type: DXT1 (no ALPHA) | version: 6]
Mon Dec  4 20:43:10 2017
[verbose]: Loaded file '2.hpv' [dims: 3840x2160 | fps: 25 | frames: 873 | type: DXT1 (no ALPHA) | version: 6]
Mon Dec  4 20:43:10 2017
[verbose]: Loaded file '3.hpv' [dims: 3840x2160 | fps: 25 | frames: 878 | type: DXT1 (no ALPHA) | version: 6]
Mon Dec  4 20:43:19 2017
[verbose]: Closed HPV worker thread for 1.hpv
Mon Dec  4 20:43:19 2017
[verbose]: Closed HPV worker thread for 2.hpv
Mon Dec  4 20:43:19 2017
[verbose]: Closed HPV worker thread for 3.hpv
Mon Dec  4 20:43:19 2017
[verbose]: Cleared all HPV Players
Mon Dec  4 20:43:19 2017
[verbose]: ~HPVPLayer
Mon Dec  4 20:43:19 2017
[verbose]: ~HPVPLayer
Mon Dec  4 20:43:19 2017
[verbose]: ~HPVPLayer
Mon Dec  4 20:43:19 2017
[verbose]: Deleted GPU resources
Mon Dec  4 20:43:29 2017
[verbose]: Loaded file '1.hpv' [dims: 3840x2160 | fps: 25 | frames: 2678 | type: DXT1 (no ALPHA) | version: 6]
Mon Dec  4 20:43:29 2017
[verbose]: Loaded file '2.hpv' [dims: 3840x2160 | fps: 25 | frames: 873 | type: DXT1 (no ALPHA) | version: 6]
Mon Dec  4 20:43:29 2017
[verbose]: Loaded file '3.hpv' [dims: 3840x2160 | fps: 25 | frames: 878 | type: DXT1 (no ALPHA) | version: 6]
Mon Dec  4 20:43:34 2017
[verbose]: Closed HPV worker thread for 1.hpv
Mon Dec  4 20:43:34 2017
[verbose]: Closed HPV worker thread for 2.hpv
Mon Dec  4 20:43:34 2017
[verbose]: Closed HPV worker thread for 3.hpv
Mon Dec  4 20:43:34 2017
[verbose]: Cleared all HPV Players
Mon Dec  4 20:43:34 2017
[verbose]: ~HPVPLayer
Mon Dec  4 20:43:34 2017
[verbose]: ~HPVPLayer
Mon Dec  4 20:43:34 2017
[verbose]: ~HPVPLayer
Mon Dec  4 20:43:34 2017
[verbose]: Deleted GPU resources
Mon Dec  4 20:43:41 2017
[verbose]: Loaded file '1.hpv' [dims: 3840x2160 | fps: 25 | frames: 2678 | type: DXT1 (no ALPHA) | version: 6]
Mon Dec  4 20:43:41 2017
[verbose]: Loaded file '2.hpv' [dims: 3840x2160 | fps: 25 | frames: 873 | type: DXT1 (no ALPHA) | version: 6]
Mon Dec  4 20:43:41 2017
[verbose]: Loaded file '3.hpv' [dims: 3840x2160 | fps: 25 | frames: 878 | type: DXT1 (no ALPHA) | version: 6]
Mon Dec  4 20:44:12 2017
[verbose]: Closed HPV worker thread for 1.hpv
Mon Dec  4 20:44:12 2017
[verbose]: Closed HPV worker thread for 2.hpv
Mon Dec  4 20:44:12 2017
[verbose]: Closed HPV worker thread for 3.hpv
Mon Dec  4 20:44:12 2017
[verbose]: Cleared all HPV Players
Mon Dec  4 20:44:12 2017
[verbose]: ~HPVPLayer
Mon Dec  4 20:44:12 2017
[verbose]: ~HPVPLayer
Mon Dec  4 20:44:12 2017
[verbose]: ~HPVPLayer
Mon Dec  4 20:44:12 2017
[verbose]: Deleted GPU resources
Mon Dec  4 20:44:55 2017
[verbose]: Loaded file '1.hpv' [dims: 3840x2160 | fps: 25 | frames: 2678 | type: DXT1 (no ALPHA) | version: 6]
Mon Dec  4 20:44:55 2017
[verbose]: Loaded file '2.hpv' [dims: 3840x2160 | fps: 25 | frames: 873 | type: DXT1 (no ALPHA) | version: 6]
Mon Dec  4 20:44:55 2017
[verbose]: Loaded file '3.hpv' [dims: 3840x2160 | fps: 25 | frames: 878 | type: DXT1 (no ALPHA) | version: 6]
Mon Dec  4 20:46:59 2017
[verbose]: Closed HPV worker thread for 1.hpv
Mon Dec  4 20:46:59 2017
[verbose]: Closed HPV worker thread for 2.hpv
Mon Dec  4 20:46:59 2017
[verbose]: Closed HPV worker thread for 3.hpv
Mon Dec  4 20:46:59 2017
[verbose]: Cleared all HPV Players
Mon Dec  4 20:46:59 2017
[verbose]: ~HPVPLayer
Mon Dec  4 20:46:59 2017
[verbose]: ~HPVPLayer
Mon Dec  4 20:46:59 2017
[verbose]: ~HPVPLayer
Mon Dec  4 20:46:59 2017
[verbose]: Deleted GPU resources
Mon Dec  4 20:47:44 2017
[verbose]: Loaded file '1.hpv' [dims: 3840x2160 | fps: 25 | frames: 2678 | type: DXT1 (no ALPHA) | version: 6]
Mon Dec  4 20:47:44 2017
[verbose]: Loaded file '2.hpv' [dims: 3840x2160 | fps: 25 | frames: 873 | type: DXT1 (no ALPHA) | version: 6]
Mon Dec  4 20:47:44 2017
[verbose]: Loaded file '3.hpv' [dims: 3840x2160 | fps: 25 | frames: 878 | type: DXT1 (no ALPHA) | version: 6]
Mon Dec  4 20:49:59 2017
[verbose]: Closed HPV worker thread for 1.hpv
Mon Dec  4 20:49:59 2017
[verbose]: Closed HPV worker thread for 2.hpv
Mon Dec  4 20:49:59 2017
[verbose]: Closed HPV worker thread for 3.hpv
Mon Dec  4 20:49:59 2017
[verbose]: Cleared all HPV Players
Mon Dec  4 20:49:59 2017
[verbose]: ~HPVPLayer
Mon Dec  4 20:49:59 2017
[verbose]: ~HPVPLayer
Mon Dec  4 20:49:59 2017
[verbose]: ~HPVPLayer
Mon Dec  4 20:49:59 2017
[verbose]: Deleted GPU resources
Mon Dec  4 20:50:01 2017
[verbose]: Loaded file '1.hpv' [dims: 3840x2160 | fps: 25 | frames: 2678 | type: DXT1 (no ALPHA) | version: 6]
Mon Dec  4 20:50:02 2017
[verbose]: Loaded file '2.hpv' [dims: 3840x2160 | fps: 25 | frames: 873 | type: DXT1 (no ALPHA) | version: 6]
Mon Dec  4 20:50:02 2017
[verbose]: Loaded file '3.hpv' [dims: 3840x2160 | fps: 25 | frames: 878 | type: DXT1 (no ALPHA) | version: 6]
Mon Dec  4 20:50:48 2017
[verbose]: Closed HPV worker thread for 1.hpv
Mon Dec  4 20:50:48 2017
[verbose]: Closed HPV worker thread for 2.hpv
Mon Dec  4 20:50:48 2017
[verbose]: Closed HPV worker thread for 3.hpv
Mon Dec  4 20:50:48 2017
[verbose]: Cleared all HPV Players
Mon Dec  4 20:50:48 2017
[verbose]: ~HPVPLayer
Mon Dec  4 20:50:48 2017
[verbose]: ~HPVPLayer
Mon Dec  4 20:50:48 2017
[verbose]: ~HPVPLayer
Mon Dec  4 20:50:48 2017
[verbose]: Deleted GPU resources
Mon Dec  4 20:50:51 2017
[verbose]: Loaded file '1.hpv' [dims: 3840x2160 | fps: 25 | frames: 2678 | type: DXT1 (no ALPHA) | version: 6]
Mon Dec  4 20:50:51 2017
[verbose]: Loaded file '2.hpv' [dims: 3840x2160 | fps: 25 | frames: 873 | type: DXT1 (no ALPHA) | version: 6]
Mon Dec  4 20:50:51 2017
[verbose]: Loaded file '3.hpv' [dims: 3840x2160 | fps: 25 | frames: 878 | type: DXT1 (no ALPHA) | version: 6]
Mon Dec  4 20:52:03 2017
[verbose]: Closed HPV worker thread for 1.hpv
Mon Dec  4 20:52:03 2017
[verbose]: Closed HPV worker thread for 2.hpv
Mon Dec  4 20:52:03 2017
[verbose]: Closed HPV worker thread for 3.hpv
Mon Dec  4 20:52:03 2017
[verbose]: Cleared all HPV Players
Mon Dec  4 20:52:03 2017
[verbose]: ~HPVPLayer
Mon Dec  4 20:52:03 2017
[verbose]: ~HPVPLayer
Mon Dec  4 20:52:03 2017
[verbose]: ~HPVPLayer
Mon Dec  4 20:52:03 2017
[verbose]: Deleted GPU resources
Mon Dec  4 20:52:45 2017
[verbose]: Loaded file '1.hpv' [dims: 3840x2160 | fps: 25 | frames: 2678 | type: DXT1 (no ALPHA) | version: 6]
Mon Dec  4 20:52:45 2017
[verbose]: Loaded file '2.hpv' [dims: 3840x2160 | fps: 25 | frames: 873 | type: DXT1 (no ALPHA) | version: 6]
Mon Dec  4 20:52:45 2017
[verbose]: Loaded file '3.hpv' [dims: 3840x2160 | fps: 25 | frames: 878 | type: DXT1 (no ALPHA) | version: 6]
Mon Dec  4 20:54:02 2017
[verbose]: Closed HPV worker thread for 1.hpv
Mon Dec  4 20:54:02 2017
[verbose]: Closed HPV worker thread for 2.hpv
Mon Dec  4 20:54:02 2017
[verbose]: Closed HPV worker thread for 3.hpv
Mon Dec  4 20:54:02 2017
[verbose]: Cleared all HPV Players
Mon Dec  4 20:54:02 2017
[verbose]: ~HPVPLayer
Mon Dec  4 20:54:02 2017
[verbose]: ~HPVPLayer
Mon Dec  4 20:54:02 2017
[verbose]: ~HPVPLayer
Mon Dec  4 20:54:02 2017
[verbose]: Deleted GPU resources
Mon Dec  4 20:54:21 2017
[verbose]: Loaded file '1.hpv' [dims: 3840x2160 | fps: 25 | frames: 2678 | type: DXT1 (no ALPHA) | version: 6]
Mon Dec  4 20:54:21 2017
[verbose]: Loaded file '2.hpv' [dims: 3840x2160 | fps: 25 | frames: 873 | type: DXT1 (no ALPHA) | version: 6]
Mon Dec  4 20:54:21 2017
[verbose]: Loaded file '3.hpv' [dims: 3840x2160 | fps: 25 | frames: 878 | type: DXT1 (no ALPHA) | version: 6]
Mon Dec  4 20:58:17 2017
[verbose]: Closed HPV worker thread for 1.hpv
Mon Dec  4 20:58:17 2017
[verbose]: Closed HPV worker thread for 2.hpv
Mon Dec  4 20:58:17 2017
[verbose]: Closed HPV worker thread for 3.hpv
Mon Dec  4 20:58:17 2017
[verbose]: Cleared all HPV Players
Mon Dec  4 20:58:17 2017
[verbose]: ~HPVPLayer
Mon Dec  4 20:58:17 2017
[verbose]: ~HPVPLayer
Mon Dec  4 20:58:17 2017
[verbose]: ~HPVPLayer
Mon Dec  4 20:58:17 2017
[verbose]: Deleted GPU resources
Mon Dec  4 20:59:16 2017
[verbose]: Loaded file '1.hpv' [dims: 3840x2160 | fps: 25 | frames: 2678 | type: DXT1 (no ALPHA) | version: 6]
Mon Dec  4 20:59:16 2017
[verbose]: Loaded file '2.hpv' [dims: 3840x2160 | fps: 25 | frames: 873 | type: DXT1 (no ALPHA) | version: 6]
Mon Dec  4 20:59:16 2017
[verbose]: Loaded file '3.hpv' [dims: 3840x2160 | fps: 25 | frames: 878 | type: DXT1 (no ALPHA) | version: 6]
Mon Dec  4 20:59:30 2017
[verbose]: Closed HPV worker thread for 1.hpv
Mon Dec  4 20:59:30 2017
[verbose]: Closed HPV worker thread for 2.hpv
Mon Dec  4 20:59:30 2017
[verbose]: Closed HPV worker thread for 3.hpv
Mon Dec  4 20:59:30 2017
[verbose]: Cleared all HPV Players
Mon Dec  4 20:59:30 2017
[verbose]: ~HPVPLayer
Mon Dec  4 20:59:30 2017
[verbose]: ~HPVPLayer
Mon Dec  4 20:59:30 2017
[verbose]: ~HPVPLayer
Mon Dec  4 20:59:30 2017
[verbose]: Deleted GPU resources
Mon Dec  4 20:59:33 2017
[verbose]: Loaded file '1.hpv' [dims: 3840x2160 | fps: 25 | frames: 2678 | type: DXT1 (no ALPHA) | version: 6]
Mon Dec  4 20:59:33 2017
[verbose]: Loaded file '2.hpv' [dims: 3840x2160 | fps: 25 | frames: 873 | type: DXT1 (no ALPHA) | version: 6]
Mon Dec  4 20:59:33 2017
[verbose]: Loaded file '3.hpv' [dims: 3840x2160 | fps: 25 | frames: 878 | type: DXT1 (no ALPHA) | version: 6]
Mon Dec  4 21:00:47 2017
[verbose]: Closed HPV worker thread for 1.hpv
Mon Dec  4 21:00:47 2017
[verbose]: Closed HPV worker thread for 2.hpv
Mon Dec  4 21:00:47 2017
[verbose]: Closed HPV worker thread for 3.hpv
Mon Dec  4 21:00:47 2017
[verbose]: Cleared all HPV Players
Mon Dec  4 21:00:47 2017
[verbose]: ~HPVPLayer
Mon Dec  4 21:00:47 2017
[verbose]: ~HPVPLayer
Mon Dec  4 21:00:47 2017
[verbose]: ~HPVPLayer
Mon Dec  4 21:00:47 2017
[verbose]: Deleted GPU resources
Mon Dec  4 21:00:49 2017
[verbose]: Loaded file '1.hpv' [dims: 3840x2160 | fps: 25 | frames: 2678 | type: DXT1 (no ALPHA) | version: 6]
Mon Dec  4 21:00:49 2017
[verbose]: Loaded file '2.hpv' [dims: 3840x2160 | fps: 25 | frames: 873 | type: DXT1 (no ALPHA) | version: 6]
Mon Dec  4 21:00:49 2017
[verbose]: Loaded file '3.hpv' [dims: 3840x2160 | fps: 25 | frames: 878 | type: DXT1 (no ALPHA) | version: 6]
Mon Dec  4 21:03:19 2017
[verbose]: Closed HPV worker thread for 1.hpv
Mon Dec  4 21:03:19 2017
[verbose]: Closed HPV worker thread for 2.hpv
Mon Dec  4 21:03:19 2017
[verbose]: Closed HPV worker thread for 3.hpv
Mon Dec  4 21:03:19 2017
[verbose]: Cleared all HPV Players
Mon Dec  4 21:03:19 2017
[verbose]: ~HPVPLayer
Mon Dec  4 21:03:19 2017
[verbose]: ~HPVPLayer
Mon Dec  4 21:03:19 2017
[verbose]: ~HPVPLayer
Mon Dec  4 21:03:19 2017
[verbose]: Deleted GPU resources
Mon Dec  4 21:04:23 2017
[verbose]: Loaded file '1.hpv' [dims: 3840x2160 | fps: 25 | frames: 2678 | type: DXT1 (no ALPHA) | version: 6]
Mon Dec  4 21:04:23 2017
[verbose]: Loaded file '2.hpv' [dims: 3840x2160 | fps: 25 | frames: 873 | type: DXT1 (no ALPHA) | version: 6]
Mon Dec  4 21:04:23 2017
[verbose]: Loaded file '3.hpv' [dims: 3840x2160 | fps: 25 | frames: 878 | type: DXT1 (no ALPHA) | version: 6]
Mon Dec  4 21:05:58 2017
[verbose]: Closed HPV worker thread for 1.hpv
Mon Dec  4 21:05:58 2017
[verbose]: Closed HPV worker thread for 2.hpv
Mon Dec  4 21:05:58 2017
[verbose]: Closed HPV worker thread for 3.hpv
Mon Dec  4 21:05:58 2017
[verbose]: Cleared all HPV Players
Mon Dec  4 21:05:58 2017
[verbose]: ~HPVPLayer
Mon Dec  4 21:05:58 2017
[verbose]: ~HPVPLayer
Mon Dec  4 21:05:58 2017
[verbose]: ~HPVPLayer
Mon Dec  4 21:05:58 2017
[verbose]: Deleted GPU resources
Mon Dec  4 21:06:06 2017
[verbose]: Loaded file '1.hpv' [dims: 3840x2160 | fps: 25 | frames: 2678 | type: DXT1 (no ALPHA) | version: 6]
Mon Dec  4 21:06:06 2017
[verbose]: Loaded file '2.hpv' [dims: 3840x2160 | fps: 25 | frames: 873 | type: DXT1 (no ALPHA) | version: 6]
Mon Dec  4 21:06:06 2017
[verbose]: Loaded file '3.hpv' [dims: 3840x2160 | fps: 25 | frames: 878 | type: DXT1 (no ALPHA) | version: 6]
Mon Dec  4 21:09:16 2017
[verbose]: Closed HPV worker thread for 1.hpv
Mon Dec  4 21:09:16 2017
[verbose]: Closed HPV worker thread for 2.hpv
Mon Dec  4 21:09:16 2017
[verbose]: Closed HPV worker thread for 3.hpv
Mon Dec  4 21:09:16 2017
[verbose]: Cleared all HPV Players
Mon Dec  4 21:09:16 2017
[verbose]: ~HPVPLayer
Mon Dec  4 21:09:16 2017
[verbose]: ~HPVPLayer
Mon Dec  4 21:09:16 2017
[verbose]: ~HPVPLayer
Mon Dec  4 21:09:16 2017
[verbose]: Deleted GPU resources
Mon Dec  4 21:09:19 2017
[verbose]: Loaded file '1.hpv' [dims: 3840x2160 | fps: 25 | frames: 2678 | type: DXT1 (no ALPHA) | version: 6]
Mon Dec  4 21:09:19 2017
[verbose]: Loaded file '2.hpv' [dims: 3840x2160 | fps: 25 | frames: 873 | type: DXT1 (no ALPHA) | version: 6]
Mon Dec  4 21:09:19 2017
[verbose]: Loaded file '3.hpv' [dims: 3840x2160 | fps: 25 | frames: 878 | type: DXT1 (no ALPHA) | version: 6]
Mon Dec  4 21:09:19 2017
[verbose]: Closed HPV worker thread for 1.hpv
Mon Dec  4 21:09:19 2017
[verbose]: Closed HPV worker thread for 2.hpv
Mon Dec  4 21:09:19 2017
[verbose]: Closed HPV worker thread for 3.hpv
Mon Dec  4 21:09:19 2017
[verbose]: Cleared all HPV Players
Mon Dec  4 21:09:19 2017
[verbose]: ~HPVPLayer
Mon Dec  4 21:09:19 2017
[verbose]: ~HPVPLayer
Mon Dec  4 21:09:19 2017
[verbose]: ~HPVPLayer
Mon Dec  4 21:09:19 2017
[verbose]: Deleted GPU resources
Mon Dec  4 21:09:21 2017
[verbose]: Loaded file '1.hpv' [dims: 3840x2160 | fps: 25 | frames: 2678 | type: DXT1 (no ALPHA) | version: 6]
Mon Dec  4 21:09:21 2017
[verbose]: Loaded file '2.hpv' [dims: 3840x2160 | fps: 25 | frames: 873 | type: DXT1 (no ALPHA) | version: 6]
Mon Dec  4 21:09:21 2017
[verbose]: Loaded file '3.hpv' [dims: 3840x2160 | fps: 25 | frames: 878 | type: DXT1 (no ALPHA) | version: 6]
Mon Dec  4 21:10:12 2017
[verbose]: Closed HPV worker thread for 1.hpv
Mon Dec  4 21:10:12 2017
[verbose]: Closed HPV worker thread for 2.hpv
Mon Dec  4 21:10:12 2017
[verbose]: Closed HPV worker thread for 3.hpv
Mon Dec  4 21:10:12 2017
[verbose]: Cleared all HPV Players
Mon Dec  4 21:10:12 2017
[verbose]: ~HPVPLayer
Mon Dec  4 21:10:12 2017
[verbose]: ~HPVPLayer
Mon Dec  4 21:10:12 2017
[verbose]: ~HPVPLayer
Mon Dec  4 21:10:12 2017
[verbose]: Deleted GPU resources
Mon Dec  4 21:10:23 2017
[verbose]: Loaded file '1.hpv' [dims: 3840x2160 | fps: 25 | frames: 2678 | type: DXT1 (no ALPHA) | version: 6]
Mon Dec  4 21:10:23 2017
[verbose]: Loaded file '2.hpv' [dims: 3840x2160 | fps: 25 | frames: 873 | type: DXT1 (no ALPHA) | version: 6]
Mon Dec  4 21:10:23 2017
[verbose]: Loaded file '3.hpv' [dims: 3840x2160 | fps: 25 | frames: 878 | type: DXT1 (no ALPHA) | version: 6]
Mon Dec  4 21:11:56 2017
[verbose]: Closed HPV worker thread for 1.hpv
Mon Dec  4 21:11:56 2017
[verbose]: Closed HPV worker thread for 2.hpv
Mon Dec  4 21:11:56 2017
[verbose]: Closed HPV worker thread for 3.hpv
Mon Dec  4 21:11:56 2017
[verbose]: Cleared all HPV Players
Mon Dec  4 21:11:56 2017
[verbose]: ~HPVPLayer
Mon Dec  4 21:11:56 2017
[verbose]: ~HPVPLayer
Mon Dec  4 21:11:56 2017
[verbose]: ~HPVPLayer
Mon Dec  4 21:11:56 2017
[verbose]: Deleted GPU resources
Mon Dec  4 21:11:59 2017
[verbose]: Loaded file '1.hpv' [dims: 3840x2160 | fps: 25 | frames: 2678 | type: DXT1 (no ALPHA) | version: 6]
Mon Dec  4 21:11:59 2017
[verbose]: Loaded file '2.hpv' [dims: 3840x2160 | fps: 25 | frames: 873 | type: DXT1 (no ALPHA) | version: 6]
Mon Dec  4 21:11:59 2017
[verbose]: Loaded file '3.hpv' [dims: 3840x2160 | fps: 25 | frames: 878 | type: DXT1 (no ALPHA) | version: 6]
Mon Dec  4 21:17:46 2017
[verbose]: Closed HPV worker thread for 1.hpv
Mon Dec  4 21:17:46 2017
[verbose]: Closed HPV worker thread for 2.hpv
Mon Dec  4 21:17:46 2017
[verbose]: Closed HPV worker thread for 3.hpv
Mon Dec  4 21:17:46 2017
[verbose]: Cleared all HPV Players
Mon Dec  4 21:17:46 2017
[verbose]: ~HPVPLayer
Mon Dec  4 21:17:46 2017
[verbose]: ~HPVPLayer
Mon Dec  4 21:17:46 2017
[verbose]: ~HPVPLayer
Mon Dec  4 21:17:46 2017
[verbose]: Deleted GPU resources
Mon Dec  4 21:17:48 2017
[verbose]: Loaded file '1.hpv' [dims: 3840x2160 | fps: 25 | frames: 2678 | type: DXT1 (no ALPHA) | version: 6]
Mon Dec  4 21:17:48 2017
[verbose]: Loaded file '2.hpv' [dims: 3840x2160 | fps: 25 | frames: 873 | type: DXT1 (no ALPHA) | version: 6]
Mon Dec  4 21:17:48 2017
[verbose]: Loaded file '3.hpv' [dims: 3840x2160 | fps: 25 | frames: 878 | type: DXT1 (no ALPHA) | version: 6]
Mon Dec  4 21:19:47 2017
[verbose]: Closed HPV worker thread for 1.hpv
Mon Dec  4 21:19:47 2017
[verbose]: Closed HPV worker thread for 2.hpv
Mon Dec  4 21:19:47 2017
[verbose]: Closed HPV worker thread for 3.hpv
Mon Dec  4 21:19:47 2017
[verbose]: Cleared all HPV Players
Mon Dec  4 21:19:47 2017
[verbose]: ~HPVPLayer
Mon Dec  4 21:19:47 2017
[verbose]: ~HPVPLayer
Mon Dec  4 21:19:47 2017
[verbose]: ~HPVPLayer
Mon Dec  4 21:19:47 2017
[verbose]: Deleted GPU resources
Mon Dec  4 21:19:51 2017
[verbose]: Loaded file '1.hpv' [dims: 3840x2160 | fps: 25 | frames: 2678 | type: DXT1 (no ALPHA) | version: 6]
Mon Dec  4 21:19:51 2017
[verbose]: Loaded file '2.hpv' [dims: 3840x2160 | fps: 25 | frames: 873 | type: DXT1 (no ALPHA) | version: 6]
Mon Dec  4 21:19:51 2017
[verbose]: Loaded file '3.hpv' [dims: 3840x2160 | fps: 25 | frames: 878 | type: DXT1 (no ALPHA) | version: 6]
Mon Dec  4 21:20:30 2017
[verbose]: Loaded file '4.hpv' [dims: 3840x2160 | fps: 25 | frames: 1770 | type: DXT1 (no ALPHA) | version: 6]
Mon Dec  4 21:20:30 2017
[verbose]: Loaded file '5.hpv' [dims: 3840x2160 | fps: 25 | frames: 2733 | type: DXT1 (no ALPHA) | version: 6]
Mon Dec  4 21:20:30 2017
[verbose]: Loaded file '6.hpv' [dims: 3840x2160 | fps: 25 | frames: 2071 | type: DXT1 (no ALPHA) | version: 6]
Mon Dec  4 21:21:17 2017
[verbose]: Closed HPV worker thread for 1.hpv
Mon Dec  4 21:21:17 2017
[verbose]: Closed HPV worker thread for 2.hpv
Mon Dec  4 21:21:17 2017
[verbose]: Closed HPV worker thread for 3.hpv
Mon Dec  4 21:21:17 2017
[verbose]: Closed HPV worker thread for 4.hpv
Mon Dec  4 21:21:17 2017
[verbose]: Closed HPV worker thread for 5.hpv
Mon Dec  4 21:21:17 2017
[verbose]: Closed HPV worker thread for 6.hpv
Mon Dec  4 21:21:17 2017
[verbose]: Cleared all HPV Players
Mon Dec  4 21:21:17 2017
[verbose]: ~HPVPLayer
Mon Dec  4 21:21:17 2017
[verbose]: ~HPVPLayer
Mon Dec  4 21:21:17 2017
[verbose]: ~HPVPLayer
Mon Dec  4 21:21:17 2017
[verbose]: ~HPVPLayer
Mon Dec  4 21:21:17 2017
[verbose]: ~HPVPLayer
Mon Dec  4 21:21:17 2017
[verbose]: ~HPVPLayer
Mon Dec  4 21:21:17 2017
[verbose]: Deleted GPU resources
Mon Dec  4 21:38:12 2017
[verbose]: Loaded file '1.hpv' [dims: 3840x2160 | fps: 25 | frames: 2678 | type: DXT1 (no ALPHA) | version: 6]
Mon Dec  4 21:38:12 2017
[verbose]: Loaded file '2.hpv' [dims: 3840x2160 | fps: 25 | frames: 873 | type: DXT1 (no ALPHA) | version: 6]
Mon Dec  4 21:38:12 2017
[verbose]: Loaded file '3.hpv' [dims: 3840x2160 | fps: 25 | frames: 878 | type: DXT1 (no ALPHA) | version: 6]
Mon Dec  4 21:38:30 2017
[verbose]: Loaded file '4.hpv' [dims: 3840x2160 | fps: 25 | frames: 1770 | type: DXT1 (no ALPHA) | version: 6]
Mon Dec  4 21:38:43 2017
[verbose]: Loaded file '5.hpv' [dims: 3840x2160 | fps: 25 | frames: 2733 | type: DXT1 (no ALPHA) | version: 6]
Mon Dec  4 21:38:43 2017
[verbose]: Loaded file '6.hpv' [dims: 3840x2160 | fps: 25 | frames: 2071 | type: DXT1 (no ALPHA) | version: 6]
Mon Dec  4 21:41:04 2017
[verbose]: Closed HPV worker thread for 1.hpv
Mon Dec  4 21:41:04 2017
[verbose]: Closed HPV worker thread for 2.hpv
Mon Dec  4 21:41:04 2017
[verbose]: Closed HPV worker thread for 3.hpv
Mon Dec  4 21:41:04 2017
[verbose]: Closed HPV worker thread for 4.hpv
Mon Dec  4 21:41:04 2017
[verbose]: Closed HPV worker thread for 5.hpv
Mon Dec  4 21:41:04 2017
[verbose]: Closed HPV worker thread for 6.hpv
Mon Dec  4 21:41:04 2017
[verbose]: Cleared all HPV Players
Mon Dec  4 21:41:04 2017
[verbose]: ~HPVPLayer
Mon Dec  4 21:41:04 2017
[verbose]: ~HPVPLayer
Mon Dec  4 21:41:04 2017
[verbose]: ~HPVPLayer
Mon Dec  4 21:41:04 2017
[verbose]: ~HPVPLayer
Mon Dec  4 21:41:04 2017
[verbose]: ~HPVPLayer
Mon Dec  4 21:41:04 2017
[verbose]: ~HPVPLayer
Mon Dec  4 21:41:04 2017
[verbose]: Deleted GPU resources
Mon Dec  4 21:41:07 2017
[verbose]: OnGraphicsDeviceEvent(Shutdown)
Mon Dec  4 21:41:11 2017
[verbose]: ~RenderBridge
Mon Dec  4 21:41:11 2017
[verbose]: ~HPVMAnager
Mon Dec  4 21:41:11 2017
[verbose]: Closing log
