Tue Nov 21 11:19:15 2017
[verbose]: 
OnGraphicsDeviceEvent(Initialize)
Tue Nov 21 11:19:15 2017
[verbose]: D3D11 init was succesful
Tue Nov 21 11:19:15 2017
[verbose]: Loaded file 'puntverplaatsing1converted.hpv' [dims: 1920x960 | fps: 25 | frames: 30 | type: DXT1 (no ALPHA) | version: 6]
Tue Nov 21 11:19:15 2017
[verbose]: Loaded file '4992x2496_VincentStitch.hpv' [dims: 4992x2496 | fps: 30 | frames: 601 | type: DXT1 (no ALPHA) | version: 6]
Tue Nov 21 11:19:40 2017
[verbose]: Loaded file 'puntverplaatsing2converted.hpv' [dims: 1920x960 | fps: 25 | frames: 60 | type: DXT1 (no ALPHA) | version: 6]
Tue Nov 21 11:19:47 2017
[ error ]: Cannot pause because we're not playing.
Tue Nov 21 11:19:48 2017
[ error ]: Cannot pause because we're not playing.
Tue Nov 21 11:19:52 2017
[ error ]: Cannot pause because we're not playing.
Tue Nov 21 11:20:09 2017
[verbose]: Calling resume() on a video that's not paused.
Tue Nov 21 11:20:09 2017
[ error ]: Cannot pause because we're not playing.
Tue Nov 21 11:20:10 2017
[verbose]: Loaded file 'puntverplaatsing3converted.hpv' [dims: 1920x960 | fps: 25 | frames: 60 | type: DXT1 (no ALPHA) | version: 6]
Tue Nov 21 11:20:27 2017
[verbose]: Loaded file 'puntverplaatsing4converted.hpv' [dims: 1920x960 | fps: 25 | frames: 60 | type: DXT1 (no ALPHA) | version: 6]
Tue Nov 21 11:21:18 2017
[verbose]: Closed HPV worker thread for puntverplaatsing1converted.hpv
Tue Nov 21 11:21:18 2017
[verbose]: Closed HPV worker thread for 4992x2496_VincentStitch.hpv
Tue Nov 21 11:21:18 2017
[verbose]: Closed HPV worker thread for puntverplaatsing2converted.hpv
Tue Nov 21 11:21:18 2017
[verbose]: Closed HPV worker thread for puntverplaatsing3converted.hpv
Tue Nov 21 11:21:18 2017
[verbose]: Closed HPV worker thread for puntverplaatsing4converted.hpv
Tue Nov 21 11:21:18 2017
[verbose]: Cleared all HPV Players
Tue Nov 21 11:21:18 2017
[verbose]: ~HPVPLayer
Tue Nov 21 11:21:18 2017
[verbose]: ~HPVPLayer
Tue Nov 21 11:21:18 2017
[verbose]: ~HPVPLayer
Tue Nov 21 11:21:18 2017
[verbose]: ~HPVPLayer
Tue Nov 21 11:21:18 2017
[verbose]: ~HPVPLayer
Tue Nov 21 11:21:18 2017
[verbose]: Deleted GPU resources
Tue Nov 21 11:21:32 2017
[verbose]: OnGraphicsDeviceEvent(Shutdown)
Tue Nov 21 11:21:34 2017
[verbose]: ~RenderBridge
Tue Nov 21 11:21:34 2017
[verbose]: ~HPVMAnager
Tue Nov 21 11:21:34 2017
[verbose]: Closing log
