Thu Nov 23 13:38:38 2017
[verbose]: 
OnGraphicsDeviceEvent(Initialize)
Thu Nov 23 13:38:38 2017
[verbose]: D3D11 init was succesful
Thu Nov 23 13:38:38 2017
[verbose]: Loaded file 'stil1.hpv' [dims: 3840x2160 | fps: 25 | frames: 128 | type: DXT1 (no ALPHA) | version: 6]
Thu Nov 23 13:38:38 2017
[verbose]: Loaded file 'beweeg.hpv' [dims: 3840x2160 | fps: 25 | frames: 598 | type: DXT1 (no ALPHA) | version: 6]
Thu Nov 23 13:38:38 2017
[verbose]: Loaded file 'stil2.hpv' [dims: 3840x2160 | fps: 25 | frames: 116 | type: DXT1 (no ALPHA) | version: 6]
Thu Nov 23 14:30:44 2017
[verbose]: OnGraphicsDeviceEvent(Shutdown)
Thu Nov 23 14:30:45 2017
[verbose]: Closed HPV worker thread for stil1.hpv
Thu Nov 23 14:30:45 2017
[verbose]: Closed HPV worker thread for beweeg.hpv
Thu Nov 23 14:30:45 2017
[verbose]: Closed HPV worker thread for stil2.hpv
Thu Nov 23 14:30:45 2017
[verbose]: Cleared all HPV Players
Thu Nov 23 14:30:45 2017
[verbose]: ~HPVPLayer
Thu Nov 23 14:30:45 2017
[verbose]: ~HPVPLayer
Thu Nov 23 14:30:45 2017
[verbose]: ~HPVPLayer
Thu Nov 23 14:30:45 2017
[verbose]: Deleted GPU resources
Thu Nov 23 14:30:48 2017
[verbose]: ~RenderBridge
Thu Nov 23 14:30:48 2017
[verbose]: ~HPVMAnager
Thu Nov 23 14:30:48 2017
[verbose]: Closing log
