Thu Dec 14 11:15:12 2017
[verbose]: 
OnGraphicsDeviceEvent(Initialize)
Thu Dec 14 11:15:12 2017
[verbose]: D3D11 init was succesful
Thu Dec 14 11:15:12 2017
[verbose]: Loaded file '1.hpv' [dims: 3840x2160 | fps: 30 | frames: 11220 | type: DXT1 (no ALPHA) | version: 6]
Thu Dec 14 11:15:12 2017
[verbose]: Loaded file '2.hpv' [dims: 3840x2160 | fps: 30 | frames: 4531 | type: DXT1 (no ALPHA) | version: 6]
Thu Dec 14 11:15:15 2017
[verbose]: Closed HPV worker thread for 1.hpv
Thu Dec 14 11:15:15 2017
[verbose]: Closed HPV worker thread for 2.hpv
Thu Dec 14 11:15:15 2017
[verbose]: Cleared all HPV Players
Thu Dec 14 11:15:15 2017
[verbose]: ~HPVPLayer
Thu Dec 14 11:15:15 2017
[verbose]: ~HPVPLayer
Thu Dec 14 11:15:15 2017
[verbose]: Deleted GPU resources
Thu Dec 14 11:25:16 2017
[verbose]: Loaded file '1.hpv' [dims: 3840x2160 | fps: 30 | frames: 11220 | type: DXT1 (no ALPHA) | version: 6]
Thu Dec 14 11:25:16 2017
[verbose]: Loaded file '2.hpv' [dims: 3840x2160 | fps: 30 | frames: 4531 | type: DXT1 (no ALPHA) | version: 6]
Thu Dec 14 11:25:47 2017
[verbose]: Closed HPV worker thread for 1.hpv
Thu Dec 14 11:25:47 2017
[verbose]: Closed HPV worker thread for 2.hpv
Thu Dec 14 11:25:47 2017
[verbose]: Cleared all HPV Players
Thu Dec 14 11:25:47 2017
[verbose]: ~HPVPLayer
Thu Dec 14 11:25:47 2017
[verbose]: ~HPVPLayer
Thu Dec 14 11:25:47 2017
[verbose]: Deleted GPU resources
Thu Dec 14 11:25:49 2017
[verbose]: Loaded file '1.hpv' [dims: 3840x2160 | fps: 30 | frames: 11220 | type: DXT1 (no ALPHA) | version: 6]
Thu Dec 14 11:25:49 2017
[verbose]: Loaded file '2.hpv' [dims: 3840x2160 | fps: 30 | frames: 4531 | type: DXT1 (no ALPHA) | version: 6]
Thu Dec 14 11:27:36 2017
[verbose]: Closed HPV worker thread for 1.hpv
Thu Dec 14 11:27:36 2017
[verbose]: Closed HPV worker thread for 2.hpv
Thu Dec 14 11:27:36 2017
[verbose]: Cleared all HPV Players
Thu Dec 14 11:27:36 2017
[verbose]: ~HPVPLayer
Thu Dec 14 11:27:36 2017
[verbose]: ~HPVPLayer
Thu Dec 14 11:27:36 2017
[verbose]: Deleted GPU resources
Thu Dec 14 11:33:26 2017
[verbose]: Loaded file '1.hpv' [dims: 3840x2160 | fps: 30 | frames: 11220 | type: DXT1 (no ALPHA) | version: 6]
Thu Dec 14 11:33:26 2017
[verbose]: Loaded file '2.hpv' [dims: 3840x2160 | fps: 30 | frames: 4531 | type: DXT1 (no ALPHA) | version: 6]
Thu Dec 14 11:33:59 2017
[verbose]: Closed HPV worker thread for 1.hpv
Thu Dec 14 11:33:59 2017
[verbose]: Closed HPV worker thread for 2.hpv
Thu Dec 14 11:33:59 2017
[verbose]: Cleared all HPV Players
Thu Dec 14 11:33:59 2017
[verbose]: ~HPVPLayer
Thu Dec 14 11:33:59 2017
[verbose]: ~HPVPLayer
Thu Dec 14 11:33:59 2017
[verbose]: Deleted GPU resources
Thu Dec 14 11:34:13 2017
[verbose]: Loaded file '1.hpv' [dims: 3840x2160 | fps: 30 | frames: 11220 | type: DXT1 (no ALPHA) | version: 6]
Thu Dec 14 11:34:13 2017
[verbose]: Loaded file '2.hpv' [dims: 3840x2160 | fps: 30 | frames: 4531 | type: DXT1 (no ALPHA) | version: 6]
Thu Dec 14 11:36:29 2017
[verbose]: Closed HPV worker thread for 1.hpv
Thu Dec 14 11:36:29 2017
[verbose]: Closed HPV worker thread for 2.hpv
Thu Dec 14 11:36:29 2017
[verbose]: Cleared all HPV Players
Thu Dec 14 11:36:29 2017
[verbose]: ~HPVPLayer
Thu Dec 14 11:36:29 2017
[verbose]: ~HPVPLayer
Thu Dec 14 11:36:29 2017
[verbose]: Deleted GPU resources
Thu Dec 14 11:36:35 2017
[verbose]: Loaded file '1.hpv' [dims: 3840x2160 | fps: 30 | frames: 11220 | type: DXT1 (no ALPHA) | version: 6]
Thu Dec 14 11:36:35 2017
[verbose]: Loaded file '2.hpv' [dims: 3840x2160 | fps: 30 | frames: 4531 | type: DXT1 (no ALPHA) | version: 6]
Thu Dec 14 11:38:39 2017
[verbose]: Closed HPV worker thread for 1.hpv
Thu Dec 14 11:38:39 2017
[verbose]: Closed HPV worker thread for 2.hpv
Thu Dec 14 11:38:39 2017
[verbose]: Cleared all HPV Players
Thu Dec 14 11:38:39 2017
[verbose]: ~HPVPLayer
Thu Dec 14 11:38:39 2017
[verbose]: ~HPVPLayer
Thu Dec 14 11:38:39 2017
[verbose]: Deleted GPU resources
Thu Dec 14 11:38:41 2017
[verbose]: OnGraphicsDeviceEvent(Shutdown)
Thu Dec 14 11:38:45 2017
[verbose]: ~RenderBridge
Thu Dec 14 11:38:45 2017
[verbose]: ~HPVMAnager
Thu Dec 14 11:38:45 2017
[verbose]: Closing log
Thu Dec 14 14:01:53 2017
[verbose]: 
OnGraphicsDeviceEvent(Initialize)
Thu Dec 14 14:01:53 2017
[verbose]: D3D11 init was succesful
Thu Dec 14 14:01:53 2017
[verbose]: Loaded file '1.hpv' [dims: 3840x2160 | fps: 30 | frames: 11220 | type: DXT1 (no ALPHA) | version: 6]
Thu Dec 14 14:01:53 2017
[verbose]: Loaded file '2.hpv' [dims: 3840x2160 | fps: 30 | frames: 4531 | type: DXT1 (no ALPHA) | version: 6]
Thu Dec 14 14:03:54 2017
[verbose]: Closed HPV worker thread for 1.hpv
Thu Dec 14 14:03:54 2017
[verbose]: Closed HPV worker thread for 2.hpv
Thu Dec 14 14:03:54 2017
[verbose]: Cleared all HPV Players
Thu Dec 14 14:03:54 2017
[verbose]: ~HPVPLayer
Thu Dec 14 14:03:54 2017
[verbose]: ~HPVPLayer
Thu Dec 14 14:03:54 2017
[verbose]: Deleted GPU resources
Thu Dec 14 14:05:26 2017
[verbose]: Loaded file '1.hpv' [dims: 3840x2160 | fps: 30 | frames: 11220 | type: DXT1 (no ALPHA) | version: 6]
Thu Dec 14 14:05:26 2017
[verbose]: Loaded file '2.hpv' [dims: 3840x2160 | fps: 30 | frames: 4531 | type: DXT1 (no ALPHA) | version: 6]
Thu Dec 14 14:05:28 2017
[verbose]: Closed HPV worker thread for 1.hpv
Thu Dec 14 14:05:28 2017
[verbose]: Closed HPV worker thread for 2.hpv
Thu Dec 14 14:05:28 2017
[verbose]: Cleared all HPV Players
Thu Dec 14 14:05:28 2017
[verbose]: ~HPVPLayer
Thu Dec 14 14:05:28 2017
[verbose]: ~HPVPLayer
Thu Dec 14 14:05:28 2017
[verbose]: Deleted GPU resources
Thu Dec 14 14:05:39 2017
[verbose]: OnGraphicsDeviceEvent(Shutdown)
Thu Dec 14 14:05:42 2017
[verbose]: ~RenderBridge
Thu Dec 14 14:05:42 2017
[verbose]: ~HPVMAnager
Thu Dec 14 14:05:42 2017
[verbose]: Closing log
Thu Dec 14 14:08:41 2017
[verbose]: 
OnGraphicsDeviceEvent(Initialize)
Thu Dec 14 14:08:41 2017
[verbose]: D3D11 init was succesful
Thu Dec 14 14:08:41 2017
[verbose]: Loaded file '1.hpv' [dims: 3840x2160 | fps: 30 | frames: 11220 | type: DXT1 (no ALPHA) | version: 6]
Thu Dec 14 14:08:41 2017
[verbose]: Loaded file '2.hpv' [dims: 3840x2160 | fps: 30 | frames: 4531 | type: DXT1 (no ALPHA) | version: 6]
Thu Dec 14 14:09:48 2017
[verbose]: Closed HPV worker thread for 1.hpv
Thu Dec 14 14:09:48 2017
[verbose]: Closed HPV worker thread for 2.hpv
Thu Dec 14 14:09:48 2017
[verbose]: Cleared all HPV Players
Thu Dec 14 14:09:48 2017
[verbose]: ~HPVPLayer
Thu Dec 14 14:09:48 2017
[verbose]: ~HPVPLayer
Thu Dec 14 14:09:48 2017
[verbose]: Deleted GPU resources
Thu Dec 14 14:13:02 2017
[verbose]: Loaded file '1.hpv' [dims: 3840x2160 | fps: 30 | frames: 11220 | type: DXT1 (no ALPHA) | version: 6]
Thu Dec 14 14:13:02 2017
[verbose]: Loaded file '2.hpv' [dims: 3840x2160 | fps: 30 | frames: 4531 | type: DXT1 (no ALPHA) | version: 6]
Thu Dec 14 14:13:03 2017
[verbose]: Closed HPV worker thread for 1.hpv
Thu Dec 14 14:13:03 2017
[verbose]: Closed HPV worker thread for 2.hpv
Thu Dec 14 14:13:03 2017
[verbose]: Cleared all HPV Players
Thu Dec 14 14:13:03 2017
[verbose]: ~HPVPLayer
Thu Dec 14 14:13:03 2017
[verbose]: ~HPVPLayer
Thu Dec 14 14:13:03 2017
[verbose]: Deleted GPU resources
Thu Dec 14 14:18:48 2017
[verbose]: Loaded file '1.hpv' [dims: 3840x2160 | fps: 30 | frames: 11220 | type: DXT1 (no ALPHA) | version: 6]
Thu Dec 14 14:18:48 2017
[verbose]: Loaded file '2.hpv' [dims: 3840x2160 | fps: 30 | frames: 4531 | type: DXT1 (no ALPHA) | version: 6]
Thu Dec 14 14:20:06 2017
[verbose]: Closed HPV worker thread for 1.hpv
Thu Dec 14 14:20:06 2017
[verbose]: Closed HPV worker thread for 2.hpv
Thu Dec 14 14:20:06 2017
[verbose]: Cleared all HPV Players
Thu Dec 14 14:20:06 2017
[verbose]: ~HPVPLayer
Thu Dec 14 14:20:06 2017
[verbose]: ~HPVPLayer
Thu Dec 14 14:20:06 2017
[verbose]: Deleted GPU resources
Thu Dec 14 14:20:18 2017
[verbose]: Loaded file '1.hpv' [dims: 3840x2160 | fps: 30 | frames: 11220 | type: DXT1 (no ALPHA) | version: 6]
Thu Dec 14 14:20:18 2017
[verbose]: Loaded file '2.hpv' [dims: 3840x2160 | fps: 30 | frames: 4531 | type: DXT1 (no ALPHA) | version: 6]
Thu Dec 14 14:20:22 2017
[verbose]: Closed HPV worker thread for 1.hpv
Thu Dec 14 14:20:22 2017
[verbose]: Closed HPV worker thread for 2.hpv
Thu Dec 14 14:20:22 2017
[verbose]: Cleared all HPV Players
Thu Dec 14 14:20:22 2017
[verbose]: ~HPVPLayer
Thu Dec 14 14:20:22 2017
[verbose]: ~HPVPLayer
Thu Dec 14 14:20:22 2017
[verbose]: Deleted GPU resources
Thu Dec 14 14:20:29 2017
[verbose]: Loaded file '1.hpv' [dims: 3840x2160 | fps: 30 | frames: 11220 | type: DXT1 (no ALPHA) | version: 6]
Thu Dec 14 14:20:29 2017
[verbose]: Loaded file '2.hpv' [dims: 3840x2160 | fps: 30 | frames: 4531 | type: DXT1 (no ALPHA) | version: 6]
Thu Dec 14 14:27:18 2017
[verbose]: Closed HPV worker thread for 1.hpv
Thu Dec 14 14:27:18 2017
[verbose]: Closed HPV worker thread for 2.hpv
Thu Dec 14 14:27:18 2017
[verbose]: Cleared all HPV Players
Thu Dec 14 14:27:18 2017
[verbose]: ~HPVPLayer
Thu Dec 14 14:27:18 2017
[verbose]: ~HPVPLayer
Thu Dec 14 14:27:18 2017
[verbose]: Deleted GPU resources
Thu Dec 14 14:30:09 2017
[verbose]: Loaded file '1.hpv' [dims: 3840x2160 | fps: 30 | frames: 11220 | type: DXT1 (no ALPHA) | version: 6]
Thu Dec 14 14:30:09 2017
[verbose]: Loaded file '2.hpv' [dims: 3840x2160 | fps: 30 | frames: 4531 | type: DXT1 (no ALPHA) | version: 6]
Thu Dec 14 14:30:16 2017
[verbose]: Closed HPV worker thread for 1.hpv
Thu Dec 14 14:30:16 2017
[verbose]: Closed HPV worker thread for 2.hpv
Thu Dec 14 14:30:16 2017
[verbose]: Cleared all HPV Players
Thu Dec 14 14:30:16 2017
[verbose]: ~HPVPLayer
Thu Dec 14 14:30:16 2017
[verbose]: ~HPVPLayer
Thu Dec 14 14:30:16 2017
[verbose]: Deleted GPU resources
Thu Dec 14 14:30:17 2017
[verbose]: Loaded file '1.hpv' [dims: 3840x2160 | fps: 30 | frames: 11220 | type: DXT1 (no ALPHA) | version: 6]
Thu Dec 14 14:30:17 2017
[verbose]: Loaded file '2.hpv' [dims: 3840x2160 | fps: 30 | frames: 4531 | type: DXT1 (no ALPHA) | version: 6]
Thu Dec 14 14:31:43 2017
[verbose]: Closed HPV worker thread for 1.hpv
Thu Dec 14 14:31:43 2017
[verbose]: Closed HPV worker thread for 2.hpv
Thu Dec 14 14:31:43 2017
[verbose]: Cleared all HPV Players
Thu Dec 14 14:31:43 2017
[verbose]: ~HPVPLayer
Thu Dec 14 14:31:43 2017
[verbose]: ~HPVPLayer
Thu Dec 14 14:31:43 2017
[verbose]: Deleted GPU resources
Thu Dec 14 14:31:45 2017
[verbose]: Loaded file '1.hpv' [dims: 3840x2160 | fps: 30 | frames: 11220 | type: DXT1 (no ALPHA) | version: 6]
Thu Dec 14 14:31:45 2017
[verbose]: Loaded file '2.hpv' [dims: 3840x2160 | fps: 30 | frames: 4531 | type: DXT1 (no ALPHA) | version: 6]
Thu Dec 14 14:33:40 2017
[verbose]: Closed HPV worker thread for 1.hpv
Thu Dec 14 14:33:40 2017
[verbose]: Closed HPV worker thread for 2.hpv
Thu Dec 14 14:33:40 2017
[verbose]: Cleared all HPV Players
Thu Dec 14 14:33:40 2017
[verbose]: ~HPVPLayer
Thu Dec 14 14:33:40 2017
[verbose]: ~HPVPLayer
Thu Dec 14 14:33:40 2017
[verbose]: Deleted GPU resources
Thu Dec 14 14:34:11 2017
[verbose]: Loaded file '1.hpv' [dims: 3840x2160 | fps: 30 | frames: 11220 | type: DXT1 (no ALPHA) | version: 6]
Thu Dec 14 14:34:11 2017
[verbose]: Loaded file '2.hpv' [dims: 3840x2160 | fps: 30 | frames: 4531 | type: DXT1 (no ALPHA) | version: 6]
Thu Dec 14 14:36:16 2017
[verbose]: Closed HPV worker thread for 1.hpv
Thu Dec 14 14:36:16 2017
[verbose]: Closed HPV worker thread for 2.hpv
Thu Dec 14 14:36:16 2017
[verbose]: Cleared all HPV Players
Thu Dec 14 14:36:16 2017
[verbose]: ~HPVPLayer
Thu Dec 14 14:36:16 2017
[verbose]: ~HPVPLayer
Thu Dec 14 14:36:16 2017
[verbose]: Deleted GPU resources
Thu Dec 14 14:37:16 2017
[verbose]: Loaded file '1.hpv' [dims: 3840x2160 | fps: 30 | frames: 11220 | type: DXT1 (no ALPHA) | version: 6]
Thu Dec 14 14:37:16 2017
[verbose]: Loaded file '2.hpv' [dims: 3840x2160 | fps: 30 | frames: 4531 | type: DXT1 (no ALPHA) | version: 6]
Thu Dec 14 14:37:59 2017
[verbose]: Closed HPV worker thread for 1.hpv
Thu Dec 14 14:37:59 2017
[verbose]: Closed HPV worker thread for 2.hpv
Thu Dec 14 14:37:59 2017
[verbose]: Cleared all HPV Players
Thu Dec 14 14:37:59 2017
[verbose]: ~HPVPLayer
Thu Dec 14 14:37:59 2017
[verbose]: ~HPVPLayer
Thu Dec 14 14:37:59 2017
[verbose]: Deleted GPU resources
Thu Dec 14 14:38:32 2017
[verbose]: Loaded file '1.hpv' [dims: 3840x2160 | fps: 30 | frames: 11220 | type: DXT1 (no ALPHA) | version: 6]
Thu Dec 14 14:38:32 2017
[verbose]: Loaded file '2.hpv' [dims: 3840x2160 | fps: 30 | frames: 4531 | type: DXT1 (no ALPHA) | version: 6]
Thu Dec 14 14:40:13 2017
[verbose]: Closed HPV worker thread for 1.hpv
Thu Dec 14 14:40:13 2017
[verbose]: Closed HPV worker thread for 2.hpv
Thu Dec 14 14:40:13 2017
[verbose]: Cleared all HPV Players
Thu Dec 14 14:40:13 2017
[verbose]: ~HPVPLayer
Thu Dec 14 14:40:13 2017
[verbose]: ~HPVPLayer
Thu Dec 14 14:40:13 2017
[verbose]: Deleted GPU resources
Thu Dec 14 14:40:27 2017
[verbose]: Loaded file '1.hpv' [dims: 3840x2160 | fps: 30 | frames: 11220 | type: DXT1 (no ALPHA) | version: 6]
Thu Dec 14 14:40:27 2017
[verbose]: Loaded file '2.hpv' [dims: 3840x2160 | fps: 30 | frames: 4531 | type: DXT1 (no ALPHA) | version: 6]
Thu Dec 14 14:41:41 2017
[verbose]: Closed HPV worker thread for 1.hpv
Thu Dec 14 14:41:41 2017
[verbose]: Closed HPV worker thread for 2.hpv
Thu Dec 14 14:41:41 2017
[verbose]: Cleared all HPV Players
Thu Dec 14 14:41:41 2017
[verbose]: ~HPVPLayer
Thu Dec 14 14:41:41 2017
[verbose]: ~HPVPLayer
Thu Dec 14 14:41:41 2017
[verbose]: Deleted GPU resources
Thu Dec 14 14:41:44 2017
[verbose]: Loaded file '1.hpv' [dims: 3840x2160 | fps: 30 | frames: 11220 | type: DXT1 (no ALPHA) | version: 6]
Thu Dec 14 14:41:44 2017
[verbose]: Loaded file '2.hpv' [dims: 3840x2160 | fps: 30 | frames: 4531 | type: DXT1 (no ALPHA) | version: 6]
Thu Dec 14 14:43:24 2017
[verbose]: Closed HPV worker thread for 1.hpv
Thu Dec 14 14:43:24 2017
[verbose]: Closed HPV worker thread for 2.hpv
Thu Dec 14 14:43:24 2017
[verbose]: Cleared all HPV Players
Thu Dec 14 14:43:24 2017
[verbose]: ~HPVPLayer
Thu Dec 14 14:43:24 2017
[verbose]: ~HPVPLayer
Thu Dec 14 14:43:24 2017
[verbose]: Deleted GPU resources
Thu Dec 14 14:44:17 2017
[verbose]: Loaded file '1.hpv' [dims: 3840x2160 | fps: 30 | frames: 11220 | type: DXT1 (no ALPHA) | version: 6]
Thu Dec 14 14:44:17 2017
[verbose]: Loaded file '2.hpv' [dims: 3840x2160 | fps: 30 | frames: 4531 | type: DXT1 (no ALPHA) | version: 6]
Thu Dec 14 14:46:33 2017
[verbose]: Closed HPV worker thread for 1.hpv
Thu Dec 14 14:46:33 2017
[verbose]: Closed HPV worker thread for 2.hpv
Thu Dec 14 14:46:33 2017
[verbose]: Cleared all HPV Players
Thu Dec 14 14:46:33 2017
[verbose]: ~HPVPLayer
Thu Dec 14 14:46:33 2017
[verbose]: ~HPVPLayer
Thu Dec 14 14:46:33 2017
[verbose]: Deleted GPU resources
Thu Dec 14 14:46:41 2017
[verbose]: Loaded file '1.hpv' [dims: 3840x2160 | fps: 30 | frames: 11220 | type: DXT1 (no ALPHA) | version: 6]
Thu Dec 14 14:46:41 2017
[verbose]: Loaded file '2.hpv' [dims: 3840x2160 | fps: 30 | frames: 4531 | type: DXT1 (no ALPHA) | version: 6]
Thu Dec 14 14:47:36 2017
[verbose]: Closed HPV worker thread for 1.hpv
Thu Dec 14 14:47:36 2017
[verbose]: Closed HPV worker thread for 2.hpv
Thu Dec 14 14:47:36 2017
[verbose]: Cleared all HPV Players
Thu Dec 14 14:47:36 2017
[verbose]: ~HPVPLayer
Thu Dec 14 14:47:36 2017
[verbose]: ~HPVPLayer
Thu Dec 14 14:47:36 2017
[verbose]: Deleted GPU resources
Thu Dec 14 14:47:57 2017
[verbose]: Loaded file '1.hpv' [dims: 3840x2160 | fps: 30 | frames: 11220 | type: DXT1 (no ALPHA) | version: 6]
Thu Dec 14 14:47:57 2017
[verbose]: Loaded file '2.hpv' [dims: 3840x2160 | fps: 30 | frames: 4531 | type: DXT1 (no ALPHA) | version: 6]
Thu Dec 14 14:48:05 2017
[verbose]: Closed HPV worker thread for 1.hpv
Thu Dec 14 14:48:05 2017
[verbose]: Closed HPV worker thread for 2.hpv
Thu Dec 14 14:48:05 2017
[verbose]: Cleared all HPV Players
Thu Dec 14 14:48:05 2017
[verbose]: ~HPVPLayer
Thu Dec 14 14:48:05 2017
[verbose]: ~HPVPLayer
Thu Dec 14 14:48:05 2017
[verbose]: Deleted GPU resources
Thu Dec 14 14:50:38 2017
[verbose]: Loaded file '1.hpv' [dims: 3840x2160 | fps: 30 | frames: 11220 | type: DXT1 (no ALPHA) | version: 6]
Thu Dec 14 14:50:38 2017
[verbose]: Loaded file '2.hpv' [dims: 3840x2160 | fps: 30 | frames: 4531 | type: DXT1 (no ALPHA) | version: 6]
Thu Dec 14 14:59:03 2017
[verbose]: Closed HPV worker thread for 1.hpv
Thu Dec 14 14:59:03 2017
[verbose]: Closed HPV worker thread for 2.hpv
Thu Dec 14 14:59:03 2017
[verbose]: Cleared all HPV Players
Thu Dec 14 14:59:03 2017
[verbose]: ~HPVPLayer
Thu Dec 14 14:59:03 2017
[verbose]: ~HPVPLayer
Thu Dec 14 14:59:03 2017
[verbose]: Deleted GPU resources
Thu Dec 14 15:03:58 2017
[verbose]: Loaded file '1.hpv' [dims: 3840x2160 | fps: 30 | frames: 11220 | type: DXT1 (no ALPHA) | version: 6]
Thu Dec 14 15:03:58 2017
[verbose]: Loaded file '2.hpv' [dims: 3840x2160 | fps: 30 | frames: 4531 | type: DXT1 (no ALPHA) | version: 6]
Thu Dec 14 15:10:34 2017
[verbose]: Closed HPV worker thread for 1.hpv
Thu Dec 14 15:10:34 2017
[verbose]: Closed HPV worker thread for 2.hpv
Thu Dec 14 15:10:34 2017
[verbose]: Cleared all HPV Players
Thu Dec 14 15:10:34 2017
[verbose]: ~HPVPLayer
Thu Dec 14 15:10:34 2017
[verbose]: ~HPVPLayer
Thu Dec 14 15:10:34 2017
[verbose]: Deleted GPU resources
Thu Dec 14 15:40:03 2017
[verbose]: Loaded file '1.hpv' [dims: 3840x2160 | fps: 30 | frames: 11220 | type: DXT1 (no ALPHA) | version: 6]
Thu Dec 14 15:40:03 2017
[verbose]: Loaded file '2.hpv' [dims: 3840x2160 | fps: 30 | frames: 4531 | type: DXT1 (no ALPHA) | version: 6]
Thu Dec 14 15:48:09 2017
[verbose]: Closed HPV worker thread for 1.hpv
Thu Dec 14 15:48:09 2017
[verbose]: Closed HPV worker thread for 2.hpv
Thu Dec 14 15:48:09 2017
[verbose]: Cleared all HPV Players
Thu Dec 14 15:48:09 2017
[verbose]: ~HPVPLayer
Thu Dec 14 15:48:09 2017
[verbose]: ~HPVPLayer
Thu Dec 14 15:48:09 2017
[verbose]: Deleted GPU resources
Thu Dec 14 15:49:07 2017
[verbose]: Loaded file '1.hpv' [dims: 3840x2160 | fps: 30 | frames: 11220 | type: DXT1 (no ALPHA) | version: 6]
Thu Dec 14 15:49:07 2017
[verbose]: Loaded file '2.hpv' [dims: 3840x2160 | fps: 30 | frames: 4531 | type: DXT1 (no ALPHA) | version: 6]
Thu Dec 14 15:49:08 2017
[verbose]: Closed HPV worker thread for 1.hpv
Thu Dec 14 15:49:08 2017
[verbose]: Closed HPV worker thread for 2.hpv
Thu Dec 14 15:49:08 2017
[verbose]: Cleared all HPV Players
Thu Dec 14 15:49:08 2017
[verbose]: ~HPVPLayer
Thu Dec 14 15:49:08 2017
[verbose]: ~HPVPLayer
Thu Dec 14 15:49:08 2017
[verbose]: Deleted GPU resources
Thu Dec 14 15:49:17 2017
[verbose]: Loaded file '1.hpv' [dims: 3840x2160 | fps: 30 | frames: 11220 | type: DXT1 (no ALPHA) | version: 6]
Thu Dec 14 15:49:17 2017
[verbose]: Loaded file '2.hpv' [dims: 3840x2160 | fps: 30 | frames: 4531 | type: DXT1 (no ALPHA) | version: 6]
Thu Dec 14 15:49:23 2017
[verbose]: Closed HPV worker thread for 1.hpv
Thu Dec 14 15:49:23 2017
[verbose]: Closed HPV worker thread for 2.hpv
Thu Dec 14 15:49:23 2017
[verbose]: Cleared all HPV Players
Thu Dec 14 15:49:23 2017
[verbose]: ~HPVPLayer
Thu Dec 14 15:49:23 2017
[verbose]: ~HPVPLayer
Thu Dec 14 15:49:23 2017
[verbose]: Deleted GPU resources
Thu Dec 14 15:49:57 2017
[verbose]: OnGraphicsDeviceEvent(Shutdown)
Thu Dec 14 15:49:59 2017
[verbose]: ~RenderBridge
Thu Dec 14 15:49:59 2017
[verbose]: ~HPVMAnager
Thu Dec 14 15:49:59 2017
[verbose]: Closing log
Thu Dec 14 16:36:48 2017
[verbose]: 
OnGraphicsDeviceEvent(Initialize)
Thu Dec 14 16:36:48 2017
[verbose]: D3D11 init was succesful
Thu Dec 14 16:36:48 2017
[verbose]: Loaded file '1.hpv' [dims: 3840x2160 | fps: 30 | frames: 11220 | type: DXT1 (no ALPHA) | version: 6]
Thu Dec 14 16:36:48 2017
[verbose]: Loaded file '2.hpv' [dims: 3840x2160 | fps: 30 | frames: 4531 | type: DXT1 (no ALPHA) | version: 6]
Thu Dec 14 16:46:41 2017
[verbose]: OnGraphicsDeviceEvent(Shutdown)
Thu Dec 14 16:46:41 2017
[verbose]: Closed HPV worker thread for 1.hpv
Thu Dec 14 16:46:41 2017
[verbose]: Closed HPV worker thread for 2.hpv
Thu Dec 14 16:46:41 2017
[verbose]: Cleared all HPV Players
Thu Dec 14 16:46:41 2017
[verbose]: ~HPVPLayer
Thu Dec 14 16:46:41 2017
[verbose]: ~HPVPLayer
Thu Dec 14 16:46:41 2017
[verbose]: Deleted GPU resources
Thu Dec 14 16:46:43 2017
[verbose]: ~RenderBridge
Thu Dec 14 16:46:43 2017
[verbose]: ~HPVMAnager
Thu Dec 14 16:46:43 2017
[verbose]: Closing log
Thu Dec 14 17:35:13 2017
[verbose]: 
OnGraphicsDeviceEvent(Initialize)
Thu Dec 14 17:35:13 2017
[verbose]: D3D11 init was succesful
Thu Dec 14 17:35:13 2017
[verbose]: Loaded file '1.hpv' [dims: 3840x2160 | fps: 30 | frames: 11220 | type: DXT1 (no ALPHA) | version: 6]
Thu Dec 14 17:35:13 2017
[verbose]: Loaded file '2.hpv' [dims: 3840x2160 | fps: 30 | frames: 4531 | type: DXT1 (no ALPHA) | version: 6]
Thu Dec 14 17:43:18 2017
[verbose]: OnGraphicsDeviceEvent(Shutdown)
Thu Dec 14 17:43:18 2017
[verbose]: Closed HPV worker thread for 1.hpv
Thu Dec 14 17:43:18 2017
[verbose]: Closed HPV worker thread for 2.hpv
Thu Dec 14 17:43:18 2017
[verbose]: Cleared all HPV Players
Thu Dec 14 17:43:18 2017
[verbose]: ~HPVPLayer
Thu Dec 14 17:43:18 2017
[verbose]: ~HPVPLayer
Thu Dec 14 17:43:18 2017
[verbose]: Deleted GPU resources
Thu Dec 14 17:43:20 2017
[verbose]: ~RenderBridge
Thu Dec 14 17:43:20 2017
[verbose]: ~HPVMAnager
Thu Dec 14 17:43:20 2017
[verbose]: Closing log
Thu Dec 14 18:12:12 2017
[verbose]: 
OnGraphicsDeviceEvent(Initialize)
Thu Dec 14 18:12:12 2017
[verbose]: D3D11 init was succesful
Thu Dec 14 18:12:12 2017
[verbose]: Loaded file '1.hpv' [dims: 3840x2160 | fps: 30 | frames: 11220 | type: DXT1 (no ALPHA) | version: 6]
Thu Dec 14 18:12:12 2017
[verbose]: Loaded file '2.hpv' [dims: 3840x2160 | fps: 30 | frames: 4531 | type: DXT1 (no ALPHA) | version: 6]
Thu Dec 14 18:22:19 2017
[verbose]: OnGraphicsDeviceEvent(Shutdown)
Thu Dec 14 18:22:19 2017
[verbose]: Closed HPV worker thread for 1.hpv
Thu Dec 14 18:22:19 2017
[verbose]: Closed HPV worker thread for 2.hpv
Thu Dec 14 18:22:19 2017
[verbose]: Cleared all HPV Players
Thu Dec 14 18:22:19 2017
[verbose]: ~HPVPLayer
Thu Dec 14 18:22:19 2017
[verbose]: ~HPVPLayer
Thu Dec 14 18:22:19 2017
[verbose]: Deleted GPU resources
Thu Dec 14 18:22:20 2017
[verbose]: ~RenderBridge
Thu Dec 14 18:22:20 2017
[verbose]: ~HPVMAnager
Thu Dec 14 18:22:20 2017
[verbose]: Closing log
Thu Dec 14 19:07:45 2017
[verbose]: 
OnGraphicsDeviceEvent(Initialize)
Thu Dec 14 19:07:45 2017
[verbose]: D3D11 init was succesful
Thu Dec 14 19:07:45 2017
[verbose]: Loaded file '1.hpv' [dims: 3840x2160 | fps: 30 | frames: 11220 | type: DXT1 (no ALPHA) | version: 6]
Thu Dec 14 19:07:45 2017
[verbose]: Loaded file '2.hpv' [dims: 3840x2160 | fps: 30 | frames: 4531 | type: DXT1 (no ALPHA) | version: 6]
Thu Dec 14 19:14:55 2017
[verbose]: OnGraphicsDeviceEvent(Shutdown)
Thu Dec 14 19:14:55 2017
[verbose]: Closed HPV worker thread for 1.hpv
Thu Dec 14 19:14:55 2017
[verbose]: Closed HPV worker thread for 2.hpv
Thu Dec 14 19:14:55 2017
[verbose]: Cleared all HPV Players
Thu Dec 14 19:14:55 2017
[verbose]: ~HPVPLayer
Thu Dec 14 19:14:55 2017
[verbose]: ~HPVPLayer
Thu Dec 14 19:14:55 2017
[verbose]: Deleted GPU resources
Thu Dec 14 19:15:00 2017
[verbose]: ~RenderBridge
Thu Dec 14 19:15:00 2017
[verbose]: ~HPVMAnager
Thu Dec 14 19:15:00 2017
[verbose]: Closing log
Thu Dec 14 19:23:59 2017
[verbose]: 
OnGraphicsDeviceEvent(Initialize)
Thu Dec 14 19:23:59 2017
[verbose]: D3D11 init was succesful
Thu Dec 14 19:23:59 2017
[verbose]: Loaded file '1.hpv' [dims: 3840x2160 | fps: 30 | frames: 11220 | type: DXT1 (no ALPHA) | version: 6]
Thu Dec 14 19:23:59 2017
[verbose]: Loaded file '2.hpv' [dims: 3840x2160 | fps: 30 | frames: 4531 | type: DXT1 (no ALPHA) | version: 6]
Thu Dec 14 19:24:40 2017
[verbose]: OnGraphicsDeviceEvent(Shutdown)
Thu Dec 14 19:24:40 2017
[verbose]: Closed HPV worker thread for 1.hpv
Thu Dec 14 19:24:40 2017
[verbose]: Closed HPV worker thread for 2.hpv
Thu Dec 14 19:24:40 2017
[verbose]: Cleared all HPV Players
Thu Dec 14 19:24:40 2017
[verbose]: ~HPVPLayer
Thu Dec 14 19:24:40 2017
[verbose]: ~HPVPLayer
Thu Dec 14 19:24:40 2017
[verbose]: Deleted GPU resources
Thu Dec 14 19:24:41 2017
[verbose]: ~RenderBridge
Thu Dec 14 19:24:41 2017
[verbose]: ~HPVMAnager
Thu Dec 14 19:24:41 2017
[verbose]: Closing log
Thu Dec 14 19:25:06 2017
[verbose]: 
OnGraphicsDeviceEvent(Initialize)
Thu Dec 14 19:25:06 2017
[verbose]: D3D11 init was succesful
Thu Dec 14 19:25:06 2017
[verbose]: Loaded file '1.hpv' [dims: 3840x2160 | fps: 30 | frames: 11220 | type: DXT1 (no ALPHA) | version: 6]
Thu Dec 14 19:25:06 2017
[verbose]: Loaded file '2.hpv' [dims: 3840x2160 | fps: 30 | frames: 4531 | type: DXT1 (no ALPHA) | version: 6]
Thu Dec 14 19:33:15 2017
[verbose]: OnGraphicsDeviceEvent(Shutdown)
Thu Dec 14 19:33:15 2017
[verbose]: Closed HPV worker thread for 1.hpv
Thu Dec 14 19:33:15 2017
[verbose]: Closed HPV worker thread for 2.hpv
Thu Dec 14 19:33:15 2017
[verbose]: Cleared all HPV Players
Thu Dec 14 19:33:15 2017
[verbose]: ~HPVPLayer
Thu Dec 14 19:33:15 2017
[verbose]: ~HPVPLayer
Thu Dec 14 19:33:15 2017
[verbose]: Deleted GPU resources
Thu Dec 14 19:33:18 2017
[verbose]: ~RenderBridge
Thu Dec 14 19:33:18 2017
[verbose]: ~HPVMAnager
Thu Dec 14 19:33:18 2017
[verbose]: Closing log
Thu Dec 14 19:46:07 2017
[verbose]: 
OnGraphicsDeviceEvent(Initialize)
Thu Dec 14 19:46:07 2017
[verbose]: D3D11 init was succesful
Thu Dec 14 19:46:07 2017
[verbose]: Loaded file '1.hpv' [dims: 3840x2160 | fps: 30 | frames: 11220 | type: DXT1 (no ALPHA) | version: 6]
Thu Dec 14 19:46:07 2017
[verbose]: Loaded file '2.hpv' [dims: 3840x2160 | fps: 30 | frames: 4531 | type: DXT1 (no ALPHA) | version: 6]
Thu Dec 14 19:55:01 2017
[verbose]: OnGraphicsDeviceEvent(Shutdown)
Thu Dec 14 19:55:01 2017
[verbose]: Closed HPV worker thread for 1.hpv
Thu Dec 14 19:55:01 2017
[verbose]: Closed HPV worker thread for 2.hpv
Thu Dec 14 19:55:01 2017
[verbose]: Cleared all HPV Players
Thu Dec 14 19:55:01 2017
[verbose]: ~HPVPLayer
Thu Dec 14 19:55:01 2017
[verbose]: ~HPVPLayer
Thu Dec 14 19:55:01 2017
[verbose]: Deleted GPU resources
Thu Dec 14 19:55:03 2017
[verbose]: ~RenderBridge
Thu Dec 14 19:55:03 2017
[verbose]: ~HPVMAnager
Thu Dec 14 19:55:03 2017
[verbose]: Closing log
