Thu Dec  7 11:18:31 2017
[verbose]: 
OnGraphicsDeviceEvent(Initialize)
Thu Dec  7 11:18:31 2017
[verbose]: D3D11 init was succesful
Thu Dec  7 11:18:31 2017
[ error ]: Failed to open: 1.hpv
Thu Dec  7 11:18:31 2017
[ error ]: Failed to open: 2.hpv
Thu Dec  7 11:18:31 2017
[ error ]: Failed to open: 3.hpv
Thu Dec  7 11:18:33 2017
[verbose]: ~HPVPLayer
Thu Dec  7 11:18:33 2017
[verbose]: ~HPVPLayer
Thu Dec  7 11:18:33 2017
[verbose]: ~HPVPLayer
Thu Dec  7 11:18:33 2017
[verbose]: Cleared all HPV Players
Thu Dec  7 11:18:33 2017
[verbose]: Deleted GPU resources
Thu Dec  7 12:42:01 2017
[ error ]: Failed to open: 1.hpv
Thu Dec  7 12:42:01 2017
[ error ]: Failed to open: 2.hpv
Thu Dec  7 12:42:01 2017
[ error ]: Failed to open: 3.hpv
Thu Dec  7 12:42:15 2017
[verbose]: ~HPVPLayer
Thu Dec  7 12:42:15 2017
[verbose]: ~HPVPLayer
Thu Dec  7 12:42:15 2017
[verbose]: ~HPVPLayer
Thu Dec  7 12:42:15 2017
[verbose]: Cleared all HPV Players
Thu Dec  7 12:42:15 2017
[verbose]: Deleted GPU resources
Thu Dec  7 12:54:02 2017
[verbose]: Loaded file '1.hpv' [dims: 3840x2160 | fps: 25 | frames: 11282 | type: DXT1 (no ALPHA) | version: 6]
Thu Dec  7 12:54:02 2017
[verbose]: Loaded file '2.hpv' [dims: 3840x2160 | fps: 25 | frames: 4834 | type: DXT1 (no ALPHA) | version: 6]
Thu Dec  7 12:54:02 2017
[ error ]: Failed to open: 3.hpv
Thu Dec  7 12:54:15 2017
[verbose]: Closed HPV worker thread for 1.hpv
Thu Dec  7 12:54:15 2017
[verbose]: Closed HPV worker thread for 2.hpv
Thu Dec  7 12:54:15 2017
[verbose]: ~HPVPLayer
Thu Dec  7 12:54:15 2017
[verbose]: Cleared all HPV Players
Thu Dec  7 12:54:15 2017
[verbose]: ~HPVPLayer
Thu Dec  7 12:54:15 2017
[verbose]: ~HPVPLayer
Thu Dec  7 12:54:15 2017
[verbose]: Deleted GPU resources
Thu Dec  7 12:54:40 2017
[verbose]: Loaded file '1.hpv' [dims: 3840x2160 | fps: 25 | frames: 11282 | type: DXT1 (no ALPHA) | version: 6]
Thu Dec  7 12:54:40 2017
[verbose]: Loaded file '2.hpv' [dims: 3840x2160 | fps: 25 | frames: 4834 | type: DXT1 (no ALPHA) | version: 6]
Thu Dec  7 12:54:46 2017
[verbose]: Closed HPV worker thread for 1.hpv
Thu Dec  7 12:54:46 2017
[verbose]: Closed HPV worker thread for 2.hpv
Thu Dec  7 12:54:46 2017
[verbose]: Cleared all HPV Players
Thu Dec  7 12:54:46 2017
[verbose]: ~HPVPLayer
Thu Dec  7 12:54:46 2017
[verbose]: ~HPVPLayer
Thu Dec  7 12:54:46 2017
[verbose]: Deleted GPU resources
Thu Dec  7 12:55:12 2017
[verbose]: Loaded file '1.hpv' [dims: 3840x2160 | fps: 25 | frames: 11282 | type: DXT1 (no ALPHA) | version: 6]
Thu Dec  7 12:55:12 2017
[verbose]: Loaded file '2.hpv' [dims: 3840x2160 | fps: 25 | frames: 4834 | type: DXT1 (no ALPHA) | version: 6]
Thu Dec  7 12:55:25 2017
[verbose]: Closed HPV worker thread for 1.hpv
Thu Dec  7 12:55:25 2017
[verbose]: Closed HPV worker thread for 2.hpv
Thu Dec  7 12:55:25 2017
[verbose]: Cleared all HPV Players
Thu Dec  7 12:55:25 2017
[verbose]: ~HPVPLayer
Thu Dec  7 12:55:25 2017
[verbose]: ~HPVPLayer
Thu Dec  7 12:55:25 2017
[verbose]: Deleted GPU resources
Thu Dec  7 13:05:49 2017
[verbose]: Loaded file '1.hpv' [dims: 3840x2160 | fps: 25 | frames: 11282 | type: DXT1 (no ALPHA) | version: 6]
Thu Dec  7 13:05:49 2017
[verbose]: Loaded file '2.hpv' [dims: 3840x2160 | fps: 25 | frames: 4834 | type: DXT1 (no ALPHA) | version: 6]
Thu Dec  7 13:11:54 2017
[verbose]: Closed HPV worker thread for 1.hpv
Thu Dec  7 13:11:55 2017
[verbose]: Closed HPV worker thread for 2.hpv
Thu Dec  7 13:11:55 2017
[verbose]: Cleared all HPV Players
Thu Dec  7 13:11:55 2017
[verbose]: ~HPVPLayer
Thu Dec  7 13:11:55 2017
[verbose]: ~HPVPLayer
Thu Dec  7 13:11:55 2017
[verbose]: Deleted GPU resources
Thu Dec  7 13:12:01 2017
[verbose]: Loaded file '1.hpv' [dims: 3840x2160 | fps: 25 | frames: 11282 | type: DXT1 (no ALPHA) | version: 6]
Thu Dec  7 13:12:01 2017
[verbose]: Loaded file '2.hpv' [dims: 3840x2160 | fps: 25 | frames: 4834 | type: DXT1 (no ALPHA) | version: 6]
Thu Dec  7 13:12:22 2017
[verbose]: Closed HPV worker thread for 1.hpv
Thu Dec  7 13:12:22 2017
[verbose]: Closed HPV worker thread for 2.hpv
Thu Dec  7 13:12:22 2017
[verbose]: Cleared all HPV Players
Thu Dec  7 13:12:22 2017
[verbose]: ~HPVPLayer
Thu Dec  7 13:12:22 2017
[verbose]: ~HPVPLayer
Thu Dec  7 13:12:22 2017
[verbose]: Deleted GPU resources
Thu Dec  7 13:12:23 2017
[verbose]: Loaded file '1.hpv' [dims: 3840x2160 | fps: 25 | frames: 11282 | type: DXT1 (no ALPHA) | version: 6]
Thu Dec  7 13:12:23 2017
[verbose]: Loaded file '2.hpv' [dims: 3840x2160 | fps: 25 | frames: 4834 | type: DXT1 (no ALPHA) | version: 6]
Thu Dec  7 13:12:30 2017
[verbose]: Closed HPV worker thread for 1.hpv
Thu Dec  7 13:12:30 2017
[verbose]: Closed HPV worker thread for 2.hpv
Thu Dec  7 13:12:30 2017
[verbose]: Cleared all HPV Players
Thu Dec  7 13:12:30 2017
[verbose]: ~HPVPLayer
Thu Dec  7 13:12:30 2017
[verbose]: ~HPVPLayer
Thu Dec  7 13:12:30 2017
[verbose]: Deleted GPU resources
Thu Dec  7 13:12:33 2017
[verbose]: Loaded file '1.hpv' [dims: 3840x2160 | fps: 25 | frames: 11282 | type: DXT1 (no ALPHA) | version: 6]
Thu Dec  7 13:12:33 2017
[verbose]: Loaded file '2.hpv' [dims: 3840x2160 | fps: 25 | frames: 4834 | type: DXT1 (no ALPHA) | version: 6]
Thu Dec  7 13:12:47 2017
[verbose]: Closed HPV worker thread for 1.hpv
Thu Dec  7 13:12:47 2017
[verbose]: Closed HPV worker thread for 2.hpv
Thu Dec  7 13:12:47 2017
[verbose]: Cleared all HPV Players
Thu Dec  7 13:12:47 2017
[verbose]: ~HPVPLayer
Thu Dec  7 13:12:47 2017
[verbose]: ~HPVPLayer
Thu Dec  7 13:12:47 2017
[verbose]: Deleted GPU resources
Thu Dec  7 13:12:50 2017
[verbose]: Loaded file '1.hpv' [dims: 3840x2160 | fps: 25 | frames: 11282 | type: DXT1 (no ALPHA) | version: 6]
Thu Dec  7 13:12:50 2017
[verbose]: Loaded file '2.hpv' [dims: 3840x2160 | fps: 25 | frames: 4834 | type: DXT1 (no ALPHA) | version: 6]
Thu Dec  7 13:12:52 2017
[verbose]: Closed HPV worker thread for 1.hpv
Thu Dec  7 13:12:52 2017
[verbose]: Closed HPV worker thread for 2.hpv
Thu Dec  7 13:12:52 2017
[verbose]: Cleared all HPV Players
Thu Dec  7 13:12:52 2017
[verbose]: ~HPVPLayer
Thu Dec  7 13:12:52 2017
[verbose]: ~HPVPLayer
Thu Dec  7 13:12:52 2017
[verbose]: Deleted GPU resources
Thu Dec  7 13:14:02 2017
[verbose]: Loaded file '1.hpv' [dims: 3840x2160 | fps: 25 | frames: 11282 | type: DXT1 (no ALPHA) | version: 6]
Thu Dec  7 13:14:02 2017
[verbose]: Loaded file '2.hpv' [dims: 3840x2160 | fps: 25 | frames: 4834 | type: DXT1 (no ALPHA) | version: 6]
Thu Dec  7 13:15:12 2017
[verbose]: Closed HPV worker thread for 1.hpv
Thu Dec  7 13:15:12 2017
[verbose]: Closed HPV worker thread for 2.hpv
Thu Dec  7 13:15:12 2017
[verbose]: Cleared all HPV Players
Thu Dec  7 13:15:12 2017
[verbose]: ~HPVPLayer
Thu Dec  7 13:15:12 2017
[verbose]: ~HPVPLayer
Thu Dec  7 13:15:12 2017
[verbose]: Deleted GPU resources
Thu Dec  7 14:46:59 2017
[verbose]: OnGraphicsDeviceEvent(Shutdown)
Thu Dec  7 14:47:03 2017
[verbose]: ~RenderBridge
Thu Dec  7 14:47:03 2017
[verbose]: ~HPVMAnager
Thu Dec  7 14:47:03 2017
[verbose]: Closing log
Thu Dec  7 16:24:51 2017
[verbose]: 
OnGraphicsDeviceEvent(Initialize)
Thu Dec  7 16:24:51 2017
[verbose]: D3D11 init was succesful
Thu Dec  7 16:24:51 2017
[verbose]: Loaded file '1.hpv' [dims: 3840x2160 | fps: 25 | frames: 11282 | type: DXT1 (no ALPHA) | version: 6]
Thu Dec  7 16:24:51 2017
[verbose]: Loaded file '2.hpv' [dims: 3840x2160 | fps: 25 | frames: 4834 | type: DXT1 (no ALPHA) | version: 6]
Thu Dec  7 16:37:27 2017
[verbose]: Closed HPV worker thread for 1.hpv
Thu Dec  7 16:37:27 2017
[verbose]: Closed HPV worker thread for 2.hpv
Thu Dec  7 16:37:27 2017
[verbose]: Cleared all HPV Players
Thu Dec  7 16:37:27 2017
[verbose]: ~HPVPLayer
Thu Dec  7 16:37:27 2017
[verbose]: ~HPVPLayer
Thu Dec  7 16:37:27 2017
[verbose]: Deleted GPU resources
Thu Dec  7 16:38:18 2017
[verbose]: OnGraphicsDeviceEvent(Shutdown)
Thu Dec  7 16:38:21 2017
[verbose]: ~RenderBridge
Thu Dec  7 16:38:21 2017
[verbose]: ~HPVMAnager
Thu Dec  7 16:38:21 2017
[verbose]: Closing log
