Thu Dec  7 16:16:55 2017
[verbose]: 
OnGraphicsDeviceEvent(Initialize)
Thu Dec  7 16:16:55 2017
[verbose]: D3D11 init was succesful
Thu Dec  7 16:16:55 2017
[verbose]: Loaded file '1.hpv' [dims: 3840x2160 | fps: 25 | frames: 1778 | type: DXT1 (no ALPHA) | version: 6]
Thu Dec  7 16:16:55 2017
[verbose]: Loaded file '2.hpv' [dims: 3840x2160 | fps: 25 | frames: 1766 | type: DXT1 (no ALPHA) | version: 6]
Thu Dec  7 16:16:55 2017
[verbose]: Loaded file '3.hpv' [dims: 3840x2160 | fps: 25 | frames: 1765 | type: DXT1 (no ALPHA) | version: 6]
Thu Dec  7 16:17:09 2017
[verbose]: Closed HPV worker thread for 1.hpv
Thu Dec  7 16:17:09 2017
[verbose]: Closed HPV worker thread for 2.hpv
Thu Dec  7 16:17:09 2017
[verbose]: Closed HPV worker thread for 3.hpv
Thu Dec  7 16:17:09 2017
[verbose]: Cleared all HPV Players
Thu Dec  7 16:17:09 2017
[verbose]: ~HPVPLayer
Thu Dec  7 16:17:09 2017
[verbose]: ~HPVPLayer
Thu Dec  7 16:17:09 2017
[verbose]: ~HPVPLayer
Thu Dec  7 16:17:09 2017
[verbose]: Deleted GPU resources
Thu Dec  7 16:18:05 2017
[verbose]: Loaded file '1.hpv' [dims: 3840x2160 | fps: 25 | frames: 1778 | type: DXT1 (no ALPHA) | version: 6]
Thu Dec  7 16:18:05 2017
[verbose]: Loaded file '2.hpv' [dims: 3840x2160 | fps: 25 | frames: 1766 | type: DXT1 (no ALPHA) | version: 6]
Thu Dec  7 16:18:05 2017
[verbose]: Loaded file '3.hpv' [dims: 3840x2160 | fps: 25 | frames: 1765 | type: DXT1 (no ALPHA) | version: 6]
Thu Dec  7 16:18:23 2017
[verbose]: Loaded file '4.hpv' [dims: 3840x2160 | fps: 25 | frames: 1756 | type: DXT1 (no ALPHA) | version: 6]
Thu Dec  7 16:18:53 2017
[verbose]: Loaded file '5.hpv' [dims: 3840x2160 | fps: 25 | frames: 1785 | type: DXT1 (no ALPHA) | version: 6]
Thu Dec  7 16:19:04 2017
[verbose]: Loaded file '6.hpv' [dims: 3840x2160 | fps: 25 | frames: 1758 | type: DXT1 (no ALPHA) | version: 6]
Thu Dec  7 16:19:19 2017
[verbose]: Loaded file '7.hpv' [dims: 3840x2160 | fps: 25 | frames: 1769 | type: DXT1 (no ALPHA) | version: 6]
Thu Dec  7 16:19:38 2017
[verbose]: Loaded file '8.hpv' [dims: 3840x2160 | fps: 25 | frames: 1759 | type: DXT1 (no ALPHA) | version: 6]
Thu Dec  7 16:19:43 2017
[verbose]: Loaded file '9.hpv' [dims: 3840x2160 | fps: 25 | frames: 1983 | type: DXT1 (no ALPHA) | version: 6]
Thu Dec  7 16:20:14 2017
[verbose]: Loaded file '10.hpv' [dims: 3840x2160 | fps: 25 | frames: 1778 | type: DXT1 (no ALPHA) | version: 6]
Thu Dec  7 16:21:16 2017
[verbose]: Loaded file '11.hpv' [dims: 3840x2160 | fps: 25 | frames: 1787 | type: DXT1 (no ALPHA) | version: 6]
Thu Dec  7 16:21:57 2017
[verbose]: Loaded file '12.hpv' [dims: 3840x2160 | fps: 25 | frames: 1760 | type: DXT1 (no ALPHA) | version: 6]
Thu Dec  7 16:22:06 2017
[verbose]: Loaded file '13.hpv' [dims: 3840x2160 | fps: 25 | frames: 1771 | type: DXT1 (no ALPHA) | version: 6]
Thu Dec  7 16:22:12 2017
[verbose]: Loaded file '14.hpv' [dims: 3840x2160 | fps: 25 | frames: 1811 | type: DXT1 (no ALPHA) | version: 6]
Thu Dec  7 16:22:24 2017
[verbose]: Loaded file '15.hpv' [dims: 3840x2160 | fps: 25 | frames: 1824 | type: DXT1 (no ALPHA) | version: 6]
Thu Dec  7 16:22:41 2017
[verbose]: Loaded file '16.hpv' [dims: 3840x2160 | fps: 25 | frames: 1815 | type: DXT1 (no ALPHA) | version: 6]
Thu Dec  7 16:22:46 2017
[verbose]: Loaded file '17.hpv' [dims: 3840x2160 | fps: 25 | frames: 1840 | type: DXT1 (no ALPHA) | version: 6]
Thu Dec  7 16:23:49 2017
[verbose]: Closed HPV worker thread for 1.hpv
Thu Dec  7 16:23:49 2017
[verbose]: Closed HPV worker thread for 2.hpv
Thu Dec  7 16:23:49 2017
[verbose]: Closed HPV worker thread for 3.hpv
Thu Dec  7 16:23:49 2017
[verbose]: Closed HPV worker thread for 4.hpv
Thu Dec  7 16:23:49 2017
[verbose]: Closed HPV worker thread for 5.hpv
Thu Dec  7 16:23:49 2017
[verbose]: Closed HPV worker thread for 6.hpv
Thu Dec  7 16:23:49 2017
[verbose]: Closed HPV worker thread for 7.hpv
Thu Dec  7 16:23:49 2017
[verbose]: Closed HPV worker thread for 8.hpv
Thu Dec  7 16:23:49 2017
[verbose]: Closed HPV worker thread for 9.hpv
Thu Dec  7 16:23:49 2017
[verbose]: Closed HPV worker thread for 10.hpv
Thu Dec  7 16:23:49 2017
[verbose]: Closed HPV worker thread for 11.hpv
Thu Dec  7 16:23:49 2017
[verbose]: Closed HPV worker thread for 12.hpv
Thu Dec  7 16:23:49 2017
[verbose]: Closed HPV worker thread for 13.hpv
Thu Dec  7 16:23:49 2017
[verbose]: Closed HPV worker thread for 14.hpv
Thu Dec  7 16:23:49 2017
[verbose]: Closed HPV worker thread for 15.hpv
Thu Dec  7 16:23:49 2017
[verbose]: Closed HPV worker thread for 16.hpv
Thu Dec  7 16:23:49 2017
[verbose]: Closed HPV worker thread for 17.hpv
Thu Dec  7 16:23:49 2017
[verbose]: Cleared all HPV Players
Thu Dec  7 16:23:49 2017
[verbose]: ~HPVPLayer
Thu Dec  7 16:23:49 2017
[verbose]: ~HPVPLayer
Thu Dec  7 16:23:49 2017
[verbose]: ~HPVPLayer
Thu Dec  7 16:23:49 2017
[verbose]: ~HPVPLayer
Thu Dec  7 16:23:49 2017
[verbose]: ~HPVPLayer
Thu Dec  7 16:23:49 2017
[verbose]: ~HPVPLayer
Thu Dec  7 16:23:49 2017
[verbose]: ~HPVPLayer
Thu Dec  7 16:23:49 2017
[verbose]: ~HPVPLayer
Thu Dec  7 16:23:49 2017
[verbose]: ~HPVPLayer
Thu Dec  7 16:23:49 2017
[verbose]: ~HPVPLayer
Thu Dec  7 16:23:49 2017
[verbose]: ~HPVPLayer
Thu Dec  7 16:23:49 2017
[verbose]: ~HPVPLayer
Thu Dec  7 16:23:49 2017
[verbose]: ~HPVPLayer
Thu Dec  7 16:23:49 2017
[verbose]: ~HPVPLayer
Thu Dec  7 16:23:49 2017
[verbose]: ~HPVPLayer
Thu Dec  7 16:23:49 2017
[verbose]: ~HPVPLayer
Thu Dec  7 16:23:49 2017
[verbose]: ~HPVPLayer
Thu Dec  7 16:23:49 2017
[verbose]: Deleted GPU resources
Thu Dec  7 16:23:53 2017
[verbose]: OnGraphicsDeviceEvent(Shutdown)
Thu Dec  7 16:23:56 2017
[verbose]: ~RenderBridge
Thu Dec  7 16:23:56 2017
[verbose]: ~HPVMAnager
Thu Dec  7 16:23:56 2017
[verbose]: Closing log
