Mon Dec  4 09:44:47 2017
[verbose]: 
OnGraphicsDeviceEvent(Initialize)
Mon Dec  4 09:44:47 2017
[verbose]: D3D11 init was succesful
Mon Dec  4 09:44:47 2017
[verbose]: Loaded file '1.hpv' [dims: 3840x2160 | fps: 25 | frames: 1778 | type: DXT1 (no ALPHA) | version: 6]
Mon Dec  4 09:44:48 2017
[verbose]: Loaded file '2.hpv' [dims: 3840x2160 | fps: 25 | frames: 1766 | type: DXT1 (no ALPHA) | version: 6]
Mon Dec  4 09:44:48 2017
[verbose]: Loaded file '3.hpv' [dims: 3840x2160 | fps: 25 | frames: 1765 | type: DXT1 (no ALPHA) | version: 6]
Mon Dec  4 09:45:06 2017
[verbose]: Loaded file '4.hpv' [dims: 3840x2160 | fps: 25 | frames: 1756 | type: DXT1 (no ALPHA) | version: 6]
Mon Dec  4 09:45:07 2017
[verbose]: Closed HPV worker thread for 1.hpv
Mon Dec  4 09:45:07 2017
[verbose]: Closed HPV worker thread for 2.hpv
Mon Dec  4 09:45:07 2017
[verbose]: Closed HPV worker thread for 3.hpv
Mon Dec  4 09:45:07 2017
[verbose]: Closed HPV worker thread for 4.hpv
Mon Dec  4 09:45:07 2017
[verbose]: Cleared all HPV Players
Mon Dec  4 09:45:07 2017
[verbose]: ~HPVPLayer
Mon Dec  4 09:45:07 2017
[verbose]: ~HPVPLayer
Mon Dec  4 09:45:07 2017
[verbose]: ~HPVPLayer
Mon Dec  4 09:45:07 2017
[verbose]: ~HPVPLayer
Mon Dec  4 09:45:07 2017
[verbose]: Deleted GPU resources
Mon Dec  4 09:45:09 2017
[verbose]: Loaded file '1.hpv' [dims: 3840x2160 | fps: 25 | frames: 1778 | type: DXT1 (no ALPHA) | version: 6]
Mon Dec  4 09:45:09 2017
[verbose]: Loaded file '2.hpv' [dims: 3840x2160 | fps: 25 | frames: 1766 | type: DXT1 (no ALPHA) | version: 6]
Mon Dec  4 09:45:09 2017
[verbose]: Loaded file '3.hpv' [dims: 3840x2160 | fps: 25 | frames: 1765 | type: DXT1 (no ALPHA) | version: 6]
Mon Dec  4 09:45:20 2017
[verbose]: Loaded file '4.hpv' [dims: 3840x2160 | fps: 25 | frames: 1756 | type: DXT1 (no ALPHA) | version: 6]
Mon Dec  4 09:45:29 2017
[verbose]: Loaded file '5.hpv' [dims: 3840x2160 | fps: 25 | frames: 1785 | type: DXT1 (no ALPHA) | version: 6]
Mon Dec  4 09:45:32 2017
[verbose]: Loaded file '6.hpv' [dims: 3840x2160 | fps: 25 | frames: 1758 | type: DXT1 (no ALPHA) | version: 6]
Mon Dec  4 09:45:38 2017
[verbose]: Loaded file '7.hpv' [dims: 3840x2160 | fps: 25 | frames: 1769 | type: DXT1 (no ALPHA) | version: 6]
Mon Dec  4 09:45:42 2017
[verbose]: Loaded file '8.hpv' [dims: 3840x2160 | fps: 25 | frames: 1759 | type: DXT1 (no ALPHA) | version: 6]
Mon Dec  4 09:45:47 2017
[verbose]: Loaded file '9.hpv' [dims: 3840x2160 | fps: 25 | frames: 1983 | type: DXT1 (no ALPHA) | version: 6]
Mon Dec  4 09:45:50 2017
[verbose]: Loaded file '10.hpv' [dims: 3840x2160 | fps: 25 | frames: 1778 | type: DXT1 (no ALPHA) | version: 6]
Mon Dec  4 09:45:54 2017
[verbose]: Loaded file '11.hpv' [dims: 3840x2160 | fps: 25 | frames: 1787 | type: DXT1 (no ALPHA) | version: 6]
Mon Dec  4 09:45:58 2017
[verbose]: Loaded file '12.hpv' [dims: 3840x2160 | fps: 25 | frames: 1760 | type: DXT1 (no ALPHA) | version: 6]
Mon Dec  4 09:46:02 2017
[verbose]: Loaded file '13.hpv' [dims: 3840x2160 | fps: 25 | frames: 1771 | type: DXT1 (no ALPHA) | version: 6]
Mon Dec  4 09:46:09 2017
[verbose]: Loaded file '14.hpv' [dims: 3840x2160 | fps: 25 | frames: 1811 | type: DXT1 (no ALPHA) | version: 6]
Mon Dec  4 09:46:12 2017
[verbose]: Loaded file '15.hpv' [dims: 3840x2160 | fps: 25 | frames: 1824 | type: DXT1 (no ALPHA) | version: 6]
Mon Dec  4 09:46:16 2017
[verbose]: Loaded file '16.hpv' [dims: 3840x2160 | fps: 25 | frames: 1815 | type: DXT1 (no ALPHA) | version: 6]
Mon Dec  4 09:46:19 2017
[verbose]: Loaded file '17.hpv' [dims: 3840x2160 | fps: 25 | frames: 1840 | type: DXT1 (no ALPHA) | version: 6]
Mon Dec  4 09:47:33 2017
[verbose]: Closed HPV worker thread for 1.hpv
Mon Dec  4 09:47:33 2017
[verbose]: Closed HPV worker thread for 2.hpv
Mon Dec  4 09:47:33 2017
[verbose]: Closed HPV worker thread for 3.hpv
Mon Dec  4 09:47:33 2017
[verbose]: Closed HPV worker thread for 4.hpv
Mon Dec  4 09:47:33 2017
[verbose]: Closed HPV worker thread for 5.hpv
Mon Dec  4 09:47:33 2017
[verbose]: Closed HPV worker thread for 6.hpv
Mon Dec  4 09:47:33 2017
[verbose]: Closed HPV worker thread for 7.hpv
Mon Dec  4 09:47:33 2017
[verbose]: Closed HPV worker thread for 8.hpv
Mon Dec  4 09:47:33 2017
[verbose]: Closed HPV worker thread for 9.hpv
Mon Dec  4 09:47:33 2017
[verbose]: Closed HPV worker thread for 10.hpv
Mon Dec  4 09:47:33 2017
[verbose]: Closed HPV worker thread for 11.hpv
Mon Dec  4 09:47:33 2017
[verbose]: Closed HPV worker thread for 12.hpv
Mon Dec  4 09:47:33 2017
[verbose]: Closed HPV worker thread for 13.hpv
Mon Dec  4 09:47:33 2017
[verbose]: Closed HPV worker thread for 14.hpv
Mon Dec  4 09:47:33 2017
[verbose]: Closed HPV worker thread for 15.hpv
Mon Dec  4 09:47:33 2017
[verbose]: Closed HPV worker thread for 16.hpv
Mon Dec  4 09:47:33 2017
[verbose]: Closed HPV worker thread for 17.hpv
Mon Dec  4 09:47:33 2017
[verbose]: Cleared all HPV Players
Mon Dec  4 09:47:33 2017
[verbose]: ~HPVPLayer
Mon Dec  4 09:47:33 2017
[verbose]: ~HPVPLayer
Mon Dec  4 09:47:33 2017
[verbose]: ~HPVPLayer
Mon Dec  4 09:47:33 2017
[verbose]: ~HPVPLayer
Mon Dec  4 09:47:33 2017
[verbose]: ~HPVPLayer
Mon Dec  4 09:47:33 2017
[verbose]: ~HPVPLayer
Mon Dec  4 09:47:33 2017
[verbose]: ~HPVPLayer
Mon Dec  4 09:47:33 2017
[verbose]: ~HPVPLayer
Mon Dec  4 09:47:33 2017
[verbose]: ~HPVPLayer
Mon Dec  4 09:47:33 2017
[verbose]: ~HPVPLayer
Mon Dec  4 09:47:33 2017
[verbose]: ~HPVPLayer
Mon Dec  4 09:47:33 2017
[verbose]: ~HPVPLayer
Mon Dec  4 09:47:33 2017
[verbose]: ~HPVPLayer
Mon Dec  4 09:47:33 2017
[verbose]: ~HPVPLayer
Mon Dec  4 09:47:33 2017
[verbose]: ~HPVPLayer
Mon Dec  4 09:47:33 2017
[verbose]: ~HPVPLayer
Mon Dec  4 09:47:33 2017
[verbose]: ~HPVPLayer
Mon Dec  4 09:47:33 2017
[verbose]: Deleted GPU resources
Mon Dec  4 16:47:18 2017
[verbose]: OnGraphicsDeviceEvent(Shutdown)
Mon Dec  4 16:47:20 2017
[verbose]: ~RenderBridge
Mon Dec  4 16:47:20 2017
[verbose]: ~HPVMAnager
Mon Dec  4 16:47:20 2017
[verbose]: Closing log
