Fri Dec  8 15:17:52 2017
[verbose]: 
OnGraphicsDeviceEvent(Initialize)
Fri Dec  8 15:17:52 2017
[verbose]: D3D11 init was succesful
Fri Dec  8 15:17:52 2017
[verbose]: Loaded file '1.hpv' [dims: 3840x2160 | fps: 25 | frames: 1778 | type: DXT1 (no ALPHA) | version: 6]
Fri Dec  8 15:17:52 2017
[verbose]: Loaded file '2.hpv' [dims: 3840x2160 | fps: 25 | frames: 1766 | type: DXT1 (no ALPHA) | version: 6]
Fri Dec  8 15:17:52 2017
[verbose]: Loaded file '3.hpv' [dims: 3840x2160 | fps: 25 | frames: 1765 | type: DXT1 (no ALPHA) | version: 6]
Fri Dec  8 15:18:19 2017
[verbose]: Loaded file '4.hpv' [dims: 3840x2160 | fps: 25 | frames: 1756 | type: DXT1 (no ALPHA) | version: 6]
Fri Dec  8 15:18:28 2017
[verbose]: Loaded file '5.hpv' [dims: 3840x2160 | fps: 25 | frames: 1785 | type: DXT1 (no ALPHA) | version: 6]
Fri Dec  8 15:18:40 2017
[verbose]: Loaded file '6.hpv' [dims: 3840x2160 | fps: 25 | frames: 1758 | type: DXT1 (no ALPHA) | version: 6]
Fri Dec  8 15:18:51 2017
[verbose]: Loaded file '7.hpv' [dims: 3840x2160 | fps: 25 | frames: 1769 | type: DXT1 (no ALPHA) | version: 6]
Fri Dec  8 15:19:27 2017
[verbose]: Loaded file '8.hpv' [dims: 3840x2160 | fps: 25 | frames: 1759 | type: DXT1 (no ALPHA) | version: 6]
Fri Dec  8 15:19:33 2017
[verbose]: Loaded file '9.hpv' [dims: 3840x2160 | fps: 25 | frames: 1983 | type: DXT1 (no ALPHA) | version: 6]
Fri Dec  8 15:19:49 2017
[verbose]: Loaded file '10.hpv' [dims: 3840x2160 | fps: 25 | frames: 1778 | type: DXT1 (no ALPHA) | version: 6]
Fri Dec  8 15:20:00 2017
[verbose]: Loaded file '11.hpv' [dims: 3840x2160 | fps: 25 | frames: 1787 | type: DXT1 (no ALPHA) | version: 6]
Fri Dec  8 15:20:23 2017
[verbose]: Loaded file '12.hpv' [dims: 3840x2160 | fps: 25 | frames: 1760 | type: DXT1 (no ALPHA) | version: 6]
Fri Dec  8 15:20:28 2017
[verbose]: Loaded file '13.hpv' [dims: 3840x2160 | fps: 25 | frames: 1771 | type: DXT1 (no ALPHA) | version: 6]
Fri Dec  8 15:20:46 2017
[verbose]: Loaded file '14.hpv' [dims: 3840x2160 | fps: 25 | frames: 1811 | type: DXT1 (no ALPHA) | version: 6]
Fri Dec  8 15:20:53 2017
[verbose]: Loaded file '15.hpv' [dims: 3840x2160 | fps: 25 | frames: 1824 | type: DXT1 (no ALPHA) | version: 6]
Fri Dec  8 15:20:59 2017
[verbose]: Loaded file '16.hpv' [dims: 3840x2160 | fps: 25 | frames: 1815 | type: DXT1 (no ALPHA) | version: 6]
Fri Dec  8 15:21:06 2017
[verbose]: Loaded file '17.hpv' [dims: 3840x2160 | fps: 25 | frames: 1840 | type: DXT1 (no ALPHA) | version: 6]
Fri Dec  8 15:21:36 2017
[verbose]: Closed HPV worker thread for 1.hpv
Fri Dec  8 15:21:36 2017
[verbose]: Closed HPV worker thread for 2.hpv
Fri Dec  8 15:21:36 2017
[verbose]: Closed HPV worker thread for 3.hpv
Fri Dec  8 15:21:36 2017
[verbose]: Closed HPV worker thread for 4.hpv
Fri Dec  8 15:21:36 2017
[verbose]: Closed HPV worker thread for 5.hpv
Fri Dec  8 15:21:36 2017
[verbose]: Closed HPV worker thread for 6.hpv
Fri Dec  8 15:21:36 2017
[verbose]: Closed HPV worker thread for 7.hpv
Fri Dec  8 15:21:36 2017
[verbose]: Closed HPV worker thread for 8.hpv
Fri Dec  8 15:21:36 2017
[verbose]: Closed HPV worker thread for 9.hpv
Fri Dec  8 15:21:36 2017
[verbose]: Closed HPV worker thread for 10.hpv
Fri Dec  8 15:21:36 2017
[verbose]: Closed HPV worker thread for 11.hpv
Fri Dec  8 15:21:36 2017
[verbose]: Closed HPV worker thread for 12.hpv
Fri Dec  8 15:21:36 2017
[verbose]: Closed HPV worker thread for 13.hpv
Fri Dec  8 15:21:36 2017
[verbose]: Closed HPV worker thread for 14.hpv
Fri Dec  8 15:21:36 2017
[verbose]: Closed HPV worker thread for 15.hpv
Fri Dec  8 15:21:36 2017
[verbose]: Closed HPV worker thread for 16.hpv
Fri Dec  8 15:21:36 2017
[verbose]: Closed HPV worker thread for 17.hpv
Fri Dec  8 15:21:36 2017
[verbose]: Cleared all HPV Players
Fri Dec  8 15:21:36 2017
[verbose]: ~HPVPLayer
Fri Dec  8 15:21:36 2017
[verbose]: ~HPVPLayer
Fri Dec  8 15:21:36 2017
[verbose]: ~HPVPLayer
Fri Dec  8 15:21:36 2017
[verbose]: ~HPVPLayer
Fri Dec  8 15:21:36 2017
[verbose]: ~HPVPLayer
Fri Dec  8 15:21:36 2017
[verbose]: ~HPVPLayer
Fri Dec  8 15:21:36 2017
[verbose]: ~HPVPLayer
Fri Dec  8 15:21:36 2017
[verbose]: ~HPVPLayer
Fri Dec  8 15:21:36 2017
[verbose]: ~HPVPLayer
Fri Dec  8 15:21:36 2017
[verbose]: ~HPVPLayer
Fri Dec  8 15:21:36 2017
[verbose]: ~HPVPLayer
Fri Dec  8 15:21:36 2017
[verbose]: ~HPVPLayer
Fri Dec  8 15:21:36 2017
[verbose]: ~HPVPLayer
Fri Dec  8 15:21:36 2017
[verbose]: ~HPVPLayer
Fri Dec  8 15:21:36 2017
[verbose]: ~HPVPLayer
Fri Dec  8 15:21:36 2017
[verbose]: ~HPVPLayer
Fri Dec  8 15:21:36 2017
[verbose]: ~HPVPLayer
Fri Dec  8 15:21:36 2017
[verbose]: Deleted GPU resources
Fri Dec  8 15:22:04 2017
[verbose]: Loaded file '1.hpv' [dims: 3840x2160 | fps: 25 | frames: 1778 | type: DXT1 (no ALPHA) | version: 6]
Fri Dec  8 15:22:04 2017
[verbose]: Loaded file '2.hpv' [dims: 3840x2160 | fps: 25 | frames: 1766 | type: DXT1 (no ALPHA) | version: 6]
Fri Dec  8 15:22:04 2017
[verbose]: Loaded file '3.hpv' [dims: 3840x2160 | fps: 25 | frames: 1765 | type: DXT1 (no ALPHA) | version: 6]
Fri Dec  8 15:22:25 2017
[verbose]: Loaded file '4.hpv' [dims: 3840x2160 | fps: 25 | frames: 1756 | type: DXT1 (no ALPHA) | version: 6]
Fri Dec  8 15:22:31 2017
[verbose]: Loaded file '5.hpv' [dims: 3840x2160 | fps: 25 | frames: 1785 | type: DXT1 (no ALPHA) | version: 6]
Fri Dec  8 15:22:59 2017
[verbose]: Loaded file '6.hpv' [dims: 3840x2160 | fps: 25 | frames: 1758 | type: DXT1 (no ALPHA) | version: 6]
Fri Dec  8 15:23:05 2017
[verbose]: Loaded file '7.hpv' [dims: 3840x2160 | fps: 25 | frames: 1769 | type: DXT1 (no ALPHA) | version: 6]
Fri Dec  8 15:23:13 2017
[verbose]: Closed HPV worker thread for 1.hpv
Fri Dec  8 15:23:13 2017
[verbose]: Closed HPV worker thread for 2.hpv
Fri Dec  8 15:23:13 2017
[verbose]: Closed HPV worker thread for 3.hpv
Fri Dec  8 15:23:13 2017
[verbose]: Closed HPV worker thread for 4.hpv
Fri Dec  8 15:23:13 2017
[verbose]: Closed HPV worker thread for 5.hpv
Fri Dec  8 15:23:13 2017
[verbose]: Closed HPV worker thread for 6.hpv
Fri Dec  8 15:23:14 2017
[verbose]: Closed HPV worker thread for 7.hpv
Fri Dec  8 15:23:14 2017
[verbose]: Cleared all HPV Players
Fri Dec  8 15:23:14 2017
[verbose]: ~HPVPLayer
Fri Dec  8 15:23:14 2017
[verbose]: ~HPVPLayer
Fri Dec  8 15:23:14 2017
[verbose]: ~HPVPLayer
Fri Dec  8 15:23:14 2017
[verbose]: ~HPVPLayer
Fri Dec  8 15:23:14 2017
[verbose]: ~HPVPLayer
Fri Dec  8 15:23:14 2017
[verbose]: ~HPVPLayer
Fri Dec  8 15:23:14 2017
[verbose]: ~HPVPLayer
Fri Dec  8 15:23:14 2017
[verbose]: Deleted GPU resources
Fri Dec  8 15:23:15 2017
[verbose]: Loaded file '1.hpv' [dims: 3840x2160 | fps: 25 | frames: 1778 | type: DXT1 (no ALPHA) | version: 6]
Fri Dec  8 15:23:15 2017
[verbose]: Loaded file '2.hpv' [dims: 3840x2160 | fps: 25 | frames: 1766 | type: DXT1 (no ALPHA) | version: 6]
Fri Dec  8 15:23:15 2017
[verbose]: Loaded file '3.hpv' [dims: 3840x2160 | fps: 25 | frames: 1765 | type: DXT1 (no ALPHA) | version: 6]
Fri Dec  8 15:23:34 2017
[verbose]: Loaded file '4.hpv' [dims: 3840x2160 | fps: 25 | frames: 1756 | type: DXT1 (no ALPHA) | version: 6]
Fri Dec  8 15:23:39 2017
[verbose]: Loaded file '5.hpv' [dims: 3840x2160 | fps: 25 | frames: 1785 | type: DXT1 (no ALPHA) | version: 6]
Fri Dec  8 15:23:49 2017
[verbose]: Loaded file '6.hpv' [dims: 3840x2160 | fps: 25 | frames: 1758 | type: DXT1 (no ALPHA) | version: 6]
Fri Dec  8 15:24:01 2017
[verbose]: Loaded file '7.hpv' [dims: 3840x2160 | fps: 25 | frames: 1769 | type: DXT1 (no ALPHA) | version: 6]
Fri Dec  8 15:24:10 2017
[verbose]: Loaded file '8.hpv' [dims: 3840x2160 | fps: 25 | frames: 1759 | type: DXT1 (no ALPHA) | version: 6]
Fri Dec  8 15:24:32 2017
[verbose]: Loaded file '9.hpv' [dims: 3840x2160 | fps: 25 | frames: 1983 | type: DXT1 (no ALPHA) | version: 6]
Fri Dec  8 15:24:55 2017
[verbose]: Loaded file '10.hpv' [dims: 3840x2160 | fps: 25 | frames: 1778 | type: DXT1 (no ALPHA) | version: 6]
Fri Dec  8 15:25:03 2017
[verbose]: Loaded file '11.hpv' [dims: 3840x2160 | fps: 25 | frames: 1787 | type: DXT1 (no ALPHA) | version: 6]
Fri Dec  8 15:25:18 2017
[verbose]: Loaded file '12.hpv' [dims: 3840x2160 | fps: 25 | frames: 1760 | type: DXT1 (no ALPHA) | version: 6]
Fri Dec  8 15:25:30 2017
[verbose]: Loaded file '13.hpv' [dims: 3840x2160 | fps: 25 | frames: 1771 | type: DXT1 (no ALPHA) | version: 6]
Fri Dec  8 15:25:38 2017
[verbose]: Loaded file '14.hpv' [dims: 3840x2160 | fps: 25 | frames: 1811 | type: DXT1 (no ALPHA) | version: 6]
Fri Dec  8 15:25:56 2017
[verbose]: Loaded file '15.hpv' [dims: 3840x2160 | fps: 25 | frames: 1824 | type: DXT1 (no ALPHA) | version: 6]
Fri Dec  8 15:26:15 2017
[verbose]: Loaded file '16.hpv' [dims: 3840x2160 | fps: 25 | frames: 1815 | type: DXT1 (no ALPHA) | version: 6]
Fri Dec  8 15:26:21 2017
[verbose]: Loaded file '17.hpv' [dims: 3840x2160 | fps: 25 | frames: 1840 | type: DXT1 (no ALPHA) | version: 6]
Fri Dec  8 15:26:46 2017
[verbose]: Closed HPV worker thread for 1.hpv
Fri Dec  8 15:26:46 2017
[verbose]: Closed HPV worker thread for 2.hpv
Fri Dec  8 15:26:46 2017
[verbose]: Closed HPV worker thread for 3.hpv
Fri Dec  8 15:26:46 2017
[verbose]: Closed HPV worker thread for 4.hpv
Fri Dec  8 15:26:46 2017
[verbose]: Closed HPV worker thread for 5.hpv
Fri Dec  8 15:26:46 2017
[verbose]: Closed HPV worker thread for 6.hpv
Fri Dec  8 15:26:46 2017
[verbose]: Closed HPV worker thread for 7.hpv
Fri Dec  8 15:26:46 2017
[verbose]: Closed HPV worker thread for 8.hpv
Fri Dec  8 15:26:46 2017
[verbose]: Closed HPV worker thread for 9.hpv
Fri Dec  8 15:26:46 2017
[verbose]: Closed HPV worker thread for 10.hpv
Fri Dec  8 15:26:46 2017
[verbose]: Closed HPV worker thread for 11.hpv
Fri Dec  8 15:26:46 2017
[verbose]: Closed HPV worker thread for 12.hpv
Fri Dec  8 15:26:46 2017
[verbose]: Closed HPV worker thread for 13.hpv
Fri Dec  8 15:26:46 2017
[verbose]: Closed HPV worker thread for 14.hpv
Fri Dec  8 15:26:46 2017
[verbose]: Closed HPV worker thread for 15.hpv
Fri Dec  8 15:26:46 2017
[verbose]: Closed HPV worker thread for 16.hpv
Fri Dec  8 15:26:46 2017
[verbose]: Closed HPV worker thread for 17.hpv
Fri Dec  8 15:26:46 2017
[verbose]: Cleared all HPV Players
Fri Dec  8 15:26:46 2017
[verbose]: ~HPVPLayer
Fri Dec  8 15:26:46 2017
[verbose]: ~HPVPLayer
Fri Dec  8 15:26:46 2017
[verbose]: ~HPVPLayer
Fri Dec  8 15:26:46 2017
[verbose]: ~HPVPLayer
Fri Dec  8 15:26:46 2017
[verbose]: ~HPVPLayer
Fri Dec  8 15:26:46 2017
[verbose]: ~HPVPLayer
Fri Dec  8 15:26:46 2017
[verbose]: ~HPVPLayer
Fri Dec  8 15:26:46 2017
[verbose]: ~HPVPLayer
Fri Dec  8 15:26:46 2017
[verbose]: ~HPVPLayer
Fri Dec  8 15:26:46 2017
[verbose]: ~HPVPLayer
Fri Dec  8 15:26:46 2017
[verbose]: ~HPVPLayer
Fri Dec  8 15:26:46 2017
[verbose]: ~HPVPLayer
Fri Dec  8 15:26:46 2017
[verbose]: ~HPVPLayer
Fri Dec  8 15:26:46 2017
[verbose]: ~HPVPLayer
Fri Dec  8 15:26:46 2017
[verbose]: ~HPVPLayer
Fri Dec  8 15:26:46 2017
[verbose]: ~HPVPLayer
Fri Dec  8 15:26:46 2017
[verbose]: ~HPVPLayer
Fri Dec  8 15:26:46 2017
[verbose]: Deleted GPU resources
Fri Dec  8 15:27:54 2017
[verbose]: Loaded file '1.hpv' [dims: 3840x2160 | fps: 25 | frames: 1778 | type: DXT1 (no ALPHA) | version: 6]
Fri Dec  8 15:27:54 2017
[verbose]: Loaded file '2.hpv' [dims: 3840x2160 | fps: 25 | frames: 1766 | type: DXT1 (no ALPHA) | version: 6]
Fri Dec  8 15:27:54 2017
[verbose]: Loaded file '3.hpv' [dims: 3840x2160 | fps: 25 | frames: 1765 | type: DXT1 (no ALPHA) | version: 6]
Fri Dec  8 15:28:11 2017
[verbose]: Loaded file '4.hpv' [dims: 3840x2160 | fps: 25 | frames: 1756 | type: DXT1 (no ALPHA) | version: 6]
Fri Dec  8 15:28:27 2017
[verbose]: Loaded file '5.hpv' [dims: 3840x2160 | fps: 25 | frames: 1785 | type: DXT1 (no ALPHA) | version: 6]
Fri Dec  8 15:28:37 2017
[verbose]: Loaded file '6.hpv' [dims: 3840x2160 | fps: 25 | frames: 1758 | type: DXT1 (no ALPHA) | version: 6]
Fri Dec  8 15:28:53 2017
[verbose]: Loaded file '7.hpv' [dims: 3840x2160 | fps: 25 | frames: 1769 | type: DXT1 (no ALPHA) | version: 6]
Fri Dec  8 15:29:03 2017
[verbose]: Loaded file '8.hpv' [dims: 3840x2160 | fps: 25 | frames: 1759 | type: DXT1 (no ALPHA) | version: 6]
Fri Dec  8 15:29:16 2017
[verbose]: Loaded file '9.hpv' [dims: 3840x2160 | fps: 25 | frames: 1983 | type: DXT1 (no ALPHA) | version: 6]
Fri Dec  8 15:29:23 2017
[verbose]: Loaded file '10.hpv' [dims: 3840x2160 | fps: 25 | frames: 1778 | type: DXT1 (no ALPHA) | version: 6]
Fri Dec  8 15:29:32 2017
[verbose]: Loaded file '11.hpv' [dims: 3840x2160 | fps: 25 | frames: 1787 | type: DXT1 (no ALPHA) | version: 6]
Fri Dec  8 15:29:37 2017
[verbose]: Loaded file '12.hpv' [dims: 3840x2160 | fps: 25 | frames: 1760 | type: DXT1 (no ALPHA) | version: 6]
Fri Dec  8 15:29:43 2017
[verbose]: Loaded file '13.hpv' [dims: 3840x2160 | fps: 25 | frames: 1771 | type: DXT1 (no ALPHA) | version: 6]
Fri Dec  8 15:29:52 2017
[verbose]: Loaded file '14.hpv' [dims: 3840x2160 | fps: 25 | frames: 1811 | type: DXT1 (no ALPHA) | version: 6]
Fri Dec  8 15:30:03 2017
[verbose]: Loaded file '15.hpv' [dims: 3840x2160 | fps: 25 | frames: 1824 | type: DXT1 (no ALPHA) | version: 6]
Fri Dec  8 15:30:09 2017
[verbose]: Loaded file '16.hpv' [dims: 3840x2160 | fps: 25 | frames: 1815 | type: DXT1 (no ALPHA) | version: 6]
Fri Dec  8 15:30:15 2017
[verbose]: Loaded file '17.hpv' [dims: 3840x2160 | fps: 25 | frames: 1840 | type: DXT1 (no ALPHA) | version: 6]
Fri Dec  8 15:31:58 2017
[verbose]: Closed HPV worker thread for 1.hpv
Fri Dec  8 15:31:58 2017
[verbose]: Closed HPV worker thread for 2.hpv
Fri Dec  8 15:31:58 2017
[verbose]: Closed HPV worker thread for 3.hpv
Fri Dec  8 15:31:58 2017
[verbose]: Closed HPV worker thread for 4.hpv
Fri Dec  8 15:31:58 2017
[verbose]: Closed HPV worker thread for 5.hpv
Fri Dec  8 15:31:58 2017
[verbose]: Closed HPV worker thread for 6.hpv
Fri Dec  8 15:31:58 2017
[verbose]: Closed HPV worker thread for 7.hpv
Fri Dec  8 15:31:58 2017
[verbose]: Closed HPV worker thread for 8.hpv
Fri Dec  8 15:31:58 2017
[verbose]: Closed HPV worker thread for 9.hpv
Fri Dec  8 15:31:58 2017
[verbose]: Closed HPV worker thread for 10.hpv
Fri Dec  8 15:31:58 2017
[verbose]: Closed HPV worker thread for 11.hpv
Fri Dec  8 15:31:58 2017
[verbose]: Closed HPV worker thread for 12.hpv
Fri Dec  8 15:31:58 2017
[verbose]: Closed HPV worker thread for 13.hpv
Fri Dec  8 15:31:58 2017
[verbose]: Closed HPV worker thread for 14.hpv
Fri Dec  8 15:31:58 2017
[verbose]: Closed HPV worker thread for 15.hpv
Fri Dec  8 15:31:58 2017
[verbose]: Closed HPV worker thread for 16.hpv
Fri Dec  8 15:31:58 2017
[verbose]: Closed HPV worker thread for 17.hpv
Fri Dec  8 15:31:58 2017
[verbose]: Cleared all HPV Players
Fri Dec  8 15:31:58 2017
[verbose]: ~HPVPLayer
Fri Dec  8 15:31:58 2017
[verbose]: ~HPVPLayer
Fri Dec  8 15:31:58 2017
[verbose]: ~HPVPLayer
Fri Dec  8 15:31:58 2017
[verbose]: ~HPVPLayer
Fri Dec  8 15:31:58 2017
[verbose]: ~HPVPLayer
Fri Dec  8 15:31:58 2017
[verbose]: ~HPVPLayer
Fri Dec  8 15:31:58 2017
[verbose]: ~HPVPLayer
Fri Dec  8 15:31:58 2017
[verbose]: ~HPVPLayer
Fri Dec  8 15:31:58 2017
[verbose]: ~HPVPLayer
Fri Dec  8 15:31:58 2017
[verbose]: ~HPVPLayer
Fri Dec  8 15:31:58 2017
[verbose]: ~HPVPLayer
Fri Dec  8 15:31:58 2017
[verbose]: ~HPVPLayer
Fri Dec  8 15:31:58 2017
[verbose]: ~HPVPLayer
Fri Dec  8 15:31:58 2017
[verbose]: ~HPVPLayer
Fri Dec  8 15:31:58 2017
[verbose]: ~HPVPLayer
Fri Dec  8 15:31:58 2017
[verbose]: ~HPVPLayer
Fri Dec  8 15:31:58 2017
[verbose]: ~HPVPLayer
Fri Dec  8 15:31:58 2017
[verbose]: Deleted GPU resources
Fri Dec  8 15:32:05 2017
[verbose]: Loaded file '1.hpv' [dims: 3840x2160 | fps: 25 | frames: 1778 | type: DXT1 (no ALPHA) | version: 6]
Fri Dec  8 15:32:05 2017
[verbose]: Loaded file '2.hpv' [dims: 3840x2160 | fps: 25 | frames: 1766 | type: DXT1 (no ALPHA) | version: 6]
Fri Dec  8 15:32:05 2017
[verbose]: Loaded file '3.hpv' [dims: 3840x2160 | fps: 25 | frames: 1765 | type: DXT1 (no ALPHA) | version: 6]
Fri Dec  8 15:32:18 2017
[verbose]: Loaded file '4.hpv' [dims: 3840x2160 | fps: 25 | frames: 1756 | type: DXT1 (no ALPHA) | version: 6]
Fri Dec  8 15:32:43 2017
[verbose]: Loaded file '5.hpv' [dims: 3840x2160 | fps: 25 | frames: 1785 | type: DXT1 (no ALPHA) | version: 6]
Fri Dec  8 15:32:57 2017
[verbose]: Loaded file '6.hpv' [dims: 3840x2160 | fps: 25 | frames: 1758 | type: DXT1 (no ALPHA) | version: 6]
Fri Dec  8 15:33:12 2017
[verbose]: Loaded file '7.hpv' [dims: 3840x2160 | fps: 25 | frames: 1769 | type: DXT1 (no ALPHA) | version: 6]
Fri Dec  8 15:33:20 2017
[verbose]: Loaded file '8.hpv' [dims: 3840x2160 | fps: 25 | frames: 1759 | type: DXT1 (no ALPHA) | version: 6]
Fri Dec  8 15:33:40 2017
[verbose]: Loaded file '9.hpv' [dims: 3840x2160 | fps: 25 | frames: 1983 | type: DXT1 (no ALPHA) | version: 6]
Fri Dec  8 15:33:54 2017
[verbose]: Loaded file '10.hpv' [dims: 3840x2160 | fps: 25 | frames: 1778 | type: DXT1 (no ALPHA) | version: 6]
Fri Dec  8 15:33:59 2017
[verbose]: Loaded file '11.hpv' [dims: 3840x2160 | fps: 25 | frames: 1787 | type: DXT1 (no ALPHA) | version: 6]
Fri Dec  8 15:34:25 2017
[verbose]: Loaded file '12.hpv' [dims: 3840x2160 | fps: 25 | frames: 1760 | type: DXT1 (no ALPHA) | version: 6]
Fri Dec  8 15:34:36 2017
[verbose]: Loaded file '13.hpv' [dims: 3840x2160 | fps: 25 | frames: 1771 | type: DXT1 (no ALPHA) | version: 6]
Fri Dec  8 15:34:45 2017
[verbose]: Loaded file '14.hpv' [dims: 3840x2160 | fps: 25 | frames: 1811 | type: DXT1 (no ALPHA) | version: 6]
Fri Dec  8 15:34:50 2017
[verbose]: Loaded file '15.hpv' [dims: 3840x2160 | fps: 25 | frames: 1824 | type: DXT1 (no ALPHA) | version: 6]
Fri Dec  8 15:35:02 2017
[verbose]: Loaded file '16.hpv' [dims: 3840x2160 | fps: 25 | frames: 1815 | type: DXT1 (no ALPHA) | version: 6]
Fri Dec  8 15:35:07 2017
[verbose]: Loaded file '17.hpv' [dims: 3840x2160 | fps: 25 | frames: 1840 | type: DXT1 (no ALPHA) | version: 6]
Fri Dec  8 15:35:55 2017
[verbose]: Closed HPV worker thread for 1.hpv
Fri Dec  8 15:35:55 2017
[verbose]: Closed HPV worker thread for 2.hpv
Fri Dec  8 15:35:55 2017
[verbose]: Closed HPV worker thread for 3.hpv
Fri Dec  8 15:35:55 2017
[verbose]: Closed HPV worker thread for 4.hpv
Fri Dec  8 15:35:55 2017
[verbose]: Closed HPV worker thread for 5.hpv
Fri Dec  8 15:35:55 2017
[verbose]: Closed HPV worker thread for 6.hpv
Fri Dec  8 15:35:55 2017
[verbose]: Closed HPV worker thread for 7.hpv
Fri Dec  8 15:35:55 2017
[verbose]: Closed HPV worker thread for 8.hpv
Fri Dec  8 15:35:55 2017
[verbose]: Closed HPV worker thread for 9.hpv
Fri Dec  8 15:35:55 2017
[verbose]: Closed HPV worker thread for 10.hpv
Fri Dec  8 15:35:55 2017
[verbose]: Closed HPV worker thread for 11.hpv
Fri Dec  8 15:35:55 2017
[verbose]: Closed HPV worker thread for 12.hpv
Fri Dec  8 15:35:55 2017
[verbose]: Closed HPV worker thread for 13.hpv
Fri Dec  8 15:35:55 2017
[verbose]: Closed HPV worker thread for 14.hpv
Fri Dec  8 15:35:55 2017
[verbose]: Closed HPV worker thread for 15.hpv
Fri Dec  8 15:35:55 2017
[verbose]: Closed HPV worker thread for 16.hpv
Fri Dec  8 15:35:55 2017
[verbose]: Closed HPV worker thread for 17.hpv
Fri Dec  8 15:35:55 2017
[verbose]: Cleared all HPV Players
Fri Dec  8 15:35:55 2017
[verbose]: ~HPVPLayer
Fri Dec  8 15:35:55 2017
[verbose]: ~HPVPLayer
Fri Dec  8 15:35:55 2017
[verbose]: ~HPVPLayer
Fri Dec  8 15:35:55 2017
[verbose]: ~HPVPLayer
Fri Dec  8 15:35:55 2017
[verbose]: ~HPVPLayer
Fri Dec  8 15:35:55 2017
[verbose]: ~HPVPLayer
Fri Dec  8 15:35:55 2017
[verbose]: ~HPVPLayer
Fri Dec  8 15:35:55 2017
[verbose]: ~HPVPLayer
Fri Dec  8 15:35:55 2017
[verbose]: ~HPVPLayer
Fri Dec  8 15:35:55 2017
[verbose]: ~HPVPLayer
Fri Dec  8 15:35:55 2017
[verbose]: ~HPVPLayer
Fri Dec  8 15:35:55 2017
[verbose]: ~HPVPLayer
Fri Dec  8 15:35:55 2017
[verbose]: ~HPVPLayer
Fri Dec  8 15:35:55 2017
[verbose]: ~HPVPLayer
Fri Dec  8 15:35:55 2017
[verbose]: ~HPVPLayer
Fri Dec  8 15:35:55 2017
[verbose]: ~HPVPLayer
Fri Dec  8 15:35:55 2017
[verbose]: ~HPVPLayer
Fri Dec  8 15:35:55 2017
[verbose]: Deleted GPU resources
Fri Dec  8 15:35:58 2017
[verbose]: Loaded file '1.hpv' [dims: 3840x2160 | fps: 25 | frames: 1778 | type: DXT1 (no ALPHA) | version: 6]
Fri Dec  8 15:35:58 2017
[verbose]: Loaded file '2.hpv' [dims: 3840x2160 | fps: 25 | frames: 1766 | type: DXT1 (no ALPHA) | version: 6]
Fri Dec  8 15:35:59 2017
[verbose]: Loaded file '3.hpv' [dims: 3840x2160 | fps: 25 | frames: 1765 | type: DXT1 (no ALPHA) | version: 6]
Fri Dec  8 15:36:31 2017
[verbose]: Loaded file '4.hpv' [dims: 3840x2160 | fps: 25 | frames: 1756 | type: DXT1 (no ALPHA) | version: 6]
Fri Dec  8 15:36:53 2017
[verbose]: Loaded file '5.hpv' [dims: 3840x2160 | fps: 25 | frames: 1785 | type: DXT1 (no ALPHA) | version: 6]
Fri Dec  8 15:37:06 2017
[verbose]: Loaded file '6.hpv' [dims: 3840x2160 | fps: 25 | frames: 1758 | type: DXT1 (no ALPHA) | version: 6]
Fri Dec  8 15:37:09 2017
[verbose]: Closed HPV worker thread for 1.hpv
Fri Dec  8 15:37:09 2017
[verbose]: Closed HPV worker thread for 2.hpv
Fri Dec  8 15:37:09 2017
[verbose]: Closed HPV worker thread for 3.hpv
Fri Dec  8 15:37:09 2017
[verbose]: Closed HPV worker thread for 4.hpv
Fri Dec  8 15:37:09 2017
[verbose]: Closed HPV worker thread for 5.hpv
Fri Dec  8 15:37:09 2017
[verbose]: Closed HPV worker thread for 6.hpv
Fri Dec  8 15:37:09 2017
[verbose]: Cleared all HPV Players
Fri Dec  8 15:37:09 2017
[verbose]: ~HPVPLayer
Fri Dec  8 15:37:09 2017
[verbose]: ~HPVPLayer
Fri Dec  8 15:37:09 2017
[verbose]: ~HPVPLayer
Fri Dec  8 15:37:09 2017
[verbose]: ~HPVPLayer
Fri Dec  8 15:37:09 2017
[verbose]: ~HPVPLayer
Fri Dec  8 15:37:09 2017
[verbose]: ~HPVPLayer
Fri Dec  8 15:37:09 2017
[verbose]: Deleted GPU resources
Fri Dec  8 15:37:31 2017
[verbose]: Loaded file '1.hpv' [dims: 3840x2160 | fps: 25 | frames: 1778 | type: DXT1 (no ALPHA) | version: 6]
Fri Dec  8 15:37:31 2017
[verbose]: Loaded file '2.hpv' [dims: 3840x2160 | fps: 25 | frames: 1766 | type: DXT1 (no ALPHA) | version: 6]
Fri Dec  8 15:37:31 2017
[verbose]: Loaded file '3.hpv' [dims: 3840x2160 | fps: 25 | frames: 1765 | type: DXT1 (no ALPHA) | version: 6]
Fri Dec  8 15:37:42 2017
[verbose]: Loaded file '4.hpv' [dims: 3840x2160 | fps: 25 | frames: 1756 | type: DXT1 (no ALPHA) | version: 6]
Fri Dec  8 15:38:46 2017
[verbose]: Loaded file '5.hpv' [dims: 3840x2160 | fps: 25 | frames: 1785 | type: DXT1 (no ALPHA) | version: 6]
Fri Dec  8 15:39:01 2017
[verbose]: Loaded file '6.hpv' [dims: 3840x2160 | fps: 25 | frames: 1758 | type: DXT1 (no ALPHA) | version: 6]
Fri Dec  8 15:39:06 2017
[verbose]: Loaded file '7.hpv' [dims: 3840x2160 | fps: 25 | frames: 1769 | type: DXT1 (no ALPHA) | version: 6]
Fri Dec  8 15:39:21 2017
[verbose]: Loaded file '8.hpv' [dims: 3840x2160 | fps: 25 | frames: 1759 | type: DXT1 (no ALPHA) | version: 6]
Fri Dec  8 15:39:28 2017
[verbose]: Loaded file '9.hpv' [dims: 3840x2160 | fps: 25 | frames: 1983 | type: DXT1 (no ALPHA) | version: 6]
Fri Dec  8 15:39:35 2017
[verbose]: Loaded file '10.hpv' [dims: 3840x2160 | fps: 25 | frames: 1778 | type: DXT1 (no ALPHA) | version: 6]
Fri Dec  8 15:39:40 2017
[verbose]: Loaded file '11.hpv' [dims: 3840x2160 | fps: 25 | frames: 1787 | type: DXT1 (no ALPHA) | version: 6]
Fri Dec  8 15:39:46 2017
[verbose]: Loaded file '12.hpv' [dims: 3840x2160 | fps: 25 | frames: 1760 | type: DXT1 (no ALPHA) | version: 6]
Fri Dec  8 15:39:52 2017
[verbose]: Loaded file '13.hpv' [dims: 3840x2160 | fps: 25 | frames: 1771 | type: DXT1 (no ALPHA) | version: 6]
Fri Dec  8 15:39:59 2017
[verbose]: Loaded file '14.hpv' [dims: 3840x2160 | fps: 25 | frames: 1811 | type: DXT1 (no ALPHA) | version: 6]
Fri Dec  8 15:40:05 2017
[verbose]: Loaded file '15.hpv' [dims: 3840x2160 | fps: 25 | frames: 1824 | type: DXT1 (no ALPHA) | version: 6]
Fri Dec  8 15:40:11 2017
[verbose]: Loaded file '16.hpv' [dims: 3840x2160 | fps: 25 | frames: 1815 | type: DXT1 (no ALPHA) | version: 6]
Fri Dec  8 15:40:19 2017
[verbose]: Loaded file '17.hpv' [dims: 3840x2160 | fps: 25 | frames: 1840 | type: DXT1 (no ALPHA) | version: 6]
Fri Dec  8 15:51:44 2017
[verbose]: Closed HPV worker thread for 1.hpv
Fri Dec  8 15:51:44 2017
[verbose]: Closed HPV worker thread for 2.hpv
Fri Dec  8 15:51:44 2017
[verbose]: Closed HPV worker thread for 3.hpv
Fri Dec  8 15:51:44 2017
[verbose]: Closed HPV worker thread for 4.hpv
Fri Dec  8 15:51:44 2017
[verbose]: Closed HPV worker thread for 5.hpv
Fri Dec  8 15:51:44 2017
[verbose]: Closed HPV worker thread for 6.hpv
Fri Dec  8 15:51:44 2017
[verbose]: Closed HPV worker thread for 7.hpv
Fri Dec  8 15:51:44 2017
[verbose]: Closed HPV worker thread for 8.hpv
Fri Dec  8 15:51:44 2017
[verbose]: Closed HPV worker thread for 9.hpv
Fri Dec  8 15:51:44 2017
[verbose]: Closed HPV worker thread for 10.hpv
Fri Dec  8 15:51:44 2017
[verbose]: Closed HPV worker thread for 11.hpv
Fri Dec  8 15:51:44 2017
[verbose]: Closed HPV worker thread for 12.hpv
Fri Dec  8 15:51:44 2017
[verbose]: Closed HPV worker thread for 13.hpv
Fri Dec  8 15:51:44 2017
[verbose]: Closed HPV worker thread for 14.hpv
Fri Dec  8 15:51:44 2017
[verbose]: Closed HPV worker thread for 15.hpv
Fri Dec  8 15:51:44 2017
[verbose]: Closed HPV worker thread for 16.hpv
Fri Dec  8 15:51:44 2017
[verbose]: Closed HPV worker thread for 17.hpv
Fri Dec  8 15:51:44 2017
[verbose]: Cleared all HPV Players
Fri Dec  8 15:51:44 2017
[verbose]: ~HPVPLayer
Fri Dec  8 15:51:44 2017
[verbose]: ~HPVPLayer
Fri Dec  8 15:51:44 2017
[verbose]: ~HPVPLayer
Fri Dec  8 15:51:44 2017
[verbose]: ~HPVPLayer
Fri Dec  8 15:51:44 2017
[verbose]: ~HPVPLayer
Fri Dec  8 15:51:44 2017
[verbose]: ~HPVPLayer
Fri Dec  8 15:51:44 2017
[verbose]: ~HPVPLayer
Fri Dec  8 15:51:44 2017
[verbose]: ~HPVPLayer
Fri Dec  8 15:51:44 2017
[verbose]: ~HPVPLayer
Fri Dec  8 15:51:44 2017
[verbose]: ~HPVPLayer
Fri Dec  8 15:51:44 2017
[verbose]: ~HPVPLayer
Fri Dec  8 15:51:44 2017
[verbose]: ~HPVPLayer
Fri Dec  8 15:51:44 2017
[verbose]: ~HPVPLayer
Fri Dec  8 15:51:44 2017
[verbose]: ~HPVPLayer
Fri Dec  8 15:51:44 2017
[verbose]: ~HPVPLayer
Fri Dec  8 15:51:44 2017
[verbose]: ~HPVPLayer
Fri Dec  8 15:51:44 2017
[verbose]: ~HPVPLayer
Fri Dec  8 15:51:44 2017
[verbose]: Deleted GPU resources
Fri Dec  8 15:52:32 2017
[verbose]: Loaded file '1.hpv' [dims: 3840x2160 | fps: 25 | frames: 1778 | type: DXT1 (no ALPHA) | version: 6]
Fri Dec  8 15:52:32 2017
[verbose]: Loaded file '2.hpv' [dims: 3840x2160 | fps: 25 | frames: 1766 | type: DXT1 (no ALPHA) | version: 6]
Fri Dec  8 15:52:33 2017
[verbose]: Loaded file '3.hpv' [dims: 3840x2160 | fps: 25 | frames: 1765 | type: DXT1 (no ALPHA) | version: 6]
Fri Dec  8 15:52:45 2017
[verbose]: Loaded file '4.hpv' [dims: 3840x2160 | fps: 25 | frames: 1756 | type: DXT1 (no ALPHA) | version: 6]
Fri Dec  8 15:53:01 2017
[verbose]: Loaded file '5.hpv' [dims: 3840x2160 | fps: 25 | frames: 1785 | type: DXT1 (no ALPHA) | version: 6]
Fri Dec  8 15:53:09 2017
[verbose]: Loaded file '6.hpv' [dims: 3840x2160 | fps: 25 | frames: 1758 | type: DXT1 (no ALPHA) | version: 6]
Fri Dec  8 15:53:15 2017
[verbose]: Loaded file '7.hpv' [dims: 3840x2160 | fps: 25 | frames: 1769 | type: DXT1 (no ALPHA) | version: 6]
Fri Dec  8 15:53:21 2017
[verbose]: Loaded file '8.hpv' [dims: 3840x2160 | fps: 25 | frames: 1759 | type: DXT1 (no ALPHA) | version: 6]
Fri Dec  8 15:53:30 2017
[verbose]: Loaded file '9.hpv' [dims: 3840x2160 | fps: 25 | frames: 1983 | type: DXT1 (no ALPHA) | version: 6]
Fri Dec  8 15:53:36 2017
[verbose]: Loaded file '10.hpv' [dims: 3840x2160 | fps: 25 | frames: 1778 | type: DXT1 (no ALPHA) | version: 6]
Fri Dec  8 15:53:49 2017
[verbose]: Loaded file '11.hpv' [dims: 3840x2160 | fps: 25 | frames: 1787 | type: DXT1 (no ALPHA) | version: 6]
Fri Dec  8 15:54:02 2017
[verbose]: Loaded file '12.hpv' [dims: 3840x2160 | fps: 25 | frames: 1760 | type: DXT1 (no ALPHA) | version: 6]
Fri Dec  8 15:54:09 2017
[verbose]: Loaded file '13.hpv' [dims: 3840x2160 | fps: 25 | frames: 1771 | type: DXT1 (no ALPHA) | version: 6]
Fri Dec  8 15:54:14 2017
[verbose]: Loaded file '14.hpv' [dims: 3840x2160 | fps: 25 | frames: 1811 | type: DXT1 (no ALPHA) | version: 6]
Fri Dec  8 15:54:23 2017
[verbose]: Loaded file '15.hpv' [dims: 3840x2160 | fps: 25 | frames: 1824 | type: DXT1 (no ALPHA) | version: 6]
Fri Dec  8 15:54:41 2017
[verbose]: Loaded file '16.hpv' [dims: 3840x2160 | fps: 25 | frames: 1815 | type: DXT1 (no ALPHA) | version: 6]
Fri Dec  8 15:54:52 2017
[verbose]: Loaded file '17.hpv' [dims: 3840x2160 | fps: 25 | frames: 1840 | type: DXT1 (no ALPHA) | version: 6]
Fri Dec  8 15:56:46 2017
[verbose]: OnGraphicsDeviceEvent(Shutdown)
Fri Dec  8 15:56:46 2017
[verbose]: Closed HPV worker thread for 1.hpv
Fri Dec  8 15:56:46 2017
[verbose]: Closed HPV worker thread for 2.hpv
Fri Dec  8 15:56:46 2017
[verbose]: Closed HPV worker thread for 3.hpv
Fri Dec  8 15:56:46 2017
[verbose]: Closed HPV worker thread for 4.hpv
Fri Dec  8 15:56:46 2017
[verbose]: Closed HPV worker thread for 5.hpv
Fri Dec  8 15:56:46 2017
[verbose]: Closed HPV worker thread for 6.hpv
Fri Dec  8 15:56:46 2017
[verbose]: Closed HPV worker thread for 7.hpv
Fri Dec  8 15:56:46 2017
[verbose]: Closed HPV worker thread for 8.hpv
Fri Dec  8 15:56:46 2017
[verbose]: Closed HPV worker thread for 9.hpv
Fri Dec  8 15:56:46 2017
[verbose]: Closed HPV worker thread for 10.hpv
Fri Dec  8 15:56:46 2017
[verbose]: Closed HPV worker thread for 11.hpv
Fri Dec  8 15:56:46 2017
[verbose]: Closed HPV worker thread for 12.hpv
Fri Dec  8 15:56:46 2017
[verbose]: Closed HPV worker thread for 13.hpv
Fri Dec  8 15:56:46 2017
[verbose]: Closed HPV worker thread for 14.hpv
Fri Dec  8 15:56:46 2017
[verbose]: Closed HPV worker thread for 15.hpv
Fri Dec  8 15:56:46 2017
[verbose]: Closed HPV worker thread for 16.hpv
Fri Dec  8 15:56:46 2017
[verbose]: Closed HPV worker thread for 17.hpv
Fri Dec  8 15:56:46 2017
[verbose]: Cleared all HPV Players
Fri Dec  8 15:56:46 2017
[verbose]: ~HPVPLayer
Fri Dec  8 15:56:46 2017
[verbose]: ~HPVPLayer
Fri Dec  8 15:56:46 2017
[verbose]: ~HPVPLayer
Fri Dec  8 15:56:46 2017
[verbose]: ~HPVPLayer
Fri Dec  8 15:56:46 2017
[verbose]: ~HPVPLayer
Fri Dec  8 15:56:46 2017
[verbose]: ~HPVPLayer
Fri Dec  8 15:56:46 2017
[verbose]: ~HPVPLayer
Fri Dec  8 15:56:46 2017
[verbose]: ~HPVPLayer
Fri Dec  8 15:56:46 2017
[verbose]: ~HPVPLayer
Fri Dec  8 15:56:46 2017
[verbose]: ~HPVPLayer
Fri Dec  8 15:56:46 2017
[verbose]: ~HPVPLayer
Fri Dec  8 15:56:46 2017
[verbose]: ~HPVPLayer
Fri Dec  8 15:56:46 2017
[verbose]: ~HPVPLayer
Fri Dec  8 15:56:46 2017
[verbose]: ~HPVPLayer
Fri Dec  8 15:56:46 2017
[verbose]: ~HPVPLayer
Fri Dec  8 15:56:46 2017
[verbose]: ~HPVPLayer
Fri Dec  8 15:56:46 2017
[verbose]: ~HPVPLayer
Fri Dec  8 15:56:46 2017
[verbose]: Deleted GPU resources
Fri Dec  8 15:56:48 2017
[verbose]: ~RenderBridge
Fri Dec  8 15:56:48 2017
[verbose]: ~HPVMAnager
Fri Dec  8 15:56:48 2017
[verbose]: Closing log
