Wed Nov 22 14:26:53 2017
[verbose]: 
OnGraphicsDeviceEvent(Initialize)
Wed Nov 22 14:26:53 2017
[verbose]: D3D11 init was succesful
Wed Nov 22 14:26:53 2017
[verbose]: Loaded file 'v.hpv' [dims: 3840x2160 | fps: 25 | frames: 76 | type: DXT1 (no ALPHA) | version: 6]
Wed Nov 22 14:28:53 2017
[verbose]: Closed HPV worker thread for v.hpv
Wed Nov 22 14:28:53 2017
[verbose]: Cleared all HPV Players
Wed Nov 22 14:28:53 2017
[verbose]: ~HPVPLayer
Wed Nov 22 14:28:53 2017
[verbose]: Deleted GPU resources
Wed Nov 22 15:03:16 2017
[verbose]: Loaded file 'v.hpv' [dims: 3840x2160 | fps: 25 | frames: 76 | type: DXT1 (no ALPHA) | version: 6]
Wed Nov 22 15:03:31 2017
[verbose]: Closed HPV worker thread for v.hpv
Wed Nov 22 15:03:31 2017
[verbose]: Cleared all HPV Players
Wed Nov 22 15:03:31 2017
[verbose]: ~HPVPLayer
Wed Nov 22 15:03:31 2017
[verbose]: Deleted GPU resources
Wed Nov 22 15:03:42 2017
[verbose]: Loaded file 'v.hpv' [dims: 3840x2160 | fps: 25 | frames: 76 | type: DXT1 (no ALPHA) | version: 6]
Wed Nov 22 15:06:10 2017
[verbose]: Closed HPV worker thread for v.hpv
Wed Nov 22 15:06:10 2017
[verbose]: Cleared all HPV Players
Wed Nov 22 15:06:10 2017
[verbose]: ~HPVPLayer
Wed Nov 22 15:06:10 2017
[verbose]: Deleted GPU resources
Wed Nov 22 15:09:06 2017
[verbose]: OnGraphicsDeviceEvent(Shutdown)
Wed Nov 22 15:09:11 2017
[verbose]: ~RenderBridge
Wed Nov 22 15:09:11 2017
[verbose]: ~HPVMAnager
Wed Nov 22 15:09:11 2017
[verbose]: Closing log
