Tue Nov 21 09:20:21 2017
[verbose]: 
OnGraphicsDeviceEvent(Initialize)
Tue Nov 21 09:20:21 2017
[verbose]: D3D11 init was succesful
Tue Nov 21 09:20:21 2017
[verbose]: Loaded file 'v1.hpv' [dims: 3840x2160 | fps: 25 | frames: 124 | type: DXT1 (no ALPHA) | version: 6]
Tue Nov 21 09:20:21 2017
[verbose]: Loaded file 'v2.hpv' [dims: 3840x2160 | fps: 25 | frames: 124 | type: DXT1 (no ALPHA) | version: 6]
Tue Nov 21 09:20:21 2017
[verbose]: Loaded file 'v3.hpv' [dims: 3840x2160 | fps: 25 | frames: 125 | type: DXT1 (no ALPHA) | version: 6]
Tue Nov 21 09:25:00 2017
[verbose]: OnGraphicsDeviceEvent(Shutdown)
Tue Nov 21 09:25:00 2017
[verbose]: Closed HPV worker thread for v1.hpv
Tue Nov 21 09:25:00 2017
[verbose]: Closed HPV worker thread for v2.hpv
Tue Nov 21 09:25:00 2017
[verbose]: Closed HPV worker thread for v3.hpv
Tue Nov 21 09:25:00 2017
[verbose]: Cleared all HPV Players
Tue Nov 21 09:25:00 2017
[verbose]: ~HPVPLayer
Tue Nov 21 09:25:00 2017
[verbose]: ~HPVPLayer
Tue Nov 21 09:25:00 2017
[verbose]: ~HPVPLayer
Tue Nov 21 09:25:00 2017
[verbose]: Deleted GPU resources
Tue Nov 21 09:25:02 2017
[verbose]: ~RenderBridge
Tue Nov 21 09:25:02 2017
[verbose]: ~HPVMAnager
Tue Nov 21 09:25:02 2017
[verbose]: Closing log
Tue Nov 21 09:43:29 2017
[verbose]: 
OnGraphicsDeviceEvent(Initialize)
Tue Nov 21 09:43:29 2017
[verbose]: D3D11 init was succesful
Tue Nov 21 09:43:29 2017
[verbose]: Loaded file 'v1.hpv' [dims: 3840x2160 | fps: 25 | frames: 124 | type: DXT1 (no ALPHA) | version: 6]
Tue Nov 21 09:43:29 2017
[verbose]: Loaded file 'v2.hpv' [dims: 3840x2160 | fps: 25 | frames: 124 | type: DXT1 (no ALPHA) | version: 6]
Tue Nov 21 09:43:29 2017
[verbose]: Loaded file 'v3.hpv' [dims: 3840x2160 | fps: 25 | frames: 125 | type: DXT1 (no ALPHA) | version: 6]
Tue Nov 21 09:43:55 2017
[verbose]: Closed HPV worker thread for v1.hpv
Tue Nov 21 09:43:55 2017
[verbose]: Closed HPV worker thread for v2.hpv
Tue Nov 21 09:43:55 2017
[verbose]: Closed HPV worker thread for v3.hpv
Tue Nov 21 09:43:55 2017
[verbose]: Cleared all HPV Players
Tue Nov 21 09:43:55 2017
[verbose]: ~HPVPLayer
Tue Nov 21 09:43:55 2017
[verbose]: ~HPVPLayer
Tue Nov 21 09:43:55 2017
[verbose]: ~HPVPLayer
Tue Nov 21 09:43:55 2017
[verbose]: Deleted GPU resources
Tue Nov 21 09:44:28 2017
[verbose]: Loaded file 'v1.hpv' [dims: 3840x2160 | fps: 25 | frames: 124 | type: DXT1 (no ALPHA) | version: 6]
Tue Nov 21 09:44:28 2017
[verbose]: Loaded file 'v2.hpv' [dims: 3840x2160 | fps: 25 | frames: 124 | type: DXT1 (no ALPHA) | version: 6]
Tue Nov 21 09:44:28 2017
[verbose]: Loaded file 'v3.hpv' [dims: 3840x2160 | fps: 25 | frames: 125 | type: DXT1 (no ALPHA) | version: 6]
Tue Nov 21 09:44:54 2017
[verbose]: Closed HPV worker thread for v1.hpv
Tue Nov 21 09:44:54 2017
[verbose]: Closed HPV worker thread for v2.hpv
Tue Nov 21 09:44:54 2017
[verbose]: Closed HPV worker thread for v3.hpv
Tue Nov 21 09:44:54 2017
[verbose]: Cleared all HPV Players
Tue Nov 21 09:44:54 2017
[verbose]: ~HPVPLayer
Tue Nov 21 09:44:54 2017
[verbose]: ~HPVPLayer
Tue Nov 21 09:44:54 2017
[verbose]: ~HPVPLayer
Tue Nov 21 09:44:54 2017
[verbose]: Deleted GPU resources
Tue Nov 21 09:44:58 2017
[verbose]: Loaded file 'v1.hpv' [dims: 3840x2160 | fps: 25 | frames: 124 | type: DXT1 (no ALPHA) | version: 6]
Tue Nov 21 09:44:58 2017
[verbose]: Loaded file 'v2.hpv' [dims: 3840x2160 | fps: 25 | frames: 124 | type: DXT1 (no ALPHA) | version: 6]
Tue Nov 21 09:44:58 2017
[verbose]: Loaded file 'v3.hpv' [dims: 3840x2160 | fps: 25 | frames: 125 | type: DXT1 (no ALPHA) | version: 6]
Tue Nov 21 09:45:31 2017
[verbose]: Closed HPV worker thread for v1.hpv
Tue Nov 21 09:45:31 2017
[verbose]: Closed HPV worker thread for v2.hpv
Tue Nov 21 09:45:31 2017
[verbose]: Closed HPV worker thread for v3.hpv
Tue Nov 21 09:45:31 2017
[verbose]: Cleared all HPV Players
Tue Nov 21 09:45:31 2017
[verbose]: ~HPVPLayer
Tue Nov 21 09:45:31 2017
[verbose]: ~HPVPLayer
Tue Nov 21 09:45:31 2017
[verbose]: ~HPVPLayer
Tue Nov 21 09:45:31 2017
[verbose]: Deleted GPU resources
Tue Nov 21 10:19:36 2017
[verbose]: Loaded file 'v1.hpv' [dims: 3840x2160 | fps: 25 | frames: 124 | type: DXT1 (no ALPHA) | version: 6]
Tue Nov 21 10:19:36 2017
[verbose]: Loaded file 'v2.hpv' [dims: 3840x2160 | fps: 25 | frames: 124 | type: DXT1 (no ALPHA) | version: 6]
Tue Nov 21 10:19:36 2017
[verbose]: Loaded file 'v3.hpv' [dims: 3840x2160 | fps: 25 | frames: 125 | type: DXT1 (no ALPHA) | version: 6]
Tue Nov 21 10:22:33 2017
[verbose]: Closed HPV worker thread for v1.hpv
Tue Nov 21 10:22:33 2017
[verbose]: Closed HPV worker thread for v2.hpv
Tue Nov 21 10:22:33 2017
[verbose]: Closed HPV worker thread for v3.hpv
Tue Nov 21 10:22:33 2017
[verbose]: Cleared all HPV Players
Tue Nov 21 10:22:33 2017
[verbose]: ~HPVPLayer
Tue Nov 21 10:22:33 2017
[verbose]: ~HPVPLayer
Tue Nov 21 10:22:33 2017
[verbose]: ~HPVPLayer
Tue Nov 21 10:22:33 2017
[verbose]: Deleted GPU resources
Tue Nov 21 10:33:15 2017
[verbose]: OnGraphicsDeviceEvent(Shutdown)
Tue Nov 21 10:33:18 2017
[verbose]: ~RenderBridge
Tue Nov 21 10:33:18 2017
[verbose]: ~HPVMAnager
Tue Nov 21 10:33:18 2017
[verbose]: Closing log
Tue Nov 21 10:51:16 2017
[verbose]: 
OnGraphicsDeviceEvent(Initialize)
Tue Nov 21 10:51:16 2017
[verbose]: D3D11 init was succesful
Tue Nov 21 10:51:16 2017
[verbose]: Loaded file 'v1.hpv' [dims: 3840x2160 | fps: 25 | frames: 124 | type: DXT1 (no ALPHA) | version: 6]
Tue Nov 21 10:51:16 2017
[verbose]: Loaded file 'v2.hpv' [dims: 3840x2160 | fps: 25 | frames: 124 | type: DXT1 (no ALPHA) | version: 6]
Tue Nov 21 10:51:16 2017
[verbose]: Loaded file 'v3.hpv' [dims: 3840x2160 | fps: 25 | frames: 125 | type: DXT1 (no ALPHA) | version: 6]
Tue Nov 21 11:02:22 2017
[verbose]: Closed HPV worker thread for v1.hpv
Tue Nov 21 11:02:22 2017
[verbose]: Closed HPV worker thread for v2.hpv
Tue Nov 21 11:02:22 2017
[verbose]: Closed HPV worker thread for v3.hpv
Tue Nov 21 11:02:22 2017
[verbose]: Cleared all HPV Players
Tue Nov 21 11:02:22 2017
[verbose]: ~HPVPLayer
Tue Nov 21 11:02:22 2017
[verbose]: ~HPVPLayer
Tue Nov 21 11:02:22 2017
[verbose]: ~HPVPLayer
Tue Nov 21 11:02:22 2017
[verbose]: Deleted GPU resources
Tue Nov 21 11:07:06 2017
[verbose]: OnGraphicsDeviceEvent(Shutdown)
Tue Nov 21 11:07:08 2017
[verbose]: ~RenderBridge
Tue Nov 21 11:07:08 2017
[verbose]: ~HPVMAnager
Tue Nov 21 11:07:08 2017
[verbose]: Closing log
Tue Nov 21 11:41:09 2017
[verbose]: 
OnGraphicsDeviceEvent(Initialize)
Tue Nov 21 11:41:09 2017
[verbose]: D3D11 init was succesful
Tue Nov 21 11:41:09 2017
[verbose]: Loaded file 'v1.hpv' [dims: 3840x2160 | fps: 25 | frames: 124 | type: DXT1 (no ALPHA) | version: 6]
Tue Nov 21 11:41:09 2017
[verbose]: Loaded file 'v2.hpv' [dims: 3840x2160 | fps: 25 | frames: 124 | type: DXT1 (no ALPHA) | version: 6]
Tue Nov 21 11:41:09 2017
[verbose]: Loaded file 'v3.hpv' [dims: 3840x2160 | fps: 25 | frames: 125 | type: DXT1 (no ALPHA) | version: 6]
Tue Nov 21 11:44:09 2017
[verbose]: OnGraphicsDeviceEvent(Shutdown)
Tue Nov 21 11:44:10 2017
[verbose]: Closed HPV worker thread for v1.hpv
Tue Nov 21 11:44:10 2017
[verbose]: Closed HPV worker thread for v2.hpv
Tue Nov 21 11:44:10 2017
[verbose]: Closed HPV worker thread for v3.hpv
Tue Nov 21 11:44:10 2017
[verbose]: Cleared all HPV Players
Tue Nov 21 11:44:10 2017
[verbose]: ~HPVPLayer
Tue Nov 21 11:44:10 2017
[verbose]: ~HPVPLayer
Tue Nov 21 11:44:10 2017
[verbose]: ~HPVPLayer
Tue Nov 21 11:44:10 2017
[verbose]: Deleted GPU resources
Tue Nov 21 11:44:10 2017
[verbose]: ~RenderBridge
Tue Nov 21 11:44:10 2017
[verbose]: ~HPVMAnager
Tue Nov 21 11:44:10 2017
[verbose]: Closing log
Tue Nov 21 12:22:47 2017
[verbose]: 
OnGraphicsDeviceEvent(Initialize)
Tue Nov 21 12:22:47 2017
[verbose]: D3D11 init was succesful
Tue Nov 21 12:22:47 2017
[verbose]: Loaded file 'v.hpv' [dims: 3840x2160 | fps: 25 | frames: 76 | type: DXT1 (no ALPHA) | version: 6]
Tue Nov 21 12:23:16 2017
[verbose]: Closed HPV worker thread for v.hpv
Tue Nov 21 12:23:16 2017
[verbose]: Cleared all HPV Players
Tue Nov 21 12:23:16 2017
[verbose]: ~HPVPLayer
Tue Nov 21 12:23:16 2017
[verbose]: Deleted GPU resources
Tue Nov 21 12:23:17 2017
[verbose]: Loaded file 'v.hpv' [dims: 3840x2160 | fps: 25 | frames: 76 | type: DXT1 (no ALPHA) | version: 6]
Tue Nov 21 12:23:47 2017
[verbose]: Closed HPV worker thread for v.hpv
Tue Nov 21 12:23:47 2017
[verbose]: Cleared all HPV Players
Tue Nov 21 12:23:47 2017
[verbose]: ~HPVPLayer
Tue Nov 21 12:23:47 2017
[verbose]: Deleted GPU resources
Tue Nov 21 12:23:48 2017
[verbose]: Loaded file 'v.hpv' [dims: 3840x2160 | fps: 25 | frames: 76 | type: DXT1 (no ALPHA) | version: 6]
Tue Nov 21 12:23:52 2017
[verbose]: Closed HPV worker thread for v.hpv
Tue Nov 21 12:23:52 2017
[verbose]: Cleared all HPV Players
Tue Nov 21 12:23:52 2017
[verbose]: ~HPVPLayer
Tue Nov 21 12:23:52 2017
[verbose]: Deleted GPU resources
Tue Nov 21 12:24:48 2017
[verbose]: Loaded file 'v.hpv' [dims: 3840x2160 | fps: 25 | frames: 76 | type: DXT1 (no ALPHA) | version: 6]
Tue Nov 21 12:24:56 2017
[verbose]: Closed HPV worker thread for v.hpv
Tue Nov 21 12:24:56 2017
[verbose]: Cleared all HPV Players
Tue Nov 21 12:24:56 2017
[verbose]: ~HPVPLayer
Tue Nov 21 12:24:56 2017
[verbose]: Deleted GPU resources
Tue Nov 21 12:25:02 2017
[verbose]: Loaded file 'v.hpv' [dims: 3840x2160 | fps: 25 | frames: 76 | type: DXT1 (no ALPHA) | version: 6]
Tue Nov 21 12:25:19 2017
[verbose]: Closed HPV worker thread for v.hpv
Tue Nov 21 12:25:19 2017
[verbose]: Cleared all HPV Players
Tue Nov 21 12:25:19 2017
[verbose]: ~HPVPLayer
Tue Nov 21 12:25:19 2017
[verbose]: Deleted GPU resources
Tue Nov 21 12:25:21 2017
[verbose]: Loaded file 'v.hpv' [dims: 3840x2160 | fps: 25 | frames: 76 | type: DXT1 (no ALPHA) | version: 6]
Tue Nov 21 12:25:33 2017
[verbose]: Closed HPV worker thread for v.hpv
Tue Nov 21 12:25:33 2017
[verbose]: Cleared all HPV Players
Tue Nov 21 12:25:33 2017
[verbose]: ~HPVPLayer
Tue Nov 21 12:25:33 2017
[verbose]: Deleted GPU resources
Tue Nov 21 12:25:35 2017
[verbose]: Loaded file 'v.hpv' [dims: 3840x2160 | fps: 25 | frames: 76 | type: DXT1 (no ALPHA) | version: 6]
Tue Nov 21 12:25:45 2017
[verbose]: Closed HPV worker thread for v.hpv
Tue Nov 21 12:25:45 2017
[verbose]: Cleared all HPV Players
Tue Nov 21 12:25:45 2017
[verbose]: ~HPVPLayer
Tue Nov 21 12:25:45 2017
[verbose]: Deleted GPU resources
Tue Nov 21 12:25:48 2017
[verbose]: Loaded file 'v.hpv' [dims: 3840x2160 | fps: 25 | frames: 76 | type: DXT1 (no ALPHA) | version: 6]
Tue Nov 21 12:25:59 2017
[verbose]: Closed HPV worker thread for v.hpv
Tue Nov 21 12:25:59 2017
[verbose]: Cleared all HPV Players
Tue Nov 21 12:25:59 2017
[verbose]: ~HPVPLayer
Tue Nov 21 12:25:59 2017
[verbose]: Deleted GPU resources
Tue Nov 21 12:26:19 2017
[verbose]: OnGraphicsDeviceEvent(Shutdown)
Tue Nov 21 12:26:22 2017
[verbose]: ~RenderBridge
Tue Nov 21 12:26:22 2017
[verbose]: ~HPVMAnager
Tue Nov 21 12:26:22 2017
[verbose]: Closing log
