Mon Nov 20 09:55:29 2017
[verbose]: 
OnGraphicsDeviceEvent(Initialize)
Mon Nov 20 09:55:29 2017
[verbose]: D3D11 init was succesful
Mon Nov 20 09:55:29 2017
[verbose]: Loaded file 'rollenconverted.hpv' [dims: 1920x960 | fps: 25 | frames: 570 | type: DXT1 (no ALPHA) | version: 6]
Mon Nov 20 09:55:29 2017
[ error ]: Failed to open: 4992x2496_VincentStitch.hpv
Mon Nov 20 09:55:29 2017
[ error ]: Cannot pause because we're not playing.
Mon Nov 20 09:55:39 2017
[verbose]: Closed HPV worker thread for rollenconverted.hpv
Mon Nov 20 09:55:39 2017
[verbose]: ~HPVPLayer
Mon Nov 20 09:55:39 2017
[verbose]: Cleared all HPV Players
Mon Nov 20 09:55:39 2017
[verbose]: ~HPVPLayer
Mon Nov 20 09:55:39 2017
[verbose]: Deleted GPU resources
Mon Nov 20 09:55:41 2017
[verbose]: Loaded file 'rollenconverted.hpv' [dims: 1920x960 | fps: 25 | frames: 570 | type: DXT1 (no ALPHA) | version: 6]
Mon Nov 20 09:55:41 2017
[ error ]: Failed to open: 4992x2496_VincentStitch.hpv
Mon Nov 20 09:55:41 2017
[ error ]: Cannot pause because we're not playing.
Mon Nov 20 09:55:48 2017
[verbose]: Closed HPV worker thread for rollenconverted.hpv
Mon Nov 20 09:55:48 2017
[verbose]: ~HPVPLayer
Mon Nov 20 09:55:48 2017
[verbose]: Cleared all HPV Players
Mon Nov 20 09:55:48 2017
[verbose]: ~HPVPLayer
Mon Nov 20 09:55:48 2017
[verbose]: Deleted GPU resources
Mon Nov 20 09:55:51 2017
[verbose]: Loaded file 'rollenconverted.hpv' [dims: 1920x960 | fps: 25 | frames: 570 | type: DXT1 (no ALPHA) | version: 6]
Mon Nov 20 09:55:51 2017
[ error ]: Failed to open: 4992x2496_VincentStitch.hpv
Mon Nov 20 09:55:51 2017
[ error ]: Cannot pause because we're not playing.
Mon Nov 20 09:56:03 2017
[verbose]: Closed HPV worker thread for rollenconverted.hpv
Mon Nov 20 09:56:03 2017
[verbose]: ~HPVPLayer
Mon Nov 20 09:56:03 2017
[verbose]: Cleared all HPV Players
Mon Nov 20 09:56:03 2017
[verbose]: ~HPVPLayer
Mon Nov 20 09:56:03 2017
[verbose]: Deleted GPU resources
Mon Nov 20 09:56:09 2017
[verbose]: Loaded file 'rollenconverted.hpv' [dims: 1920x960 | fps: 25 | frames: 570 | type: DXT1 (no ALPHA) | version: 6]
Mon Nov 20 09:56:09 2017
[ error ]: Failed to open: 4992x2496_VincentStitch.hpv
Mon Nov 20 09:56:09 2017
[ error ]: Cannot pause because we're not playing.
Mon Nov 20 09:56:50 2017
[verbose]: Closed HPV worker thread for rollenconverted.hpv
Mon Nov 20 09:56:50 2017
[verbose]: ~HPVPLayer
Mon Nov 20 09:56:50 2017
[verbose]: Cleared all HPV Players
Mon Nov 20 09:56:50 2017
[verbose]: ~HPVPLayer
Mon Nov 20 09:56:50 2017
[verbose]: Deleted GPU resources
Mon Nov 20 09:57:36 2017
[verbose]: OnGraphicsDeviceEvent(Shutdown)
Mon Nov 20 09:57:37 2017
[verbose]: ~RenderBridge
Mon Nov 20 09:57:37 2017
[verbose]: ~HPVMAnager
Mon Nov 20 09:57:37 2017
[verbose]: Closing log
Mon Nov 20 11:23:55 2017
[verbose]: 
OnGraphicsDeviceEvent(Initialize)
Mon Nov 20 11:23:55 2017
[verbose]: D3D11 init was succesful
Mon Nov 20 11:23:55 2017
[verbose]: Loaded file 'rollenconverted.hpv' [dims: 1920x960 | fps: 25 | frames: 570 | type: DXT1 (no ALPHA) | version: 6]
Mon Nov 20 11:23:55 2017
[ error ]: Failed to open: 4992x2496_VincentStitch.hpv
Mon Nov 20 11:23:55 2017
[ error ]: Cannot pause because we're not playing.
Mon Nov 20 11:24:26 2017
[ error ]: Cannot pause because we're not playing.
Mon Nov 20 11:24:33 2017
[ error ]: Cannot pause because we're not playing.
Mon Nov 20 11:24:35 2017
[ error ]: Cannot pause because we're not playing.
Mon Nov 20 11:24:46 2017
[ error ]: Cannot pause because we're not playing.
Mon Nov 20 11:24:47 2017
[ error ]: Cannot pause because we're not playing.
Mon Nov 20 11:24:52 2017
[ error ]: Cannot pause because we're not playing.
Mon Nov 20 11:24:55 2017
[ error ]: Cannot pause because we're not playing.
Mon Nov 20 11:24:57 2017
[ error ]: Cannot pause because we're not playing.
Mon Nov 20 11:25:00 2017
[ error ]: Cannot pause because we're not playing.
Mon Nov 20 11:25:39 2017
[ error ]: Cannot pause because we're not playing.
Mon Nov 20 11:29:40 2017
[verbose]: Closed HPV worker thread for rollenconverted.hpv
Mon Nov 20 11:29:40 2017
[verbose]: ~HPVPLayer
Mon Nov 20 11:29:40 2017
[verbose]: Cleared all HPV Players
Mon Nov 20 11:29:40 2017
[verbose]: ~HPVPLayer
Mon Nov 20 11:29:40 2017
[verbose]: Deleted GPU resources
Mon Nov 20 11:29:46 2017
[verbose]: OnGraphicsDeviceEvent(Shutdown)
Mon Nov 20 11:29:47 2017
[verbose]: ~RenderBridge
Mon Nov 20 11:29:47 2017
[verbose]: ~HPVMAnager
Mon Nov 20 11:29:47 2017
[verbose]: Closing log
Mon Nov 20 16:35:57 2017
[verbose]: 
OnGraphicsDeviceEvent(Initialize)
Mon Nov 20 16:35:57 2017
[verbose]: D3D11 init was succesful
Mon Nov 20 16:35:57 2017
[ error ]: Failed to open: v1.hpv
Mon Nov 20 16:36:21 2017
[verbose]: ~HPVPLayer
Mon Nov 20 16:36:21 2017
[verbose]: Cleared all HPV Players
Mon Nov 20 16:36:21 2017
[verbose]: Deleted GPU resources
Mon Nov 20 16:36:23 2017
[ error ]: Failed to open: v1.hpv
Mon Nov 20 16:36:36 2017
[ error ]: Cannot pause because we're not playing.
Mon Nov 20 16:36:45 2017
[verbose]: ~HPVPLayer
Mon Nov 20 16:36:45 2017
[verbose]: Cleared all HPV Players
Mon Nov 20 16:36:45 2017
[verbose]: Deleted GPU resources
Mon Nov 20 16:36:46 2017
[ error ]: Failed to open: v1.hpv
Mon Nov 20 16:36:46 2017
[ error ]: Cannot pause because we're not playing.
Mon Nov 20 16:37:16 2017
[verbose]: ~HPVPLayer
Mon Nov 20 16:37:16 2017
[verbose]: Cleared all HPV Players
Mon Nov 20 16:37:16 2017
[verbose]: Deleted GPU resources
Mon Nov 20 16:37:19 2017
[ error ]: Failed to open: v1.hpv
Mon Nov 20 16:37:19 2017
[ error ]: Cannot pause because we're not playing.
Mon Nov 20 16:37:42 2017
[ error ]: Failed to open: v2.hpv
Mon Nov 20 16:37:59 2017
[verbose]: ~HPVPLayer
Mon Nov 20 16:37:59 2017
[verbose]: ~HPVPLayer
Mon Nov 20 16:37:59 2017
[verbose]: Cleared all HPV Players
Mon Nov 20 16:37:59 2017
[verbose]: Deleted GPU resources
Mon Nov 20 16:48:57 2017
[ error ]: Failed to open: v1.hpv
Mon Nov 20 16:49:42 2017
[ error ]: Failed to open: v2.hpv
Mon Nov 20 16:49:44 2017
[ error ]: Failed to open: v3.hpv
Mon Nov 20 16:50:22 2017
[verbose]: ~HPVPLayer
Mon Nov 20 16:50:22 2017
[verbose]: ~HPVPLayer
Mon Nov 20 16:50:22 2017
[verbose]: ~HPVPLayer
Mon Nov 20 16:50:22 2017
[verbose]: Cleared all HPV Players
Mon Nov 20 16:50:22 2017
[verbose]: Deleted GPU resources
Mon Nov 20 16:50:35 2017
[ error ]: Failed to open: v1.hpv
Mon Nov 20 16:50:37 2017
[ error ]: Failed to open: v3.hpv
Mon Nov 20 16:50:39 2017
[ error ]: Failed to open: v2.hpv
Mon Nov 20 16:50:47 2017
[verbose]: ~HPVPLayer
Mon Nov 20 16:50:47 2017
[verbose]: ~HPVPLayer
Mon Nov 20 16:50:47 2017
[verbose]: ~HPVPLayer
Mon Nov 20 16:50:47 2017
[verbose]: Cleared all HPV Players
Mon Nov 20 16:50:47 2017
[verbose]: Deleted GPU resources
Mon Nov 20 16:52:00 2017
[verbose]: Loaded file 'v1.hpv' [dims: 3840x2160 | fps: 25 | frames: 124 | type: DXT1 (no ALPHA) | version: 6]
Mon Nov 20 16:52:08 2017
[verbose]: Loaded file 'v2.hpv' [dims: 3840x2160 | fps: 25 | frames: 124 | type: DXT1 (no ALPHA) | version: 6]
Mon Nov 20 16:52:09 2017
[verbose]: Loaded file 'v3.hpv' [dims: 3840x2160 | fps: 25 | frames: 124 | type: DXT1 (no ALPHA) | version: 6]
Mon Nov 20 16:52:25 2017
[verbose]: Closed HPV worker thread for v1.hpv
Mon Nov 20 16:52:25 2017
[verbose]: Closed HPV worker thread for v2.hpv
Mon Nov 20 16:52:25 2017
[verbose]: Closed HPV worker thread for v3.hpv
Mon Nov 20 16:52:25 2017
[verbose]: Cleared all HPV Players
Mon Nov 20 16:52:25 2017
[verbose]: ~HPVPLayer
Mon Nov 20 16:52:25 2017
[verbose]: ~HPVPLayer
Mon Nov 20 16:52:25 2017
[verbose]: ~HPVPLayer
Mon Nov 20 16:52:25 2017
[verbose]: Deleted GPU resources
Mon Nov 20 16:52:39 2017
[verbose]: Loaded file 'v1.hpv' [dims: 3840x2160 | fps: 25 | frames: 124 | type: DXT1 (no ALPHA) | version: 6]
Mon Nov 20 16:52:41 2017
[verbose]: Loaded file 'v3.hpv' [dims: 3840x2160 | fps: 25 | frames: 124 | type: DXT1 (no ALPHA) | version: 6]
Mon Nov 20 16:52:43 2017
[verbose]: Loaded file 'v2.hpv' [dims: 3840x2160 | fps: 25 | frames: 124 | type: DXT1 (no ALPHA) | version: 6]
Mon Nov 20 16:52:52 2017
[verbose]: Closed HPV worker thread for v1.hpv
Mon Nov 20 16:52:52 2017
[verbose]: Closed HPV worker thread for v3.hpv
Mon Nov 20 16:52:52 2017
[verbose]: Closed HPV worker thread for v2.hpv
Mon Nov 20 16:52:52 2017
[verbose]: Cleared all HPV Players
Mon Nov 20 16:52:52 2017
[verbose]: ~HPVPLayer
Mon Nov 20 16:52:52 2017
[verbose]: ~HPVPLayer
Mon Nov 20 16:52:52 2017
[verbose]: ~HPVPLayer
Mon Nov 20 16:52:52 2017
[verbose]: Deleted GPU resources
Mon Nov 20 16:55:26 2017
[verbose]: Loaded file 'v1.hpv' [dims: 3840x2160 | fps: 25 | frames: 124 | type: DXT1 (no ALPHA) | version: 6]
Mon Nov 20 16:55:28 2017
[verbose]: Loaded file 'v3.hpv' [dims: 3840x2160 | fps: 25 | frames: 124 | type: DXT1 (no ALPHA) | version: 6]
Mon Nov 20 16:55:29 2017
[verbose]: Loaded file 'v2.hpv' [dims: 3840x2160 | fps: 25 | frames: 124 | type: DXT1 (no ALPHA) | version: 6]
Mon Nov 20 16:57:22 2017
[verbose]: Closed HPV worker thread for v1.hpv
Mon Nov 20 16:57:22 2017
[verbose]: Closed HPV worker thread for v3.hpv
Mon Nov 20 16:57:22 2017
[verbose]: Closed HPV worker thread for v2.hpv
Mon Nov 20 16:57:22 2017
[verbose]: Cleared all HPV Players
Mon Nov 20 16:57:22 2017
[verbose]: ~HPVPLayer
Mon Nov 20 16:57:22 2017
[verbose]: ~HPVPLayer
Mon Nov 20 16:57:22 2017
[verbose]: ~HPVPLayer
Mon Nov 20 16:57:22 2017
[verbose]: Deleted GPU resources
Mon Nov 20 16:57:24 2017
[verbose]: Loaded file 'v1.hpv' [dims: 3840x2160 | fps: 25 | frames: 124 | type: DXT1 (no ALPHA) | version: 6]
Mon Nov 20 16:57:26 2017
[verbose]: Loaded file 'v3.hpv' [dims: 3840x2160 | fps: 25 | frames: 124 | type: DXT1 (no ALPHA) | version: 6]
Mon Nov 20 16:57:32 2017
[verbose]: Loaded file 'v2.hpv' [dims: 3840x2160 | fps: 25 | frames: 124 | type: DXT1 (no ALPHA) | version: 6]
Mon Nov 20 16:58:21 2017
[verbose]: Closed HPV worker thread for v1.hpv
Mon Nov 20 16:58:21 2017
[verbose]: Closed HPV worker thread for v3.hpv
Mon Nov 20 16:58:21 2017
[verbose]: Closed HPV worker thread for v2.hpv
Mon Nov 20 16:58:21 2017
[verbose]: Cleared all HPV Players
Mon Nov 20 16:58:21 2017
[verbose]: ~HPVPLayer
Mon Nov 20 16:58:21 2017
[verbose]: ~HPVPLayer
Mon Nov 20 16:58:21 2017
[verbose]: ~HPVPLayer
Mon Nov 20 16:58:21 2017
[verbose]: Deleted GPU resources
Mon Nov 20 16:58:24 2017
[verbose]: Loaded file 'v1.hpv' [dims: 3840x2160 | fps: 25 | frames: 124 | type: DXT1 (no ALPHA) | version: 6]
Mon Nov 20 16:58:28 2017
[verbose]: Loaded file 'v3.hpv' [dims: 3840x2160 | fps: 25 | frames: 124 | type: DXT1 (no ALPHA) | version: 6]
Mon Nov 20 16:58:36 2017
[verbose]: Closed HPV worker thread for v1.hpv
Mon Nov 20 16:58:36 2017
[verbose]: Closed HPV worker thread for v3.hpv
Mon Nov 20 16:58:36 2017
[verbose]: Cleared all HPV Players
Mon Nov 20 16:58:36 2017
[verbose]: ~HPVPLayer
Mon Nov 20 16:58:36 2017
[verbose]: ~HPVPLayer
Mon Nov 20 16:58:36 2017
[verbose]: Deleted GPU resources
Mon Nov 20 16:59:43 2017
[verbose]: Loaded file 'v1.hpv' [dims: 3840x2160 | fps: 25 | frames: 124 | type: DXT1 (no ALPHA) | version: 6]
Mon Nov 20 16:59:45 2017
[verbose]: Loaded file 'v3.hpv' [dims: 3840x2160 | fps: 25 | frames: 125 | type: DXT1 (no ALPHA) | version: 6]
Mon Nov 20 16:59:46 2017
[verbose]: Loaded file 'v2.hpv' [dims: 3840x2160 | fps: 25 | frames: 124 | type: DXT1 (no ALPHA) | version: 6]
Mon Nov 20 17:31:53 2017
[verbose]: Closed HPV worker thread for v1.hpv
Mon Nov 20 17:31:53 2017
[verbose]: Closed HPV worker thread for v3.hpv
Mon Nov 20 17:31:53 2017
[verbose]: Closed HPV worker thread for v2.hpv
Mon Nov 20 17:31:53 2017
[verbose]: Cleared all HPV Players
Mon Nov 20 17:31:53 2017
[verbose]: ~HPVPLayer
Mon Nov 20 17:31:53 2017
[verbose]: ~HPVPLayer
Mon Nov 20 17:31:53 2017
[verbose]: ~HPVPLayer
Mon Nov 20 17:31:53 2017
[verbose]: Deleted GPU resources
Mon Nov 20 17:32:00 2017
[verbose]: OnGraphicsDeviceEvent(Shutdown)
Mon Nov 20 17:32:03 2017
[verbose]: ~RenderBridge
Mon Nov 20 17:32:03 2017
[verbose]: ~HPVMAnager
Mon Nov 20 17:32:03 2017
[verbose]: Closing log
Mon Nov 20 22:05:23 2017
[verbose]: 
OnGraphicsDeviceEvent(Initialize)
Mon Nov 20 22:05:23 2017
[verbose]: D3D11 init was succesful
Mon Nov 20 22:05:23 2017
[verbose]: Loaded file 'v1.hpv' [dims: 3840x2160 | fps: 25 | frames: 124 | type: DXT1 (no ALPHA) | version: 6]
Mon Nov 20 22:05:48 2017
[verbose]: Loaded file 'v2.hpv' [dims: 3840x2160 | fps: 25 | frames: 124 | type: DXT1 (no ALPHA) | version: 6]
Mon Nov 20 22:05:49 2017
[verbose]: Loaded file 'v3.hpv' [dims: 3840x2160 | fps: 25 | frames: 125 | type: DXT1 (no ALPHA) | version: 6]
Mon Nov 20 22:06:05 2017
[verbose]: Closed HPV worker thread for v1.hpv
Mon Nov 20 22:06:05 2017
[verbose]: Closed HPV worker thread for v2.hpv
Mon Nov 20 22:06:05 2017
[verbose]: Closed HPV worker thread for v3.hpv
Mon Nov 20 22:06:05 2017
[verbose]: Cleared all HPV Players
Mon Nov 20 22:06:05 2017
[verbose]: ~HPVPLayer
Mon Nov 20 22:06:05 2017
[verbose]: ~HPVPLayer
Mon Nov 20 22:06:05 2017
[verbose]: ~HPVPLayer
Mon Nov 20 22:06:05 2017
[verbose]: Deleted GPU resources
Mon Nov 20 22:06:17 2017
[verbose]: Loaded file 'v1.hpv' [dims: 3840x2160 | fps: 25 | frames: 124 | type: DXT1 (no ALPHA) | version: 6]
Mon Nov 20 22:06:19 2017
[verbose]: Loaded file 'v2.hpv' [dims: 3840x2160 | fps: 25 | frames: 124 | type: DXT1 (no ALPHA) | version: 6]
Mon Nov 20 22:06:20 2017
[verbose]: Loaded file 'v3.hpv' [dims: 3840x2160 | fps: 25 | frames: 125 | type: DXT1 (no ALPHA) | version: 6]
Mon Nov 20 22:08:41 2017
[verbose]: Closed HPV worker thread for v1.hpv
Mon Nov 20 22:08:41 2017
[verbose]: Closed HPV worker thread for v2.hpv
Mon Nov 20 22:08:41 2017
[verbose]: Closed HPV worker thread for v3.hpv
Mon Nov 20 22:08:41 2017
[verbose]: Cleared all HPV Players
Mon Nov 20 22:08:41 2017
[verbose]: ~HPVPLayer
Mon Nov 20 22:08:41 2017
[verbose]: ~HPVPLayer
Mon Nov 20 22:08:41 2017
[verbose]: ~HPVPLayer
Mon Nov 20 22:08:41 2017
[verbose]: Deleted GPU resources
Mon Nov 20 22:21:06 2017
[verbose]: Loaded file 'v1.hpv' [dims: 3840x2160 | fps: 25 | frames: 124 | type: DXT1 (no ALPHA) | version: 6]
Mon Nov 20 22:21:06 2017
[verbose]: Loaded file 'v2.hpv' [dims: 3840x2160 | fps: 25 | frames: 124 | type: DXT1 (no ALPHA) | version: 6]
Mon Nov 20 22:21:06 2017
[verbose]: Loaded file 'v3.hpv' [dims: 3840x2160 | fps: 25 | frames: 125 | type: DXT1 (no ALPHA) | version: 6]
Mon Nov 20 22:22:21 2017
[verbose]: Closed HPV worker thread for v1.hpv
Mon Nov 20 22:22:21 2017
[verbose]: Closed HPV worker thread for v2.hpv
Mon Nov 20 22:22:21 2017
[verbose]: Closed HPV worker thread for v3.hpv
Mon Nov 20 22:22:21 2017
[verbose]: Cleared all HPV Players
Mon Nov 20 22:22:21 2017
[verbose]: ~HPVPLayer
Mon Nov 20 22:22:21 2017
[verbose]: ~HPVPLayer
Mon Nov 20 22:22:21 2017
[verbose]: ~HPVPLayer
Mon Nov 20 22:22:21 2017
[verbose]: Deleted GPU resources
Mon Nov 20 22:22:28 2017
[verbose]: Loaded file 'v1.hpv' [dims: 3840x2160 | fps: 25 | frames: 124 | type: DXT1 (no ALPHA) | version: 6]
Mon Nov 20 22:22:28 2017
[verbose]: Loaded file 'v2.hpv' [dims: 3840x2160 | fps: 25 | frames: 124 | type: DXT1 (no ALPHA) | version: 6]
Mon Nov 20 22:22:28 2017
[verbose]: Loaded file 'v3.hpv' [dims: 3840x2160 | fps: 25 | frames: 125 | type: DXT1 (no ALPHA) | version: 6]
Mon Nov 20 22:22:48 2017
[verbose]: Closed HPV worker thread for v1.hpv
Mon Nov 20 22:22:48 2017
[verbose]: Closed HPV worker thread for v2.hpv
Mon Nov 20 22:22:48 2017
[verbose]: Closed HPV worker thread for v3.hpv
Mon Nov 20 22:22:48 2017
[verbose]: Cleared all HPV Players
Mon Nov 20 22:22:48 2017
[verbose]: ~HPVPLayer
Mon Nov 20 22:22:48 2017
[verbose]: ~HPVPLayer
Mon Nov 20 22:22:48 2017
[verbose]: ~HPVPLayer
Mon Nov 20 22:22:48 2017
[verbose]: Deleted GPU resources
Mon Nov 20 22:26:06 2017
[verbose]: Loaded file 'v1.hpv' [dims: 3840x2160 | fps: 25 | frames: 124 | type: DXT1 (no ALPHA) | version: 6]
Mon Nov 20 22:26:06 2017
[verbose]: Loaded file 'v2.hpv' [dims: 3840x2160 | fps: 25 | frames: 124 | type: DXT1 (no ALPHA) | version: 6]
Mon Nov 20 22:26:06 2017
[verbose]: Loaded file 'v3.hpv' [dims: 3840x2160 | fps: 25 | frames: 125 | type: DXT1 (no ALPHA) | version: 6]
Mon Nov 20 22:26:22 2017
[verbose]: Closed HPV worker thread for v1.hpv
Mon Nov 20 22:26:22 2017
[verbose]: Closed HPV worker thread for v2.hpv
Mon Nov 20 22:26:22 2017
[verbose]: Closed HPV worker thread for v3.hpv
Mon Nov 20 22:26:22 2017
[verbose]: Cleared all HPV Players
Mon Nov 20 22:26:22 2017
[verbose]: ~HPVPLayer
Mon Nov 20 22:26:22 2017
[verbose]: ~HPVPLayer
Mon Nov 20 22:26:22 2017
[verbose]: ~HPVPLayer
Mon Nov 20 22:26:22 2017
[verbose]: Deleted GPU resources
Mon Nov 20 22:26:34 2017
[verbose]: Loaded file 'v1.hpv' [dims: 3840x2160 | fps: 25 | frames: 124 | type: DXT1 (no ALPHA) | version: 6]
Mon Nov 20 22:26:34 2017
[verbose]: Loaded file 'v2.hpv' [dims: 3840x2160 | fps: 25 | frames: 124 | type: DXT1 (no ALPHA) | version: 6]
Mon Nov 20 22:26:34 2017
[verbose]: Loaded file 'v3.hpv' [dims: 3840x2160 | fps: 25 | frames: 125 | type: DXT1 (no ALPHA) | version: 6]
Mon Nov 20 22:26:51 2017
[verbose]: Closed HPV worker thread for v1.hpv
Mon Nov 20 22:26:51 2017
[verbose]: Closed HPV worker thread for v2.hpv
Mon Nov 20 22:26:51 2017
[verbose]: Closed HPV worker thread for v3.hpv
Mon Nov 20 22:26:51 2017
[verbose]: Cleared all HPV Players
Mon Nov 20 22:26:51 2017
[verbose]: ~HPVPLayer
Mon Nov 20 22:26:51 2017
[verbose]: ~HPVPLayer
Mon Nov 20 22:26:51 2017
[verbose]: ~HPVPLayer
Mon Nov 20 22:26:51 2017
[verbose]: Deleted GPU resources
Mon Nov 20 22:27:10 2017
[verbose]: Loaded file 'v1.hpv' [dims: 3840x2160 | fps: 25 | frames: 124 | type: DXT1 (no ALPHA) | version: 6]
Mon Nov 20 22:27:10 2017
[verbose]: Loaded file 'v2.hpv' [dims: 3840x2160 | fps: 25 | frames: 124 | type: DXT1 (no ALPHA) | version: 6]
Mon Nov 20 22:27:10 2017
[verbose]: Loaded file 'v3.hpv' [dims: 3840x2160 | fps: 25 | frames: 125 | type: DXT1 (no ALPHA) | version: 6]
Mon Nov 20 22:27:15 2017
[verbose]: Closed HPV worker thread for v1.hpv
Mon Nov 20 22:27:15 2017
[verbose]: Closed HPV worker thread for v2.hpv
Mon Nov 20 22:27:15 2017
[verbose]: Closed HPV worker thread for v3.hpv
Mon Nov 20 22:27:15 2017
[verbose]: Cleared all HPV Players
Mon Nov 20 22:27:15 2017
[verbose]: ~HPVPLayer
Mon Nov 20 22:27:15 2017
[verbose]: ~HPVPLayer
Mon Nov 20 22:27:15 2017
[verbose]: ~HPVPLayer
Mon Nov 20 22:27:15 2017
[verbose]: Deleted GPU resources
Mon Nov 20 22:29:35 2017
[verbose]: OnGraphicsDeviceEvent(Shutdown)
Mon Nov 20 22:29:37 2017
[verbose]: ~RenderBridge
Mon Nov 20 22:29:37 2017
[verbose]: ~HPVMAnager
Mon Nov 20 22:29:37 2017
[verbose]: Closing log
Mon Nov 20 22:30:28 2017
[verbose]: 
OnGraphicsDeviceEvent(Initialize)
Mon Nov 20 22:30:28 2017
[verbose]: D3D11 init was succesful
Mon Nov 20 22:30:28 2017
[verbose]: Loaded file 'v1.hpv' [dims: 3840x2160 | fps: 25 | frames: 124 | type: DXT1 (no ALPHA) | version: 6]
Mon Nov 20 22:30:28 2017
[verbose]: Loaded file 'v2.hpv' [dims: 3840x2160 | fps: 25 | frames: 124 | type: DXT1 (no ALPHA) | version: 6]
Mon Nov 20 22:30:28 2017
[verbose]: Loaded file 'v3.hpv' [dims: 3840x2160 | fps: 25 | frames: 125 | type: DXT1 (no ALPHA) | version: 6]
Mon Nov 20 22:33:17 2017
[verbose]: Closed HPV worker thread for v1.hpv
Mon Nov 20 22:33:17 2017
[verbose]: Closed HPV worker thread for v2.hpv
Mon Nov 20 22:33:17 2017
[verbose]: Closed HPV worker thread for v3.hpv
Mon Nov 20 22:33:17 2017
[verbose]: Cleared all HPV Players
Mon Nov 20 22:33:17 2017
[verbose]: ~HPVPLayer
Mon Nov 20 22:33:17 2017
[verbose]: ~HPVPLayer
Mon Nov 20 22:33:17 2017
[verbose]: ~HPVPLayer
Mon Nov 20 22:33:17 2017
[verbose]: Deleted GPU resources
Mon Nov 20 22:33:43 2017
[verbose]: OnGraphicsDeviceEvent(Shutdown)
Mon Nov 20 22:33:46 2017
[verbose]: ~RenderBridge
Mon Nov 20 22:33:46 2017
[verbose]: ~HPVMAnager
Mon Nov 20 22:33:46 2017
[verbose]: Closing log
